[ 2018-07-25T09:35:51+08:00 ] 127.0.0.1 /
INFO: [ app_init ] --START--
INFO: Run Behavior\BuildLiteBehavior [ RunTime:0.000000s ]
INFO: [ app_init ] --END-- [ RunTime:0.003000s ]
INFO: [ app_begin ] --START--
INFO: Run Behavior\ReadHtmlCacheBehavior [ RunTime:0.001000s ]
INFO: Run Behavior\CheckLangBehavior [ RunTime:0.001000s ]
INFO: [ app_begin ] --END-- [ RunTime:0.003000s ]
SQL: SHOW COLUMNS FROM `btchanges_config` [ RunTime:0.0140s ]
SQL: SELECT * FROM `btchanges_config` WHERE `id` = 1 LIMIT 1   [ RunTime:0.0000s ]
NOTIC: [8] Undefined index: btchanges D:\www\youzuan\Application\Home\Controller\HomeController.class.php 第 59 行.
SQL: SHOW COLUMNS FROM `btchanges_coin` [ RunTime:0.0460s ]
SQL: SELECT * FROM `btchanges_coin` WHERE `status` = 1  [ RunTime:0.0000s ]
SQL: SHOW COLUMNS FROM `btchanges_market` [ RunTime:0.0380s ]
SQL: SELECT * FROM `btchanges_market` WHERE `status` = 1  [ RunTime:0.0000s ]
SQL: SHOW COLUMNS FROM `btchanges_article_type` [ RunTime:0.0480s ]
SQL: SELECT * FROM `btchanges_article_type` WHERE `status` = 1 AND `footer` = 1 AND `shang` = '' ORDER BY sort asc ,id desc LIMIT 3   [ RunTime:0.0000s ]
NOTIC: [2] unlink(./Runtime/Temp/8d5c52105dc3ee42a6160b72e33b074b.php): No such file or directory D:\www\youzuan\ThinkPHP\Library\Think\Cache\Driver\File.class.php 第 313 行.

[ 2018-07-25T09:35:53+08:00 ] 127.0.0.1 /login
INFO: [ app_init ] --START--
INFO: Run Behavior\BuildLiteBehavior [ RunTime:0.000000s ]
INFO: [ app_init ] --END-- [ RunTime:0.003000s ]
INFO: [ app_begin ] --START--
INFO: Run Behavior\ReadHtmlCacheBehavior [ RunTime:0.001000s ]
INFO: Run Behavior\CheckLangBehavior [ RunTime:0.001000s ]
INFO: [ app_begin ] --END-- [ RunTime:0.002000s ]
SQL: SHOW COLUMNS FROM `btchanges_config` [ RunTime:0.0140s ]
SQL: SELECT * FROM `btchanges_config` WHERE `id` = 1 LIMIT 1   [ RunTime:0.0010s ]
NOTIC: [8] Undefined index: btchanges D:\www\youzuan\Application\Home\Controller\HomeController.class.php 第 59 行.
SQL: SHOW COLUMNS FROM `btchanges_coin` [ RunTime:0.0130s ]
SQL: SELECT * FROM `btchanges_coin` WHERE `status` = 1  [ RunTime:0.0000s ]
SQL: SHOW COLUMNS FROM `btchanges_market` [ RunTime:0.0130s ]
SQL: SELECT * FROM `btchanges_market` WHERE `status` = 1  [ RunTime:0.0000s ]
SQL: SHOW COLUMNS FROM `btchanges_article_type` [ RunTime:0.0130s ]
SQL: SELECT * FROM `btchanges_article_type` WHERE `status` = 1 AND `footer` = 1 AND `shang` = '' ORDER BY sort asc ,id desc LIMIT 3   [ RunTime:0.0000s ]
NOTIC: [2] unlink(./Runtime/Temp/8d5c52105dc3ee42a6160b72e33b074b.php): No such file or directory D:\www\youzuan\ThinkPHP\Library\Think\Cache\Driver\File.class.php 第 313 行.
INFO: [ view_parse ] --START--
INFO: [ template_filter ] --START--
INFO: Run Behavior\ContentReplaceBehavior [ RunTime:0.000000s ]
INFO: [ template_filter ] --END-- [ RunTime:0.001000s ]
INFO: Run Behavior\ParseTemplateBehavior [ RunTime:0.024001s ]
INFO: [ view_parse ] --END-- [ RunTime:0.025001s ]
INFO: [ view_filter ] --START--
INFO: Run Behavior\WriteHtmlCacheBehavior [ RunTime:0.001001s ]
INFO: [ view_filter ] --END-- [ RunTime:0.001001s ]
INFO: [ app_end ] --START--
INFO: Run Behavior\ShowPageTraceBehavior [ RunTime:0.001000s ]
INFO: [ app_end ] --END-- [ RunTime:0.001000s ]

[ 2018-07-25T09:35:54+08:00 ] 127.0.0.1 /Verify/code.html
INFO: [ app_init ] --START--
INFO: Run Behavior\BuildLiteBehavior [ RunTime:0.000000s ]
INFO: [ app_init ] --END-- [ RunTime:0.003000s ]
INFO: [ app_begin ] --START--
INFO: Run Behavior\ReadHtmlCacheBehavior [ RunTime:0.001000s ]
INFO: Run Behavior\CheckLangBehavior [ RunTime:0.001000s ]
INFO: [ app_begin ] --END-- [ RunTime:0.002000s ]
SQL: SHOW COLUMNS FROM `btchanges_config` [ RunTime:0.0130s ]
SQL: SELECT * FROM `btchanges_config` WHERE `id` = 1 LIMIT 1   [ RunTime:0.0000s ]
NOTIC: [8] Undefined index: btchanges D:\www\youzuan\Application\Home\Controller\HomeController.class.php 第 59 行.
SQL: SHOW COLUMNS FROM `btchanges_coin` [ RunTime:0.0130s ]
SQL: SELECT * FROM `btchanges_coin` WHERE `status` = 1  [ RunTime:0.0010s ]
SQL: SHOW COLUMNS FROM `btchanges_market` [ RunTime:0.0130s ]
SQL: SELECT * FROM `btchanges_market` WHERE `status` = 1  [ RunTime:0.0000s ]
SQL: SHOW COLUMNS FROM `btchanges_article_type` [ RunTime:0.0120s ]
SQL: SELECT * FROM `btchanges_article_type` WHERE `status` = 1 AND `footer` = 1 AND `shang` = '' ORDER BY sort asc ,id desc LIMIT 3   [ RunTime:0.0000s ]
NOTIC: [2] unlink(./Runtime/Temp/8d5c52105dc3ee42a6160b72e33b074b.php): No such file or directory D:\www\youzuan\ThinkPHP\Library\Think\Cache\Driver\File.class.php 第 313 行.
INFO: [ app_end ] --START--
INFO: Run Behavior\ShowPageTraceBehavior [ RunTime:0.001000s ]
INFO: [ app_end ] --END-- [ RunTime:0.001000s ]

[ 2018-07-25T09:36:14+08:00 ] 127.0.0.1 /Login/submit
INFO: [ app_init ] --START--
INFO: Run Behavior\BuildLiteBehavior [ RunTime:0.000000s ]
INFO: [ app_init ] --END-- [ RunTime:0.002000s ]
INFO: [ app_begin ] --START--
INFO: Run Behavior\ReadHtmlCacheBehavior [ RunTime:0.001000s ]
INFO: Run Behavior\CheckLangBehavior [ RunTime:0.002001s ]
INFO: [ app_begin ] --END-- [ RunTime:0.003001s ]
SQL: SHOW COLUMNS FROM `btchanges_config` [ RunTime:0.0130s ]
SQL: SELECT * FROM `btchanges_config` WHERE `id` = 1 LIMIT 1   [ RunTime:0.0000s ]
NOTIC: [8] Undefined index: btchanges D:\www\youzuan\Application\Home\Controller\HomeController.class.php 第 59 行.
SQL: SHOW COLUMNS FROM `btchanges_coin` [ RunTime:0.0140s ]
SQL: SELECT * FROM `btchanges_coin` WHERE `status` = 1  [ RunTime:0.0000s ]
SQL: SHOW COLUMNS FROM `btchanges_market` [ RunTime:0.0140s ]
SQL: SELECT * FROM `btchanges_market` WHERE `status` = 1  [ RunTime:0.0010s ]
SQL: SHOW COLUMNS FROM `btchanges_article_type` [ RunTime:0.0130s ]
SQL: SELECT * FROM `btchanges_article_type` WHERE `status` = 1 AND `footer` = 1 AND `shang` = '' ORDER BY sort asc ,id desc LIMIT 3   [ RunTime:0.0000s ]
NOTIC: [2] unlink(./Runtime/Temp/8d5c52105dc3ee42a6160b72e33b074b.php): No such file or directory D:\www\youzuan\ThinkPHP\Library\Think\Cache\Driver\File.class.php 第 313 行.
NOTIC: [8] Undefined variable: user D:\www\youzuan\Application\Home\Controller\LoginController.class.php 第 173 行.
SQL: SHOW COLUMNS FROM `btchanges_user` [ RunTime:0.1790s ]
SQL: SELECT * FROM `btchanges_user` WHERE `moble` = '18736463201' LIMIT 1   [ RunTime:0.2670s ]

[ 2018-07-25T09:36:25+08:00 ] 127.0.0.1 /Login/submit
INFO: [ app_init ] --START--
INFO: Run Behavior\BuildLiteBehavior [ RunTime:0.000000s ]
INFO: [ app_init ] --END-- [ RunTime:0.003000s ]
INFO: [ app_begin ] --START--
INFO: Run Behavior\ReadHtmlCacheBehavior [ RunTime:0.001001s ]
INFO: Run Behavior\CheckLangBehavior [ RunTime:0.001000s ]
INFO: [ app_begin ] --END-- [ RunTime:0.002001s ]
SQL: SHOW COLUMNS FROM `btchanges_config` [ RunTime:0.0140s ]
SQL: SELECT * FROM `btchanges_config` WHERE `id` = 1 LIMIT 1   [ RunTime:0.0010s ]
NOTIC: [8] Undefined index: btchanges D:\www\youzuan\Application\Home\Controller\HomeController.class.php 第 59 行.
SQL: SHOW COLUMNS FROM `btchanges_coin` [ RunTime:0.0200s ]
SQL: SELECT * FROM `btchanges_coin` WHERE `status` = 1  [ RunTime:0.0010s ]
SQL: SHOW COLUMNS FROM `btchanges_market` [ RunTime:0.0130s ]
SQL: SELECT * FROM `btchanges_market` WHERE `status` = 1  [ RunTime:0.0010s ]
SQL: SHOW COLUMNS FROM `btchanges_article_type` [ RunTime:0.0130s ]
SQL: SELECT * FROM `btchanges_article_type` WHERE `status` = 1 AND `footer` = 1 AND `shang` = '' ORDER BY sort asc ,id desc LIMIT 3   [ RunTime:0.0000s ]
NOTIC: [2] unlink(./Runtime/Temp/8d5c52105dc3ee42a6160b72e33b074b.php): No such file or directory D:\www\youzuan\ThinkPHP\Library\Think\Cache\Driver\File.class.php 第 313 行.
NOTIC: [8] Undefined variable: user D:\www\youzuan\Application\Home\Controller\LoginController.class.php 第 173 行.
SQL: SHOW COLUMNS FROM `btchanges_user` [ RunTime:0.0140s ]
SQL: SELECT * FROM `btchanges_user` WHERE `moble` = '17665383201' LIMIT 1   [ RunTime:0.1350s ]
SQL: set autocommit=0 [ RunTime:0.0000s ]
SQL: lock tables btchanges_user write , btchanges_user_log write  [ RunTime:0.0290s ]
SQL: SHOW COLUMNS FROM `btchanges_user` [ RunTime:0.0150s ]
SQL: UPDATE `btchanges_user` SET `logins`=logins+1 WHERE `id` = '101628' [ RunTime:0.0010s ]
NOTIC: [2] fopen(D:\www\youzuan\ThinkPHP\Library\Org\Net/UTFWry.dat): failed to open stream: No such file or directory D:\www\youzuan\ThinkPHP\Library\Org\Net\IpLocation.class.php 第 107 行.
SQL: SHOW COLUMNS FROM `btchanges_user_log` [ RunTime:0.0140s ]
SQL: INSERT INTO `btchanges_user_log` (`userid`,`type`,`remark`,`addtime`,`addip`,`addr`,`status`) VALUES ('101628','登录','通过手机号登录','1532482585','127.0.0.1','未分配或者内网IP','1') [ RunTime:0.0000s ]
SQL: commit [ RunTime:0.0330s ]
SQL: unlock tables [ RunTime:0.0010s ]

[ 2018-07-25T09:36:28+08:00 ] 127.0.0.1 /index/index.html
INFO: [ app_init ] --START--
INFO: Run Behavior\BuildLiteBehavior [ RunTime:0.000000s ]
INFO: [ app_init ] --END-- [ RunTime:0.003001s ]
INFO: [ app_begin ] --START--
INFO: Run Behavior\ReadHtmlCacheBehavior [ RunTime:0.001000s ]
INFO: Run Behavior\CheckLangBehavior [ RunTime:0.001000s ]
INFO: [ app_begin ] --END-- [ RunTime:0.003000s ]
SQL: SHOW COLUMNS FROM `btchanges_user` [ RunTime:0.0130s ]
SQL: SELECT * FROM `btchanges_user` WHERE ( id = 101628 ) LIMIT 1   [ RunTime:0.0000s ]
SQL: SHOW COLUMNS FROM `btchanges_user_coin` [ RunTime:0.0220s ]
SQL: SELECT * FROM `btchanges_user_coin` WHERE `userid` = 101628 LIMIT 1   [ RunTime:0.0000s ]
SQL: SHOW COLUMNS FROM `btchanges_user` [ RunTime:0.0140s ]
SQL: SELECT * FROM `btchanges_user` WHERE `id` = 101628 LIMIT 1   [ RunTime:0.0000s ]
SQL: SHOW COLUMNS FROM `btchanges_config` [ RunTime:0.0150s ]
SQL: SELECT * FROM `btchanges_config` WHERE `id` = 1 LIMIT 1   [ RunTime:0.0010s ]
NOTIC: [8] Undefined index: btchanges D:\www\youzuan\Application\Home\Controller\HomeController.class.php 第 59 行.
SQL: SHOW COLUMNS FROM `btchanges_coin` [ RunTime:0.0160s ]
SQL: SELECT * FROM `btchanges_coin` WHERE `status` = 1  [ RunTime:0.0000s ]
SQL: SHOW COLUMNS FROM `btchanges_market` [ RunTime:0.0100s ]
SQL: SELECT * FROM `btchanges_market` WHERE `status` = 1  [ RunTime:0.0010s ]
SQL: SHOW COLUMNS FROM `btchanges_article_type` [ RunTime:0.0040s ]
SQL: SELECT * FROM `btchanges_article_type` WHERE `status` = 1 AND `footer` = 1 AND `shang` = '' ORDER BY sort asc ,id desc LIMIT 3   [ RunTime:0.0000s ]
NOTIC: [2] unlink(./Runtime/Temp/8d5c52105dc3ee42a6160b72e33b074b.php): No such file or directory D:\www\youzuan\ThinkPHP\Library\Think\Cache\Driver\File.class.php 第 313 行.
SQL: SHOW COLUMNS FROM `btchanges_issue` [ RunTime:0.0110s ]
SQL: SELECT * FROM `btchanges_issue` WHERE `status` = 1 LIMIT 1   [ RunTime:0.0010s ]
SQL: SELECT * FROM `btchanges_config` WHERE `id` = 1 LIMIT 1   [ RunTime:0.0010s ]
INFO: [ view_parse ] --START--
INFO: [ template_filter ] --START--
INFO: Run Behavior\ContentReplaceBehavior [ RunTime:0.000000s ]
INFO: [ template_filter ] --END-- [ RunTime:0.000000s ]
INFO: Run Behavior\ParseTemplateBehavior [ RunTime:0.016001s ]
INFO: [ view_parse ] --END-- [ RunTime:0.016001s ]
INFO: [ view_filter ] --START--
INFO: Run Behavior\WriteHtmlCacheBehavior [ RunTime:0.001000s ]
INFO: [ view_filter ] --END-- [ RunTime:0.001000s ]
INFO: [ app_end ] --START--
INFO: Run Behavior\ShowPageTraceBehavior [ RunTime:0.001000s ]
INFO: [ app_end ] --END-- [ RunTime:0.001000s ]

[ 2018-07-25T09:36:43+08:00 ] 127.0.0.1 /Issue/index.html
INFO: [ app_init ] --START--
INFO: Run Behavior\BuildLiteBehavior [ RunTime:0.000000s ]
INFO: [ app_init ] --END-- [ RunTime:0.002000s ]
INFO: [ app_begin ] --START--
INFO: Run Behavior\ReadHtmlCacheBehavior [ RunTime:0.001000s ]
INFO: Run Behavior\CheckLangBehavior [ RunTime:0.002001s ]
INFO: [ app_begin ] --END-- [ RunTime:0.003001s ]
SQL: SHOW COLUMNS FROM `btchanges_user` [ RunTime:0.0130s ]
SQL: SELECT * FROM `btchanges_user` WHERE ( id = 101628 ) LIMIT 1   [ RunTime:0.0000s ]
SQL: SHOW COLUMNS FROM `btchanges_user_coin` [ RunTime:0.0130s ]
SQL: SELECT * FROM `btchanges_user_coin` WHERE `userid` = 101628 LIMIT 1   [ RunTime:0.0000s ]
SQL: SHOW COLUMNS FROM `btchanges_user` [ RunTime:0.0150s ]
SQL: SELECT * FROM `btchanges_user` WHERE `id` = 101628 LIMIT 1   [ RunTime:0.0000s ]
SQL: SHOW COLUMNS FROM `btchanges_config` [ RunTime:0.0140s ]
SQL: SELECT * FROM `btchanges_config` WHERE `id` = 1 LIMIT 1   [ RunTime:0.0010s ]
NOTIC: [8] Undefined index: btchanges D:\www\youzuan\Application\Home\Controller\HomeController.class.php 第 59 行.
SQL: SHOW COLUMNS FROM `btchanges_coin` [ RunTime:0.0150s ]
SQL: SELECT * FROM `btchanges_coin` WHERE `status` = 1  [ RunTime:0.0010s ]
SQL: SHOW COLUMNS FROM `btchanges_market` [ RunTime:0.0130s ]
SQL: SELECT * FROM `btchanges_market` WHERE `status` = 1  [ RunTime:0.0010s ]
SQL: SHOW COLUMNS FROM `btchanges_article_type` [ RunTime:0.0130s ]
SQL: SELECT * FROM `btchanges_article_type` WHERE `status` = 1 AND `footer` = 1 AND `shang` = '' ORDER BY sort asc ,id desc LIMIT 3   [ RunTime:0.0010s ]
NOTIC: [2] unlink(./Runtime/Temp/8d5c52105dc3ee42a6160b72e33b074b.php): No such file or directory D:\www\youzuan\ThinkPHP\Library\Think\Cache\Driver\File.class.php 第 313 行.
SQL: SELECT * FROM `btchanges_text` WHERE `name` = 'game_issue_buy' LIMIT 1   [ RunTime:0.0000s ]
SQL: SELECT `content` FROM `btchanges_text` WHERE `name` = 'game_issue_buy' AND `status` = 1 LIMIT 1   [ RunTime:0.0000s ]
SQL: SHOW COLUMNS FROM `btchanges_issue` [ RunTime:0.0130s ]
SQL: SELECT * FROM `btchanges_issue` LIMIT 1   [ RunTime:0.0000s ]
SQL: SELECT * FROM `btchanges_user_coin` WHERE `userid` = 101628 LIMIT 1   [ RunTime:0.0000s ]
INFO: [ view_parse ] --START--
INFO: [ template_filter ] --START--
INFO: Run Behavior\ContentReplaceBehavior [ RunTime:0.000000s ]
INFO: [ template_filter ] --END-- [ RunTime:0.000000s ]
INFO: Run Behavior\ParseTemplateBehavior [ RunTime:0.020002s ]
INFO: [ view_parse ] --END-- [ RunTime:0.020002s ]
INFO: [ view_filter ] --START--
INFO: Run Behavior\WriteHtmlCacheBehavior [ RunTime:0.001000s ]
INFO: [ view_filter ] --END-- [ RunTime:0.001000s ]
INFO: [ app_end ] --START--
INFO: Run Behavior\ShowPageTraceBehavior [ RunTime:0.001000s ]
INFO: [ app_end ] --END-- [ RunTime:0.001000s ]

[ 2018-07-25T09:36:54+08:00 ] 127.0.0.1 /Issue/upbuy.html
INFO: [ app_init ] --START--
INFO: Run Behavior\BuildLiteBehavior [ RunTime:0.000000s ]
INFO: [ app_init ] --END-- [ RunTime:0.003000s ]
INFO: [ app_begin ] --START--
INFO: Run Behavior\ReadHtmlCacheBehavior [ RunTime:0.001000s ]
INFO: Run Behavior\CheckLangBehavior [ RunTime:0.001001s ]
INFO: [ app_begin ] --END-- [ RunTime:0.002001s ]
SQL: SHOW COLUMNS FROM `btchanges_user` [ RunTime:0.0120s ]
SQL: SELECT * FROM `btchanges_user` WHERE ( id = 101628 ) LIMIT 1   [ RunTime:0.0010s ]
SQL: SHOW COLUMNS FROM `btchanges_user_coin` [ RunTime:0.0130s ]
SQL: SELECT * FROM `btchanges_user_coin` WHERE `userid` = 101628 LIMIT 1   [ RunTime:0.0000s ]
SQL: SHOW COLUMNS FROM `btchanges_user` [ RunTime:0.0130s ]
SQL: SELECT * FROM `btchanges_user` WHERE `id` = 101628 LIMIT 1   [ RunTime:0.0000s ]
SQL: SHOW COLUMNS FROM `btchanges_config` [ RunTime:0.0140s ]
SQL: SELECT * FROM `btchanges_config` WHERE `id` = 1 LIMIT 1   [ RunTime:0.0010s ]
NOTIC: [8] Undefined index: btchanges D:\www\youzuan\Application\Home\Controller\HomeController.class.php 第 59 行.
SQL: SHOW COLUMNS FROM `btchanges_coin` [ RunTime:0.0140s ]
SQL: SELECT * FROM `btchanges_coin` WHERE `status` = 1  [ RunTime:0.0000s ]
SQL: SHOW COLUMNS FROM `btchanges_market` [ RunTime:0.0150s ]
SQL: SELECT * FROM `btchanges_market` WHERE `status` = 1  [ RunTime:0.0000s ]
SQL: SHOW COLUMNS FROM `btchanges_article_type` [ RunTime:0.0130s ]
SQL: SELECT * FROM `btchanges_article_type` WHERE `status` = 1 AND `footer` = 1 AND `shang` = '' ORDER BY sort asc ,id desc LIMIT 3   [ RunTime:0.0000s ]
NOTIC: [2] unlink(./Runtime/Temp/8d5c52105dc3ee42a6160b72e33b074b.php): No such file or directory D:\www\youzuan\ThinkPHP\Library\Think\Cache\Driver\File.class.php 第 313 行.
SQL: SELECT * FROM `btchanges_user` WHERE `id` = 101628 LIMIT 1   [ RunTime:0.0010s ]
SQL: SHOW COLUMNS FROM `btchanges_issue` [ RunTime:0.0130s ]
SQL: SELECT * FROM `btchanges_issue` WHERE `id` = 1 LIMIT 1   [ RunTime:0.0010s ]
SQL: SELECT `cny` FROM `btchanges_user_coin` WHERE `userid` = 101628 LIMIT 1   [ RunTime:0.0010s ]
SQL: SHOW COLUMNS FROM `btchanges_issue_log` [ RunTime:0.0260s ]
SQL: SELECT SUM(num) AS tp_sum FROM `btchanges_issue_log` WHERE `userid` = 101628 AND `coinname` = 'gold' LIMIT 1   [ RunTime:0.0000s ]
SQL: set autocommit=0 [ RunTime:0.0000s ]
SQL: lock tables btchanges_invit write ,  btchanges_user_coin write  , btchanges_issue write  , btchanges_coin write  , btchanges_issue_log  write ,btchanges_finance write [ RunTime:0.0150s ]
SQL: SHOW COLUMNS FROM `btchanges_finance` [ RunTime:0.0130s ]
SQL: SELECT * FROM `btchanges_finance` WHERE `userid` = '101628' ORDER BY id desc LIMIT 1   [ RunTime:0.0000s ]
SQL: SHOW COLUMNS FROM `btchanges_user_coin` [ RunTime:0.0130s ]
SQL: SELECT * FROM `btchanges_user_coin` WHERE `userid` = '101628' LIMIT 1   [ RunTime:0.0000s ]
SQL: SHOW COLUMNS FROM `btchanges_user_coin` [ RunTime:0.0130s ]
SQL: UPDATE `btchanges_user_coin` SET `cny`=cny-100 WHERE `userid` = '101628' [ RunTime:0.0000s ]
SQL: SHOW COLUMNS FROM `btchanges_issue_log` [ RunTime:0.0130s ]
SQL: INSERT INTO `btchanges_issue_log` (`userid`,`iss_id`,`coinname`,`buycoin`,`name`,`price`,`num`,`mum`,`ci`,`jian`,`unlock`,`addtime`,`endtime`,`status`) VALUES ('101628','1','gold','cny','金钻','1.00000000','100','100','','','1','1532482614','1532482614','0') [ RunTime:0.0010s ]
SQL: SHOW COLUMNS FROM `btchanges_user_coin` [ RunTime:0.0130s ]
SQL: SELECT * FROM `btchanges_user_coin` WHERE `userid` = '101628' LIMIT 1   [ RunTime:0.0000s ]
NOTIC: [8] Use of undefined constant MSCODE - assumed 'MSCODE' D:\www\youzuan\Application\Home\Controller\IssueController.class.php 第 236 行.
SQL: SELECT * FROM `btchanges_coin` WHERE `name` = 'cny' LIMIT 1   [ RunTime:0.0000s ]
SQL: SHOW COLUMNS FROM `btchanges_finance` [ RunTime:0.0130s ]
SQL: INSERT INTO `btchanges_finance` (`userid`,`coinname`,`num_a`,`num_b`,`num`,`fee`,`type`,`name`,`nameid`,`remark`,`mum_a`,`mum_b`,`mum`,`move`,`addtime`,`status`) VALUES ('101628','cny','277.37000000','0.00000000','277.37','100','2','issue','11','认购中心-立即认购','177.37000000','0.00000000','177.37','185b73cdff0b01cda7534951ea569dc6','1532482614','1') [ RunTime:0.0010s ]
SQL: SHOW COLUMNS FROM `btchanges_issue` [ RunTime:0.0140s ]
SQL: UPDATE `btchanges_issue` SET `deal`=deal+100 WHERE `id` = '1' [ RunTime:0.0000s ]
SQL: SELECT * FROM `btchanges_issue` WHERE `id` = 1 LIMIT 1   [ RunTime:0.0000s ]
SQL: commit [ RunTime:0.0310s ]
SQL: unlock tables [ RunTime:0.0000s ]

[ 2018-07-25T09:36:56+08:00 ] 127.0.0.1 /Issue/log.html
INFO: [ app_init ] --START--
INFO: Run Behavior\BuildLiteBehavior [ RunTime:0.001000s ]
INFO: [ app_init ] --END-- [ RunTime:0.003000s ]
INFO: [ app_begin ] --START--
INFO: Run Behavior\ReadHtmlCacheBehavior [ RunTime:0.001000s ]
INFO: Run Behavior\CheckLangBehavior [ RunTime:0.001000s ]
INFO: [ app_begin ] --END-- [ RunTime:0.002000s ]
SQL: SHOW COLUMNS FROM `btchanges_user` [ RunTime:0.0130s ]
SQL: SELECT * FROM `btchanges_user` WHERE ( id = 101628 ) LIMIT 1   [ RunTime:0.0000s ]
SQL: SHOW COLUMNS FROM `btchanges_user_coin` [ RunTime:0.0130s ]
SQL: SELECT * FROM `btchanges_user_coin` WHERE `userid` = 101628 LIMIT 1   [ RunTime:0.0000s ]
SQL: SHOW COLUMNS FROM `btchanges_user` [ RunTime:0.0140s ]
SQL: SELECT * FROM `btchanges_user` WHERE `id` = 101628 LIMIT 1   [ RunTime:0.0000s ]
SQL: SHOW COLUMNS FROM `btchanges_config` [ RunTime:0.0150s ]
SQL: SELECT * FROM `btchanges_config` WHERE `id` = 1 LIMIT 1   [ RunTime:0.0010s ]
NOTIC: [8] Undefined index: btchanges D:\www\youzuan\Application\Home\Controller\HomeController.class.php 第 59 行.
SQL: SHOW COLUMNS FROM `btchanges_coin` [ RunTime:0.0140s ]
SQL: SELECT * FROM `btchanges_coin` WHERE `status` = 1  [ RunTime:0.0000s ]
SQL: SHOW COLUMNS FROM `btchanges_market` [ RunTime:0.0150s ]
SQL: SELECT * FROM `btchanges_market` WHERE `status` = 1  [ RunTime:0.0010s ]
SQL: SHOW COLUMNS FROM `btchanges_article_type` [ RunTime:0.0140s ]
SQL: SELECT * FROM `btchanges_article_type` WHERE `status` = 1 AND `footer` = 1 AND `shang` = '' ORDER BY sort asc ,id desc LIMIT 3   [ RunTime:0.0010s ]
NOTIC: [2] unlink(./Runtime/Temp/8d5c52105dc3ee42a6160b72e33b074b.php): No such file or directory D:\www\youzuan\ThinkPHP\Library\Think\Cache\Driver\File.class.php 第 313 行.
SQL: SELECT * FROM `btchanges_text` WHERE `name` = 'game_issue_log' LIMIT 1   [ RunTime:0.0000s ]
SQL: SELECT `content` FROM `btchanges_text` WHERE `name` = 'game_issue_log' AND `status` = 1 LIMIT 1   [ RunTime:0.0010s ]
SQL: SHOW COLUMNS FROM `btchanges_issue_log` [ RunTime:0.0130s ]
SQL: SELECT COUNT(*) AS tp_count FROM `btchanges_issue_log` WHERE `status` >= 0 AND `userid` = 101628 LIMIT 1   [ RunTime:0.0010s ]
SQL: SELECT * FROM `btchanges_issue_log` WHERE `status` >= 0 AND `userid` = 101628 ORDER BY id desc LIMIT 0,15   [ RunTime:0.0010s ]
NOTIC: [2] Division by zero D:\www\youzuan\Application\Home\Controller\IssueController.class.php 第 147 行.
INFO: [ view_parse ] --START--
NOTIC: [2] file_get_contents(./Application/Home/View/Public/header.html): failed to open stream: No such file or directory D:\www\youzuan\ThinkPHP\Library\Think\Template.class.php 第 1391 行.
NOTIC: [2] file_get_contents(./Application/Home/View/Game/left.html): failed to open stream: No such file or directory D:\www\youzuan\ThinkPHP\Library\Think\Template.class.php 第 1391 行.
INFO: [ template_filter ] --START--
INFO: Run Behavior\ContentReplaceBehavior [ RunTime:0.000000s ]
INFO: [ template_filter ] --END-- [ RunTime:0.001000s ]
INFO: Run Behavior\ParseTemplateBehavior [ RunTime:0.032002s ]
INFO: [ view_parse ] --END-- [ RunTime:0.033002s ]
INFO: [ view_filter ] --START--
INFO: Run Behavior\WriteHtmlCacheBehavior [ RunTime:0.001000s ]
INFO: [ view_filter ] --END-- [ RunTime:0.001000s ]
INFO: [ app_end ] --START--
INFO: Run Behavior\ShowPageTraceBehavior [ RunTime:0.001000s ]
INFO: [ app_end ] --END-- [ RunTime:0.002000s ]

[ 2018-07-25T09:36:57+08:00 ] 127.0.0.1 /Public/Home/js/datepicker.min.js
INFO: [ app_init ] --START--
INFO: Run Behavior\BuildLiteBehavior [ RunTime:0.000000s ]
INFO: [ app_init ] --END-- [ RunTime:0.003000s ]
INFO: [ app_begin ] --START--
INFO: Run Behavior\ReadHtmlCacheBehavior [ RunTime:0.001000s ]
INFO: Run Behavior\CheckLangBehavior [ RunTime:0.002000s ]
INFO: [ app_begin ] --END-- [ RunTime:0.003000s ]
SQL: SHOW COLUMNS FROM `btchanges_user` [ RunTime:0.0120s ]
SQL: SELECT * FROM `btchanges_user` WHERE ( id = 101628 ) LIMIT 1   [ RunTime:0.0010s ]
SQL: SHOW COLUMNS FROM `btchanges_user_coin` [ RunTime:0.0140s ]
SQL: SELECT * FROM `btchanges_user_coin` WHERE `userid` = 101628 LIMIT 1   [ RunTime:0.0000s ]
SQL: SHOW COLUMNS FROM `btchanges_user` [ RunTime:0.0130s ]
SQL: SELECT * FROM `btchanges_user` WHERE `id` = 101628 LIMIT 1   [ RunTime:0.0010s ]
SQL: SHOW COLUMNS FROM `btchanges_config` [ RunTime:0.0140s ]
SQL: SELECT * FROM `btchanges_config` WHERE `id` = 1 LIMIT 1   [ RunTime:0.0010s ]
NOTIC: [8] Undefined index: btchanges D:\www\youzuan\Application\Home\Controller\HomeController.class.php 第 59 行.
SQL: SHOW COLUMNS FROM `btchanges_coin` [ RunTime:0.0150s ]
SQL: SELECT * FROM `btchanges_coin` WHERE `status` = 1  [ RunTime:0.0010s ]
SQL: SHOW COLUMNS FROM `btchanges_market` [ RunTime:0.0150s ]
SQL: SELECT * FROM `btchanges_market` WHERE `status` = 1  [ RunTime:0.0000s ]
SQL: SHOW COLUMNS FROM `btchanges_article_type` [ RunTime:0.0140s ]
SQL: SELECT * FROM `btchanges_article_type` WHERE `status` = 1 AND `footer` = 1 AND `shang` = '' ORDER BY sort asc ,id desc LIMIT 3   [ RunTime:0.0010s ]
NOTIC: [2] unlink(./Runtime/Temp/8d5c52105dc3ee42a6160b72e33b074b.php): No such file or directory D:\www\youzuan\ThinkPHP\Library\Think\Cache\Driver\File.class.php 第 313 行.
INFO: [ view_parse ] --START--
INFO: [ template_filter ] --START--
INFO: Run Behavior\ContentReplaceBehavior [ RunTime:0.000000s ]
INFO: [ template_filter ] --END-- [ RunTime:0.000000s ]
INFO: Run Behavior\ParseTemplateBehavior [ RunTime:0.023001s ]
INFO: [ view_parse ] --END-- [ RunTime:0.023001s ]
INFO: [ view_filter ] --START--
INFO: Run Behavior\WriteHtmlCacheBehavior [ RunTime:0.001000s ]
INFO: [ view_filter ] --END-- [ RunTime:0.001000s ]

[ 2018-07-25T09:46:40+08:00 ] 127.0.0.1 /Issue/upbuy.html
INFO: [ app_init ] --START--
INFO: Run Behavior\BuildLiteBehavior [ RunTime:0.000000s ]
INFO: [ app_init ] --END-- [ RunTime:0.003000s ]
INFO: [ app_begin ] --START--
INFO: Run Behavior\ReadHtmlCacheBehavior [ RunTime:0.001000s ]
INFO: Run Behavior\CheckLangBehavior [ RunTime:0.001001s ]
INFO: [ app_begin ] --END-- [ RunTime:0.003001s ]
SQL: SHOW COLUMNS FROM `btchanges_user` [ RunTime:0.0100s ]
SQL: SELECT * FROM `btchanges_user` WHERE ( id = 101628 ) LIMIT 1   [ RunTime:0.0010s ]
SQL: SHOW COLUMNS FROM `btchanges_user_coin` [ RunTime:0.0100s ]
SQL: SELECT * FROM `btchanges_user_coin` WHERE `userid` = 101628 LIMIT 1   [ RunTime:0.0010s ]
SQL: SHOW COLUMNS FROM `btchanges_user` [ RunTime:0.0110s ]
SQL: SELECT * FROM `btchanges_user` WHERE `id` = 101628 LIMIT 1   [ RunTime:0.0010s ]
SQL: SHOW COLUMNS FROM `btchanges_config` [ RunTime:0.0150s ]
SQL: SELECT * FROM `btchanges_config` WHERE `id` = 1 LIMIT 1   [ RunTime:0.0010s ]
NOTIC: [8] Undefined index: btchanges D:\www\youzuan\Application\Home\Controller\HomeController.class.php 第 59 行.
SQL: SHOW COLUMNS FROM `btchanges_coin` [ RunTime:0.0130s ]
SQL: SELECT * FROM `btchanges_coin` WHERE `status` = 1  [ RunTime:0.0010s ]
SQL: SHOW COLUMNS FROM `btchanges_market` [ RunTime:0.0140s ]
SQL: SELECT * FROM `btchanges_market` WHERE `status` = 1  [ RunTime:0.0000s ]
SQL: SHOW COLUMNS FROM `btchanges_article_type` [ RunTime:0.0130s ]
SQL: SELECT * FROM `btchanges_article_type` WHERE `status` = 1 AND `footer` = 1 AND `shang` = '' ORDER BY sort asc ,id desc LIMIT 3   [ RunTime:0.0000s ]
NOTIC: [2] unlink(./Runtime/Temp/8d5c52105dc3ee42a6160b72e33b074b.php): No such file or directory D:\www\youzuan\ThinkPHP\Library\Think\Cache\Driver\File.class.php 第 313 行.
SQL: SELECT * FROM `btchanges_user` WHERE `id` = 101628 LIMIT 1   [ RunTime:0.0000s ]
SQL: SHOW COLUMNS FROM `btchanges_issue` [ RunTime:0.0140s ]
SQL: SELECT * FROM `btchanges_issue` WHERE `id` = 1 LIMIT 1   [ RunTime:0.0000s ]
SQL: SELECT `cny` FROM `btchanges_user_coin` WHERE `userid` = 101628 LIMIT 1   [ RunTime:0.0000s ]
SQL: SHOW COLUMNS FROM `btchanges_issue_log` [ RunTime:0.0130s ]
SQL: SELECT SUM(num) AS tp_sum FROM `btchanges_issue_log` WHERE `userid` = 101628 AND `coinname` = 'gold' LIMIT 1   [ RunTime:0.0000s ]

