[ 2018-08-15T18:47:47+08:00 ] 127.0.0.1 /
INFO: [ app_init ] --START--
INFO: Run Behavior\BuildLiteBehavior [ RunTime:0.000000s ]
INFO: [ app_init ] --END-- [ RunTime:0.031002s ]
INFO: [ app_begin ] --START--
INFO: Run Behavior\ReadHtmlCacheBehavior [ RunTime:0.193011s ]
INFO: Run Behavior\CheckLangBehavior [ RunTime:0.008001s ]
INFO: [ app_begin ] --END-- [ RunTime:0.201012s ]
SQL: SHOW COLUMNS FROM `btchanges_config` [ RunTime:0.0100s ]
SQL: SELECT * FROM `btchanges_config` WHERE `id` = 1 LIMIT 1   [ RunTime:0.0010s ]
NOTIC: [8] Undefined index: btchanges D:\www\youzuan\Application\Home\Controller\HomeController.class.php 第 61 行.
SQL: SHOW COLUMNS FROM `btchanges_coin` [ RunTime:0.0750s ]
SQL: SELECT * FROM `btchanges_coin` WHERE `status` = 1  [ RunTime:0.0010s ]
SQL: SHOW COLUMNS FROM `btchanges_market` [ RunTime:0.0320s ]
SQL: SELECT * FROM `btchanges_market` WHERE `status` = 1  [ RunTime:0.0000s ]
SQL: SHOW COLUMNS FROM `btchanges_article_type` [ RunTime:0.2920s ]
SQL: SELECT * FROM `btchanges_article_type` WHERE `status` = 1 AND `footer` = 1 AND `shang` = '' ORDER BY sort asc ,id desc LIMIT 3   [ RunTime:0.0010s ]
NOTIC: [2] unlink(./Runtime/Temp/8d5c52105dc3ee42a6160b72e33b074b.php): No such file or directory D:\www\youzuan\ThinkPHP\Library\Think\Cache\Driver\File.class.php 第 313 行.

[ 2018-08-15T18:47:50+08:00 ] 127.0.0.1 /index/start
INFO: [ app_init ] --START--
INFO: Run Behavior\BuildLiteBehavior [ RunTime:0.000000s ]
INFO: [ app_init ] --END-- [ RunTime:0.002000s ]
INFO: [ app_begin ] --START--
INFO: Run Behavior\ReadHtmlCacheBehavior [ RunTime:0.001000s ]
INFO: Run Behavior\CheckLangBehavior [ RunTime:0.000000s ]
INFO: [ app_begin ] --END-- [ RunTime:0.001000s ]
SQL: SHOW COLUMNS FROM `btchanges_config` [ RunTime:0.0100s ]
SQL: SELECT * FROM `btchanges_config` WHERE `id` = 1 LIMIT 1   [ RunTime:0.0000s ]
NOTIC: [8] Undefined index: btchanges D:\www\youzuan\Application\Home\Controller\HomeController.class.php 第 61 行.
SQL: SHOW COLUMNS FROM `btchanges_coin` [ RunTime:0.0100s ]
SQL: SELECT * FROM `btchanges_coin` WHERE `status` = 1  [ RunTime:0.0010s ]
SQL: SHOW COLUMNS FROM `btchanges_market` [ RunTime:0.0090s ]
SQL: SELECT * FROM `btchanges_market` WHERE `status` = 1  [ RunTime:0.0000s ]
SQL: SHOW COLUMNS FROM `btchanges_article_type` [ RunTime:0.0110s ]
SQL: SELECT * FROM `btchanges_article_type` WHERE `status` = 1 AND `footer` = 1 AND `shang` = '' ORDER BY sort asc ,id desc LIMIT 3   [ RunTime:0.0010s ]
NOTIC: [2] unlink(./Runtime/Temp/8d5c52105dc3ee42a6160b72e33b074b.php): No such file or directory D:\www\youzuan\ThinkPHP\Library\Think\Cache\Driver\File.class.php 第 313 行.
INFO: [ view_parse ] --START--
INFO: [ template_filter ] --START--
INFO: Run Behavior\ContentReplaceBehavior [ RunTime:0.000000s ]
INFO: [ template_filter ] --END-- [ RunTime:0.001000s ]
INFO: Run Behavior\ParseTemplateBehavior [ RunTime:0.033002s ]
INFO: [ view_parse ] --END-- [ RunTime:0.033002s ]
INFO: [ view_filter ] --START--
INFO: Run Behavior\WriteHtmlCacheBehavior [ RunTime:0.008000s ]
INFO: [ view_filter ] --END-- [ RunTime:0.009000s ]
INFO: [ app_end ] --START--
INFO: Run Behavior\ShowPageTraceBehavior [ RunTime:0.025002s ]
INFO: [ app_end ] --END-- [ RunTime:0.025002s ]

[ 2018-08-15T18:48:03+08:00 ] 127.0.0.1 /
INFO: [ app_init ] --START--
INFO: Run Behavior\BuildLiteBehavior [ RunTime:0.000000s ]
INFO: [ app_init ] --END-- [ RunTime:0.002000s ]
INFO: [ app_begin ] --START--
INFO: Run Behavior\ReadHtmlCacheBehavior [ RunTime:0.001000s ]
INFO: Run Behavior\CheckLangBehavior [ RunTime:0.000000s ]
INFO: [ app_begin ] --END-- [ RunTime:0.001000s ]
SQL: SHOW COLUMNS FROM `btchanges_config` [ RunTime:0.0100s ]
SQL: SELECT * FROM `btchanges_config` WHERE `id` = 1 LIMIT 1   [ RunTime:0.0000s ]
NOTIC: [8] Undefined index: btchanges D:\www\youzuan\Application\Home\Controller\HomeController.class.php 第 61 行.
SQL: SHOW COLUMNS FROM `btchanges_coin` [ RunTime:0.0090s ]
SQL: SELECT * FROM `btchanges_coin` WHERE `status` = 1  [ RunTime:0.0010s ]
SQL: SHOW COLUMNS FROM `btchanges_market` [ RunTime:0.0200s ]
SQL: SELECT * FROM `btchanges_market` WHERE `status` = 1  [ RunTime:0.0010s ]
SQL: SHOW COLUMNS FROM `btchanges_article_type` [ RunTime:0.0110s ]
SQL: SELECT * FROM `btchanges_article_type` WHERE `status` = 1 AND `footer` = 1 AND `shang` = '' ORDER BY sort asc ,id desc LIMIT 3   [ RunTime:0.0010s ]
NOTIC: [2] unlink(./Runtime/Temp/8d5c52105dc3ee42a6160b72e33b074b.php): No such file or directory D:\www\youzuan\ThinkPHP\Library\Think\Cache\Driver\File.class.php 第 313 行.

[ 2018-08-15T18:48:04+08:00 ] 127.0.0.1 /index/start
INFO: [ app_init ] --START--
INFO: Run Behavior\BuildLiteBehavior [ RunTime:0.000000s ]
INFO: [ app_init ] --END-- [ RunTime:0.002000s ]
INFO: [ app_begin ] --START--
INFO: Run Behavior\ReadHtmlCacheBehavior [ RunTime:0.001001s ]
INFO: Run Behavior\CheckLangBehavior [ RunTime:0.001000s ]
INFO: [ app_begin ] --END-- [ RunTime:0.002001s ]
SQL: SHOW COLUMNS FROM `btchanges_config` [ RunTime:0.0080s ]
SQL: SELECT * FROM `btchanges_config` WHERE `id` = 1 LIMIT 1   [ RunTime:0.0010s ]
NOTIC: [8] Undefined index: btchanges D:\www\youzuan\Application\Home\Controller\HomeController.class.php 第 61 行.
SQL: SHOW COLUMNS FROM `btchanges_coin` [ RunTime:0.0120s ]
SQL: SELECT * FROM `btchanges_coin` WHERE `status` = 1  [ RunTime:0.0000s ]
SQL: SHOW COLUMNS FROM `btchanges_market` [ RunTime:0.0120s ]
SQL: SELECT * FROM `btchanges_market` WHERE `status` = 1  [ RunTime:0.0010s ]
SQL: SHOW COLUMNS FROM `btchanges_article_type` [ RunTime:0.0120s ]
SQL: SELECT * FROM `btchanges_article_type` WHERE `status` = 1 AND `footer` = 1 AND `shang` = '' ORDER BY sort asc ,id desc LIMIT 3   [ RunTime:0.0010s ]
NOTIC: [2] unlink(./Runtime/Temp/8d5c52105dc3ee42a6160b72e33b074b.php): No such file or directory D:\www\youzuan\ThinkPHP\Library\Think\Cache\Driver\File.class.php 第 313 行.
INFO: [ view_parse ] --START--
INFO: [ template_filter ] --START--
INFO: Run Behavior\ContentReplaceBehavior [ RunTime:0.000000s ]
INFO: [ template_filter ] --END-- [ RunTime:0.000000s ]
INFO: Run Behavior\ParseTemplateBehavior [ RunTime:0.006001s ]
INFO: [ view_parse ] --END-- [ RunTime:0.006001s ]
INFO: [ view_filter ] --START--
INFO: Run Behavior\WriteHtmlCacheBehavior [ RunTime:0.001000s ]
INFO: [ view_filter ] --END-- [ RunTime:0.001000s ]
INFO: [ app_end ] --START--
INFO: Run Behavior\ShowPageTraceBehavior [ RunTime:0.001000s ]
INFO: [ app_end ] --END-- [ RunTime:0.001000s ]

[ 2018-08-15T18:48:07+08:00 ] 127.0.0.1 /login/index.html
INFO: [ app_init ] --START--
INFO: Run Behavior\BuildLiteBehavior [ RunTime:0.000000s ]
INFO: [ app_init ] --END-- [ RunTime:0.002000s ]
INFO: [ app_begin ] --START--
INFO: Run Behavior\ReadHtmlCacheBehavior [ RunTime:0.000000s ]
INFO: Run Behavior\CheckLangBehavior [ RunTime:0.001001s ]
INFO: [ app_begin ] --END-- [ RunTime:0.002001s ]
SQL: SHOW COLUMNS FROM `btchanges_config` [ RunTime:0.0100s ]
SQL: SELECT * FROM `btchanges_config` WHERE `id` = 1 LIMIT 1   [ RunTime:0.0010s ]
NOTIC: [8] Undefined index: btchanges D:\www\youzuan\Application\Home\Controller\HomeController.class.php 第 61 行.
SQL: SHOW COLUMNS FROM `btchanges_coin` [ RunTime:0.0100s ]
SQL: SELECT * FROM `btchanges_coin` WHERE `status` = 1  [ RunTime:0.0000s ]
SQL: SHOW COLUMNS FROM `btchanges_market` [ RunTime:0.0090s ]
SQL: SELECT * FROM `btchanges_market` WHERE `status` = 1  [ RunTime:0.0010s ]
SQL: SHOW COLUMNS FROM `btchanges_article_type` [ RunTime:0.0090s ]
SQL: SELECT * FROM `btchanges_article_type` WHERE `status` = 1 AND `footer` = 1 AND `shang` = '' ORDER BY sort asc ,id desc LIMIT 3   [ RunTime:0.0010s ]
NOTIC: [2] unlink(./Runtime/Temp/8d5c52105dc3ee42a6160b72e33b074b.php): No such file or directory D:\www\youzuan\ThinkPHP\Library\Think\Cache\Driver\File.class.php 第 313 行.
INFO: [ view_parse ] --START--
INFO: [ template_filter ] --START--
INFO: Run Behavior\ContentReplaceBehavior [ RunTime:0.000000s ]
INFO: [ template_filter ] --END-- [ RunTime:0.000000s ]
INFO: Run Behavior\ParseTemplateBehavior [ RunTime:0.006000s ]
INFO: [ view_parse ] --END-- [ RunTime:0.007000s ]
INFO: [ view_filter ] --START--
INFO: Run Behavior\WriteHtmlCacheBehavior [ RunTime:0.000000s ]
INFO: [ view_filter ] --END-- [ RunTime:0.000000s ]
INFO: [ app_end ] --START--
INFO: Run Behavior\ShowPageTraceBehavior [ RunTime:0.001000s ]
INFO: [ app_end ] --END-- [ RunTime:0.001000s ]

[ 2018-08-15T18:48:11+08:00 ] 127.0.0.1 /Verify/code.html
INFO: [ app_init ] --START--
INFO: Run Behavior\BuildLiteBehavior [ RunTime:0.000000s ]
INFO: [ app_init ] --END-- [ RunTime:0.002001s ]
INFO: [ app_begin ] --START--
INFO: Run Behavior\ReadHtmlCacheBehavior [ RunTime:0.001000s ]
INFO: Run Behavior\CheckLangBehavior [ RunTime:0.001000s ]
INFO: [ app_begin ] --END-- [ RunTime:0.002000s ]
SQL: SHOW COLUMNS FROM `btchanges_config` [ RunTime:0.0110s ]
SQL: SELECT * FROM `btchanges_config` WHERE `id` = 1 LIMIT 1   [ RunTime:0.0010s ]
NOTIC: [8] Undefined index: btchanges D:\www\youzuan\Application\Home\Controller\HomeController.class.php 第 61 行.
SQL: SHOW COLUMNS FROM `btchanges_coin` [ RunTime:0.0130s ]
SQL: SELECT * FROM `btchanges_coin` WHERE `status` = 1  [ RunTime:0.0000s ]
SQL: SHOW COLUMNS FROM `btchanges_market` [ RunTime:0.0110s ]
SQL: SELECT * FROM `btchanges_market` WHERE `status` = 1  [ RunTime:0.0010s ]
SQL: SHOW COLUMNS FROM `btchanges_article_type` [ RunTime:0.0100s ]
SQL: SELECT * FROM `btchanges_article_type` WHERE `status` = 1 AND `footer` = 1 AND `shang` = '' ORDER BY sort asc ,id desc LIMIT 3   [ RunTime:0.0000s ]
NOTIC: [2] unlink(./Runtime/Temp/8d5c52105dc3ee42a6160b72e33b074b.php): No such file or directory D:\www\youzuan\ThinkPHP\Library\Think\Cache\Driver\File.class.php 第 313 行.
INFO: [ app_end ] --START--
INFO: Run Behavior\ShowPageTraceBehavior [ RunTime:0.000000s ]
INFO: [ app_end ] --END-- [ RunTime:0.001000s ]

[ 2018-08-15T18:48:29+08:00 ] 127.0.0.1 /Login/submit
INFO: [ app_init ] --START--
INFO: Run Behavior\BuildLiteBehavior [ RunTime:0.000000s ]
INFO: [ app_init ] --END-- [ RunTime:0.002001s ]
INFO: [ app_begin ] --START--
INFO: Run Behavior\ReadHtmlCacheBehavior [ RunTime:0.000000s ]
INFO: Run Behavior\CheckLangBehavior [ RunTime:0.001000s ]
INFO: [ app_begin ] --END-- [ RunTime:0.002000s ]
SQL: SHOW COLUMNS FROM `btchanges_config` [ RunTime:0.0090s ]
SQL: SELECT * FROM `btchanges_config` WHERE `id` = 1 LIMIT 1   [ RunTime:0.0010s ]
NOTIC: [8] Undefined index: btchanges D:\www\youzuan\Application\Home\Controller\HomeController.class.php 第 61 行.
SQL: SHOW COLUMNS FROM `btchanges_coin` [ RunTime:0.0080s ]
SQL: SELECT * FROM `btchanges_coin` WHERE `status` = 1  [ RunTime:0.0000s ]
SQL: SHOW COLUMNS FROM `btchanges_market` [ RunTime:0.0080s ]
SQL: SELECT * FROM `btchanges_market` WHERE `status` = 1  [ RunTime:0.0010s ]
SQL: SHOW COLUMNS FROM `btchanges_article_type` [ RunTime:0.0080s ]
SQL: SELECT * FROM `btchanges_article_type` WHERE `status` = 1 AND `footer` = 1 AND `shang` = '' ORDER BY sort asc ,id desc LIMIT 3   [ RunTime:0.0010s ]
NOTIC: [2] unlink(./Runtime/Temp/8d5c52105dc3ee42a6160b72e33b074b.php): No such file or directory D:\www\youzuan\ThinkPHP\Library\Think\Cache\Driver\File.class.php 第 313 行.
NOTIC: [8] Undefined variable: user D:\www\youzuan\Application\Home\Controller\LoginController.class.php 第 173 行.
SQL: SHOW COLUMNS FROM `btchanges_user` [ RunTime:0.4390s ]
SQL: SELECT * FROM `btchanges_user` WHERE `moble` = '17665383201' LIMIT 1   [ RunTime:0.3740s ]

[ 2018-08-15T18:48:43+08:00 ] 127.0.0.1 /Login/submit
INFO: [ app_init ] --START--
INFO: Run Behavior\BuildLiteBehavior [ RunTime:0.000000s ]
INFO: [ app_init ] --END-- [ RunTime:0.002000s ]
INFO: [ app_begin ] --START--
INFO: Run Behavior\ReadHtmlCacheBehavior [ RunTime:0.001000s ]
INFO: Run Behavior\CheckLangBehavior [ RunTime:0.001000s ]
INFO: [ app_begin ] --END-- [ RunTime:0.002000s ]
SQL: SHOW COLUMNS FROM `btchanges_config` [ RunTime:0.0080s ]
SQL: SELECT * FROM `btchanges_config` WHERE `id` = 1 LIMIT 1   [ RunTime:0.0010s ]
NOTIC: [8] Undefined index: btchanges D:\www\youzuan\Application\Home\Controller\HomeController.class.php 第 61 行.
SQL: SHOW COLUMNS FROM `btchanges_coin` [ RunTime:0.0070s ]
SQL: SELECT * FROM `btchanges_coin` WHERE `status` = 1  [ RunTime:0.0010s ]
SQL: SHOW COLUMNS FROM `btchanges_market` [ RunTime:0.0090s ]
SQL: SELECT * FROM `btchanges_market` WHERE `status` = 1  [ RunTime:0.0010s ]
SQL: SHOW COLUMNS FROM `btchanges_article_type` [ RunTime:0.0070s ]
SQL: SELECT * FROM `btchanges_article_type` WHERE `status` = 1 AND `footer` = 1 AND `shang` = '' ORDER BY sort asc ,id desc LIMIT 3   [ RunTime:0.0000s ]
NOTIC: [2] unlink(./Runtime/Temp/8d5c52105dc3ee42a6160b72e33b074b.php): No such file or directory D:\www\youzuan\ThinkPHP\Library\Think\Cache\Driver\File.class.php 第 313 行.
NOTIC: [8] Undefined variable: user D:\www\youzuan\Application\Home\Controller\LoginController.class.php 第 173 行.
SQL: SHOW COLUMNS FROM `btchanges_user` [ RunTime:0.0080s ]
SQL: SELECT * FROM `btchanges_user` WHERE `moble` = '17665383201' LIMIT 1   [ RunTime:0.1400s ]
SQL: set autocommit=0 [ RunTime:0.0000s ]
SQL: lock tables btchanges_user write , btchanges_user_log write  [ RunTime:0.0720s ]
SQL: SHOW COLUMNS FROM `btchanges_user` [ RunTime:0.0090s ]
SQL: UPDATE `btchanges_user` SET `logins`=logins+1 WHERE `id` = '101632' [ RunTime:0.0000s ]
NOTIC: [2] fopen(D:\www\youzuan\ThinkPHP\Library\Org\Net/UTFWry.dat): failed to open stream: No such file or directory D:\www\youzuan\ThinkPHP\Library\Org\Net\IpLocation.class.php 第 107 行.
SQL: SHOW COLUMNS FROM `btchanges_user_log` [ RunTime:0.0080s ]
SQL: INSERT INTO `btchanges_user_log` (`userid`,`type`,`remark`,`addtime`,`addip`,`addr`,`status`) VALUES ('101632','登录','通过手机号登录','1534330123','127.0.0.1','未分配或者内网IP','1') [ RunTime:0.0000s ]
SQL: commit [ RunTime:0.0280s ]
SQL: unlock tables [ RunTime:0.0000s ]

[ 2018-08-15T18:48:44+08:00 ] 127.0.0.1 /Login/submit
INFO: [ app_init ] --START--
INFO: Run Behavior\BuildLiteBehavior [ RunTime:0.000000s ]
INFO: [ app_init ] --END-- [ RunTime:0.003000s ]
INFO: [ app_begin ] --START--
INFO: Run Behavior\ReadHtmlCacheBehavior [ RunTime:0.001000s ]
INFO: Run Behavior\CheckLangBehavior [ RunTime:0.000000s ]
INFO: [ app_begin ] --END-- [ RunTime:0.001000s ]
SQL: SHOW COLUMNS FROM `btchanges_user_coin` [ RunTime:0.0490s ]
SQL: SELECT * FROM `btchanges_user_coin` WHERE `userid` = 101632 LIMIT 1   [ RunTime:0.0000s ]
SQL: SHOW COLUMNS FROM `btchanges_user` [ RunTime:0.0080s ]
SQL: SELECT * FROM `btchanges_user` WHERE `id` = 101632 LIMIT 1   [ RunTime:0.0010s ]
SQL: SHOW COLUMNS FROM `btchanges_config` [ RunTime:0.0080s ]
SQL: SELECT * FROM `btchanges_config` WHERE `id` = 1 LIMIT 1   [ RunTime:0.0010s ]
NOTIC: [8] Undefined index: btchanges D:\www\youzuan\Application\Home\Controller\HomeController.class.php 第 61 行.
SQL: SHOW COLUMNS FROM `btchanges_coin` [ RunTime:0.0090s ]
SQL: SELECT * FROM `btchanges_coin` WHERE `status` = 1  [ RunTime:0.0010s ]
SQL: SHOW COLUMNS FROM `btchanges_market` [ RunTime:0.0080s ]
SQL: SELECT * FROM `btchanges_market` WHERE `status` = 1  [ RunTime:0.0000s ]
SQL: SHOW COLUMNS FROM `btchanges_article_type` [ RunTime:0.0080s ]
SQL: SELECT * FROM `btchanges_article_type` WHERE `status` = 1 AND `footer` = 1 AND `shang` = '' ORDER BY sort asc ,id desc LIMIT 3   [ RunTime:0.0000s ]
NOTIC: [2] unlink(./Runtime/Temp/8d5c52105dc3ee42a6160b72e33b074b.php): No such file or directory D:\www\youzuan\ThinkPHP\Library\Think\Cache\Driver\File.class.php 第 313 行.
NOTIC: [8] Undefined variable: user D:\www\youzuan\Application\Home\Controller\LoginController.class.php 第 173 行.
SQL: SELECT * FROM `btchanges_user` WHERE `moble` = '17665383201' LIMIT 1   [ RunTime:0.1820s ]
SQL: set autocommit=0 [ RunTime:0.0000s ]
SQL: lock tables btchanges_user write , btchanges_user_log write  [ RunTime:0.0010s ]
SQL: SHOW COLUMNS FROM `btchanges_user` [ RunTime:0.0090s ]
SQL: UPDATE `btchanges_user` SET `logins`=logins+1 WHERE `id` = '101632' [ RunTime:0.0170s ]
NOTIC: [2] fopen(D:\www\youzuan\ThinkPHP\Library\Org\Net/UTFWry.dat): failed to open stream: No such file or directory D:\www\youzuan\ThinkPHP\Library\Org\Net\IpLocation.class.php 第 107 行.
SQL: SHOW COLUMNS FROM `btchanges_user_log` [ RunTime:0.0090s ]
SQL: INSERT INTO `btchanges_user_log` (`userid`,`type`,`remark`,`addtime`,`addip`,`addr`,`status`) VALUES ('101632','登录','通过手机号登录','1534330124','127.0.0.1','未分配或者内网IP','1') [ RunTime:0.0010s ]
SQL: commit [ RunTime:0.0280s ]
SQL: unlock tables [ RunTime:0.0000s ]

[ 2018-08-15T18:48:45+08:00 ] 127.0.0.1 /index/index.html
INFO: [ app_init ] --START--
INFO: Run Behavior\BuildLiteBehavior [ RunTime:0.000000s ]
INFO: [ app_init ] --END-- [ RunTime:0.002000s ]
INFO: [ app_begin ] --START--
INFO: Run Behavior\ReadHtmlCacheBehavior [ RunTime:0.000000s ]
INFO: Run Behavior\CheckLangBehavior [ RunTime:0.000000s ]
INFO: [ app_begin ] --END-- [ RunTime:0.001000s ]
SQL: SHOW COLUMNS FROM `btchanges_user` [ RunTime:0.0090s ]
SQL: SELECT * FROM `btchanges_user` WHERE ( id = 101632 ) LIMIT 1   [ RunTime:0.0000s ]
SQL: SHOW COLUMNS FROM `btchanges_user_coin` [ RunTime:0.0080s ]
SQL: SELECT * FROM `btchanges_user_coin` WHERE `userid` = 101632 LIMIT 1   [ RunTime:0.0000s ]
SQL: SHOW COLUMNS FROM `btchanges_user` [ RunTime:0.0080s ]
SQL: SELECT * FROM `btchanges_user` WHERE `id` = 101632 LIMIT 1   [ RunTime:0.0000s ]
SQL: SHOW COLUMNS FROM `btchanges_config` [ RunTime:0.0100s ]
SQL: SELECT * FROM `btchanges_config` WHERE `id` = 1 LIMIT 1   [ RunTime:0.0000s ]
NOTIC: [8] Undefined index: btchanges D:\www\youzuan\Application\Home\Controller\HomeController.class.php 第 61 行.
SQL: SHOW COLUMNS FROM `btchanges_coin` [ RunTime:0.0080s ]
SQL: SELECT * FROM `btchanges_coin` WHERE `status` = 1  [ RunTime:0.0000s ]
SQL: SHOW COLUMNS FROM `btchanges_market` [ RunTime:0.0080s ]
SQL: SELECT * FROM `btchanges_market` WHERE `status` = 1  [ RunTime:0.0010s ]
SQL: SHOW COLUMNS FROM `btchanges_article_type` [ RunTime:0.0090s ]
SQL: SELECT * FROM `btchanges_article_type` WHERE `status` = 1 AND `footer` = 1 AND `shang` = '' ORDER BY sort asc ,id desc LIMIT 3   [ RunTime:0.0000s ]
NOTIC: [2] unlink(./Runtime/Temp/8d5c52105dc3ee42a6160b72e33b074b.php): No such file or directory D:\www\youzuan\ThinkPHP\Library\Think\Cache\Driver\File.class.php 第 313 行.
SQL: SHOW COLUMNS FROM `btchanges_issue` [ RunTime:0.0260s ]
SQL: SELECT * FROM `btchanges_issue` WHERE `status` = 1 LIMIT 1   [ RunTime:0.0010s ]
SQL: SELECT * FROM `btchanges_config` WHERE `id` = 1 LIMIT 1   [ RunTime:0.0000s ]
INFO: [ view_parse ] --START--
INFO: [ template_filter ] --START--
INFO: Run Behavior\ContentReplaceBehavior [ RunTime:0.000000s ]
INFO: [ template_filter ] --END-- [ RunTime:0.000000s ]
INFO: Run Behavior\ParseTemplateBehavior [ RunTime:0.045002s ]
INFO: [ view_parse ] --END-- [ RunTime:0.045002s ]
INFO: [ view_filter ] --START--
INFO: Run Behavior\WriteHtmlCacheBehavior [ RunTime:0.001000s ]
INFO: [ view_filter ] --END-- [ RunTime:0.001000s ]
INFO: [ app_end ] --START--
INFO: Run Behavior\ShowPageTraceBehavior [ RunTime:0.001000s ]
INFO: [ app_end ] --END-- [ RunTime:0.001000s ]

[ 2018-08-15T18:48:46+08:00 ] 127.0.0.1 /index/index.html
INFO: [ app_init ] --START--
INFO: Run Behavior\BuildLiteBehavior [ RunTime:0.000000s ]
INFO: [ app_init ] --END-- [ RunTime:0.002000s ]
INFO: [ app_begin ] --START--
INFO: Run Behavior\ReadHtmlCacheBehavior [ RunTime:0.001000s ]
INFO: Run Behavior\CheckLangBehavior [ RunTime:0.000000s ]
INFO: [ app_begin ] --END-- [ RunTime:0.001000s ]
SQL: SHOW COLUMNS FROM `btchanges_user` [ RunTime:0.0080s ]
SQL: SELECT * FROM `btchanges_user` WHERE ( id = 101632 ) LIMIT 1   [ RunTime:0.0000s ]
SQL: SHOW COLUMNS FROM `btchanges_user_coin` [ RunTime:0.0080s ]
SQL: SELECT * FROM `btchanges_user_coin` WHERE `userid` = 101632 LIMIT 1   [ RunTime:0.0010s ]
SQL: SHOW COLUMNS FROM `btchanges_user` [ RunTime:0.0080s ]
SQL: SELECT * FROM `btchanges_user` WHERE `id` = 101632 LIMIT 1   [ RunTime:0.0010s ]
SQL: SHOW COLUMNS FROM `btchanges_config` [ RunTime:0.0090s ]
SQL: SELECT * FROM `btchanges_config` WHERE `id` = 1 LIMIT 1   [ RunTime:0.0010s ]
NOTIC: [8] Undefined index: btchanges D:\www\youzuan\Application\Home\Controller\HomeController.class.php 第 61 行.
SQL: SHOW COLUMNS FROM `btchanges_coin` [ RunTime:0.0080s ]
SQL: SELECT * FROM `btchanges_coin` WHERE `status` = 1  [ RunTime:0.0000s ]
SQL: SHOW COLUMNS FROM `btchanges_market` [ RunTime:0.0080s ]
SQL: SELECT * FROM `btchanges_market` WHERE `status` = 1  [ RunTime:0.0010s ]
SQL: SHOW COLUMNS FROM `btchanges_article_type` [ RunTime:0.0090s ]
SQL: SELECT * FROM `btchanges_article_type` WHERE `status` = 1 AND `footer` = 1 AND `shang` = '' ORDER BY sort asc ,id desc LIMIT 3   [ RunTime:0.0010s ]
NOTIC: [2] unlink(./Runtime/Temp/8d5c52105dc3ee42a6160b72e33b074b.php): No such file or directory D:\www\youzuan\ThinkPHP\Library\Think\Cache\Driver\File.class.php 第 313 行.
SQL: SHOW COLUMNS FROM `btchanges_issue` [ RunTime:0.0080s ]
SQL: SELECT * FROM `btchanges_issue` WHERE `status` = 1 LIMIT 1   [ RunTime:0.0000s ]
SQL: SELECT * FROM `btchanges_config` WHERE `id` = 1 LIMIT 1   [ RunTime:0.0010s ]
INFO: [ view_parse ] --START--
INFO: [ template_filter ] --START--
INFO: Run Behavior\ContentReplaceBehavior [ RunTime:0.000000s ]
INFO: [ template_filter ] --END-- [ RunTime:0.000000s ]
INFO: Run Behavior\ParseTemplateBehavior [ RunTime:0.007000s ]
INFO: [ view_parse ] --END-- [ RunTime:0.007000s ]
INFO: [ view_filter ] --START--
INFO: Run Behavior\WriteHtmlCacheBehavior [ RunTime:0.001000s ]
INFO: [ view_filter ] --END-- [ RunTime:0.001000s ]
INFO: [ app_end ] --START--
INFO: Run Behavior\ShowPageTraceBehavior [ RunTime:0.001000s ]
INFO: [ app_end ] --END-- [ RunTime:0.001000s ]

[ 2018-08-15T18:48:50+08:00 ] 127.0.0.1 /User/index.html
INFO: [ app_init ] --START--
INFO: Run Behavior\BuildLiteBehavior [ RunTime:0.000000s ]
INFO: [ app_init ] --END-- [ RunTime:0.002000s ]
INFO: [ app_begin ] --START--
INFO: Run Behavior\ReadHtmlCacheBehavior [ RunTime:0.001000s ]
INFO: Run Behavior\CheckLangBehavior [ RunTime:0.001000s ]
INFO: [ app_begin ] --END-- [ RunTime:0.002000s ]
NOTIC: [2048] Declaration of Home\Controller\UserController::show() should be compatible with Think\Controller::show($content, $charset = '', $contentType = '', $prefix = '') D:\www\youzuan\Application\Home\Controller\UserController.class.php 第 6 行.
SQL: SHOW COLUMNS FROM `btchanges_user` [ RunTime:0.0080s ]
SQL: SELECT * FROM `btchanges_user` WHERE ( id = 101632 ) LIMIT 1   [ RunTime:0.0000s ]
SQL: SHOW COLUMNS FROM `btchanges_user_coin` [ RunTime:0.0080s ]
SQL: SELECT * FROM `btchanges_user_coin` WHERE `userid` = 101632 LIMIT 1   [ RunTime:0.0010s ]
SQL: SHOW COLUMNS FROM `btchanges_user` [ RunTime:0.0080s ]
SQL: SELECT * FROM `btchanges_user` WHERE `id` = 101632 LIMIT 1   [ RunTime:0.0000s ]
SQL: SHOW COLUMNS FROM `btchanges_config` [ RunTime:0.0090s ]
SQL: SELECT * FROM `btchanges_config` WHERE `id` = 1 LIMIT 1   [ RunTime:0.0000s ]
NOTIC: [8] Undefined index: btchanges D:\www\youzuan\Application\Home\Controller\HomeController.class.php 第 61 行.
SQL: SHOW COLUMNS FROM `btchanges_coin` [ RunTime:0.0080s ]
SQL: SELECT * FROM `btchanges_coin` WHERE `status` = 1  [ RunTime:0.0010s ]
SQL: SHOW COLUMNS FROM `btchanges_market` [ RunTime:0.0090s ]
SQL: SELECT * FROM `btchanges_market` WHERE `status` = 1  [ RunTime:0.0010s ]
SQL: SHOW COLUMNS FROM `btchanges_article_type` [ RunTime:0.0080s ]
SQL: SELECT * FROM `btchanges_article_type` WHERE `status` = 1 AND `footer` = 1 AND `shang` = '' ORDER BY sort asc ,id desc LIMIT 3   [ RunTime:0.0000s ]
NOTIC: [2] unlink(./Runtime/Temp/8d5c52105dc3ee42a6160b72e33b074b.php): No such file or directory D:\www\youzuan\ThinkPHP\Library\Think\Cache\Driver\File.class.php 第 313 行.
SQL: SELECT * FROM `btchanges_user` WHERE `id` = 101632 LIMIT 1   [ RunTime:0.0000s ]
SQL: SELECT `cny` FROM `btchanges_user_coin` WHERE `userid` = 101632 LIMIT 1   [ RunTime:0.0010s ]
SQL: SELECT * FROM `btchanges_text` WHERE `name` = 'user_index' LIMIT 1   [ RunTime:0.0000s ]
SQL: SELECT `content` FROM `btchanges_text` WHERE `name` = 'user_index' AND `status` = 1 LIMIT 1   [ RunTime:0.0000s ]
INFO: [ view_parse ] --START--
INFO: [ template_filter ] --START--
INFO: Run Behavior\ContentReplaceBehavior [ RunTime:0.000000s ]
INFO: [ template_filter ] --END-- [ RunTime:0.000000s ]
INFO: Run Behavior\ParseTemplateBehavior [ RunTime:0.008000s ]
INFO: [ view_parse ] --END-- [ RunTime:0.008000s ]
INFO: [ view_filter ] --START--
INFO: Run Behavior\WriteHtmlCacheBehavior [ RunTime:0.000000s ]
INFO: [ view_filter ] --END-- [ RunTime:0.000000s ]
INFO: [ app_end ] --START--
INFO: Run Behavior\ShowPageTraceBehavior [ RunTime:0.000000s ]
INFO: [ app_end ] --END-- [ RunTime:0.000000s ]

[ 2018-08-15T18:48:56+08:00 ] 127.0.0.1 /User/config.html
INFO: [ app_init ] --START--
INFO: Run Behavior\BuildLiteBehavior [ RunTime:0.000000s ]
INFO: [ app_init ] --END-- [ RunTime:0.003000s ]
INFO: [ app_begin ] --START--
INFO: Run Behavior\ReadHtmlCacheBehavior [ RunTime:0.001000s ]
INFO: Run Behavior\CheckLangBehavior [ RunTime:0.001000s ]
INFO: [ app_begin ] --END-- [ RunTime:0.002000s ]
NOTIC: [2048] Declaration of Home\Controller\UserController::show() should be compatible with Think\Controller::show($content, $charset = '', $contentType = '', $prefix = '') D:\www\youzuan\Application\Home\Controller\UserController.class.php 第 6 行.
SQL: SHOW COLUMNS FROM `btchanges_user` [ RunTime:0.0080s ]
SQL: SELECT * FROM `btchanges_user` WHERE ( id = 101632 ) LIMIT 1   [ RunTime:0.0000s ]
SQL: SHOW COLUMNS FROM `btchanges_user_coin` [ RunTime:0.0080s ]
SQL: SELECT * FROM `btchanges_user_coin` WHERE `userid` = 101632 LIMIT 1   [ RunTime:0.0000s ]
SQL: SHOW COLUMNS FROM `btchanges_user` [ RunTime:0.0100s ]
SQL: SELECT * FROM `btchanges_user` WHERE `id` = 101632 LIMIT 1   [ RunTime:0.0000s ]
SQL: SHOW COLUMNS FROM `btchanges_config` [ RunTime:0.0090s ]
SQL: SELECT * FROM `btchanges_config` WHERE `id` = 1 LIMIT 1   [ RunTime:0.0010s ]
NOTIC: [8] Undefined index: btchanges D:\www\youzuan\Application\Home\Controller\HomeController.class.php 第 61 行.
SQL: SHOW COLUMNS FROM `btchanges_coin` [ RunTime:0.0100s ]
SQL: SELECT * FROM `btchanges_coin` WHERE `status` = 1  [ RunTime:0.0000s ]
SQL: SHOW COLUMNS FROM `btchanges_market` [ RunTime:0.0090s ]
SQL: SELECT * FROM `btchanges_market` WHERE `status` = 1  [ RunTime:0.0000s ]
SQL: SHOW COLUMNS FROM `btchanges_article_type` [ RunTime:0.0090s ]
SQL: SELECT * FROM `btchanges_article_type` WHERE `status` = 1 AND `footer` = 1 AND `shang` = '' ORDER BY sort asc ,id desc LIMIT 3   [ RunTime:0.0000s ]
NOTIC: [2] unlink(./Runtime/Temp/8d5c52105dc3ee42a6160b72e33b074b.php): No such file or directory D:\www\youzuan\ThinkPHP\Library\Think\Cache\Driver\File.class.php 第 313 行.
INFO: [ view_parse ] --START--
INFO: [ template_filter ] --START--
INFO: Run Behavior\ContentReplaceBehavior [ RunTime:0.000000s ]
INFO: [ template_filter ] --END-- [ RunTime:0.000000s ]
INFO: Run Behavior\ParseTemplateBehavior [ RunTime:0.015001s ]
INFO: [ view_parse ] --END-- [ RunTime:0.015001s ]
INFO: [ view_filter ] --START--
INFO: Run Behavior\WriteHtmlCacheBehavior [ RunTime:0.001000s ]
INFO: [ view_filter ] --END-- [ RunTime:0.001000s ]
INFO: [ app_end ] --START--
INFO: Run Behavior\ShowPageTraceBehavior [ RunTime:0.001000s ]
INFO: [ app_end ] --END-- [ RunTime:0.001000s ]

[ 2018-08-15T18:49:13+08:00 ] 127.0.0.1 /User/payment.html
INFO: [ app_init ] --START--
INFO: Run Behavior\BuildLiteBehavior [ RunTime:0.000000s ]
INFO: [ app_init ] --END-- [ RunTime:0.002001s ]
INFO: [ app_begin ] --START--
INFO: Run Behavior\ReadHtmlCacheBehavior [ RunTime:0.001000s ]
INFO: Run Behavior\CheckLangBehavior [ RunTime:0.001000s ]
INFO: [ app_begin ] --END-- [ RunTime:0.002000s ]
NOTIC: [2048] Declaration of Home\Controller\UserController::show() should be compatible with Think\Controller::show($content, $charset = '', $contentType = '', $prefix = '') D:\www\youzuan\Application\Home\Controller\UserController.class.php 第 6 行.
SQL: SHOW COLUMNS FROM `btchanges_user` [ RunTime:0.0080s ]
SQL: SELECT * FROM `btchanges_user` WHERE ( id = 101632 ) LIMIT 1   [ RunTime:0.0000s ]
SQL: SHOW COLUMNS FROM `btchanges_user_coin` [ RunTime:0.0080s ]
SQL: SELECT * FROM `btchanges_user_coin` WHERE `userid` = 101632 LIMIT 1   [ RunTime:0.0010s ]
SQL: SHOW COLUMNS FROM `btchanges_user` [ RunTime:0.0090s ]
SQL: SELECT * FROM `btchanges_user` WHERE `id` = 101632 LIMIT 1   [ RunTime:0.0000s ]
SQL: SHOW COLUMNS FROM `btchanges_config` [ RunTime:0.0090s ]
SQL: SELECT * FROM `btchanges_config` WHERE `id` = 1 LIMIT 1   [ RunTime:0.0010s ]
NOTIC: [8] Undefined index: btchanges D:\www\youzuan\Application\Home\Controller\HomeController.class.php 第 61 行.
SQL: SHOW COLUMNS FROM `btchanges_coin` [ RunTime:0.0090s ]
SQL: SELECT * FROM `btchanges_coin` WHERE `status` = 1  [ RunTime:0.0010s ]
SQL: SHOW COLUMNS FROM `btchanges_market` [ RunTime:0.0090s ]
SQL: SELECT * FROM `btchanges_market` WHERE `status` = 1  [ RunTime:0.0010s ]
SQL: SHOW COLUMNS FROM `btchanges_article_type` [ RunTime:0.0080s ]
SQL: SELECT * FROM `btchanges_article_type` WHERE `status` = 1 AND `footer` = 1 AND `shang` = '' ORDER BY sort asc ,id desc LIMIT 3   [ RunTime:0.0000s ]
NOTIC: [2] unlink(./Runtime/Temp/8d5c52105dc3ee42a6160b72e33b074b.php): No such file or directory D:\www\youzuan\ThinkPHP\Library\Think\Cache\Driver\File.class.php 第 313 行.
INFO: [ view_parse ] --START--
INFO: [ template_filter ] --START--
INFO: Run Behavior\ContentReplaceBehavior [ RunTime:0.000000s ]
INFO: [ template_filter ] --END-- [ RunTime:0.000000s ]
INFO: Run Behavior\ParseTemplateBehavior [ RunTime:0.006000s ]
INFO: [ view_parse ] --END-- [ RunTime:0.006000s ]
INFO: [ view_filter ] --START--
INFO: Run Behavior\WriteHtmlCacheBehavior [ RunTime:0.000000s ]
INFO: [ view_filter ] --END-- [ RunTime:0.001000s ]
INFO: [ app_end ] --START--
INFO: Run Behavior\ShowPageTraceBehavior [ RunTime:0.000000s ]
INFO: [ app_end ] --END-- [ RunTime:0.000000s ]

[ 2018-08-15T18:49:17+08:00 ] 127.0.0.1 /User/bank.html
INFO: [ app_init ] --START--
INFO: Run Behavior\BuildLiteBehavior [ RunTime:0.000000s ]
INFO: [ app_init ] --END-- [ RunTime:0.002000s ]
INFO: [ app_begin ] --START--
INFO: Run Behavior\ReadHtmlCacheBehavior [ RunTime:0.001000s ]
INFO: Run Behavior\CheckLangBehavior [ RunTime:0.000000s ]
INFO: [ app_begin ] --END-- [ RunTime:0.002000s ]
NOTIC: [2048] Declaration of Home\Controller\UserController::show() should be compatible with Think\Controller::show($content, $charset = '', $contentType = '', $prefix = '') D:\www\youzuan\Application\Home\Controller\UserController.class.php 第 6 行.
SQL: SHOW COLUMNS FROM `btchanges_user` [ RunTime:0.0080s ]
SQL: SELECT * FROM `btchanges_user` WHERE ( id = 101632 ) LIMIT 1   [ RunTime:0.0010s ]
SQL: SHOW COLUMNS FROM `btchanges_user_coin` [ RunTime:0.0080s ]
SQL: SELECT * FROM `btchanges_user_coin` WHERE `userid` = 101632 LIMIT 1   [ RunTime:0.0010s ]
SQL: SHOW COLUMNS FROM `btchanges_user` [ RunTime:0.0070s ]
SQL: SELECT * FROM `btchanges_user` WHERE `id` = 101632 LIMIT 1   [ RunTime:0.0000s ]
SQL: SHOW COLUMNS FROM `btchanges_config` [ RunTime:0.0100s ]
SQL: SELECT * FROM `btchanges_config` WHERE `id` = 1 LIMIT 1   [ RunTime:0.0010s ]
NOTIC: [8] Undefined index: btchanges D:\www\youzuan\Application\Home\Controller\HomeController.class.php 第 61 行.
SQL: SHOW COLUMNS FROM `btchanges_coin` [ RunTime:0.0090s ]
SQL: SELECT * FROM `btchanges_coin` WHERE `status` = 1  [ RunTime:0.0000s ]
SQL: SHOW COLUMNS FROM `btchanges_market` [ RunTime:0.0080s ]
SQL: SELECT * FROM `btchanges_market` WHERE `status` = 1  [ RunTime:0.0000s ]
SQL: SHOW COLUMNS FROM `btchanges_article_type` [ RunTime:0.0090s ]
SQL: SELECT * FROM `btchanges_article_type` WHERE `status` = 1 AND `footer` = 1 AND `shang` = '' ORDER BY sort asc ,id desc LIMIT 3   [ RunTime:0.0000s ]
NOTIC: [2] unlink(./Runtime/Temp/8d5c52105dc3ee42a6160b72e33b074b.php): No such file or directory D:\www\youzuan\ThinkPHP\Library\Think\Cache\Driver\File.class.php 第 313 行.
SQL: SHOW COLUMNS FROM `btchanges_user_bank_type` [ RunTime:0.0430s ]
SQL: SELECT * FROM `btchanges_user_bank_type` WHERE `status` = 1 ORDER BY id desc  [ RunTime:0.0000s ]
SQL: SELECT `truename` FROM `btchanges_user` WHERE `id` = 101632 LIMIT 1   [ RunTime:0.0000s ]
SQL: SHOW COLUMNS FROM `btchanges_user_bank` [ RunTime:0.0140s ]
SQL: SELECT * FROM `btchanges_user_bank` WHERE `userid` = 101632 AND `type` = 'bank' ORDER BY id desc LIMIT 1   [ RunTime:0.0000s ]
SQL: SELECT * FROM `btchanges_text` WHERE `name` = 'user_bank' LIMIT 1   [ RunTime:0.0010s ]
SQL: SELECT `content` FROM `btchanges_text` WHERE `name` = 'user_bank' AND `status` = 1 LIMIT 1   [ RunTime:0.0000s ]
INFO: [ view_parse ] --START--
INFO: [ template_filter ] --START--
INFO: Run Behavior\ContentReplaceBehavior [ RunTime:0.000000s ]
INFO: [ template_filter ] --END-- [ RunTime:0.000000s ]
INFO: Run Behavior\ParseTemplateBehavior [ RunTime:0.006001s ]
INFO: [ view_parse ] --END-- [ RunTime:0.006001s ]
INFO: [ view_filter ] --START--
INFO: Run Behavior\WriteHtmlCacheBehavior [ RunTime:0.001000s ]
INFO: [ view_filter ] --END-- [ RunTime:0.001000s ]
INFO: [ app_end ] --START--
INFO: Run Behavior\ShowPageTraceBehavior [ RunTime:0.000000s ]
INFO: [ app_end ] --END-- [ RunTime:0.001000s ]

[ 2018-08-15T18:49:30+08:00 ] 127.0.0.1 /User/upbank.html
INFO: [ app_init ] --START--
INFO: Run Behavior\BuildLiteBehavior [ RunTime:0.000000s ]
INFO: [ app_init ] --END-- [ RunTime:0.002000s ]
INFO: [ app_begin ] --START--
INFO: Run Behavior\ReadHtmlCacheBehavior [ RunTime:0.001000s ]
INFO: Run Behavior\CheckLangBehavior [ RunTime:0.001001s ]
INFO: [ app_begin ] --END-- [ RunTime:0.002001s ]
NOTIC: [2048] Declaration of Home\Controller\UserController::show() should be compatible with Think\Controller::show($content, $charset = '', $contentType = '', $prefix = '') D:\www\youzuan\Application\Home\Controller\UserController.class.php 第 6 行.
SQL: SHOW COLUMNS FROM `btchanges_user` [ RunTime:0.0080s ]
SQL: SELECT * FROM `btchanges_user` WHERE ( id = 101632 ) LIMIT 1   [ RunTime:0.0010s ]
SQL: SHOW COLUMNS FROM `btchanges_user_coin` [ RunTime:0.0080s ]
SQL: SELECT * FROM `btchanges_user_coin` WHERE `userid` = 101632 LIMIT 1   [ RunTime:0.0000s ]
SQL: SHOW COLUMNS FROM `btchanges_user` [ RunTime:0.0080s ]
SQL: SELECT * FROM `btchanges_user` WHERE `id` = 101632 LIMIT 1   [ RunTime:0.0010s ]
SQL: SHOW COLUMNS FROM `btchanges_config` [ RunTime:0.0080s ]
SQL: SELECT * FROM `btchanges_config` WHERE `id` = 1 LIMIT 1   [ RunTime:0.0010s ]
NOTIC: [8] Undefined index: btchanges D:\www\youzuan\Application\Home\Controller\HomeController.class.php 第 61 行.
SQL: SHOW COLUMNS FROM `btchanges_coin` [ RunTime:0.0090s ]
SQL: SELECT * FROM `btchanges_coin` WHERE `status` = 1  [ RunTime:0.0000s ]
SQL: SHOW COLUMNS FROM `btchanges_market` [ RunTime:0.0080s ]
SQL: SELECT * FROM `btchanges_market` WHERE `status` = 1  [ RunTime:0.0000s ]
SQL: SHOW COLUMNS FROM `btchanges_article_type` [ RunTime:0.0080s ]
SQL: SELECT * FROM `btchanges_article_type` WHERE `status` = 1 AND `footer` = 1 AND `shang` = '' ORDER BY sort asc ,id desc LIMIT 3   [ RunTime:0.0000s ]
NOTIC: [2] unlink(./Runtime/Temp/8d5c52105dc3ee42a6160b72e33b074b.php): No such file or directory D:\www\youzuan\ThinkPHP\Library\Think\Cache\Driver\File.class.php 第 313 行.
SQL: SHOW COLUMNS FROM `btchanges_user_bank` [ RunTime:0.0080s ]
SQL: SELECT COUNT(*) AS tp_count FROM `btchanges_user_bank` WHERE `userid` = 101632 AND `type` = 'bank' LIMIT 1   [ RunTime:0.0010s ]
SQL: SHOW COLUMNS FROM `btchanges_user_bank_type` [ RunTime:0.0080s ]
SQL: SELECT * FROM `btchanges_user_bank_type` WHERE `title` = '建设银行' LIMIT 1   [ RunTime:0.0000s ]
SQL: SELECT `paypassword` FROM `btchanges_user` WHERE `id` = 101632 LIMIT 1   [ RunTime:0.0000s ]
SQL: UPDATE `btchanges_user_bank` SET `userid`='101632',`type`='bank',`name`='宋1',`bank`='建设银行',`bankprov`='',`bankcity`='',`bankaddr`='崤山路支行',`bankcard`='123456',`addtime`='1534330170',`status`='1' WHERE `id` = 22 [ RunTime:0.0280s ]

[ 2018-08-15T18:49:31+08:00 ] 127.0.0.1 /User/bank.html
INFO: [ app_init ] --START--
INFO: Run Behavior\BuildLiteBehavior [ RunTime:0.000000s ]
INFO: [ app_init ] --END-- [ RunTime:0.002000s ]
INFO: [ app_begin ] --START--
INFO: Run Behavior\ReadHtmlCacheBehavior [ RunTime:0.001000s ]
INFO: Run Behavior\CheckLangBehavior [ RunTime:0.000000s ]
INFO: [ app_begin ] --END-- [ RunTime:0.001000s ]
NOTIC: [2048] Declaration of Home\Controller\UserController::show() should be compatible with Think\Controller::show($content, $charset = '', $contentType = '', $prefix = '') D:\www\youzuan\Application\Home\Controller\UserController.class.php 第 6 行.
SQL: SHOW COLUMNS FROM `btchanges_user` [ RunTime:0.0080s ]
SQL: SELECT * FROM `btchanges_user` WHERE ( id = 101632 ) LIMIT 1   [ RunTime:0.0010s ]
SQL: SHOW COLUMNS FROM `btchanges_user_coin` [ RunTime:0.0080s ]
SQL: SELECT * FROM `btchanges_user_coin` WHERE `userid` = 101632 LIMIT 1   [ RunTime:0.0000s ]
SQL: SHOW COLUMNS FROM `btchanges_user` [ RunTime:0.0080s ]
SQL: SELECT * FROM `btchanges_user` WHERE `id` = 101632 LIMIT 1   [ RunTime:0.0000s ]
SQL: SHOW COLUMNS FROM `btchanges_config` [ RunTime:0.0090s ]
SQL: SELECT * FROM `btchanges_config` WHERE `id` = 1 LIMIT 1   [ RunTime:0.0010s ]
NOTIC: [8] Undefined index: btchanges D:\www\youzuan\Application\Home\Controller\HomeController.class.php 第 61 行.
SQL: SHOW COLUMNS FROM `btchanges_coin` [ RunTime:0.0090s ]
SQL: SELECT * FROM `btchanges_coin` WHERE `status` = 1  [ RunTime:0.0010s ]
SQL: SHOW COLUMNS FROM `btchanges_market` [ RunTime:0.0090s ]
SQL: SELECT * FROM `btchanges_market` WHERE `status` = 1  [ RunTime:0.0000s ]
SQL: SHOW COLUMNS FROM `btchanges_article_type` [ RunTime:0.0080s ]
SQL: SELECT * FROM `btchanges_article_type` WHERE `status` = 1 AND `footer` = 1 AND `shang` = '' ORDER BY sort asc ,id desc LIMIT 3   [ RunTime:0.0000s ]
NOTIC: [2] unlink(./Runtime/Temp/8d5c52105dc3ee42a6160b72e33b074b.php): No such file or directory D:\www\youzuan\ThinkPHP\Library\Think\Cache\Driver\File.class.php 第 313 行.
SQL: SHOW COLUMNS FROM `btchanges_user_bank_type` [ RunTime:0.0090s ]
SQL: SELECT * FROM `btchanges_user_bank_type` WHERE `status` = 1 ORDER BY id desc  [ RunTime:0.0000s ]
SQL: SELECT `truename` FROM `btchanges_user` WHERE `id` = 101632 LIMIT 1   [ RunTime:0.0000s ]
SQL: SHOW COLUMNS FROM `btchanges_user_bank` [ RunTime:0.0080s ]
SQL: SELECT * FROM `btchanges_user_bank` WHERE `userid` = 101632 AND `type` = 'bank' ORDER BY id desc LIMIT 1   [ RunTime:0.0010s ]
SQL: SELECT * FROM `btchanges_text` WHERE `name` = 'user_bank' LIMIT 1   [ RunTime:0.0000s ]
SQL: SELECT `content` FROM `btchanges_text` WHERE `name` = 'user_bank' AND `status` = 1 LIMIT 1   [ RunTime:0.0000s ]
INFO: [ view_parse ] --START--
INFO: [ template_filter ] --START--
INFO: Run Behavior\ContentReplaceBehavior [ RunTime:0.000000s ]
INFO: [ template_filter ] --END-- [ RunTime:0.000000s ]
INFO: Run Behavior\ParseTemplateBehavior [ RunTime:0.006000s ]
INFO: [ view_parse ] --END-- [ RunTime:0.006000s ]
INFO: [ view_filter ] --START--
INFO: Run Behavior\WriteHtmlCacheBehavior [ RunTime:0.001000s ]
INFO: [ view_filter ] --END-- [ RunTime:0.001000s ]
INFO: [ app_end ] --START--
INFO: Run Behavior\ShowPageTraceBehavior [ RunTime:0.000000s ]
INFO: [ app_end ] --END-- [ RunTime:0.000000s ]

[ 2018-08-15T18:49:59+08:00 ] 127.0.0.1 /
INFO: [ app_init ] --START--
INFO: Run Behavior\BuildLiteBehavior [ RunTime:0.000000s ]
INFO: [ app_init ] --END-- [ RunTime:0.002000s ]
INFO: [ app_begin ] --START--
INFO: Run Behavior\ReadHtmlCacheBehavior [ RunTime:0.000000s ]
INFO: Run Behavior\CheckLangBehavior [ RunTime:0.000000s ]
INFO: [ app_begin ] --END-- [ RunTime:0.001000s ]
SQL: SHOW COLUMNS FROM `btchanges_config` [ RunTime:0.0090s ]
SQL: SELECT * FROM `btchanges_config` WHERE `id` = 1 LIMIT 1   [ RunTime:0.0010s ]
NOTIC: [8] Undefined index: btchanges D:\www\youzuan\Application\Home\Controller\HomeController.class.php 第 61 行.
SQL: SHOW COLUMNS FROM `btchanges_coin` [ RunTime:0.0090s ]
SQL: SELECT * FROM `btchanges_coin` WHERE `status` = 1  [ RunTime:0.0010s ]
SQL: SHOW COLUMNS FROM `btchanges_market` [ RunTime:0.0090s ]
SQL: SELECT * FROM `btchanges_market` WHERE `status` = 1  [ RunTime:0.0000s ]
SQL: SHOW COLUMNS FROM `btchanges_article_type` [ RunTime:0.0080s ]
SQL: SELECT * FROM `btchanges_article_type` WHERE `status` = 1 AND `footer` = 1 AND `shang` = '' ORDER BY sort asc ,id desc LIMIT 3   [ RunTime:0.0000s ]
NOTIC: [2] unlink(./Runtime/Temp/8d5c52105dc3ee42a6160b72e33b074b.php): No such file or directory D:\www\youzuan\ThinkPHP\Library\Think\Cache\Driver\File.class.php 第 313 行.

[ 2018-08-15T18:50:00+08:00 ] 127.0.0.1 /index/start
INFO: [ app_init ] --START--
INFO: Run Behavior\BuildLiteBehavior [ RunTime:0.000000s ]
INFO: [ app_init ] --END-- [ RunTime:0.002000s ]
INFO: [ app_begin ] --START--
INFO: Run Behavior\ReadHtmlCacheBehavior [ RunTime:0.001000s ]
INFO: Run Behavior\CheckLangBehavior [ RunTime:0.000000s ]
INFO: [ app_begin ] --END-- [ RunTime:0.001000s ]
SQL: SHOW COLUMNS FROM `btchanges_config` [ RunTime:0.0100s ]
SQL: SELECT * FROM `btchanges_config` WHERE `id` = 1 LIMIT 1   [ RunTime:0.0010s ]
NOTIC: [8] Undefined index: btchanges D:\www\youzuan\Application\Home\Controller\HomeController.class.php 第 61 行.
SQL: SHOW COLUMNS FROM `btchanges_coin` [ RunTime:0.0090s ]
SQL: SELECT * FROM `btchanges_coin` WHERE `status` = 1  [ RunTime:0.0000s ]
SQL: SHOW COLUMNS FROM `btchanges_market` [ RunTime:0.0080s ]
SQL: SELECT * FROM `btchanges_market` WHERE `status` = 1  [ RunTime:0.0010s ]
SQL: SHOW COLUMNS FROM `btchanges_article_type` [ RunTime:0.0080s ]
SQL: SELECT * FROM `btchanges_article_type` WHERE `status` = 1 AND `footer` = 1 AND `shang` = '' ORDER BY sort asc ,id desc LIMIT 3   [ RunTime:0.0000s ]
NOTIC: [2] unlink(./Runtime/Temp/8d5c52105dc3ee42a6160b72e33b074b.php): No such file or directory D:\www\youzuan\ThinkPHP\Library\Think\Cache\Driver\File.class.php 第 313 行.
INFO: [ view_parse ] --START--
INFO: [ template_filter ] --START--
INFO: Run Behavior\ContentReplaceBehavior [ RunTime:0.000000s ]
INFO: [ template_filter ] --END-- [ RunTime:0.000000s ]
INFO: Run Behavior\ParseTemplateBehavior [ RunTime:0.006000s ]
INFO: [ view_parse ] --END-- [ RunTime:0.006000s ]
INFO: [ view_filter ] --START--
INFO: Run Behavior\WriteHtmlCacheBehavior [ RunTime:0.000000s ]
INFO: [ view_filter ] --END-- [ RunTime:0.000000s ]
INFO: [ app_end ] --START--
INFO: Run Behavior\ShowPageTraceBehavior [ RunTime:0.001000s ]
INFO: [ app_end ] --END-- [ RunTime:0.001000s ]

[ 2018-08-15T18:50:22+08:00 ] 127.0.0.1 /User/upbank.html
INFO: [ app_init ] --START--
INFO: Run Behavior\BuildLiteBehavior [ RunTime:0.000000s ]
INFO: [ app_init ] --END-- [ RunTime:0.002000s ]
INFO: [ app_begin ] --START--
INFO: Run Behavior\ReadHtmlCacheBehavior [ RunTime:0.001000s ]
INFO: Run Behavior\CheckLangBehavior [ RunTime:0.001000s ]
INFO: [ app_begin ] --END-- [ RunTime:0.002000s ]
NOTIC: [2048] Declaration of Home\Controller\UserController::show() should be compatible with Think\Controller::show($content, $charset = '', $contentType = '', $prefix = '') D:\www\youzuan\Application\Home\Controller\UserController.class.php 第 6 行.
SQL: SHOW COLUMNS FROM `btchanges_user` [ RunTime:0.0080s ]
SQL: SELECT * FROM `btchanges_user` WHERE ( id = 101632 ) LIMIT 1   [ RunTime:0.0000s ]
SQL: SHOW COLUMNS FROM `btchanges_user_coin` [ RunTime:0.0080s ]
SQL: SELECT * FROM `btchanges_user_coin` WHERE `userid` = 101632 LIMIT 1   [ RunTime:0.0010s ]
SQL: SHOW COLUMNS FROM `btchanges_user` [ RunTime:0.0080s ]
SQL: SELECT * FROM `btchanges_user` WHERE `id` = 101632 LIMIT 1   [ RunTime:0.0010s ]
SQL: SHOW COLUMNS FROM `btchanges_config` [ RunTime:0.0090s ]
SQL: SELECT * FROM `btchanges_config` WHERE `id` = 1 LIMIT 1   [ RunTime:0.0010s ]
NOTIC: [8] Undefined index: btchanges D:\www\youzuan\Application\Home\Controller\HomeController.class.php 第 61 行.
SQL: SHOW COLUMNS FROM `btchanges_coin` [ RunTime:0.0080s ]
SQL: SELECT * FROM `btchanges_coin` WHERE `status` = 1  [ RunTime:0.0010s ]
SQL: SHOW COLUMNS FROM `btchanges_market` [ RunTime:0.0080s ]
SQL: SELECT * FROM `btchanges_market` WHERE `status` = 1  [ RunTime:0.0000s ]
SQL: SHOW COLUMNS FROM `btchanges_article_type` [ RunTime:0.0080s ]
SQL: SELECT * FROM `btchanges_article_type` WHERE `status` = 1 AND `footer` = 1 AND `shang` = '' ORDER BY sort asc ,id desc LIMIT 3   [ RunTime:0.0000s ]
NOTIC: [2] unlink(./Runtime/Temp/8d5c52105dc3ee42a6160b72e33b074b.php): No such file or directory D:\www\youzuan\ThinkPHP\Library\Think\Cache\Driver\File.class.php 第 313 行.
SQL: SHOW COLUMNS FROM `btchanges_user_bank` [ RunTime:0.0080s ]
SQL: SELECT COUNT(*) AS tp_count FROM `btchanges_user_bank` WHERE `userid` = 101632 AND `type` = 'bank' LIMIT 1   [ RunTime:0.0000s ]
SQL: SHOW COLUMNS FROM `btchanges_user_bank_type` [ RunTime:0.0080s ]
SQL: SELECT * FROM `btchanges_user_bank_type` WHERE `title` = '建设银行' LIMIT 1   [ RunTime:0.0000s ]
SQL: SELECT `paypassword` FROM `btchanges_user` WHERE `id` = 101632 LIMIT 1   [ RunTime:0.0000s ]
SQL: UPDATE `btchanges_user_bank` SET `userid`='101632',`type`='bank',`name`='宋',`bank`='建设银行',`bankprov`='',`bankcity`='',`bankaddr`='崤山路支行',`bankcard`='123456',`addtime`='1534330222',`status`='1' WHERE `id` = 22 [ RunTime:0.0450s ]

[ 2018-08-15T18:50:23+08:00 ] 127.0.0.1 /User/bank.html
INFO: [ app_init ] --START--
INFO: Run Behavior\BuildLiteBehavior [ RunTime:0.000000s ]
INFO: [ app_init ] --END-- [ RunTime:0.002000s ]
INFO: [ app_begin ] --START--
INFO: Run Behavior\ReadHtmlCacheBehavior [ RunTime:0.001000s ]
INFO: Run Behavior\CheckLangBehavior [ RunTime:0.001001s ]
INFO: [ app_begin ] --END-- [ RunTime:0.002001s ]
NOTIC: [2048] Declaration of Home\Controller\UserController::show() should be compatible with Think\Controller::show($content, $charset = '', $contentType = '', $prefix = '') D:\www\youzuan\Application\Home\Controller\UserController.class.php 第 6 行.
SQL: SHOW COLUMNS FROM `btchanges_user` [ RunTime:0.0090s ]
SQL: SELECT * FROM `btchanges_user` WHERE ( id = 101632 ) LIMIT 1   [ RunTime:0.0000s ]
SQL: SHOW COLUMNS FROM `btchanges_user_coin` [ RunTime:0.0090s ]
SQL: SELECT * FROM `btchanges_user_coin` WHERE `userid` = 101632 LIMIT 1   [ RunTime:0.0000s ]
SQL: SHOW COLUMNS FROM `btchanges_user` [ RunTime:0.0090s ]
SQL: SELECT * FROM `btchanges_user` WHERE `id` = 101632 LIMIT 1   [ RunTime:0.0000s ]
SQL: SHOW COLUMNS FROM `btchanges_config` [ RunTime:0.0100s ]
SQL: SELECT * FROM `btchanges_config` WHERE `id` = 1 LIMIT 1   [ RunTime:0.0010s ]
NOTIC: [8] Undefined index: btchanges D:\www\youzuan\Application\Home\Controller\HomeController.class.php 第 61 行.
SQL: SHOW COLUMNS FROM `btchanges_coin` [ RunTime:0.0100s ]
SQL: SELECT * FROM `btchanges_coin` WHERE `status` = 1  [ RunTime:0.0000s ]
SQL: SHOW COLUMNS FROM `btchanges_market` [ RunTime:0.0080s ]
SQL: SELECT * FROM `btchanges_market` WHERE `status` = 1  [ RunTime:0.0000s ]
SQL: SHOW COLUMNS FROM `btchanges_article_type` [ RunTime:0.0090s ]
SQL: SELECT * FROM `btchanges_article_type` WHERE `status` = 1 AND `footer` = 1 AND `shang` = '' ORDER BY sort asc ,id desc LIMIT 3   [ RunTime:0.0000s ]
NOTIC: [2] unlink(./Runtime/Temp/8d5c52105dc3ee42a6160b72e33b074b.php): No such file or directory D:\www\youzuan\ThinkPHP\Library\Think\Cache\Driver\File.class.php 第 313 行.
SQL: SHOW COLUMNS FROM `btchanges_user_bank_type` [ RunTime:0.0090s ]
SQL: SELECT * FROM `btchanges_user_bank_type` WHERE `status` = 1 ORDER BY id desc  [ RunTime:0.0000s ]
SQL: SELECT `truename` FROM `btchanges_user` WHERE `id` = 101632 LIMIT 1   [ RunTime:0.0000s ]
SQL: SHOW COLUMNS FROM `btchanges_user_bank` [ RunTime:0.0080s ]
SQL: SELECT * FROM `btchanges_user_bank` WHERE `userid` = 101632 AND `type` = 'bank' ORDER BY id desc LIMIT 1   [ RunTime:0.0010s ]
SQL: SELECT * FROM `btchanges_text` WHERE `name` = 'user_bank' LIMIT 1   [ RunTime:0.0000s ]
SQL: SELECT `content` FROM `btchanges_text` WHERE `name` = 'user_bank' AND `status` = 1 LIMIT 1   [ RunTime:0.0010s ]
INFO: [ view_parse ] --START--
INFO: [ template_filter ] --START--
INFO: Run Behavior\ContentReplaceBehavior [ RunTime:0.000000s ]
INFO: [ template_filter ] --END-- [ RunTime:0.000000s ]
INFO: Run Behavior\ParseTemplateBehavior [ RunTime:0.007001s ]
INFO: [ view_parse ] --END-- [ RunTime:0.007001s ]
INFO: [ view_filter ] --START--
INFO: Run Behavior\WriteHtmlCacheBehavior [ RunTime:0.001000s ]
INFO: [ view_filter ] --END-- [ RunTime:0.001000s ]
INFO: [ app_end ] --START--
INFO: Run Behavior\ShowPageTraceBehavior [ RunTime:0.001000s ]
INFO: [ app_end ] --END-- [ RunTime:0.001000s ]

[ 2018-08-15T18:50:40+08:00 ] 127.0.0.1 /User/upbank.html
INFO: [ app_init ] --START--
INFO: Run Behavior\BuildLiteBehavior [ RunTime:0.000000s ]
INFO: [ app_init ] --END-- [ RunTime:0.002000s ]
INFO: [ app_begin ] --START--
INFO: Run Behavior\ReadHtmlCacheBehavior [ RunTime:0.001000s ]
INFO: Run Behavior\CheckLangBehavior [ RunTime:0.001000s ]
INFO: [ app_begin ] --END-- [ RunTime:0.002000s ]
NOTIC: [2048] Declaration of Home\Controller\UserController::show() should be compatible with Think\Controller::show($content, $charset = '', $contentType = '', $prefix = '') D:\www\youzuan\Application\Home\Controller\UserController.class.php 第 6 行.
SQL: SHOW COLUMNS FROM `btchanges_user` [ RunTime:0.0080s ]
SQL: SELECT * FROM `btchanges_user` WHERE ( id = 101632 ) LIMIT 1   [ RunTime:0.0000s ]
SQL: SHOW COLUMNS FROM `btchanges_user_coin` [ RunTime:0.0080s ]
SQL: SELECT * FROM `btchanges_user_coin` WHERE `userid` = 101632 LIMIT 1   [ RunTime:0.0010s ]
SQL: SHOW COLUMNS FROM `btchanges_user` [ RunTime:0.0080s ]
SQL: SELECT * FROM `btchanges_user` WHERE `id` = 101632 LIMIT 1   [ RunTime:0.0000s ]
SQL: SHOW COLUMNS FROM `btchanges_config` [ RunTime:0.0090s ]
SQL: SELECT * FROM `btchanges_config` WHERE `id` = 1 LIMIT 1   [ RunTime:0.0000s ]
NOTIC: [8] Undefined index: btchanges D:\www\youzuan\Application\Home\Controller\HomeController.class.php 第 61 行.
SQL: SHOW COLUMNS FROM `btchanges_coin` [ RunTime:0.0100s ]
SQL: SELECT * FROM `btchanges_coin` WHERE `status` = 1  [ RunTime:0.0010s ]
SQL: SHOW COLUMNS FROM `btchanges_market` [ RunTime:0.0090s ]
SQL: SELECT * FROM `btchanges_market` WHERE `status` = 1  [ RunTime:0.0000s ]
SQL: SHOW COLUMNS FROM `btchanges_article_type` [ RunTime:0.0080s ]
SQL: SELECT * FROM `btchanges_article_type` WHERE `status` = 1 AND `footer` = 1 AND `shang` = '' ORDER BY sort asc ,id desc LIMIT 3   [ RunTime:0.0010s ]
NOTIC: [2] unlink(./Runtime/Temp/8d5c52105dc3ee42a6160b72e33b074b.php): No such file or directory D:\www\youzuan\ThinkPHP\Library\Think\Cache\Driver\File.class.php 第 313 行.
SQL: SHOW COLUMNS FROM `btchanges_user_bank` [ RunTime:0.0080s ]
SQL: SELECT COUNT(*) AS tp_count FROM `btchanges_user_bank` WHERE `userid` = 101632 AND `type` = 'bank' LIMIT 1   [ RunTime:0.0000s ]
SQL: SHOW COLUMNS FROM `btchanges_user_bank_type` [ RunTime:0.0080s ]
SQL: SELECT * FROM `btchanges_user_bank_type` WHERE `title` = '建设银行' LIMIT 1   [ RunTime:0.0000s ]
SQL: SELECT `paypassword` FROM `btchanges_user` WHERE `id` = 101632 LIMIT 1   [ RunTime:0.0000s ]
SQL: UPDATE `btchanges_user_bank` SET `userid`='101632',`type`='bank',`name`='宋',`bank`='建设银行',`bankprov`='',`bankcity`='',`bankaddr`='崤山路支行',`bankcard`='123456',`addtime`='1534330240',`status`='1' WHERE `id` = 22 [ RunTime:0.0480s ]

[ 2018-08-15T18:50:41+08:00 ] 127.0.0.1 /User/bank.html
INFO: [ app_init ] --START--
INFO: Run Behavior\BuildLiteBehavior [ RunTime:0.000000s ]
INFO: [ app_init ] --END-- [ RunTime:0.002000s ]
INFO: [ app_begin ] --START--
INFO: Run Behavior\ReadHtmlCacheBehavior [ RunTime:0.001000s ]
INFO: Run Behavior\CheckLangBehavior [ RunTime:0.001000s ]
INFO: [ app_begin ] --END-- [ RunTime:0.002000s ]
NOTIC: [2048] Declaration of Home\Controller\UserController::show() should be compatible with Think\Controller::show($content, $charset = '', $contentType = '', $prefix = '') D:\www\youzuan\Application\Home\Controller\UserController.class.php 第 6 行.
SQL: SHOW COLUMNS FROM `btchanges_user` [ RunTime:0.0090s ]
SQL: SELECT * FROM `btchanges_user` WHERE ( id = 101632 ) LIMIT 1   [ RunTime:0.0010s ]
SQL: SHOW COLUMNS FROM `btchanges_user_coin` [ RunTime:0.0080s ]
SQL: SELECT * FROM `btchanges_user_coin` WHERE `userid` = 101632 LIMIT 1   [ RunTime:0.0000s ]
SQL: SHOW COLUMNS FROM `btchanges_user` [ RunTime:0.0080s ]
SQL: SELECT * FROM `btchanges_user` WHERE `id` = 101632 LIMIT 1   [ RunTime:0.0000s ]
SQL: SHOW COLUMNS FROM `btchanges_config` [ RunTime:0.0090s ]
SQL: SELECT * FROM `btchanges_config` WHERE `id` = 1 LIMIT 1   [ RunTime:0.0010s ]
NOTIC: [8] Undefined index: btchanges D:\www\youzuan\Application\Home\Controller\HomeController.class.php 第 61 行.
SQL: SHOW COLUMNS FROM `btchanges_coin` [ RunTime:0.0090s ]
SQL: SELECT * FROM `btchanges_coin` WHERE `status` = 1  [ RunTime:0.0000s ]
SQL: SHOW COLUMNS FROM `btchanges_market` [ RunTime:0.0080s ]
SQL: SELECT * FROM `btchanges_market` WHERE `status` = 1  [ RunTime:0.0010s ]
SQL: SHOW COLUMNS FROM `btchanges_article_type` [ RunTime:0.0080s ]
SQL: SELECT * FROM `btchanges_article_type` WHERE `status` = 1 AND `footer` = 1 AND `shang` = '' ORDER BY sort asc ,id desc LIMIT 3   [ RunTime:0.0010s ]
NOTIC: [2] unlink(./Runtime/Temp/8d5c52105dc3ee42a6160b72e33b074b.php): No such file or directory D:\www\youzuan\ThinkPHP\Library\Think\Cache\Driver\File.class.php 第 313 行.
SQL: SHOW COLUMNS FROM `btchanges_user_bank_type` [ RunTime:0.0090s ]
SQL: SELECT * FROM `btchanges_user_bank_type` WHERE `status` = 1 ORDER BY id desc  [ RunTime:0.0000s ]
SQL: SELECT `truename` FROM `btchanges_user` WHERE `id` = 101632 LIMIT 1   [ RunTime:0.0000s ]
SQL: SHOW COLUMNS FROM `btchanges_user_bank` [ RunTime:0.0080s ]
SQL: SELECT * FROM `btchanges_user_bank` WHERE `userid` = 101632 AND `type` = 'bank' ORDER BY id desc LIMIT 1   [ RunTime:0.0000s ]
SQL: SELECT * FROM `btchanges_text` WHERE `name` = 'user_bank' LIMIT 1   [ RunTime:0.0000s ]
SQL: SELECT `content` FROM `btchanges_text` WHERE `name` = 'user_bank' AND `status` = 1 LIMIT 1   [ RunTime:0.0000s ]
INFO: [ view_parse ] --START--
INFO: [ template_filter ] --START--
INFO: Run Behavior\ContentReplaceBehavior [ RunTime:0.000000s ]
INFO: [ template_filter ] --END-- [ RunTime:0.000000s ]
INFO: Run Behavior\ParseTemplateBehavior [ RunTime:0.007000s ]
INFO: [ view_parse ] --END-- [ RunTime:0.007000s ]
INFO: [ view_filter ] --START--
INFO: Run Behavior\WriteHtmlCacheBehavior [ RunTime:0.000000s ]
INFO: [ view_filter ] --END-- [ RunTime:0.001000s ]
INFO: [ app_end ] --START--
INFO: Run Behavior\ShowPageTraceBehavior [ RunTime:0.000000s ]
INFO: [ app_end ] --END-- [ RunTime:0.000000s ]

[ 2018-08-15T18:50:59+08:00 ] 127.0.0.1 /User/upbank.html
INFO: [ app_init ] --START--
INFO: Run Behavior\BuildLiteBehavior [ RunTime:0.000000s ]
INFO: [ app_init ] --END-- [ RunTime:0.002000s ]
INFO: [ app_begin ] --START--
INFO: Run Behavior\ReadHtmlCacheBehavior [ RunTime:0.001000s ]
INFO: Run Behavior\CheckLangBehavior [ RunTime:0.001000s ]
INFO: [ app_begin ] --END-- [ RunTime:0.002000s ]
NOTIC: [2048] Declaration of Home\Controller\UserController::show() should be compatible with Think\Controller::show($content, $charset = '', $contentType = '', $prefix = '') D:\www\youzuan\Application\Home\Controller\UserController.class.php 第 6 行.
SQL: SHOW COLUMNS FROM `btchanges_user` [ RunTime:0.0080s ]
SQL: SELECT * FROM `btchanges_user` WHERE ( id = 101632 ) LIMIT 1   [ RunTime:0.0000s ]
SQL: SHOW COLUMNS FROM `btchanges_user_coin` [ RunTime:0.0080s ]
SQL: SELECT * FROM `btchanges_user_coin` WHERE `userid` = 101632 LIMIT 1   [ RunTime:0.0000s ]
SQL: SHOW COLUMNS FROM `btchanges_user` [ RunTime:0.0090s ]
SQL: SELECT * FROM `btchanges_user` WHERE `id` = 101632 LIMIT 1   [ RunTime:0.0020s ]
SQL: SHOW COLUMNS FROM `btchanges_config` [ RunTime:0.0090s ]
SQL: SELECT * FROM `btchanges_config` WHERE `id` = 1 LIMIT 1   [ RunTime:0.0010s ]
NOTIC: [8] Undefined index: btchanges D:\www\youzuan\Application\Home\Controller\HomeController.class.php 第 61 行.
SQL: SHOW COLUMNS FROM `btchanges_coin` [ RunTime:0.0080s ]
SQL: SELECT * FROM `btchanges_coin` WHERE `status` = 1  [ RunTime:0.0000s ]
SQL: SHOW COLUMNS FROM `btchanges_market` [ RunTime:0.0080s ]
SQL: SELECT * FROM `btchanges_market` WHERE `status` = 1  [ RunTime:0.0000s ]
SQL: SHOW COLUMNS FROM `btchanges_article_type` [ RunTime:0.0050s ]
SQL: SELECT * FROM `btchanges_article_type` WHERE `status` = 1 AND `footer` = 1 AND `shang` = '' ORDER BY sort asc ,id desc LIMIT 3   [ RunTime:0.0000s ]
NOTIC: [2] unlink(./Runtime/Temp/8d5c52105dc3ee42a6160b72e33b074b.php): No such file or directory D:\www\youzuan\ThinkPHP\Library\Think\Cache\Driver\File.class.php 第 313 行.
SQL: SHOW COLUMNS FROM `btchanges_user_bank` [ RunTime:0.0070s ]
SQL: SELECT COUNT(*) AS tp_count FROM `btchanges_user_bank` WHERE `userid` = 101632 AND `type` = 'bank' LIMIT 1   [ RunTime:0.0000s ]
SQL: SHOW COLUMNS FROM `btchanges_user_bank_type` [ RunTime:0.0080s ]
SQL: SELECT * FROM `btchanges_user_bank_type` WHERE `title` = '建设银行' LIMIT 1   [ RunTime:0.0000s ]
SQL: SELECT `paypassword` FROM `btchanges_user` WHERE `id` = 101632 LIMIT 1   [ RunTime:0.0000s ]
SQL: UPDATE `btchanges_user_bank` SET `userid`='101632',`type`='bank',`name`='宋',`bank`='建设银行',`bankprov`='',`bankcity`='',`bankaddr`='崤山路支行',`bankcard`='123456',`addtime`='1534330259',`status`='1' WHERE `id` = 22 [ RunTime:0.0460s ]

[ 2018-08-15T18:51:01+08:00 ] 127.0.0.1 /User/bank.html
INFO: [ app_init ] --START--
INFO: Run Behavior\BuildLiteBehavior [ RunTime:0.000000s ]
INFO: [ app_init ] --END-- [ RunTime:0.002000s ]
INFO: [ app_begin ] --START--
INFO: Run Behavior\ReadHtmlCacheBehavior [ RunTime:0.001000s ]
INFO: Run Behavior\CheckLangBehavior [ RunTime:0.000000s ]
INFO: [ app_begin ] --END-- [ RunTime:0.002000s ]
NOTIC: [2048] Declaration of Home\Controller\UserController::show() should be compatible with Think\Controller::show($content, $charset = '', $contentType = '', $prefix = '') D:\www\youzuan\Application\Home\Controller\UserController.class.php 第 6 行.
SQL: SHOW COLUMNS FROM `btchanges_user` [ RunTime:0.0080s ]
SQL: SELECT * FROM `btchanges_user` WHERE ( id = 101632 ) LIMIT 1   [ RunTime:0.0000s ]
SQL: SHOW COLUMNS FROM `btchanges_user_coin` [ RunTime:0.0080s ]
SQL: SELECT * FROM `btchanges_user_coin` WHERE `userid` = 101632 LIMIT 1   [ RunTime:0.0010s ]
SQL: SHOW COLUMNS FROM `btchanges_user` [ RunTime:0.0090s ]
SQL: SELECT * FROM `btchanges_user` WHERE `id` = 101632 LIMIT 1   [ RunTime:0.0000s ]
SQL: SHOW COLUMNS FROM `btchanges_config` [ RunTime:0.0090s ]
SQL: SELECT * FROM `btchanges_config` WHERE `id` = 1 LIMIT 1   [ RunTime:0.0000s ]
NOTIC: [8] Undefined index: btchanges D:\www\youzuan\Application\Home\Controller\HomeController.class.php 第 61 行.
SQL: SHOW COLUMNS FROM `btchanges_coin` [ RunTime:0.0090s ]
SQL: SELECT * FROM `btchanges_coin` WHERE `status` = 1  [ RunTime:0.0010s ]
SQL: SHOW COLUMNS FROM `btchanges_market` [ RunTime:0.0090s ]
SQL: SELECT * FROM `btchanges_market` WHERE `status` = 1  [ RunTime:0.0010s ]
SQL: SHOW COLUMNS FROM `btchanges_article_type` [ RunTime:0.0080s ]
SQL: SELECT * FROM `btchanges_article_type` WHERE `status` = 1 AND `footer` = 1 AND `shang` = '' ORDER BY sort asc ,id desc LIMIT 3   [ RunTime:0.0010s ]
NOTIC: [2] unlink(./Runtime/Temp/8d5c52105dc3ee42a6160b72e33b074b.php): No such file or directory D:\www\youzuan\ThinkPHP\Library\Think\Cache\Driver\File.class.php 第 313 行.
SQL: SHOW COLUMNS FROM `btchanges_user_bank_type` [ RunTime:0.0080s ]
SQL: SELECT * FROM `btchanges_user_bank_type` WHERE `status` = 1 ORDER BY id desc  [ RunTime:0.0000s ]
SQL: SELECT `truename` FROM `btchanges_user` WHERE `id` = 101632 LIMIT 1   [ RunTime:0.0000s ]
SQL: SHOW COLUMNS FROM `btchanges_user_bank` [ RunTime:0.0090s ]
SQL: SELECT * FROM `btchanges_user_bank` WHERE `userid` = 101632 AND `type` = 'bank' ORDER BY id desc LIMIT 1   [ RunTime:0.0000s ]
SQL: SELECT * FROM `btchanges_text` WHERE `name` = 'user_bank' LIMIT 1   [ RunTime:0.0010s ]
SQL: SELECT `content` FROM `btchanges_text` WHERE `name` = 'user_bank' AND `status` = 1 LIMIT 1   [ RunTime:0.0000s ]
INFO: [ view_parse ] --START--
INFO: [ template_filter ] --START--
INFO: Run Behavior\ContentReplaceBehavior [ RunTime:0.000000s ]
INFO: [ template_filter ] --END-- [ RunTime:0.000000s ]
INFO: Run Behavior\ParseTemplateBehavior [ RunTime:0.007001s ]
INFO: [ view_parse ] --END-- [ RunTime:0.007001s ]
INFO: [ view_filter ] --START--
INFO: Run Behavior\WriteHtmlCacheBehavior [ RunTime:0.000000s ]
INFO: [ view_filter ] --END-- [ RunTime:0.000000s ]
INFO: [ app_end ] --START--
INFO: Run Behavior\ShowPageTraceBehavior [ RunTime:0.001000s ]
INFO: [ app_end ] --END-- [ RunTime:0.001000s ]

[ 2018-08-15T18:52:06+08:00 ] 127.0.0.1 /User/upbank.html
INFO: [ app_init ] --START--
INFO: Run Behavior\BuildLiteBehavior [ RunTime:0.000000s ]
INFO: [ app_init ] --END-- [ RunTime:0.002000s ]
INFO: [ app_begin ] --START--
INFO: Run Behavior\ReadHtmlCacheBehavior [ RunTime:0.001000s ]
INFO: Run Behavior\CheckLangBehavior [ RunTime:0.001000s ]
INFO: [ app_begin ] --END-- [ RunTime:0.002000s ]
NOTIC: [2048] Declaration of Home\Controller\UserController::show() should be compatible with Think\Controller::show($content, $charset = '', $contentType = '', $prefix = '') D:\www\youzuan\Application\Home\Controller\UserController.class.php 第 6 行.
SQL: SHOW COLUMNS FROM `btchanges_user` [ RunTime:0.0080s ]
SQL: SELECT * FROM `btchanges_user` WHERE ( id = 101632 ) LIMIT 1   [ RunTime:0.0000s ]
SQL: SHOW COLUMNS FROM `btchanges_user_coin` [ RunTime:0.0080s ]
SQL: SELECT * FROM `btchanges_user_coin` WHERE `userid` = 101632 LIMIT 1   [ RunTime:0.0010s ]
SQL: SHOW COLUMNS FROM `btchanges_user` [ RunTime:0.0080s ]
SQL: SELECT * FROM `btchanges_user` WHERE `id` = 101632 LIMIT 1   [ RunTime:0.0000s ]
SQL: SHOW COLUMNS FROM `btchanges_config` [ RunTime:0.0090s ]
SQL: SELECT * FROM `btchanges_config` WHERE `id` = 1 LIMIT 1   [ RunTime:0.0000s ]
NOTIC: [8] Undefined index: btchanges D:\www\youzuan\Application\Home\Controller\HomeController.class.php 第 61 行.
SQL: SHOW COLUMNS FROM `btchanges_coin` [ RunTime:0.0080s ]
SQL: SELECT * FROM `btchanges_coin` WHERE `status` = 1  [ RunTime:0.0010s ]
SQL: SHOW COLUMNS FROM `btchanges_market` [ RunTime:0.0080s ]
SQL: SELECT * FROM `btchanges_market` WHERE `status` = 1  [ RunTime:0.0000s ]
SQL: SHOW COLUMNS FROM `btchanges_article_type` [ RunTime:0.0090s ]
SQL: SELECT * FROM `btchanges_article_type` WHERE `status` = 1 AND `footer` = 1 AND `shang` = '' ORDER BY sort asc ,id desc LIMIT 3   [ RunTime:0.0010s ]
NOTIC: [2] unlink(./Runtime/Temp/8d5c52105dc3ee42a6160b72e33b074b.php): No such file or directory D:\www\youzuan\ThinkPHP\Library\Think\Cache\Driver\File.class.php 第 313 行.
SQL: SHOW COLUMNS FROM `btchanges_user_bank` [ RunTime:0.0080s ]
SQL: SELECT COUNT(*) AS tp_count FROM `btchanges_user_bank` WHERE `userid` = 101632 AND `type` = 'bank' LIMIT 1   [ RunTime:0.0000s ]
SQL: SHOW COLUMNS FROM `btchanges_user_bank_type` [ RunTime:0.0090s ]
SQL: SELECT * FROM `btchanges_user_bank_type` WHERE `title` = '建设银行' LIMIT 1   [ RunTime:0.0010s ]
SQL: SELECT `paypassword` FROM `btchanges_user` WHERE `id` = 101632 LIMIT 1   [ RunTime:0.0000s ]
SQL: UPDATE `btchanges_user_bank` SET `userid`='101632',`type`='bank',`name`='宋',`bank`='建设银行',`bankprov`='',`bankcity`='',`bankaddr`='崤山路支行',`bankcard`='123456',`addtime`='1534330326',`status`='1' WHERE `id` = 22 [ RunTime:0.0360s ]

[ 2018-08-15T18:52:08+08:00 ] 127.0.0.1 /User/bank.html
INFO: [ app_init ] --START--
INFO: Run Behavior\BuildLiteBehavior [ RunTime:0.000000s ]
INFO: [ app_init ] --END-- [ RunTime:0.002000s ]
INFO: [ app_begin ] --START--
INFO: Run Behavior\ReadHtmlCacheBehavior [ RunTime:0.001000s ]
INFO: Run Behavior\CheckLangBehavior [ RunTime:0.001000s ]
INFO: [ app_begin ] --END-- [ RunTime:0.002000s ]
NOTIC: [2048] Declaration of Home\Controller\UserController::show() should be compatible with Think\Controller::show($content, $charset = '', $contentType = '', $prefix = '') D:\www\youzuan\Application\Home\Controller\UserController.class.php 第 6 行.
SQL: SHOW COLUMNS FROM `btchanges_user` [ RunTime:0.0090s ]
SQL: SELECT * FROM `btchanges_user` WHERE ( id = 101632 ) LIMIT 1   [ RunTime:0.0000s ]
SQL: SHOW COLUMNS FROM `btchanges_user_coin` [ RunTime:0.0090s ]
SQL: SELECT * FROM `btchanges_user_coin` WHERE `userid` = 101632 LIMIT 1   [ RunTime:0.0000s ]
SQL: SHOW COLUMNS FROM `btchanges_user` [ RunTime:0.0090s ]
SQL: SELECT * FROM `btchanges_user` WHERE `id` = 101632 LIMIT 1   [ RunTime:0.0000s ]
SQL: SHOW COLUMNS FROM `btchanges_config` [ RunTime:0.0110s ]
SQL: SELECT * FROM `btchanges_config` WHERE `id` = 1 LIMIT 1   [ RunTime:0.0010s ]
NOTIC: [8] Undefined index: btchanges D:\www\youzuan\Application\Home\Controller\HomeController.class.php 第 61 行.
SQL: SHOW COLUMNS FROM `btchanges_coin` [ RunTime:0.0090s ]
SQL: SELECT * FROM `btchanges_coin` WHERE `status` = 1  [ RunTime:0.0000s ]
SQL: SHOW COLUMNS FROM `btchanges_market` [ RunTime:0.0090s ]
SQL: SELECT * FROM `btchanges_market` WHERE `status` = 1  [ RunTime:0.0000s ]
SQL: SHOW COLUMNS FROM `btchanges_article_type` [ RunTime:0.0090s ]
SQL: SELECT * FROM `btchanges_article_type` WHERE `status` = 1 AND `footer` = 1 AND `shang` = '' ORDER BY sort asc ,id desc LIMIT 3   [ RunTime:0.0000s ]
NOTIC: [2] unlink(./Runtime/Temp/8d5c52105dc3ee42a6160b72e33b074b.php): No such file or directory D:\www\youzuan\ThinkPHP\Library\Think\Cache\Driver\File.class.php 第 313 行.
SQL: SHOW COLUMNS FROM `btchanges_user_bank_type` [ RunTime:0.0100s ]
SQL: SELECT * FROM `btchanges_user_bank_type` WHERE `status` = 1 ORDER BY id desc  [ RunTime:0.0000s ]
SQL: SELECT `truename` FROM `btchanges_user` WHERE `id` = 101632 LIMIT 1   [ RunTime:0.0010s ]
SQL: SHOW COLUMNS FROM `btchanges_user_bank` [ RunTime:0.0080s ]
SQL: SELECT * FROM `btchanges_user_bank` WHERE `userid` = 101632 AND `type` = 'bank' ORDER BY id desc LIMIT 1   [ RunTime:0.0010s ]
SQL: SELECT * FROM `btchanges_text` WHERE `name` = 'user_bank' LIMIT 1   [ RunTime:0.0000s ]
SQL: SELECT `content` FROM `btchanges_text` WHERE `name` = 'user_bank' AND `status` = 1 LIMIT 1   [ RunTime:0.0010s ]
INFO: [ view_parse ] --START--
INFO: [ template_filter ] --START--
INFO: Run Behavior\ContentReplaceBehavior [ RunTime:0.000000s ]
INFO: [ template_filter ] --END-- [ RunTime:0.000000s ]
INFO: Run Behavior\ParseTemplateBehavior [ RunTime:0.007000s ]
INFO: [ view_parse ] --END-- [ RunTime:0.007000s ]
INFO: [ view_filter ] --START--
INFO: Run Behavior\WriteHtmlCacheBehavior [ RunTime:0.001000s ]
INFO: [ view_filter ] --END-- [ RunTime:0.001000s ]
INFO: [ app_end ] --START--
INFO: Run Behavior\ShowPageTraceBehavior [ RunTime:0.000000s ]
INFO: [ app_end ] --END-- [ RunTime:0.001000s ]

[ 2018-08-15T18:52:13+08:00 ] 127.0.0.1 /User/bank.html
INFO: [ app_init ] --START--
INFO: Run Behavior\BuildLiteBehavior [ RunTime:0.000000s ]
INFO: [ app_init ] --END-- [ RunTime:0.002000s ]
INFO: [ app_begin ] --START--
INFO: Run Behavior\ReadHtmlCacheBehavior [ RunTime:0.001001s ]
INFO: Run Behavior\CheckLangBehavior [ RunTime:0.001000s ]
INFO: [ app_begin ] --END-- [ RunTime:0.002001s ]
NOTIC: [2048] Declaration of Home\Controller\UserController::show() should be compatible with Think\Controller::show($content, $charset = '', $contentType = '', $prefix = '') D:\www\youzuan\Application\Home\Controller\UserController.class.php 第 6 行.
SQL: SHOW COLUMNS FROM `btchanges_user` [ RunTime:0.0090s ]
SQL: SELECT * FROM `btchanges_user` WHERE ( id = 101632 ) LIMIT 1   [ RunTime:0.0010s ]
SQL: SHOW COLUMNS FROM `btchanges_user_coin` [ RunTime:0.0080s ]
SQL: SELECT * FROM `btchanges_user_coin` WHERE `userid` = 101632 LIMIT 1   [ RunTime:0.0000s ]
SQL: SHOW COLUMNS FROM `btchanges_user` [ RunTime:0.0090s ]
SQL: SELECT * FROM `btchanges_user` WHERE `id` = 101632 LIMIT 1   [ RunTime:0.0000s ]
SQL: SHOW COLUMNS FROM `btchanges_config` [ RunTime:0.0110s ]
SQL: SELECT * FROM `btchanges_config` WHERE `id` = 1 LIMIT 1   [ RunTime:0.0010s ]
NOTIC: [8] Undefined index: btchanges D:\www\youzuan\Application\Home\Controller\HomeController.class.php 第 61 行.
SQL: SHOW COLUMNS FROM `btchanges_coin` [ RunTime:0.0090s ]
SQL: SELECT * FROM `btchanges_coin` WHERE `status` = 1  [ RunTime:0.0000s ]
SQL: SHOW COLUMNS FROM `btchanges_market` [ RunTime:0.0090s ]
SQL: SELECT * FROM `btchanges_market` WHERE `status` = 1  [ RunTime:0.0010s ]
SQL: SHOW COLUMNS FROM `btchanges_article_type` [ RunTime:0.0080s ]
SQL: SELECT * FROM `btchanges_article_type` WHERE `status` = 1 AND `footer` = 1 AND `shang` = '' ORDER BY sort asc ,id desc LIMIT 3   [ RunTime:0.0000s ]
NOTIC: [2] unlink(./Runtime/Temp/8d5c52105dc3ee42a6160b72e33b074b.php): No such file or directory D:\www\youzuan\ThinkPHP\Library\Think\Cache\Driver\File.class.php 第 313 行.
SQL: SHOW COLUMNS FROM `btchanges_user_bank_type` [ RunTime:0.0080s ]
SQL: SELECT * FROM `btchanges_user_bank_type` WHERE `status` = 1 ORDER BY id desc  [ RunTime:0.0010s ]
SQL: SELECT `truename` FROM `btchanges_user` WHERE `id` = 101632 LIMIT 1   [ RunTime:0.0000s ]
SQL: SHOW COLUMNS FROM `btchanges_user_bank` [ RunTime:0.0090s ]
SQL: SELECT * FROM `btchanges_user_bank` WHERE `userid` = 101632 AND `type` = 'bank' ORDER BY id desc LIMIT 1   [ RunTime:0.0010s ]
SQL: SELECT * FROM `btchanges_text` WHERE `name` = 'user_bank' LIMIT 1   [ RunTime:0.0000s ]
SQL: SELECT `content` FROM `btchanges_text` WHERE `name` = 'user_bank' AND `status` = 1 LIMIT 1   [ RunTime:0.0000s ]
INFO: [ view_parse ] --START--
INFO: [ template_filter ] --START--
INFO: Run Behavior\ContentReplaceBehavior [ RunTime:0.000000s ]
INFO: [ template_filter ] --END-- [ RunTime:0.000000s ]
INFO: Run Behavior\ParseTemplateBehavior [ RunTime:0.006001s ]
INFO: [ view_parse ] --END-- [ RunTime:0.006001s ]
INFO: [ view_filter ] --START--
INFO: Run Behavior\WriteHtmlCacheBehavior [ RunTime:0.001000s ]
INFO: [ view_filter ] --END-- [ RunTime:0.001000s ]
INFO: [ app_end ] --START--
INFO: Run Behavior\ShowPageTraceBehavior [ RunTime:0.000000s ]
INFO: [ app_end ] --END-- [ RunTime:0.000000s ]

[ 2018-08-15T18:52:19+08:00 ] 127.0.0.1 /User/upbank.html
INFO: [ app_init ] --START--
INFO: Run Behavior\BuildLiteBehavior [ RunTime:0.000000s ]
INFO: [ app_init ] --END-- [ RunTime:0.002000s ]
INFO: [ app_begin ] --START--
INFO: Run Behavior\ReadHtmlCacheBehavior [ RunTime:0.000000s ]
INFO: Run Behavior\CheckLangBehavior [ RunTime:0.001000s ]
INFO: [ app_begin ] --END-- [ RunTime:0.001000s ]
NOTIC: [2048] Declaration of Home\Controller\UserController::show() should be compatible with Think\Controller::show($content, $charset = '', $contentType = '', $prefix = '') D:\www\youzuan\Application\Home\Controller\UserController.class.php 第 6 行.
SQL: SHOW COLUMNS FROM `btchanges_user` [ RunTime:0.0080s ]
SQL: SELECT * FROM `btchanges_user` WHERE ( id = 101632 ) LIMIT 1   [ RunTime:0.0000s ]
SQL: SHOW COLUMNS FROM `btchanges_user_coin` [ RunTime:0.0080s ]
SQL: SELECT * FROM `btchanges_user_coin` WHERE `userid` = 101632 LIMIT 1   [ RunTime:0.0000s ]
SQL: SHOW COLUMNS FROM `btchanges_user` [ RunTime:0.0080s ]
SQL: SELECT * FROM `btchanges_user` WHERE `id` = 101632 LIMIT 1   [ RunTime:0.0010s ]
SQL: SHOW COLUMNS FROM `btchanges_config` [ RunTime:0.0090s ]
SQL: SELECT * FROM `btchanges_config` WHERE `id` = 1 LIMIT 1   [ RunTime:0.0010s ]
NOTIC: [8] Undefined index: btchanges D:\www\youzuan\Application\Home\Controller\HomeController.class.php 第 61 行.
SQL: SHOW COLUMNS FROM `btchanges_coin` [ RunTime:0.0080s ]
SQL: SELECT * FROM `btchanges_coin` WHERE `status` = 1  [ RunTime:0.0010s ]
SQL: SHOW COLUMNS FROM `btchanges_market` [ RunTime:0.0080s ]
SQL: SELECT * FROM `btchanges_market` WHERE `status` = 1  [ RunTime:0.0010s ]
SQL: SHOW COLUMNS FROM `btchanges_article_type` [ RunTime:0.0080s ]
SQL: SELECT * FROM `btchanges_article_type` WHERE `status` = 1 AND `footer` = 1 AND `shang` = '' ORDER BY sort asc ,id desc LIMIT 3   [ RunTime:0.0010s ]
NOTIC: [2] unlink(./Runtime/Temp/8d5c52105dc3ee42a6160b72e33b074b.php): No such file or directory D:\www\youzuan\ThinkPHP\Library\Think\Cache\Driver\File.class.php 第 313 行.
SQL: SHOW COLUMNS FROM `btchanges_user_bank` [ RunTime:0.0080s ]
SQL: SELECT COUNT(*) AS tp_count FROM `btchanges_user_bank` WHERE `userid` = 101632 AND `type` = 'bank' LIMIT 1   [ RunTime:0.0000s ]
SQL: SHOW COLUMNS FROM `btchanges_user_bank_type` [ RunTime:0.0080s ]
SQL: SELECT * FROM `btchanges_user_bank_type` WHERE `title` = '建设银行' LIMIT 1   [ RunTime:0.0010s ]
SQL: SELECT `paypassword` FROM `btchanges_user` WHERE `id` = 101632 LIMIT 1   [ RunTime:0.0000s ]
SQL: UPDATE `btchanges_user_bank` SET `userid`='101632',`type`='bank',`name`='宋',`bank`='建设银行',`bankprov`='',`bankcity`='',`bankaddr`='崤山路支行',`bankcard`='123456',`addtime`='1534330339',`status`='1' WHERE `id` = 22 [ RunTime:0.0360s ]

[ 2018-08-15T18:52:20+08:00 ] 127.0.0.1 /User/bank.html
INFO: [ app_init ] --START--
INFO: Run Behavior\BuildLiteBehavior [ RunTime:0.000000s ]
INFO: [ app_init ] --END-- [ RunTime:0.002000s ]
INFO: [ app_begin ] --START--
INFO: Run Behavior\ReadHtmlCacheBehavior [ RunTime:0.001000s ]
INFO: Run Behavior\CheckLangBehavior [ RunTime:0.001000s ]
INFO: [ app_begin ] --END-- [ RunTime:0.002000s ]
NOTIC: [2048] Declaration of Home\Controller\UserController::show() should be compatible with Think\Controller::show($content, $charset = '', $contentType = '', $prefix = '') D:\www\youzuan\Application\Home\Controller\UserController.class.php 第 6 行.
SQL: SHOW COLUMNS FROM `btchanges_user` [ RunTime:0.0080s ]
SQL: SELECT * FROM `btchanges_user` WHERE ( id = 101632 ) LIMIT 1   [ RunTime:0.0000s ]
SQL: SHOW COLUMNS FROM `btchanges_user_coin` [ RunTime:0.0090s ]
SQL: SELECT * FROM `btchanges_user_coin` WHERE `userid` = 101632 LIMIT 1   [ RunTime:0.0000s ]
SQL: SHOW COLUMNS FROM `btchanges_user` [ RunTime:0.0080s ]
SQL: SELECT * FROM `btchanges_user` WHERE `id` = 101632 LIMIT 1   [ RunTime:0.0000s ]
SQL: SHOW COLUMNS FROM `btchanges_config` [ RunTime:0.0090s ]
SQL: SELECT * FROM `btchanges_config` WHERE `id` = 1 LIMIT 1   [ RunTime:0.0010s ]
NOTIC: [8] Undefined index: btchanges D:\www\youzuan\Application\Home\Controller\HomeController.class.php 第 61 行.
SQL: SHOW COLUMNS FROM `btchanges_coin` [ RunTime:0.0100s ]
SQL: SELECT * FROM `btchanges_coin` WHERE `status` = 1  [ RunTime:0.0010s ]
SQL: SHOW COLUMNS FROM `btchanges_market` [ RunTime:0.0080s ]
SQL: SELECT * FROM `btchanges_market` WHERE `status` = 1  [ RunTime:0.0000s ]
SQL: SHOW COLUMNS FROM `btchanges_article_type` [ RunTime:0.0090s ]
SQL: SELECT * FROM `btchanges_article_type` WHERE `status` = 1 AND `footer` = 1 AND `shang` = '' ORDER BY sort asc ,id desc LIMIT 3   [ RunTime:0.0000s ]
NOTIC: [2] unlink(./Runtime/Temp/8d5c52105dc3ee42a6160b72e33b074b.php): No such file or directory D:\www\youzuan\ThinkPHP\Library\Think\Cache\Driver\File.class.php 第 313 行.
SQL: SHOW COLUMNS FROM `btchanges_user_bank_type` [ RunTime:0.0100s ]
SQL: SELECT * FROM `btchanges_user_bank_type` WHERE `status` = 1 ORDER BY id desc  [ RunTime:0.0010s ]
SQL: SELECT `truename` FROM `btchanges_user` WHERE `id` = 101632 LIMIT 1   [ RunTime:0.0000s ]
SQL: SHOW COLUMNS FROM `btchanges_user_bank` [ RunTime:0.0080s ]
SQL: SELECT * FROM `btchanges_user_bank` WHERE `userid` = 101632 AND `type` = 'bank' ORDER BY id desc LIMIT 1   [ RunTime:0.0010s ]
SQL: SELECT * FROM `btchanges_text` WHERE `name` = 'user_bank' LIMIT 1   [ RunTime:0.0000s ]
SQL: SELECT `content` FROM `btchanges_text` WHERE `name` = 'user_bank' AND `status` = 1 LIMIT 1   [ RunTime:0.0000s ]
INFO: [ view_parse ] --START--
INFO: [ template_filter ] --START--
INFO: Run Behavior\ContentReplaceBehavior [ RunTime:0.000000s ]
INFO: [ template_filter ] --END-- [ RunTime:0.000000s ]
INFO: Run Behavior\ParseTemplateBehavior [ RunTime:0.006001s ]
INFO: [ view_parse ] --END-- [ RunTime:0.006001s ]
INFO: [ view_filter ] --START--
INFO: Run Behavior\WriteHtmlCacheBehavior [ RunTime:0.001000s ]
INFO: [ view_filter ] --END-- [ RunTime:0.001000s ]
INFO: [ app_end ] --START--
INFO: Run Behavior\ShowPageTraceBehavior [ RunTime:0.001000s ]
INFO: [ app_end ] --END-- [ RunTime:0.001000s ]

[ 2018-08-15T18:52:37+08:00 ] 127.0.0.1 /
INFO: [ app_init ] --START--
INFO: Run Behavior\BuildLiteBehavior [ RunTime:0.000000s ]
INFO: [ app_init ] --END-- [ RunTime:0.002000s ]
INFO: [ app_begin ] --START--
INFO: Run Behavior\ReadHtmlCacheBehavior [ RunTime:0.001000s ]
INFO: Run Behavior\CheckLangBehavior [ RunTime:0.001000s ]
INFO: [ app_begin ] --END-- [ RunTime:0.002000s ]
SQL: SHOW COLUMNS FROM `btchanges_user` [ RunTime:0.0110s ]
SQL: SELECT * FROM `btchanges_user` WHERE ( id = 101632 ) LIMIT 1   [ RunTime:0.0000s ]
SQL: SHOW COLUMNS FROM `btchanges_user_coin` [ RunTime:0.0080s ]
SQL: SELECT * FROM `btchanges_user_coin` WHERE `userid` = 101632 LIMIT 1   [ RunTime:0.0000s ]
SQL: SHOW COLUMNS FROM `btchanges_user` [ RunTime:0.0110s ]
SQL: SELECT * FROM `btchanges_user` WHERE `id` = 101632 LIMIT 1   [ RunTime:0.0000s ]
SQL: SHOW COLUMNS FROM `btchanges_config` [ RunTime:0.0120s ]
SQL: SELECT * FROM `btchanges_config` WHERE `id` = 1 LIMIT 1   [ RunTime:0.0000s ]
NOTIC: [8] Undefined index: btchanges D:\www\youzuan\Application\Home\Controller\HomeController.class.php 第 61 行.
SQL: SHOW COLUMNS FROM `btchanges_coin` [ RunTime:0.0110s ]
SQL: SELECT * FROM `btchanges_coin` WHERE `status` = 1  [ RunTime:0.0010s ]
SQL: SHOW COLUMNS FROM `btchanges_market` [ RunTime:0.0090s ]
SQL: SELECT * FROM `btchanges_market` WHERE `status` = 1  [ RunTime:0.0010s ]
SQL: SHOW COLUMNS FROM `btchanges_article_type` [ RunTime:0.0080s ]
SQL: SELECT * FROM `btchanges_article_type` WHERE `status` = 1 AND `footer` = 1 AND `shang` = '' ORDER BY sort asc ,id desc LIMIT 3   [ RunTime:0.0000s ]
NOTIC: [2] unlink(./Runtime/Temp/8d5c52105dc3ee42a6160b72e33b074b.php): No such file or directory D:\www\youzuan\ThinkPHP\Library\Think\Cache\Driver\File.class.php 第 313 行.
SQL: SHOW COLUMNS FROM `btchanges_issue` [ RunTime:0.0110s ]
SQL: SELECT * FROM `btchanges_issue` WHERE `status` = 1 LIMIT 1   [ RunTime:0.0000s ]
SQL: SELECT * FROM `btchanges_config` WHERE `id` = 1 LIMIT 1   [ RunTime:0.0010s ]
INFO: [ view_parse ] --START--
INFO: [ template_filter ] --START--
INFO: Run Behavior\ContentReplaceBehavior [ RunTime:0.000000s ]
INFO: [ template_filter ] --END-- [ RunTime:0.000000s ]
INFO: Run Behavior\ParseTemplateBehavior [ RunTime:0.011000s ]
INFO: [ view_parse ] --END-- [ RunTime:0.011000s ]
INFO: [ view_filter ] --START--
INFO: Run Behavior\WriteHtmlCacheBehavior [ RunTime:0.001001s ]
INFO: [ view_filter ] --END-- [ RunTime:0.001001s ]
INFO: [ app_end ] --START--
INFO: Run Behavior\ShowPageTraceBehavior [ RunTime:0.000000s ]
INFO: [ app_end ] --END-- [ RunTime:0.000000s ]

[ 2018-08-15T18:54:57+08:00 ] 127.0.0.1 /
INFO: [ app_init ] --START--
INFO: Run Behavior\BuildLiteBehavior [ RunTime:0.000000s ]
INFO: [ app_init ] --END-- [ RunTime:0.002000s ]
INFO: [ app_begin ] --START--
INFO: Run Behavior\ReadHtmlCacheBehavior [ RunTime:0.001000s ]
INFO: Run Behavior\CheckLangBehavior [ RunTime:0.001000s ]
INFO: [ app_begin ] --END-- [ RunTime:0.002000s ]
SQL: SHOW COLUMNS FROM `btchanges_config` [ RunTime:0.0090s ]
SQL: SELECT * FROM `btchanges_config` WHERE `id` = 1 LIMIT 1   [ RunTime:0.0010s ]
NOTIC: [8] Undefined index: btchanges D:\www\youzuan\Application\Home\Controller\HomeController.class.php 第 61 行.
SQL: SHOW COLUMNS FROM `btchanges_coin` [ RunTime:0.0090s ]
SQL: SELECT * FROM `btchanges_coin` WHERE `status` = 1  [ RunTime:0.0010s ]
SQL: SHOW COLUMNS FROM `btchanges_market` [ RunTime:0.0090s ]
SQL: SELECT * FROM `btchanges_market` WHERE `status` = 1  [ RunTime:0.0000s ]
SQL: SHOW COLUMNS FROM `btchanges_article_type` [ RunTime:0.0100s ]
SQL: SELECT * FROM `btchanges_article_type` WHERE `status` = 1 AND `footer` = 1 AND `shang` = '' ORDER BY sort asc ,id desc LIMIT 3   [ RunTime:0.0000s ]
NOTIC: [2] unlink(./Runtime/Temp/8d5c52105dc3ee42a6160b72e33b074b.php): No such file or directory D:\www\youzuan\ThinkPHP\Library\Think\Cache\Driver\File.class.php 第 313 行.

[ 2018-08-15T18:54:58+08:00 ] 127.0.0.1 /index/start
INFO: [ app_init ] --START--
INFO: Run Behavior\BuildLiteBehavior [ RunTime:0.000000s ]
INFO: [ app_init ] --END-- [ RunTime:0.002000s ]
INFO: [ app_begin ] --START--
INFO: Run Behavior\ReadHtmlCacheBehavior [ RunTime:0.001000s ]
INFO: Run Behavior\CheckLangBehavior [ RunTime:0.001000s ]
INFO: [ app_begin ] --END-- [ RunTime:0.002000s ]
SQL: SHOW COLUMNS FROM `btchanges_config` [ RunTime:0.0100s ]
SQL: SELECT * FROM `btchanges_config` WHERE `id` = 1 LIMIT 1   [ RunTime:0.0010s ]
NOTIC: [8] Undefined index: btchanges D:\www\youzuan\Application\Home\Controller\HomeController.class.php 第 61 行.
SQL: SHOW COLUMNS FROM `btchanges_coin` [ RunTime:0.0090s ]
SQL: SELECT * FROM `btchanges_coin` WHERE `status` = 1  [ RunTime:0.0000s ]
SQL: SHOW COLUMNS FROM `btchanges_market` [ RunTime:0.0080s ]
SQL: SELECT * FROM `btchanges_market` WHERE `status` = 1  [ RunTime:0.0000s ]
SQL: SHOW COLUMNS FROM `btchanges_article_type` [ RunTime:0.0080s ]
SQL: SELECT * FROM `btchanges_article_type` WHERE `status` = 1 AND `footer` = 1 AND `shang` = '' ORDER BY sort asc ,id desc LIMIT 3   [ RunTime:0.0000s ]
NOTIC: [2] unlink(./Runtime/Temp/8d5c52105dc3ee42a6160b72e33b074b.php): No such file or directory D:\www\youzuan\ThinkPHP\Library\Think\Cache\Driver\File.class.php 第 313 行.
INFO: [ view_parse ] --START--
INFO: [ template_filter ] --START--
INFO: Run Behavior\ContentReplaceBehavior [ RunTime:0.000000s ]
INFO: [ template_filter ] --END-- [ RunTime:0.000000s ]
INFO: Run Behavior\ParseTemplateBehavior [ RunTime:0.007001s ]
INFO: [ view_parse ] --END-- [ RunTime:0.007001s ]
INFO: [ view_filter ] --START--
INFO: Run Behavior\WriteHtmlCacheBehavior [ RunTime:0.000000s ]
INFO: [ view_filter ] --END-- [ RunTime:0.000000s ]
INFO: [ app_end ] --START--
INFO: Run Behavior\ShowPageTraceBehavior [ RunTime:0.001000s ]
INFO: [ app_end ] --END-- [ RunTime:0.001000s ]

[ 2018-08-15T18:55:08+08:00 ] 127.0.0.1 /
INFO: [ app_init ] --START--
INFO: Run Behavior\BuildLiteBehavior [ RunTime:0.000000s ]
INFO: [ app_init ] --END-- [ RunTime:0.002000s ]
INFO: [ app_begin ] --START--
INFO: Run Behavior\ReadHtmlCacheBehavior [ RunTime:0.000000s ]
INFO: Run Behavior\CheckLangBehavior [ RunTime:0.001000s ]
INFO: [ app_begin ] --END-- [ RunTime:0.001000s ]
SQL: SHOW COLUMNS FROM `btchanges_config` [ RunTime:0.0110s ]
SQL: SELECT * FROM `btchanges_config` WHERE `id` = 1 LIMIT 1   [ RunTime:0.0010s ]
NOTIC: [8] Undefined index: btchanges D:\www\youzuan\Application\Home\Controller\HomeController.class.php 第 61 行.
SQL: SHOW COLUMNS FROM `btchanges_coin` [ RunTime:0.0090s ]
SQL: SELECT * FROM `btchanges_coin` WHERE `status` = 1  [ RunTime:0.0000s ]
SQL: SHOW COLUMNS FROM `btchanges_market` [ RunTime:0.0090s ]
SQL: SELECT * FROM `btchanges_market` WHERE `status` = 1  [ RunTime:0.0000s ]
SQL: SHOW COLUMNS FROM `btchanges_article_type` [ RunTime:0.0100s ]
SQL: SELECT * FROM `btchanges_article_type` WHERE `status` = 1 AND `footer` = 1 AND `shang` = '' ORDER BY sort asc ,id desc LIMIT 3   [ RunTime:0.0000s ]
NOTIC: [2] unlink(./Runtime/Temp/8d5c52105dc3ee42a6160b72e33b074b.php): No such file or directory D:\www\youzuan\ThinkPHP\Library\Think\Cache\Driver\File.class.php 第 313 行.

[ 2018-08-15T18:55:09+08:00 ] 127.0.0.1 /index/start
INFO: [ app_init ] --START--
INFO: Run Behavior\BuildLiteBehavior [ RunTime:0.000000s ]
INFO: [ app_init ] --END-- [ RunTime:0.002000s ]
INFO: [ app_begin ] --START--
INFO: Run Behavior\ReadHtmlCacheBehavior [ RunTime:0.001000s ]
INFO: Run Behavior\CheckLangBehavior [ RunTime:0.001000s ]
INFO: [ app_begin ] --END-- [ RunTime:0.002000s ]
SQL: SHOW COLUMNS FROM `btchanges_config` [ RunTime:0.0100s ]
SQL: SELECT * FROM `btchanges_config` WHERE `id` = 1 LIMIT 1   [ RunTime:0.0010s ]
NOTIC: [8] Undefined index: btchanges D:\www\youzuan\Application\Home\Controller\HomeController.class.php 第 61 行.
SQL: SHOW COLUMNS FROM `btchanges_coin` [ RunTime:0.0080s ]
SQL: SELECT * FROM `btchanges_coin` WHERE `status` = 1  [ RunTime:0.0000s ]
SQL: SHOW COLUMNS FROM `btchanges_market` [ RunTime:0.0100s ]
SQL: SELECT * FROM `btchanges_market` WHERE `status` = 1  [ RunTime:0.0010s ]
SQL: SHOW COLUMNS FROM `btchanges_article_type` [ RunTime:0.0090s ]
SQL: SELECT * FROM `btchanges_article_type` WHERE `status` = 1 AND `footer` = 1 AND `shang` = '' ORDER BY sort asc ,id desc LIMIT 3   [ RunTime:0.0000s ]
NOTIC: [2] unlink(./Runtime/Temp/8d5c52105dc3ee42a6160b72e33b074b.php): No such file or directory D:\www\youzuan\ThinkPHP\Library\Think\Cache\Driver\File.class.php 第 313 行.
INFO: [ view_parse ] --START--
INFO: [ template_filter ] --START--
INFO: Run Behavior\ContentReplaceBehavior [ RunTime:0.000000s ]
INFO: [ template_filter ] --END-- [ RunTime:0.000000s ]
INFO: Run Behavior\ParseTemplateBehavior [ RunTime:0.006000s ]
INFO: [ view_parse ] --END-- [ RunTime:0.006000s ]
INFO: [ view_filter ] --START--
INFO: Run Behavior\WriteHtmlCacheBehavior [ RunTime:0.000000s ]
INFO: [ view_filter ] --END-- [ RunTime:0.000000s ]
INFO: [ app_end ] --START--
INFO: Run Behavior\ShowPageTraceBehavior [ RunTime:0.001000s ]
INFO: [ app_end ] --END-- [ RunTime:0.001000s ]

[ 2018-08-15T18:55:24+08:00 ] 127.0.0.1 /
INFO: [ app_init ] --START--
INFO: Run Behavior\BuildLiteBehavior [ RunTime:0.000000s ]
INFO: [ app_init ] --END-- [ RunTime:0.002000s ]
INFO: [ app_begin ] --START--
INFO: Run Behavior\ReadHtmlCacheBehavior [ RunTime:0.001000s ]
INFO: Run Behavior\CheckLangBehavior [ RunTime:0.000000s ]
INFO: [ app_begin ] --END-- [ RunTime:0.001000s ]
SQL: SHOW COLUMNS FROM `btchanges_config` [ RunTime:0.0090s ]
SQL: SELECT * FROM `btchanges_config` WHERE `id` = 1 LIMIT 1   [ RunTime:0.0000s ]
NOTIC: [8] Undefined index: btchanges D:\www\youzuan\Application\Home\Controller\HomeController.class.php 第 61 行.
SQL: SHOW COLUMNS FROM `btchanges_coin` [ RunTime:0.0080s ]
SQL: SELECT * FROM `btchanges_coin` WHERE `status` = 1  [ RunTime:0.0000s ]
SQL: SHOW COLUMNS FROM `btchanges_market` [ RunTime:0.0080s ]
SQL: SELECT * FROM `btchanges_market` WHERE `status` = 1  [ RunTime:0.0000s ]
SQL: SHOW COLUMNS FROM `btchanges_article_type` [ RunTime:0.0090s ]
SQL: SELECT * FROM `btchanges_article_type` WHERE `status` = 1 AND `footer` = 1 AND `shang` = '' ORDER BY sort asc ,id desc LIMIT 3   [ RunTime:0.0000s ]
NOTIC: [2] unlink(./Runtime/Temp/8d5c52105dc3ee42a6160b72e33b074b.php): No such file or directory D:\www\youzuan\ThinkPHP\Library\Think\Cache\Driver\File.class.php 第 313 行.

[ 2018-08-15T18:55:25+08:00 ] 127.0.0.1 /index/start
INFO: [ app_init ] --START--
INFO: Run Behavior\BuildLiteBehavior [ RunTime:0.000000s ]
INFO: [ app_init ] --END-- [ RunTime:0.002000s ]
INFO: [ app_begin ] --START--
INFO: Run Behavior\ReadHtmlCacheBehavior [ RunTime:0.001000s ]
INFO: Run Behavior\CheckLangBehavior [ RunTime:0.001000s ]
INFO: [ app_begin ] --END-- [ RunTime:0.002000s ]
SQL: SHOW COLUMNS FROM `btchanges_config` [ RunTime:0.0090s ]
SQL: SELECT * FROM `btchanges_config` WHERE `id` = 1 LIMIT 1   [ RunTime:0.0000s ]
NOTIC: [8] Undefined index: btchanges D:\www\youzuan\Application\Home\Controller\HomeController.class.php 第 61 行.
SQL: SHOW COLUMNS FROM `btchanges_coin` [ RunTime:0.0090s ]
SQL: SELECT * FROM `btchanges_coin` WHERE `status` = 1  [ RunTime:0.0010s ]
SQL: SHOW COLUMNS FROM `btchanges_market` [ RunTime:0.0080s ]
SQL: SELECT * FROM `btchanges_market` WHERE `status` = 1  [ RunTime:0.0000s ]
SQL: SHOW COLUMNS FROM `btchanges_article_type` [ RunTime:0.0090s ]
SQL: SELECT * FROM `btchanges_article_type` WHERE `status` = 1 AND `footer` = 1 AND `shang` = '' ORDER BY sort asc ,id desc LIMIT 3   [ RunTime:0.0000s ]
NOTIC: [2] unlink(./Runtime/Temp/8d5c52105dc3ee42a6160b72e33b074b.php): No such file or directory D:\www\youzuan\ThinkPHP\Library\Think\Cache\Driver\File.class.php 第 313 行.
INFO: [ view_parse ] --START--
INFO: [ template_filter ] --START--
INFO: Run Behavior\ContentReplaceBehavior [ RunTime:0.000000s ]
INFO: [ template_filter ] --END-- [ RunTime:0.000000s ]
INFO: Run Behavior\ParseTemplateBehavior [ RunTime:0.007000s ]
INFO: [ view_parse ] --END-- [ RunTime:0.007000s ]
INFO: [ view_filter ] --START--
INFO: Run Behavior\WriteHtmlCacheBehavior [ RunTime:0.001000s ]
INFO: [ view_filter ] --END-- [ RunTime:0.001000s ]
INFO: [ app_end ] --START--
INFO: Run Behavior\ShowPageTraceBehavior [ RunTime:0.001000s ]
INFO: [ app_end ] --END-- [ RunTime:0.001000s ]

