[ 2018-08-14T19:00:16+08:00 ] 127.0.0.1 /Ajax/allfinance?t=0.635693346633502
INFO: [ app_init ] --START--
INFO: Run Behavior\BuildLiteBehavior [ RunTime:0.000000s ]
INFO: [ app_init ] --END-- [ RunTime:0.002000s ]
INFO: [ app_begin ] --START--
INFO: Run Behavior\ReadHtmlCacheBehavior [ RunTime:0.002000s ]
INFO: Run Behavior\CheckLangBehavior [ RunTime:0.003000s ]
INFO: [ app_begin ] --END-- [ RunTime:0.005000s ]
SQL: SHOW COLUMNS FROM `btchanges_user` [ RunTime:0.0100s ]
SQL: SELECT * FROM `btchanges_user` WHERE ( id = 101632 ) LIMIT 1   [ RunTime:0.0010s ]
SQL: SHOW COLUMNS FROM `btchanges_user_coin` [ RunTime:0.0120s ]
SQL: SELECT * FROM `btchanges_user_coin` WHERE `userid` = 101632 LIMIT 1   [ RunTime:0.0010s ]
SQL: SHOW COLUMNS FROM `btchanges_user` [ RunTime:0.0080s ]
SQL: SELECT * FROM `btchanges_user` WHERE `id` = 101632 LIMIT 1   [ RunTime:0.0000s ]
SQL: SHOW COLUMNS FROM `btchanges_config` [ RunTime:0.0150s ]
SQL: SELECT * FROM `btchanges_config` WHERE `id` = 1 LIMIT 1   [ RunTime:0.0000s ]
NOTIC: [8] Undefined index: btchanges D:\www\youzuan\Application\Home\Controller\HomeController.class.php 第 61 行.
SQL: SHOW COLUMNS FROM `btchanges_coin` [ RunTime:0.0120s ]
SQL: SELECT * FROM `btchanges_coin` WHERE `status` = 1  [ RunTime:0.0000s ]
SQL: SHOW COLUMNS FROM `btchanges_market` [ RunTime:0.0140s ]
SQL: SELECT * FROM `btchanges_market` WHERE `status` = 1  [ RunTime:0.0010s ]
SQL: SHOW COLUMNS FROM `btchanges_article_type` [ RunTime:0.0080s ]
SQL: SELECT * FROM `btchanges_article_type` WHERE `status` = 1 AND `footer` = 1 AND `shang` = '' ORDER BY sort asc ,id desc LIMIT 3   [ RunTime:0.0040s ]
NOTIC: [2] unlink(./Runtime/Temp/8d5c52105dc3ee42a6160b72e33b074b.php): No such file or directory D:\www\youzuan\ThinkPHP\Library\Think\Cache\Driver\File.class.php 第 313 行.
SQL: SELECT * FROM `btchanges_user_coin` WHERE `userid` = 101632 LIMIT 1   [ RunTime:0.0040s ]
NOTIC: [8] Undefined index: btc_cny D:\www\youzuan\Application\Home\Controller\AjaxController.class.php 第 41 行.
NOTIC: [8] Undefined index: btc D:\www\youzuan\Application\Home\Controller\AjaxController.class.php 第 47 行.
NOTIC: [8] Undefined index: btcd D:\www\youzuan\Application\Home\Controller\AjaxController.class.php 第 47 行.
NOTIC: [8] Undefined index: ltc_cny D:\www\youzuan\Application\Home\Controller\AjaxController.class.php 第 41 行.
NOTIC: [8] Undefined index: ltc D:\www\youzuan\Application\Home\Controller\AjaxController.class.php 第 47 行.
NOTIC: [8] Undefined index: ltcd D:\www\youzuan\Application\Home\Controller\AjaxController.class.php 第 47 行.
NOTIC: [8] Undefined index: eth_cny D:\www\youzuan\Application\Home\Controller\AjaxController.class.php 第 41 行.
NOTIC: [8] Undefined index: eth D:\www\youzuan\Application\Home\Controller\AjaxController.class.php 第 47 行.
NOTIC: [8] Undefined index: ethd D:\www\youzuan\Application\Home\Controller\AjaxController.class.php 第 47 行.
NOTIC: [8] Undefined index: bch_cny D:\www\youzuan\Application\Home\Controller\AjaxController.class.php 第 41 行.
NOTIC: [8] Undefined index: bch D:\www\youzuan\Application\Home\Controller\AjaxController.class.php 第 47 行.
NOTIC: [8] Undefined index: bchd D:\www\youzuan\Application\Home\Controller\AjaxController.class.php 第 47 行.
NOTIC: [8] Undefined index: blue_cny D:\www\youzuan\Application\Home\Controller\AjaxController.class.php 第 41 行.

[ 2018-08-14T19:00:16+08:00 ] 127.0.0.1 /Ajax/getJsonTop?market=gold_cny&t=0.25317647850373315
INFO: [ app_init ] --START--
INFO: Run Behavior\BuildLiteBehavior [ RunTime:0.000000s ]
INFO: [ app_init ] --END-- [ RunTime:0.002000s ]
INFO: [ app_begin ] --START--
INFO: Run Behavior\ReadHtmlCacheBehavior [ RunTime:0.001000s ]
INFO: Run Behavior\CheckLangBehavior [ RunTime:0.001000s ]
INFO: [ app_begin ] --END-- [ RunTime:0.002000s ]
SQL: SHOW COLUMNS FROM `btchanges_user` [ RunTime:0.0100s ]
SQL: SELECT * FROM `btchanges_user` WHERE ( id = 101632 ) LIMIT 1   [ RunTime:0.0040s ]
SQL: SHOW COLUMNS FROM `btchanges_user_coin` [ RunTime:0.0100s ]
SQL: SELECT * FROM `btchanges_user_coin` WHERE `userid` = 101632 LIMIT 1   [ RunTime:0.0000s ]
SQL: SHOW COLUMNS FROM `btchanges_user` [ RunTime:0.0110s ]
SQL: SELECT * FROM `btchanges_user` WHERE `id` = 101632 LIMIT 1   [ RunTime:0.0010s ]
SQL: SHOW COLUMNS FROM `btchanges_config` [ RunTime:0.0140s ]
SQL: SELECT * FROM `btchanges_config` WHERE `id` = 1 LIMIT 1   [ RunTime:0.0010s ]
NOTIC: [8] Undefined index: btchanges D:\www\youzuan\Application\Home\Controller\HomeController.class.php 第 61 行.
SQL: SHOW COLUMNS FROM `btchanges_coin` [ RunTime:0.0100s ]
SQL: SELECT * FROM `btchanges_coin` WHERE `status` = 1  [ RunTime:0.0010s ]
SQL: SHOW COLUMNS FROM `btchanges_market` [ RunTime:0.0120s ]
SQL: SELECT * FROM `btchanges_market` WHERE `status` = 1  [ RunTime:0.0010s ]
SQL: SHOW COLUMNS FROM `btchanges_article_type` [ RunTime:0.0170s ]
SQL: SELECT * FROM `btchanges_article_type` WHERE `status` = 1 AND `footer` = 1 AND `shang` = '' ORDER BY sort asc ,id desc LIMIT 3   [ RunTime:0.0000s ]
NOTIC: [2] unlink(./Runtime/Temp/8d5c52105dc3ee42a6160b72e33b074b.php): No such file or directory D:\www\youzuan\ThinkPHP\Library\Think\Cache\Driver\File.class.php 第 313 行.

[ 2018-08-14T19:00:16+08:00 ] 127.0.0.1 /Ajax/gethongbao
INFO: [ app_init ] --START--
INFO: Run Behavior\BuildLiteBehavior [ RunTime:0.000000s ]
INFO: [ app_init ] --END-- [ RunTime:0.003000s ]
INFO: [ app_begin ] --START--
INFO: Run Behavior\ReadHtmlCacheBehavior [ RunTime:0.001000s ]
INFO: Run Behavior\CheckLangBehavior [ RunTime:0.001000s ]
INFO: [ app_begin ] --END-- [ RunTime:0.002000s ]
SQL: SHOW COLUMNS FROM `btchanges_user` [ RunTime:0.0090s ]
SQL: SELECT * FROM `btchanges_user` WHERE ( id = 101632 ) LIMIT 1   [ RunTime:0.0000s ]
SQL: SHOW COLUMNS FROM `btchanges_user_coin` [ RunTime:0.0090s ]
SQL: SELECT * FROM `btchanges_user_coin` WHERE `userid` = 101632 LIMIT 1   [ RunTime:0.0010s ]
SQL: SHOW COLUMNS FROM `btchanges_user` [ RunTime:0.0090s ]
SQL: SELECT * FROM `btchanges_user` WHERE `id` = 101632 LIMIT 1   [ RunTime:0.0010s ]
SQL: SHOW COLUMNS FROM `btchanges_config` [ RunTime:0.0150s ]
SQL: SELECT * FROM `btchanges_config` WHERE `id` = 1 LIMIT 1   [ RunTime:0.0010s ]
NOTIC: [8] Undefined index: btchanges D:\www\youzuan\Application\Home\Controller\HomeController.class.php 第 61 行.
SQL: SHOW COLUMNS FROM `btchanges_coin` [ RunTime:0.0120s ]
SQL: SELECT * FROM `btchanges_coin` WHERE `status` = 1  [ RunTime:0.0000s ]
SQL: SHOW COLUMNS FROM `btchanges_market` [ RunTime:0.0130s ]
SQL: SELECT * FROM `btchanges_market` WHERE `status` = 1  [ RunTime:0.0000s ]
SQL: SHOW COLUMNS FROM `btchanges_article_type` [ RunTime:0.0120s ]
SQL: SELECT * FROM `btchanges_article_type` WHERE `status` = 1 AND `footer` = 1 AND `shang` = '' ORDER BY sort asc ,id desc LIMIT 3   [ RunTime:0.0010s ]
NOTIC: [2] unlink(./Runtime/Temp/8d5c52105dc3ee42a6160b72e33b074b.php): No such file or directory D:\www\youzuan\ThinkPHP\Library\Think\Cache\Driver\File.class.php 第 313 行.
SQL: SHOW COLUMNS FROM `btchanges_redreward` [ RunTime:0.0120s ]
SQL: SELECT * FROM `btchanges_redreward` WHERE `status` = 0 LIMIT 10   [ RunTime:0.0000s ]

[ 2018-08-14T19:00:17+08:00 ] 127.0.0.1 /User/index.html
INFO: [ app_init ] --START--
INFO: Run Behavior\BuildLiteBehavior [ RunTime:0.000000s ]
INFO: [ app_init ] --END-- [ RunTime:0.002000s ]
INFO: [ app_begin ] --START--
INFO: Run Behavior\ReadHtmlCacheBehavior [ RunTime:0.001000s ]
INFO: Run Behavior\CheckLangBehavior [ RunTime:0.001000s ]
INFO: [ app_begin ] --END-- [ RunTime:0.002000s ]
NOTIC: [2048] Declaration of Home\Controller\UserController::show() should be compatible with Think\Controller::show($content, $charset = '', $contentType = '', $prefix = '') D:\www\youzuan\Application\Home\Controller\UserController.class.php 第 6 行.
SQL: SHOW COLUMNS FROM `btchanges_user` [ RunTime:0.0150s ]
SQL: SELECT * FROM `btchanges_user` WHERE ( id = 101632 ) LIMIT 1   [ RunTime:0.0010s ]
SQL: SHOW COLUMNS FROM `btchanges_user_coin` [ RunTime:0.0140s ]
SQL: SELECT * FROM `btchanges_user_coin` WHERE `userid` = 101632 LIMIT 1   [ RunTime:0.0010s ]
SQL: SHOW COLUMNS FROM `btchanges_user` [ RunTime:0.0130s ]
SQL: SELECT * FROM `btchanges_user` WHERE `id` = 101632 LIMIT 1   [ RunTime:0.0010s ]
SQL: SHOW COLUMNS FROM `btchanges_config` [ RunTime:0.0140s ]
SQL: SELECT * FROM `btchanges_config` WHERE `id` = 1 LIMIT 1   [ RunTime:0.0010s ]
NOTIC: [8] Undefined index: btchanges D:\www\youzuan\Application\Home\Controller\HomeController.class.php 第 61 行.
SQL: SHOW COLUMNS FROM `btchanges_coin` [ RunTime:0.0130s ]
SQL: SELECT * FROM `btchanges_coin` WHERE `status` = 1  [ RunTime:0.0010s ]
SQL: SHOW COLUMNS FROM `btchanges_market` [ RunTime:0.0140s ]
SQL: SELECT * FROM `btchanges_market` WHERE `status` = 1  [ RunTime:0.0000s ]
SQL: SHOW COLUMNS FROM `btchanges_article_type` [ RunTime:0.0130s ]
SQL: SELECT * FROM `btchanges_article_type` WHERE `status` = 1 AND `footer` = 1 AND `shang` = '' ORDER BY sort asc ,id desc LIMIT 3   [ RunTime:0.0010s ]
NOTIC: [2] unlink(./Runtime/Temp/8d5c52105dc3ee42a6160b72e33b074b.php): No such file or directory D:\www\youzuan\ThinkPHP\Library\Think\Cache\Driver\File.class.php 第 313 行.
SQL: SELECT * FROM `btchanges_user` WHERE `id` = 101632 LIMIT 1   [ RunTime:0.0000s ]
SQL: SELECT `cny` FROM `btchanges_user_coin` WHERE `userid` = 101632 LIMIT 1   [ RunTime:0.0010s ]
SQL: SELECT * FROM `btchanges_text` WHERE `name` = 'user_index' LIMIT 1   [ RunTime:0.0000s ]
SQL: SELECT `content` FROM `btchanges_text` WHERE `name` = 'user_index' AND `status` = 1 LIMIT 1   [ RunTime:0.0000s ]
INFO: [ view_parse ] --START--
INFO: [ template_filter ] --START--
INFO: Run Behavior\ContentReplaceBehavior [ RunTime:0.000000s ]
INFO: [ template_filter ] --END-- [ RunTime:0.000000s ]
INFO: Run Behavior\ParseTemplateBehavior [ RunTime:0.010001s ]
INFO: [ view_parse ] --END-- [ RunTime:0.010001s ]
INFO: [ view_filter ] --START--
INFO: Run Behavior\WriteHtmlCacheBehavior [ RunTime:0.001000s ]
INFO: [ view_filter ] --END-- [ RunTime:0.001000s ]
INFO: [ app_end ] --START--
INFO: Run Behavior\ShowPageTraceBehavior [ RunTime:0.001000s ]
INFO: [ app_end ] --END-- [ RunTime:0.001000s ]

[ 2018-08-14T19:01:02+08:00 ] 127.0.0.1 /trade/seeklist.html
INFO: [ app_init ] --START--
INFO: Run Behavior\BuildLiteBehavior [ RunTime:0.000000s ]
INFO: [ app_init ] --END-- [ RunTime:0.002000s ]
INFO: [ app_begin ] --START--
INFO: Run Behavior\ReadHtmlCacheBehavior [ RunTime:0.001000s ]
INFO: Run Behavior\CheckLangBehavior [ RunTime:0.001000s ]
INFO: [ app_begin ] --END-- [ RunTime:0.002000s ]
NOTIC: [2048] Declaration of Home\Controller\TradeController::show() should be compatible with Think\Controller::show($content, $charset = '', $contentType = '', $prefix = '') D:\www\youzuan\Application\Home\Controller\TradeController.class.php 第 4 行.
SQL: SHOW COLUMNS FROM `btchanges_user` [ RunTime:0.0070s ]
SQL: SELECT * FROM `btchanges_user` WHERE ( id = 101632 ) LIMIT 1   [ RunTime:0.0010s ]
SQL: SHOW COLUMNS FROM `btchanges_user_coin` [ RunTime:0.0100s ]
SQL: SELECT * FROM `btchanges_user_coin` WHERE `userid` = 101632 LIMIT 1   [ RunTime:0.0000s ]
SQL: SHOW COLUMNS FROM `btchanges_user` [ RunTime:0.0080s ]
SQL: SELECT * FROM `btchanges_user` WHERE `id` = 101632 LIMIT 1   [ RunTime:0.0010s ]
SQL: SHOW COLUMNS FROM `btchanges_config` [ RunTime:0.0080s ]
SQL: SELECT * FROM `btchanges_config` WHERE `id` = 1 LIMIT 1   [ RunTime:0.0000s ]
NOTIC: [8] Undefined index: btchanges D:\www\youzuan\Application\Home\Controller\HomeController.class.php 第 61 行.
SQL: SHOW COLUMNS FROM `btchanges_coin` [ RunTime:0.0080s ]
SQL: SELECT * FROM `btchanges_coin` WHERE `status` = 1  [ RunTime:0.0000s ]
SQL: SHOW COLUMNS FROM `btchanges_market` [ RunTime:0.0080s ]
SQL: SELECT * FROM `btchanges_market` WHERE `status` = 1  [ RunTime:0.0000s ]
SQL: SHOW COLUMNS FROM `btchanges_article_type` [ RunTime:0.0080s ]
SQL: SELECT * FROM `btchanges_article_type` WHERE `status` = 1 AND `footer` = 1 AND `shang` = '' ORDER BY sort asc ,id desc LIMIT 3   [ RunTime:0.0000s ]
NOTIC: [2] unlink(./Runtime/Temp/8d5c52105dc3ee42a6160b72e33b074b.php): No such file or directory D:\www\youzuan\ThinkPHP\Library\Think\Cache\Driver\File.class.php 第 313 行.
SQL: SHOW COLUMNS FROM `btchanges_market` [ RunTime:0.0170s ]
SQL: SELECT * FROM `btchanges_market` WHERE `name` <> 'gold_cny' AND `status` = 1  [ RunTime:0.0010s ]
SQL: SHOW COLUMNS FROM `btchanges_coin` [ RunTime:0.0160s ]
SQL: SELECT `title` FROM `btchanges_coin` WHERE `name` = 'ltc' LIMIT 1   [ RunTime:0.0010s ]
SQL: SELECT `img` FROM `btchanges_coin` WHERE `name` = 'ltc' LIMIT 1   [ RunTime:0.0000s ]
INFO: [ view_parse ] --START--
INFO: [ template_filter ] --START--
INFO: Run Behavior\ContentReplaceBehavior [ RunTime:0.000000s ]
INFO: [ template_filter ] --END-- [ RunTime:0.000000s ]
INFO: Run Behavior\ParseTemplateBehavior [ RunTime:0.019001s ]
INFO: [ view_parse ] --END-- [ RunTime:0.020001s ]
INFO: [ view_filter ] --START--
INFO: Run Behavior\WriteHtmlCacheBehavior [ RunTime:0.000000s ]
INFO: [ view_filter ] --END-- [ RunTime:0.000000s ]
INFO: [ app_end ] --START--
INFO: Run Behavior\ShowPageTraceBehavior [ RunTime:0.001000s ]
INFO: [ app_end ] --END-- [ RunTime:0.001000s ]

[ 2018-08-14T19:01:03+08:00 ] 127.0.0.1 /Upload/coin/5b303e7d842c7.png
INFO: [ app_init ] --START--
INFO: Run Behavior\BuildLiteBehavior [ RunTime:0.000000s ]
INFO: [ app_init ] --END-- [ RunTime:0.002000s ]

[ 2018-08-14T19:01:05+08:00 ] 127.0.0.1 /Trade/index.html
INFO: [ app_init ] --START--
INFO: Run Behavior\BuildLiteBehavior [ RunTime:0.000000s ]
INFO: [ app_init ] --END-- [ RunTime:0.002000s ]
INFO: [ app_begin ] --START--
INFO: Run Behavior\ReadHtmlCacheBehavior [ RunTime:0.000000s ]
INFO: Run Behavior\CheckLangBehavior [ RunTime:0.000000s ]
INFO: [ app_begin ] --END-- [ RunTime:0.001000s ]
NOTIC: [2048] Declaration of Home\Controller\TradeController::show() should be compatible with Think\Controller::show($content, $charset = '', $contentType = '', $prefix = '') D:\www\youzuan\Application\Home\Controller\TradeController.class.php 第 4 行.
SQL: SHOW COLUMNS FROM `btchanges_user` [ RunTime:0.0090s ]
SQL: SELECT * FROM `btchanges_user` WHERE ( id = 101632 ) LIMIT 1   [ RunTime:0.0000s ]
SQL: SHOW COLUMNS FROM `btchanges_user_coin` [ RunTime:0.0160s ]
SQL: SELECT * FROM `btchanges_user_coin` WHERE `userid` = 101632 LIMIT 1   [ RunTime:0.0010s ]
SQL: SHOW COLUMNS FROM `btchanges_user` [ RunTime:0.0150s ]
SQL: SELECT * FROM `btchanges_user` WHERE `id` = 101632 LIMIT 1   [ RunTime:0.0000s ]
SQL: SHOW COLUMNS FROM `btchanges_config` [ RunTime:0.0140s ]
SQL: SELECT * FROM `btchanges_config` WHERE `id` = 1 LIMIT 1   [ RunTime:0.0000s ]
NOTIC: [8] Undefined index: btchanges D:\www\youzuan\Application\Home\Controller\HomeController.class.php 第 61 行.
SQL: SHOW COLUMNS FROM `btchanges_coin` [ RunTime:0.0140s ]
SQL: SELECT * FROM `btchanges_coin` WHERE `status` = 1  [ RunTime:0.0000s ]
SQL: SHOW COLUMNS FROM `btchanges_market` [ RunTime:0.0140s ]
SQL: SELECT * FROM `btchanges_market` WHERE `status` = 1  [ RunTime:0.0000s ]
SQL: SHOW COLUMNS FROM `btchanges_article_type` [ RunTime:0.0130s ]
SQL: SELECT * FROM `btchanges_article_type` WHERE `status` = 1 AND `footer` = 1 AND `shang` = '' ORDER BY sort asc ,id desc LIMIT 3   [ RunTime:0.0010s ]
NOTIC: [2] unlink(./Runtime/Temp/8d5c52105dc3ee42a6160b72e33b074b.php): No such file or directory D:\www\youzuan\ThinkPHP\Library\Think\Cache\Driver\File.class.php 第 313 行.
INFO: [ view_parse ] --START--
INFO: [ template_filter ] --START--
INFO: Run Behavior\ContentReplaceBehavior [ RunTime:0.000000s ]
INFO: [ template_filter ] --END-- [ RunTime:0.000000s ]
INFO: Run Behavior\ParseTemplateBehavior [ RunTime:0.014001s ]
INFO: [ view_parse ] --END-- [ RunTime:0.015001s ]
INFO: [ view_filter ] --START--
INFO: Run Behavior\WriteHtmlCacheBehavior [ RunTime:0.001000s ]
INFO: [ view_filter ] --END-- [ RunTime:0.001000s ]
INFO: [ app_end ] --START--
INFO: Run Behavior\ShowPageTraceBehavior [ RunTime:0.001000s ]
INFO: [ app_end ] --END-- [ RunTime:0.001000s ]

[ 2018-08-14T19:01:05+08:00 ] 127.0.0.1 /Trade/index.html
INFO: [ app_init ] --START--
INFO: Run Behavior\BuildLiteBehavior [ RunTime:0.000000s ]
INFO: [ app_init ] --END-- [ RunTime:0.002000s ]
INFO: [ app_begin ] --START--
INFO: Run Behavior\ReadHtmlCacheBehavior [ RunTime:0.001000s ]
INFO: Run Behavior\CheckLangBehavior [ RunTime:0.001000s ]
INFO: [ app_begin ] --END-- [ RunTime:0.002000s ]
NOTIC: [2048] Declaration of Home\Controller\TradeController::show() should be compatible with Think\Controller::show($content, $charset = '', $contentType = '', $prefix = '') D:\www\youzuan\Application\Home\Controller\TradeController.class.php 第 4 行.
SQL: SHOW COLUMNS FROM `btchanges_user` [ RunTime:0.0120s ]
SQL: SELECT * FROM `btchanges_user` WHERE ( id = 101632 ) LIMIT 1   [ RunTime:0.0000s ]
SQL: SHOW COLUMNS FROM `btchanges_user_coin` [ RunTime:0.0130s ]
SQL: SELECT * FROM `btchanges_user_coin` WHERE `userid` = 101632 LIMIT 1   [ RunTime:0.0000s ]
SQL: SHOW COLUMNS FROM `btchanges_user` [ RunTime:0.0130s ]
SQL: SELECT * FROM `btchanges_user` WHERE `id` = 101632 LIMIT 1   [ RunTime:0.0000s ]
SQL: SHOW COLUMNS FROM `btchanges_config` [ RunTime:0.0160s ]
SQL: SELECT * FROM `btchanges_config` WHERE `id` = 1 LIMIT 1   [ RunTime:0.0010s ]
NOTIC: [8] Undefined index: btchanges D:\www\youzuan\Application\Home\Controller\HomeController.class.php 第 61 行.
SQL: SHOW COLUMNS FROM `btchanges_coin` [ RunTime:0.0110s ]
SQL: SELECT * FROM `btchanges_coin` WHERE `status` = 1  [ RunTime:0.0010s ]
SQL: SHOW COLUMNS FROM `btchanges_market` [ RunTime:0.0050s ]
SQL: SELECT * FROM `btchanges_market` WHERE `status` = 1  [ RunTime:0.0000s ]
SQL: SHOW COLUMNS FROM `btchanges_article_type` [ RunTime:0.0100s ]
SQL: SELECT * FROM `btchanges_article_type` WHERE `status` = 1 AND `footer` = 1 AND `shang` = '' ORDER BY sort asc ,id desc LIMIT 3   [ RunTime:0.0000s ]
NOTIC: [2] unlink(./Runtime/Temp/8d5c52105dc3ee42a6160b72e33b074b.php): No such file or directory D:\www\youzuan\ThinkPHP\Library\Think\Cache\Driver\File.class.php 第 313 行.
INFO: [ view_parse ] --START--
INFO: [ template_filter ] --START--
INFO: Run Behavior\ContentReplaceBehavior [ RunTime:0.001000s ]
INFO: [ template_filter ] --END-- [ RunTime:0.001000s ]
INFO: Run Behavior\ParseTemplateBehavior [ RunTime:0.016001s ]
INFO: [ view_parse ] --END-- [ RunTime:0.016001s ]
INFO: [ view_filter ] --START--
INFO: Run Behavior\WriteHtmlCacheBehavior [ RunTime:0.000000s ]
INFO: [ view_filter ] --END-- [ RunTime:0.000000s ]
INFO: [ app_end ] --START--
INFO: Run Behavior\ShowPageTraceBehavior [ RunTime:0.001000s ]
INFO: [ app_end ] --END-- [ RunTime:0.001000s ]

[ 2018-08-14T19:01:07+08:00 ] 127.0.0.1 /Chart/getMarketOrdinaryJson?market=gold_cny&time=1440&t=NaN
INFO: [ app_init ] --START--
INFO: Run Behavior\BuildLiteBehavior [ RunTime:0.000000s ]
INFO: [ app_init ] --END-- [ RunTime:0.003001s ]
INFO: [ app_begin ] --START--
INFO: Run Behavior\ReadHtmlCacheBehavior [ RunTime:0.000000s ]
INFO: Run Behavior\CheckLangBehavior [ RunTime:0.001000s ]
INFO: [ app_begin ] --END-- [ RunTime:0.002000s ]
SQL: SHOW COLUMNS FROM `btchanges_user` [ RunTime:0.0140s ]
SQL: SELECT * FROM `btchanges_user` WHERE ( id = 101632 ) LIMIT 1   [ RunTime:0.0000s ]
SQL: SHOW COLUMNS FROM `btchanges_user_coin` [ RunTime:0.0120s ]
SQL: SELECT * FROM `btchanges_user_coin` WHERE `userid` = 101632 LIMIT 1   [ RunTime:0.0000s ]
SQL: SHOW COLUMNS FROM `btchanges_user` [ RunTime:0.0110s ]
SQL: SELECT * FROM `btchanges_user` WHERE `id` = 101632 LIMIT 1   [ RunTime:0.0000s ]
SQL: SHOW COLUMNS FROM `btchanges_config` [ RunTime:0.0100s ]
SQL: SELECT * FROM `btchanges_config` WHERE `id` = 1 LIMIT 1   [ RunTime:0.0010s ]
NOTIC: [8] Undefined index: btchanges D:\www\youzuan\Application\Home\Controller\HomeController.class.php 第 61 行.
SQL: SHOW COLUMNS FROM `btchanges_coin` [ RunTime:0.0140s ]
SQL: SELECT * FROM `btchanges_coin` WHERE `status` = 1  [ RunTime:0.0010s ]
SQL: SHOW COLUMNS FROM `btchanges_market` [ RunTime:0.0150s ]
SQL: SELECT * FROM `btchanges_market` WHERE `status` = 1  [ RunTime:0.0010s ]
SQL: SHOW COLUMNS FROM `btchanges_article_type` [ RunTime:0.0190s ]
SQL: SELECT * FROM `btchanges_article_type` WHERE `status` = 1 AND `footer` = 1 AND `shang` = '' ORDER BY sort asc ,id desc LIMIT 3   [ RunTime:0.0010s ]
NOTIC: [2] unlink(./Runtime/Temp/8d5c52105dc3ee42a6160b72e33b074b.php): No such file or directory D:\www\youzuan\ThinkPHP\Library\Think\Cache\Driver\File.class.php 第 313 行.
SQL: SHOW COLUMNS FROM `btchanges_trade_json` [ RunTime:0.0110s ]
SQL: SELECT * FROM `btchanges_trade_json` WHERE `market` = 'gold_cny' AND `type` = '1440' AND `data` <> '' ORDER BY id desc LIMIT 100   [ RunTime:0.0060s ]

[ 2018-08-14T19:01:07+08:00 ] 127.0.0.1 /Ajax/getDepth?market=gold_cny&trade_moshi=1&t=0.8734893830932748
INFO: [ app_init ] --START--
INFO: Run Behavior\BuildLiteBehavior [ RunTime:0.000000s ]
INFO: [ app_init ] --END-- [ RunTime:0.002000s ]
INFO: [ app_begin ] --START--
INFO: Run Behavior\ReadHtmlCacheBehavior [ RunTime:0.001000s ]
INFO: Run Behavior\CheckLangBehavior [ RunTime:0.001000s ]
INFO: [ app_begin ] --END-- [ RunTime:0.002000s ]
SQL: SHOW COLUMNS FROM `btchanges_user` [ RunTime:0.0140s ]
SQL: SELECT * FROM `btchanges_user` WHERE ( id = 101632 ) LIMIT 1   [ RunTime:0.0000s ]
SQL: SHOW COLUMNS FROM `btchanges_user_coin` [ RunTime:0.0130s ]
SQL: SELECT * FROM `btchanges_user_coin` WHERE `userid` = 101632 LIMIT 1   [ RunTime:0.0010s ]
SQL: SHOW COLUMNS FROM `btchanges_user` [ RunTime:0.0350s ]
SQL: SELECT * FROM `btchanges_user` WHERE `id` = 101632 LIMIT 1   [ RunTime:0.0000s ]
SQL: SHOW COLUMNS FROM `btchanges_config` [ RunTime:0.0080s ]
SQL: SELECT * FROM `btchanges_config` WHERE `id` = 1 LIMIT 1   [ RunTime:0.0010s ]
NOTIC: [8] Undefined index: btchanges D:\www\youzuan\Application\Home\Controller\HomeController.class.php 第 61 行.
SQL: SHOW COLUMNS FROM `btchanges_coin` [ RunTime:0.0090s ]
SQL: SELECT * FROM `btchanges_coin` WHERE `status` = 1  [ RunTime:0.0000s ]
SQL: SHOW COLUMNS FROM `btchanges_market` [ RunTime:0.0090s ]
SQL: SELECT * FROM `btchanges_market` WHERE `status` = 1  [ RunTime:0.0000s ]
SQL: SHOW COLUMNS FROM `btchanges_article_type` [ RunTime:0.0130s ]
SQL: SELECT * FROM `btchanges_article_type` WHERE `status` = 1 AND `footer` = 1 AND `shang` = '' ORDER BY sort asc ,id desc LIMIT 3   [ RunTime:0.0010s ]
NOTIC: [2] unlink(./Runtime/Temp/8d5c52105dc3ee42a6160b72e33b074b.php): No such file or directory D:\www\youzuan\ThinkPHP\Library\Think\Cache\Driver\File.class.php 第 313 行.
SQL: select id,price,sum(num-deal)as nums from btchanges_trade where status=0 and type=1 and market ='gold_cny' group by price order by price desc limit 12; [ RunTime:0.0020s ]
SQL: select id,price,sum(num-deal)as nums from btchanges_trade where status=0 and type=2 and market ='gold_cny' group by price order by price asc limit 12; [ RunTime:0.0000s ]

[ 2018-08-14T19:01:07+08:00 ] 127.0.0.1 /Ajax/getTradelog?market=gold_cny&t=0.4472208863172489
INFO: [ app_init ] --START--
INFO: Run Behavior\BuildLiteBehavior [ RunTime:0.000000s ]
INFO: [ app_init ] --END-- [ RunTime:0.002000s ]
INFO: [ app_begin ] --START--
INFO: Run Behavior\ReadHtmlCacheBehavior [ RunTime:0.000000s ]
INFO: Run Behavior\CheckLangBehavior [ RunTime:0.001000s ]
INFO: [ app_begin ] --END-- [ RunTime:0.001000s ]
SQL: SHOW COLUMNS FROM `btchanges_user` [ RunTime:0.0060s ]
SQL: SELECT * FROM `btchanges_user` WHERE ( id = 101632 ) LIMIT 1   [ RunTime:0.0000s ]
SQL: SHOW COLUMNS FROM `btchanges_user_coin` [ RunTime:0.0090s ]
SQL: SELECT * FROM `btchanges_user_coin` WHERE `userid` = 101632 LIMIT 1   [ RunTime:0.0010s ]
SQL: SHOW COLUMNS FROM `btchanges_user` [ RunTime:0.0150s ]
SQL: SELECT * FROM `btchanges_user` WHERE `id` = 101632 LIMIT 1   [ RunTime:0.0000s ]
SQL: SHOW COLUMNS FROM `btchanges_config` [ RunTime:0.0140s ]
SQL: SELECT * FROM `btchanges_config` WHERE `id` = 1 LIMIT 1   [ RunTime:0.0010s ]
NOTIC: [8] Undefined index: btchanges D:\www\youzuan\Application\Home\Controller\HomeController.class.php 第 61 行.
SQL: SHOW COLUMNS FROM `btchanges_coin` [ RunTime:0.0130s ]
SQL: SELECT * FROM `btchanges_coin` WHERE `status` = 1  [ RunTime:0.0010s ]
SQL: SHOW COLUMNS FROM `btchanges_market` [ RunTime:0.0160s ]
SQL: SELECT * FROM `btchanges_market` WHERE `status` = 1  [ RunTime:0.0010s ]
SQL: SHOW COLUMNS FROM `btchanges_article_type` [ RunTime:0.0130s ]
SQL: SELECT * FROM `btchanges_article_type` WHERE `status` = 1 AND `footer` = 1 AND `shang` = '' ORDER BY sort asc ,id desc LIMIT 3   [ RunTime:0.0000s ]
NOTIC: [2] unlink(./Runtime/Temp/8d5c52105dc3ee42a6160b72e33b074b.php): No such file or directory D:\www\youzuan\ThinkPHP\Library\Think\Cache\Driver\File.class.php 第 313 行.
SQL: SHOW COLUMNS FROM `btchanges_trade_log` [ RunTime:0.0100s ]
SQL: SELECT * FROM `btchanges_trade_log` WHERE `status` = 1 AND `market` = 'gold_cny' ORDER BY id desc LIMIT 50   [ RunTime:0.0040s ]

[ 2018-08-14T19:01:07+08:00 ] 127.0.0.1 /Ajax/getEntrustAndUsercoin?market=gold_cny&t=0.7782451140814375
INFO: [ app_init ] --START--
INFO: Run Behavior\BuildLiteBehavior [ RunTime:0.000000s ]
INFO: [ app_init ] --END-- [ RunTime:0.002000s ]
INFO: [ app_begin ] --START--
INFO: Run Behavior\ReadHtmlCacheBehavior [ RunTime:0.001000s ]
INFO: Run Behavior\CheckLangBehavior [ RunTime:0.001000s ]
INFO: [ app_begin ] --END-- [ RunTime:0.002000s ]
SQL: SHOW COLUMNS FROM `btchanges_user` [ RunTime:0.0080s ]
SQL: SELECT * FROM `btchanges_user` WHERE ( id = 101632 ) LIMIT 1   [ RunTime:0.0000s ]
SQL: SHOW COLUMNS FROM `btchanges_user_coin` [ RunTime:0.0150s ]
SQL: SELECT * FROM `btchanges_user_coin` WHERE `userid` = 101632 LIMIT 1   [ RunTime:0.0000s ]
SQL: SHOW COLUMNS FROM `btchanges_user` [ RunTime:0.0180s ]
SQL: SELECT * FROM `btchanges_user` WHERE `id` = 101632 LIMIT 1   [ RunTime:0.0010s ]
SQL: SHOW COLUMNS FROM `btchanges_config` [ RunTime:0.0130s ]
SQL: SELECT * FROM `btchanges_config` WHERE `id` = 1 LIMIT 1   [ RunTime:0.0010s ]
NOTIC: [8] Undefined index: btchanges D:\www\youzuan\Application\Home\Controller\HomeController.class.php 第 61 行.
SQL: SHOW COLUMNS FROM `btchanges_coin` [ RunTime:0.0110s ]
SQL: SELECT * FROM `btchanges_coin` WHERE `status` = 1  [ RunTime:0.0010s ]
SQL: SHOW COLUMNS FROM `btchanges_market` [ RunTime:0.0210s ]
SQL: SELECT * FROM `btchanges_market` WHERE `status` = 1  [ RunTime:0.0010s ]
SQL: SHOW COLUMNS FROM `btchanges_article_type` [ RunTime:0.0120s ]
SQL: SELECT * FROM `btchanges_article_type` WHERE `status` = 1 AND `footer` = 1 AND `shang` = '' ORDER BY sort asc ,id desc LIMIT 3   [ RunTime:0.0010s ]
NOTIC: [2] unlink(./Runtime/Temp/8d5c52105dc3ee42a6160b72e33b074b.php): No such file or directory D:\www\youzuan\ThinkPHP\Library\Think\Cache\Driver\File.class.php 第 313 行.
SQL: select id,price,num,deal,mum,type,fee,status,addtime from btchanges_trade where status=0 and market='gold_cny' and userid=101632 order by id desc limit 10; [ RunTime:0.0030s ]
SQL: SELECT * FROM `btchanges_user_coin` WHERE `userid` = 101632 LIMIT 1   [ RunTime:0.0010s ]

[ 2018-08-14T19:01:08+08:00 ] 127.0.0.1 /Ajax/allfinance?t=0.6263808362920342
INFO: [ app_init ] --START--
INFO: Run Behavior\BuildLiteBehavior [ RunTime:0.000000s ]
INFO: [ app_init ] --END-- [ RunTime:0.003001s ]
INFO: [ app_begin ] --START--
INFO: Run Behavior\ReadHtmlCacheBehavior [ RunTime:0.001000s ]
INFO: Run Behavior\CheckLangBehavior [ RunTime:0.000000s ]
INFO: [ app_begin ] --END-- [ RunTime:0.003000s ]
SQL: SHOW COLUMNS FROM `btchanges_user` [ RunTime:0.0140s ]
SQL: SELECT * FROM `btchanges_user` WHERE ( id = 101632 ) LIMIT 1   [ RunTime:0.0000s ]
SQL: SHOW COLUMNS FROM `btchanges_user_coin` [ RunTime:0.0140s ]
SQL: SELECT * FROM `btchanges_user_coin` WHERE `userid` = 101632 LIMIT 1   [ RunTime:0.0000s ]
SQL: SHOW COLUMNS FROM `btchanges_user` [ RunTime:0.0150s ]
SQL: SELECT * FROM `btchanges_user` WHERE `id` = 101632 LIMIT 1   [ RunTime:0.0000s ]
SQL: SHOW COLUMNS FROM `btchanges_config` [ RunTime:0.0120s ]
SQL: SELECT * FROM `btchanges_config` WHERE `id` = 1 LIMIT 1   [ RunTime:0.0010s ]
NOTIC: [8] Undefined index: btchanges D:\www\youzuan\Application\Home\Controller\HomeController.class.php 第 61 行.
SQL: SHOW COLUMNS FROM `btchanges_coin` [ RunTime:0.0140s ]
SQL: SELECT * FROM `btchanges_coin` WHERE `status` = 1  [ RunTime:0.0000s ]
SQL: SHOW COLUMNS FROM `btchanges_market` [ RunTime:0.0140s ]
SQL: SELECT * FROM `btchanges_market` WHERE `status` = 1  [ RunTime:0.0000s ]
SQL: SHOW COLUMNS FROM `btchanges_article_type` [ RunTime:0.0120s ]
SQL: SELECT * FROM `btchanges_article_type` WHERE `status` = 1 AND `footer` = 1 AND `shang` = '' ORDER BY sort asc ,id desc LIMIT 3   [ RunTime:0.0000s ]
NOTIC: [2] unlink(./Runtime/Temp/8d5c52105dc3ee42a6160b72e33b074b.php): No such file or directory D:\www\youzuan\ThinkPHP\Library\Think\Cache\Driver\File.class.php 第 313 行.
SQL: SELECT * FROM `btchanges_user_coin` WHERE `userid` = 101632 LIMIT 1   [ RunTime:0.0000s ]
NOTIC: [8] Undefined index: btc_cny D:\www\youzuan\Application\Home\Controller\AjaxController.class.php 第 41 行.
NOTIC: [8] Undefined index: btc D:\www\youzuan\Application\Home\Controller\AjaxController.class.php 第 47 行.
NOTIC: [8] Undefined index: btcd D:\www\youzuan\Application\Home\Controller\AjaxController.class.php 第 47 行.
NOTIC: [8] Undefined index: ltc_cny D:\www\youzuan\Application\Home\Controller\AjaxController.class.php 第 41 行.
NOTIC: [8] Undefined index: ltc D:\www\youzuan\Application\Home\Controller\AjaxController.class.php 第 47 行.
NOTIC: [8] Undefined index: ltcd D:\www\youzuan\Application\Home\Controller\AjaxController.class.php 第 47 行.
NOTIC: [8] Undefined index: eth_cny D:\www\youzuan\Application\Home\Controller\AjaxController.class.php 第 41 行.
NOTIC: [8] Undefined index: eth D:\www\youzuan\Application\Home\Controller\AjaxController.class.php 第 47 行.
NOTIC: [8] Undefined index: ethd D:\www\youzuan\Application\Home\Controller\AjaxController.class.php 第 47 行.
NOTIC: [8] Undefined index: bch_cny D:\www\youzuan\Application\Home\Controller\AjaxController.class.php 第 41 行.
NOTIC: [8] Undefined index: bch D:\www\youzuan\Application\Home\Controller\AjaxController.class.php 第 47 行.
NOTIC: [8] Undefined index: bchd D:\www\youzuan\Application\Home\Controller\AjaxController.class.php 第 47 行.
NOTIC: [8] Undefined index: blue_cny D:\www\youzuan\Application\Home\Controller\AjaxController.class.php 第 41 行.

[ 2018-08-14T19:01:08+08:00 ] 127.0.0.1 /Ajax/gethongbao
INFO: [ app_init ] --START--
INFO: Run Behavior\BuildLiteBehavior [ RunTime:0.000000s ]
INFO: [ app_init ] --END-- [ RunTime:0.002000s ]
INFO: [ app_begin ] --START--
INFO: Run Behavior\ReadHtmlCacheBehavior [ RunTime:0.001000s ]
INFO: Run Behavior\CheckLangBehavior [ RunTime:0.001000s ]
INFO: [ app_begin ] --END-- [ RunTime:0.002000s ]
SQL: SHOW COLUMNS FROM `btchanges_user` [ RunTime:0.0110s ]
SQL: SELECT * FROM `btchanges_user` WHERE ( id = 101632 ) LIMIT 1   [ RunTime:0.0000s ]
SQL: SHOW COLUMNS FROM `btchanges_user_coin` [ RunTime:0.0090s ]
SQL: SELECT * FROM `btchanges_user_coin` WHERE `userid` = 101632 LIMIT 1   [ RunTime:0.0010s ]
SQL: SHOW COLUMNS FROM `btchanges_user` [ RunTime:0.0120s ]
SQL: SELECT * FROM `btchanges_user` WHERE `id` = 101632 LIMIT 1   [ RunTime:0.0010s ]
SQL: SHOW COLUMNS FROM `btchanges_config` [ RunTime:0.0130s ]
SQL: SELECT * FROM `btchanges_config` WHERE `id` = 1 LIMIT 1   [ RunTime:0.0020s ]
NOTIC: [8] Undefined index: btchanges D:\www\youzuan\Application\Home\Controller\HomeController.class.php 第 61 行.
SQL: SHOW COLUMNS FROM `btchanges_coin` [ RunTime:0.0140s ]
SQL: SELECT * FROM `btchanges_coin` WHERE `status` = 1  [ RunTime:0.0010s ]
SQL: SHOW COLUMNS FROM `btchanges_market` [ RunTime:0.0180s ]
SQL: SELECT * FROM `btchanges_market` WHERE `status` = 1  [ RunTime:0.0000s ]
SQL: SHOW COLUMNS FROM `btchanges_article_type` [ RunTime:0.0130s ]
SQL: SELECT * FROM `btchanges_article_type` WHERE `status` = 1 AND `footer` = 1 AND `shang` = '' ORDER BY sort asc ,id desc LIMIT 3   [ RunTime:0.0000s ]
NOTIC: [2] unlink(./Runtime/Temp/8d5c52105dc3ee42a6160b72e33b074b.php): No such file or directory D:\www\youzuan\ThinkPHP\Library\Think\Cache\Driver\File.class.php 第 313 行.
SQL: SHOW COLUMNS FROM `btchanges_redreward` [ RunTime:0.0130s ]
SQL: SELECT * FROM `btchanges_redreward` WHERE `status` = 0 LIMIT 10   [ RunTime:0.0010s ]

[ 2018-08-14T19:01:08+08:00 ] 127.0.0.1 /Ajax/getJsonTop?market=gold_cny&t=0.45777203137584777
INFO: [ app_init ] --START--
INFO: Run Behavior\BuildLiteBehavior [ RunTime:0.000000s ]
INFO: [ app_init ] --END-- [ RunTime:0.003000s ]
INFO: [ app_begin ] --START--
INFO: Run Behavior\ReadHtmlCacheBehavior [ RunTime:0.001000s ]
INFO: Run Behavior\CheckLangBehavior [ RunTime:0.001000s ]
INFO: [ app_begin ] --END-- [ RunTime:0.002000s ]
SQL: SHOW COLUMNS FROM `btchanges_user` [ RunTime:0.0120s ]
SQL: SELECT * FROM `btchanges_user` WHERE ( id = 101632 ) LIMIT 1   [ RunTime:0.0000s ]
SQL: SHOW COLUMNS FROM `btchanges_user_coin` [ RunTime:0.0150s ]
SQL: SELECT * FROM `btchanges_user_coin` WHERE `userid` = 101632 LIMIT 1   [ RunTime:0.0010s ]
SQL: SHOW COLUMNS FROM `btchanges_user` [ RunTime:0.0130s ]
SQL: SELECT * FROM `btchanges_user` WHERE `id` = 101632 LIMIT 1   [ RunTime:0.0000s ]
SQL: SHOW COLUMNS FROM `btchanges_config` [ RunTime:0.0140s ]
SQL: SELECT * FROM `btchanges_config` WHERE `id` = 1 LIMIT 1   [ RunTime:0.0010s ]
NOTIC: [8] Undefined index: btchanges D:\www\youzuan\Application\Home\Controller\HomeController.class.php 第 61 行.
SQL: SHOW COLUMNS FROM `btchanges_coin` [ RunTime:0.0130s ]
SQL: SELECT * FROM `btchanges_coin` WHERE `status` = 1  [ RunTime:0.0010s ]
SQL: SHOW COLUMNS FROM `btchanges_market` [ RunTime:0.0120s ]
SQL: SELECT * FROM `btchanges_market` WHERE `status` = 1  [ RunTime:0.0000s ]
SQL: SHOW COLUMNS FROM `btchanges_article_type` [ RunTime:0.0110s ]
SQL: SELECT * FROM `btchanges_article_type` WHERE `status` = 1 AND `footer` = 1 AND `shang` = '' ORDER BY sort asc ,id desc LIMIT 3   [ RunTime:0.0000s ]
NOTIC: [2] unlink(./Runtime/Temp/8d5c52105dc3ee42a6160b72e33b074b.php): No such file or directory D:\www\youzuan\ThinkPHP\Library\Think\Cache\Driver\File.class.php 第 313 行.

[ 2018-08-14T19:01:12+08:00 ] 127.0.0.1 /Ajax/getTradelog?market=gold_cny&t=0.16423876111414493
INFO: [ app_init ] --START--
INFO: Run Behavior\BuildLiteBehavior [ RunTime:0.000000s ]
INFO: [ app_init ] --END-- [ RunTime:0.002000s ]
INFO: [ app_begin ] --START--
INFO: Run Behavior\ReadHtmlCacheBehavior [ RunTime:0.001000s ]
INFO: Run Behavior\CheckLangBehavior [ RunTime:0.001000s ]
INFO: [ app_begin ] --END-- [ RunTime:0.002000s ]
SQL: SHOW COLUMNS FROM `btchanges_user` [ RunTime:0.0170s ]
SQL: SELECT * FROM `btchanges_user` WHERE ( id = 101632 ) LIMIT 1   [ RunTime:0.0010s ]
SQL: SHOW COLUMNS FROM `btchanges_user_coin` [ RunTime:0.0400s ]
SQL: SELECT * FROM `btchanges_user_coin` WHERE `userid` = 101632 LIMIT 1   [ RunTime:0.0010s ]
SQL: SHOW COLUMNS FROM `btchanges_user` [ RunTime:0.0110s ]
SQL: SELECT * FROM `btchanges_user` WHERE `id` = 101632 LIMIT 1   [ RunTime:0.0000s ]
SQL: SHOW COLUMNS FROM `btchanges_config` [ RunTime:0.0140s ]
SQL: SELECT * FROM `btchanges_config` WHERE `id` = 1 LIMIT 1   [ RunTime:0.0000s ]
NOTIC: [8] Undefined index: btchanges D:\www\youzuan\Application\Home\Controller\HomeController.class.php 第 61 行.
SQL: SHOW COLUMNS FROM `btchanges_coin` [ RunTime:0.0110s ]
SQL: SELECT * FROM `btchanges_coin` WHERE `status` = 1  [ RunTime:0.0000s ]
SQL: SHOW COLUMNS FROM `btchanges_market` [ RunTime:0.0140s ]
SQL: SELECT * FROM `btchanges_market` WHERE `status` = 1  [ RunTime:0.0010s ]
SQL: SHOW COLUMNS FROM `btchanges_article_type` [ RunTime:0.0130s ]
SQL: SELECT * FROM `btchanges_article_type` WHERE `status` = 1 AND `footer` = 1 AND `shang` = '' ORDER BY sort asc ,id desc LIMIT 3   [ RunTime:0.0000s ]
NOTIC: [2] unlink(./Runtime/Temp/8d5c52105dc3ee42a6160b72e33b074b.php): No such file or directory D:\www\youzuan\ThinkPHP\Library\Think\Cache\Driver\File.class.php 第 313 行.
SQL: SHOW COLUMNS FROM `btchanges_trade_log` [ RunTime:0.0140s ]
SQL: SELECT * FROM `btchanges_trade_log` WHERE `status` = 1 AND `market` = 'gold_cny' ORDER BY id desc LIMIT 50   [ RunTime:0.0000s ]

[ 2018-08-14T19:01:12+08:00 ] 127.0.0.1 /Ajax/getEntrustAndUsercoin?market=gold_cny&t=0.8382145030125565
INFO: [ app_init ] --START--
INFO: Run Behavior\BuildLiteBehavior [ RunTime:0.000000s ]
INFO: [ app_init ] --END-- [ RunTime:0.002000s ]
INFO: [ app_begin ] --START--
INFO: Run Behavior\ReadHtmlCacheBehavior [ RunTime:0.001000s ]
INFO: Run Behavior\CheckLangBehavior [ RunTime:0.001000s ]
INFO: [ app_begin ] --END-- [ RunTime:0.002000s ]
SQL: SHOW COLUMNS FROM `btchanges_user` [ RunTime:0.0090s ]
SQL: SELECT * FROM `btchanges_user` WHERE ( id = 101632 ) LIMIT 1   [ RunTime:0.0020s ]
SQL: SHOW COLUMNS FROM `btchanges_user_coin` [ RunTime:0.0060s ]
SQL: SELECT * FROM `btchanges_user_coin` WHERE `userid` = 101632 LIMIT 1   [ RunTime:0.0000s ]
SQL: SHOW COLUMNS FROM `btchanges_user` [ RunTime:0.0070s ]
SQL: SELECT * FROM `btchanges_user` WHERE `id` = 101632 LIMIT 1   [ RunTime:0.0010s ]
SQL: SHOW COLUMNS FROM `btchanges_config` [ RunTime:0.0080s ]
SQL: SELECT * FROM `btchanges_config` WHERE `id` = 1 LIMIT 1   [ RunTime:0.0010s ]
NOTIC: [8] Undefined index: btchanges D:\www\youzuan\Application\Home\Controller\HomeController.class.php 第 61 行.
SQL: SHOW COLUMNS FROM `btchanges_coin` [ RunTime:0.0120s ]
SQL: SELECT * FROM `btchanges_coin` WHERE `status` = 1  [ RunTime:0.0000s ]
SQL: SHOW COLUMNS FROM `btchanges_market` [ RunTime:0.0070s ]
SQL: SELECT * FROM `btchanges_market` WHERE `status` = 1  [ RunTime:0.0020s ]
SQL: SHOW COLUMNS FROM `btchanges_article_type` [ RunTime:0.0090s ]
SQL: SELECT * FROM `btchanges_article_type` WHERE `status` = 1 AND `footer` = 1 AND `shang` = '' ORDER BY sort asc ,id desc LIMIT 3   [ RunTime:0.0010s ]
NOTIC: [2] unlink(./Runtime/Temp/8d5c52105dc3ee42a6160b72e33b074b.php): No such file or directory D:\www\youzuan\ThinkPHP\Library\Think\Cache\Driver\File.class.php 第 313 行.
SQL: select id,price,num,deal,mum,type,fee,status,addtime from btchanges_trade where status=0 and market='gold_cny' and userid=101632 order by id desc limit 10; [ RunTime:0.0020s ]
SQL: SELECT * FROM `btchanges_user_coin` WHERE `userid` = 101632 LIMIT 1   [ RunTime:0.0000s ]

[ 2018-08-14T19:01:12+08:00 ] 127.0.0.1 /Ajax/gethongbao
INFO: [ app_init ] --START--
INFO: Run Behavior\BuildLiteBehavior [ RunTime:0.000000s ]
INFO: [ app_init ] --END-- [ RunTime:0.002000s ]
INFO: [ app_begin ] --START--
INFO: Run Behavior\ReadHtmlCacheBehavior [ RunTime:0.000000s ]
INFO: Run Behavior\CheckLangBehavior [ RunTime:0.001000s ]
INFO: [ app_begin ] --END-- [ RunTime:0.002000s ]
SQL: SHOW COLUMNS FROM `btchanges_user` [ RunTime:0.0120s ]
SQL: SELECT * FROM `btchanges_user` WHERE ( id = 101632 ) LIMIT 1   [ RunTime:0.0010s ]
SQL: SHOW COLUMNS FROM `btchanges_user_coin` [ RunTime:0.0110s ]
SQL: SELECT * FROM `btchanges_user_coin` WHERE `userid` = 101632 LIMIT 1   [ RunTime:0.0000s ]
SQL: SHOW COLUMNS FROM `btchanges_user` [ RunTime:0.0140s ]
SQL: SELECT * FROM `btchanges_user` WHERE `id` = 101632 LIMIT 1   [ RunTime:0.0000s ]
SQL: SHOW COLUMNS FROM `btchanges_config` [ RunTime:0.0130s ]
SQL: SELECT * FROM `btchanges_config` WHERE `id` = 1 LIMIT 1   [ RunTime:0.0010s ]
NOTIC: [8] Undefined index: btchanges D:\www\youzuan\Application\Home\Controller\HomeController.class.php 第 61 行.
SQL: SHOW COLUMNS FROM `btchanges_coin` [ RunTime:0.0130s ]
SQL: SELECT * FROM `btchanges_coin` WHERE `status` = 1  [ RunTime:0.0010s ]
SQL: SHOW COLUMNS FROM `btchanges_market` [ RunTime:0.0120s ]
SQL: SELECT * FROM `btchanges_market` WHERE `status` = 1  [ RunTime:0.0010s ]
SQL: SHOW COLUMNS FROM `btchanges_article_type` [ RunTime:0.0110s ]
SQL: SELECT * FROM `btchanges_article_type` WHERE `status` = 1 AND `footer` = 1 AND `shang` = '' ORDER BY sort asc ,id desc LIMIT 3   [ RunTime:0.0000s ]
NOTIC: [2] unlink(./Runtime/Temp/8d5c52105dc3ee42a6160b72e33b074b.php): No such file or directory D:\www\youzuan\ThinkPHP\Library\Think\Cache\Driver\File.class.php 第 313 行.
SQL: SHOW COLUMNS FROM `btchanges_redreward` [ RunTime:0.0130s ]
SQL: SELECT * FROM `btchanges_redreward` WHERE `status` = 0 LIMIT 10   [ RunTime:0.0000s ]

[ 2018-08-14T19:01:12+08:00 ] 127.0.0.1 /Ajax/allfinance?t=0.16110080618550193
INFO: [ app_init ] --START--
INFO: Run Behavior\BuildLiteBehavior [ RunTime:0.000000s ]
INFO: [ app_init ] --END-- [ RunTime:0.002000s ]
INFO: [ app_begin ] --START--
INFO: Run Behavior\ReadHtmlCacheBehavior [ RunTime:0.000000s ]
INFO: Run Behavior\CheckLangBehavior [ RunTime:0.001000s ]
INFO: [ app_begin ] --END-- [ RunTime:0.001000s ]
SQL: SHOW COLUMNS FROM `btchanges_user` [ RunTime:0.0090s ]
SQL: SELECT * FROM `btchanges_user` WHERE ( id = 101632 ) LIMIT 1   [ RunTime:0.0010s ]
SQL: SHOW COLUMNS FROM `btchanges_user_coin` [ RunTime:0.0090s ]
SQL: SELECT * FROM `btchanges_user_coin` WHERE `userid` = 101632 LIMIT 1   [ RunTime:0.0010s ]
SQL: SHOW COLUMNS FROM `btchanges_user` [ RunTime:0.0130s ]
SQL: SELECT * FROM `btchanges_user` WHERE `id` = 101632 LIMIT 1   [ RunTime:0.0010s ]
SQL: SHOW COLUMNS FROM `btchanges_config` [ RunTime:0.0130s ]
SQL: SELECT * FROM `btchanges_config` WHERE `id` = 1 LIMIT 1   [ RunTime:0.0010s ]
NOTIC: [8] Undefined index: btchanges D:\www\youzuan\Application\Home\Controller\HomeController.class.php 第 61 行.
SQL: SHOW COLUMNS FROM `btchanges_coin` [ RunTime:0.0120s ]
SQL: SELECT * FROM `btchanges_coin` WHERE `status` = 1  [ RunTime:0.0000s ]
SQL: SHOW COLUMNS FROM `btchanges_market` [ RunTime:0.0110s ]
SQL: SELECT * FROM `btchanges_market` WHERE `status` = 1  [ RunTime:0.0010s ]
SQL: SHOW COLUMNS FROM `btchanges_article_type` [ RunTime:0.0080s ]
SQL: SELECT * FROM `btchanges_article_type` WHERE `status` = 1 AND `footer` = 1 AND `shang` = '' ORDER BY sort asc ,id desc LIMIT 3   [ RunTime:0.0010s ]
NOTIC: [2] unlink(./Runtime/Temp/8d5c52105dc3ee42a6160b72e33b074b.php): No such file or directory D:\www\youzuan\ThinkPHP\Library\Think\Cache\Driver\File.class.php 第 313 行.
SQL: SELECT * FROM `btchanges_user_coin` WHERE `userid` = 101632 LIMIT 1   [ RunTime:0.0010s ]
NOTIC: [8] Undefined index: btc_cny D:\www\youzuan\Application\Home\Controller\AjaxController.class.php 第 41 行.
NOTIC: [8] Undefined index: btc D:\www\youzuan\Application\Home\Controller\AjaxController.class.php 第 47 行.
NOTIC: [8] Undefined index: btcd D:\www\youzuan\Application\Home\Controller\AjaxController.class.php 第 47 行.
NOTIC: [8] Undefined index: ltc_cny D:\www\youzuan\Application\Home\Controller\AjaxController.class.php 第 41 行.
NOTIC: [8] Undefined index: ltc D:\www\youzuan\Application\Home\Controller\AjaxController.class.php 第 47 行.
NOTIC: [8] Undefined index: ltcd D:\www\youzuan\Application\Home\Controller\AjaxController.class.php 第 47 行.
NOTIC: [8] Undefined index: eth_cny D:\www\youzuan\Application\Home\Controller\AjaxController.class.php 第 41 行.
NOTIC: [8] Undefined index: eth D:\www\youzuan\Application\Home\Controller\AjaxController.class.php 第 47 行.
NOTIC: [8] Undefined index: ethd D:\www\youzuan\Application\Home\Controller\AjaxController.class.php 第 47 行.
NOTIC: [8] Undefined index: bch_cny D:\www\youzuan\Application\Home\Controller\AjaxController.class.php 第 41 行.
NOTIC: [8] Undefined index: bch D:\www\youzuan\Application\Home\Controller\AjaxController.class.php 第 47 行.
NOTIC: [8] Undefined index: bchd D:\www\youzuan\Application\Home\Controller\AjaxController.class.php 第 47 行.
NOTIC: [8] Undefined index: blue_cny D:\www\youzuan\Application\Home\Controller\AjaxController.class.php 第 41 行.

[ 2018-08-14T19:01:13+08:00 ] 127.0.0.1 /Ajax/getJsonTop?market=gold_cny&t=0.5833624343489698
INFO: [ app_init ] --START--
INFO: Run Behavior\BuildLiteBehavior [ RunTime:0.000000s ]
INFO: [ app_init ] --END-- [ RunTime:0.002001s ]
INFO: [ app_begin ] --START--
INFO: Run Behavior\ReadHtmlCacheBehavior [ RunTime:0.000000s ]
INFO: Run Behavior\CheckLangBehavior [ RunTime:0.001000s ]
INFO: [ app_begin ] --END-- [ RunTime:0.001000s ]
SQL: SHOW COLUMNS FROM `btchanges_user` [ RunTime:0.0090s ]
SQL: SELECT * FROM `btchanges_user` WHERE ( id = 101632 ) LIMIT 1   [ RunTime:0.0000s ]
SQL: SHOW COLUMNS FROM `btchanges_user_coin` [ RunTime:0.0080s ]
SQL: SELECT * FROM `btchanges_user_coin` WHERE `userid` = 101632 LIMIT 1   [ RunTime:0.0000s ]
SQL: SHOW COLUMNS FROM `btchanges_user` [ RunTime:0.0110s ]
SQL: SELECT * FROM `btchanges_user` WHERE `id` = 101632 LIMIT 1   [ RunTime:0.0000s ]
SQL: SHOW COLUMNS FROM `btchanges_config` [ RunTime:0.0140s ]
SQL: SELECT * FROM `btchanges_config` WHERE `id` = 1 LIMIT 1   [ RunTime:0.0010s ]
NOTIC: [8] Undefined index: btchanges D:\www\youzuan\Application\Home\Controller\HomeController.class.php 第 61 行.
SQL: SHOW COLUMNS FROM `btchanges_coin` [ RunTime:0.0120s ]
SQL: SELECT * FROM `btchanges_coin` WHERE `status` = 1  [ RunTime:0.0000s ]
SQL: SHOW COLUMNS FROM `btchanges_market` [ RunTime:0.0120s ]
SQL: SELECT * FROM `btchanges_market` WHERE `status` = 1  [ RunTime:0.0010s ]
SQL: SHOW COLUMNS FROM `btchanges_article_type` [ RunTime:0.0150s ]
SQL: SELECT * FROM `btchanges_article_type` WHERE `status` = 1 AND `footer` = 1 AND `shang` = '' ORDER BY sort asc ,id desc LIMIT 3   [ RunTime:0.0010s ]
NOTIC: [2] unlink(./Runtime/Temp/8d5c52105dc3ee42a6160b72e33b074b.php): No such file or directory D:\www\youzuan\ThinkPHP\Library\Think\Cache\Driver\File.class.php 第 313 行.

[ 2018-08-14T19:01:13+08:00 ] 127.0.0.1 /Chart/getMarketOrdinaryJson?market=gold_cny&time=1440&t=NaN
INFO: [ app_init ] --START--
INFO: Run Behavior\BuildLiteBehavior [ RunTime:0.000000s ]
INFO: [ app_init ] --END-- [ RunTime:0.002000s ]
INFO: [ app_begin ] --START--
INFO: Run Behavior\ReadHtmlCacheBehavior [ RunTime:0.001000s ]
INFO: Run Behavior\CheckLangBehavior [ RunTime:0.000000s ]
INFO: [ app_begin ] --END-- [ RunTime:0.001000s ]
SQL: SHOW COLUMNS FROM `btchanges_user` [ RunTime:0.0120s ]
SQL: SELECT * FROM `btchanges_user` WHERE ( id = 101632 ) LIMIT 1   [ RunTime:0.0010s ]
SQL: SHOW COLUMNS FROM `btchanges_user_coin` [ RunTime:0.0120s ]
SQL: SELECT * FROM `btchanges_user_coin` WHERE `userid` = 101632 LIMIT 1   [ RunTime:0.0000s ]
SQL: SHOW COLUMNS FROM `btchanges_user` [ RunTime:0.0090s ]
SQL: SELECT * FROM `btchanges_user` WHERE `id` = 101632 LIMIT 1   [ RunTime:0.0020s ]
SQL: SHOW COLUMNS FROM `btchanges_config` [ RunTime:0.0070s ]
SQL: SELECT * FROM `btchanges_config` WHERE `id` = 1 LIMIT 1   [ RunTime:0.0000s ]
NOTIC: [8] Undefined index: btchanges D:\www\youzuan\Application\Home\Controller\HomeController.class.php 第 61 行.
SQL: SHOW COLUMNS FROM `btchanges_coin` [ RunTime:0.0060s ]
SQL: SELECT * FROM `btchanges_coin` WHERE `status` = 1  [ RunTime:0.0010s ]
SQL: SHOW COLUMNS FROM `btchanges_market` [ RunTime:0.0190s ]
SQL: SELECT * FROM `btchanges_market` WHERE `status` = 1  [ RunTime:0.0020s ]
SQL: SHOW COLUMNS FROM `btchanges_article_type` [ RunTime:0.0160s ]
SQL: SELECT * FROM `btchanges_article_type` WHERE `status` = 1 AND `footer` = 1 AND `shang` = '' ORDER BY sort asc ,id desc LIMIT 3   [ RunTime:0.0000s ]
NOTIC: [2] unlink(./Runtime/Temp/8d5c52105dc3ee42a6160b72e33b074b.php): No such file or directory D:\www\youzuan\ThinkPHP\Library\Think\Cache\Driver\File.class.php 第 313 行.
SQL: SHOW COLUMNS FROM `btchanges_trade_json` [ RunTime:0.0180s ]
SQL: SELECT * FROM `btchanges_trade_json` WHERE `market` = 'gold_cny' AND `type` = '1440' AND `data` <> '' ORDER BY id desc LIMIT 100   [ RunTime:0.0060s ]

[ 2018-08-14T19:01:13+08:00 ] 127.0.0.1 /Ajax/getDepth?market=gold_cny&trade_moshi=1&t=0.15411820396689313
INFO: [ app_init ] --START--
INFO: Run Behavior\BuildLiteBehavior [ RunTime:0.000000s ]
INFO: [ app_init ] --END-- [ RunTime:0.002000s ]
INFO: [ app_begin ] --START--
INFO: Run Behavior\ReadHtmlCacheBehavior [ RunTime:0.001000s ]
INFO: Run Behavior\CheckLangBehavior [ RunTime:0.001000s ]
INFO: [ app_begin ] --END-- [ RunTime:0.002000s ]
SQL: SHOW COLUMNS FROM `btchanges_user` [ RunTime:0.0140s ]
SQL: SELECT * FROM `btchanges_user` WHERE ( id = 101632 ) LIMIT 1   [ RunTime:0.0000s ]
SQL: SHOW COLUMNS FROM `btchanges_user_coin` [ RunTime:0.0130s ]
SQL: SELECT * FROM `btchanges_user_coin` WHERE `userid` = 101632 LIMIT 1   [ RunTime:0.0000s ]
SQL: SHOW COLUMNS FROM `btchanges_user` [ RunTime:0.0150s ]
SQL: SELECT * FROM `btchanges_user` WHERE `id` = 101632 LIMIT 1   [ RunTime:0.0010s ]
SQL: SHOW COLUMNS FROM `btchanges_config` [ RunTime:0.0130s ]
SQL: SELECT * FROM `btchanges_config` WHERE `id` = 1 LIMIT 1   [ RunTime:0.0030s ]
NOTIC: [8] Undefined index: btchanges D:\www\youzuan\Application\Home\Controller\HomeController.class.php 第 61 行.
SQL: SHOW COLUMNS FROM `btchanges_coin` [ RunTime:0.0160s ]
SQL: SELECT * FROM `btchanges_coin` WHERE `status` = 1  [ RunTime:0.0010s ]
SQL: SHOW COLUMNS FROM `btchanges_market` [ RunTime:0.0130s ]
SQL: SELECT * FROM `btchanges_market` WHERE `status` = 1  [ RunTime:0.0000s ]
SQL: SHOW COLUMNS FROM `btchanges_article_type` [ RunTime:0.0120s ]
SQL: SELECT * FROM `btchanges_article_type` WHERE `status` = 1 AND `footer` = 1 AND `shang` = '' ORDER BY sort asc ,id desc LIMIT 3   [ RunTime:0.0000s ]
NOTIC: [2] unlink(./Runtime/Temp/8d5c52105dc3ee42a6160b72e33b074b.php): No such file or directory D:\www\youzuan\ThinkPHP\Library\Think\Cache\Driver\File.class.php 第 313 行.
SQL: select id,price,sum(num-deal)as nums from btchanges_trade where status=0 and type=1 and market ='gold_cny' group by price order by price desc limit 12; [ RunTime:0.0020s ]
SQL: select id,price,sum(num-deal)as nums from btchanges_trade where status=0 and type=2 and market ='gold_cny' group by price order by price asc limit 12; [ RunTime:0.0000s ]

[ 2018-08-14T19:01:15+08:00 ] 127.0.0.1 /index/index.html
INFO: [ app_init ] --START--
INFO: Run Behavior\BuildLiteBehavior [ RunTime:0.000000s ]
INFO: [ app_init ] --END-- [ RunTime:0.002000s ]
INFO: [ app_begin ] --START--
INFO: Run Behavior\ReadHtmlCacheBehavior [ RunTime:0.000000s ]
INFO: Run Behavior\CheckLangBehavior [ RunTime:0.001000s ]
INFO: [ app_begin ] --END-- [ RunTime:0.002000s ]
SQL: SHOW COLUMNS FROM `btchanges_user` [ RunTime:0.0120s ]
SQL: SELECT * FROM `btchanges_user` WHERE ( id = 101632 ) LIMIT 1   [ RunTime:0.0000s ]
SQL: SHOW COLUMNS FROM `btchanges_user_coin` [ RunTime:0.0160s ]
SQL: SELECT * FROM `btchanges_user_coin` WHERE `userid` = 101632 LIMIT 1   [ RunTime:0.0010s ]
SQL: SHOW COLUMNS FROM `btchanges_user` [ RunTime:0.0130s ]
SQL: SELECT * FROM `btchanges_user` WHERE `id` = 101632 LIMIT 1   [ RunTime:0.0000s ]
SQL: SHOW COLUMNS FROM `btchanges_config` [ RunTime:0.0150s ]
SQL: SELECT * FROM `btchanges_config` WHERE `id` = 1 LIMIT 1   [ RunTime:0.0010s ]
NOTIC: [8] Undefined index: btchanges D:\www\youzuan\Application\Home\Controller\HomeController.class.php 第 61 行.
SQL: SHOW COLUMNS FROM `btchanges_coin` [ RunTime:0.0150s ]
SQL: SELECT * FROM `btchanges_coin` WHERE `status` = 1  [ RunTime:0.0010s ]
SQL: SHOW COLUMNS FROM `btchanges_market` [ RunTime:0.0120s ]
SQL: SELECT * FROM `btchanges_market` WHERE `status` = 1  [ RunTime:0.0000s ]
SQL: SHOW COLUMNS FROM `btchanges_article_type` [ RunTime:0.0090s ]
SQL: SELECT * FROM `btchanges_article_type` WHERE `status` = 1 AND `footer` = 1 AND `shang` = '' ORDER BY sort asc ,id desc LIMIT 3   [ RunTime:0.0010s ]
NOTIC: [2] unlink(./Runtime/Temp/8d5c52105dc3ee42a6160b72e33b074b.php): No such file or directory D:\www\youzuan\ThinkPHP\Library\Think\Cache\Driver\File.class.php 第 313 行.
SQL: SHOW COLUMNS FROM `btchanges_issue` [ RunTime:0.0120s ]
SQL: SELECT * FROM `btchanges_issue` WHERE `status` = 1 LIMIT 1   [ RunTime:0.0010s ]
SQL: SELECT * FROM `btchanges_config` WHERE `id` = 1 LIMIT 1   [ RunTime:0.0010s ]
INFO: [ view_parse ] --START--
INFO: [ template_filter ] --START--
INFO: Run Behavior\ContentReplaceBehavior [ RunTime:0.000000s ]
INFO: [ template_filter ] --END-- [ RunTime:0.000000s ]
INFO: Run Behavior\ParseTemplateBehavior [ RunTime:0.010001s ]
INFO: [ view_parse ] --END-- [ RunTime:0.010001s ]
INFO: [ view_filter ] --START--
INFO: Run Behavior\WriteHtmlCacheBehavior [ RunTime:0.001000s ]
INFO: [ view_filter ] --END-- [ RunTime:0.001000s ]
INFO: [ app_end ] --START--
INFO: Run Behavior\ShowPageTraceBehavior [ RunTime:0.001000s ]
INFO: [ app_end ] --END-- [ RunTime:0.001000s ]

[ 2018-08-14T19:01:24+08:00 ] 127.0.0.1 /Issue/index.html
INFO: [ app_init ] --START--
INFO: Run Behavior\BuildLiteBehavior [ RunTime:0.000000s ]
INFO: [ app_init ] --END-- [ RunTime:0.002000s ]
INFO: [ app_begin ] --START--
INFO: Run Behavior\ReadHtmlCacheBehavior [ RunTime:0.001000s ]
INFO: Run Behavior\CheckLangBehavior [ RunTime:0.001000s ]
INFO: [ app_begin ] --END-- [ RunTime:0.002000s ]
SQL: SHOW COLUMNS FROM `btchanges_user` [ RunTime:0.0130s ]
SQL: SELECT * FROM `btchanges_user` WHERE ( id = 101632 ) LIMIT 1   [ RunTime:0.0000s ]
SQL: SHOW COLUMNS FROM `btchanges_user_coin` [ RunTime:0.0130s ]
SQL: SELECT * FROM `btchanges_user_coin` WHERE `userid` = 101632 LIMIT 1   [ RunTime:0.0000s ]
SQL: SHOW COLUMNS FROM `btchanges_user` [ RunTime:0.0160s ]
SQL: SELECT * FROM `btchanges_user` WHERE `id` = 101632 LIMIT 1   [ RunTime:0.0010s ]
SQL: SHOW COLUMNS FROM `btchanges_config` [ RunTime:0.0120s ]
SQL: SELECT * FROM `btchanges_config` WHERE `id` = 1 LIMIT 1   [ RunTime:0.0010s ]
NOTIC: [8] Undefined index: btchanges D:\www\youzuan\Application\Home\Controller\HomeController.class.php 第 61 行.
SQL: SHOW COLUMNS FROM `btchanges_coin` [ RunTime:0.0140s ]
SQL: SELECT * FROM `btchanges_coin` WHERE `status` = 1  [ RunTime:0.0010s ]
SQL: SHOW COLUMNS FROM `btchanges_market` [ RunTime:0.0170s ]
SQL: SELECT * FROM `btchanges_market` WHERE `status` = 1  [ RunTime:0.0000s ]
SQL: SHOW COLUMNS FROM `btchanges_article_type` [ RunTime:0.0080s ]
SQL: SELECT * FROM `btchanges_article_type` WHERE `status` = 1 AND `footer` = 1 AND `shang` = '' ORDER BY sort asc ,id desc LIMIT 3   [ RunTime:0.0000s ]
NOTIC: [2] unlink(./Runtime/Temp/8d5c52105dc3ee42a6160b72e33b074b.php): No such file or directory D:\www\youzuan\ThinkPHP\Library\Think\Cache\Driver\File.class.php 第 313 行.
SQL: SELECT `truename` FROM `btchanges_user` WHERE `id` = 101632 LIMIT 1   [ RunTime:0.0010s ]
SQL: SELECT * FROM `btchanges_text` WHERE `name` = 'game_issue_buy' LIMIT 1   [ RunTime:0.0020s ]
SQL: SELECT `content` FROM `btchanges_text` WHERE `name` = 'game_issue_buy' AND `status` = 1 LIMIT 1   [ RunTime:0.0000s ]
SQL: SHOW COLUMNS FROM `btchanges_issue` [ RunTime:0.0060s ]
SQL: SELECT * FROM `btchanges_issue` LIMIT 1   [ RunTime:0.0030s ]
SQL: SELECT * FROM `btchanges_user_coin` WHERE `userid` = 101632 LIMIT 1   [ RunTime:0.0000s ]
INFO: [ view_parse ] --START--
INFO: [ template_filter ] --START--
INFO: Run Behavior\ContentReplaceBehavior [ RunTime:0.000000s ]
INFO: [ template_filter ] --END-- [ RunTime:0.000000s ]
INFO: Run Behavior\ParseTemplateBehavior [ RunTime:0.013001s ]
INFO: [ view_parse ] --END-- [ RunTime:0.013001s ]
INFO: [ view_filter ] --START--
INFO: Run Behavior\WriteHtmlCacheBehavior [ RunTime:0.001000s ]
INFO: [ view_filter ] --END-- [ RunTime:0.001000s ]
INFO: [ app_end ] --START--
INFO: Run Behavior\ShowPageTraceBehavior [ RunTime:0.001000s ]
INFO: [ app_end ] --END-- [ RunTime:0.001000s ]

[ 2018-08-14T19:03:01+08:00 ] 127.0.0.1 /finance/mytj.html
INFO: [ app_init ] --START--
INFO: Run Behavior\BuildLiteBehavior [ RunTime:0.000000s ]
INFO: [ app_init ] --END-- [ RunTime:0.002001s ]
INFO: [ app_begin ] --START--
INFO: Run Behavior\ReadHtmlCacheBehavior [ RunTime:0.001000s ]
INFO: Run Behavior\CheckLangBehavior [ RunTime:0.002000s ]
INFO: [ app_begin ] --END-- [ RunTime:0.003000s ]
SQL: SHOW COLUMNS FROM `btchanges_user` [ RunTime:0.0120s ]
SQL: SELECT * FROM `btchanges_user` WHERE ( id = 101632 ) LIMIT 1   [ RunTime:0.0010s ]
SQL: SHOW COLUMNS FROM `btchanges_user_coin` [ RunTime:0.0120s ]
SQL: SELECT * FROM `btchanges_user_coin` WHERE `userid` = 101632 LIMIT 1   [ RunTime:0.0000s ]
SQL: SHOW COLUMNS FROM `btchanges_user` [ RunTime:0.0140s ]
SQL: SELECT * FROM `btchanges_user` WHERE `id` = 101632 LIMIT 1   [ RunTime:0.0000s ]
SQL: SHOW COLUMNS FROM `btchanges_config` [ RunTime:0.0140s ]
SQL: SELECT * FROM `btchanges_config` WHERE `id` = 1 LIMIT 1   [ RunTime:0.0010s ]
NOTIC: [8] Undefined index: btchanges D:\www\youzuan\Application\Home\Controller\HomeController.class.php 第 61 行.
SQL: SHOW COLUMNS FROM `btchanges_coin` [ RunTime:0.0140s ]
SQL: SELECT * FROM `btchanges_coin` WHERE `status` = 1  [ RunTime:0.0010s ]
SQL: SHOW COLUMNS FROM `btchanges_market` [ RunTime:0.0240s ]
SQL: SELECT * FROM `btchanges_market` WHERE `status` = 1  [ RunTime:0.0000s ]
SQL: SHOW COLUMNS FROM `btchanges_article_type` [ RunTime:0.0130s ]
SQL: SELECT * FROM `btchanges_article_type` WHERE `status` = 1 AND `footer` = 1 AND `shang` = '' ORDER BY sort asc ,id desc LIMIT 3   [ RunTime:0.0010s ]
NOTIC: [2] unlink(./Runtime/Temp/8d5c52105dc3ee42a6160b72e33b074b.php): No such file or directory D:\www\youzuan\ThinkPHP\Library\Think\Cache\Driver\File.class.php 第 313 行.
SQL: SELECT * FROM `btchanges_text` WHERE `name` = 'finance_mytj' LIMIT 1   [ RunTime:0.0000s ]
SQL: SELECT `content` FROM `btchanges_text` WHERE `name` = 'finance_mytj' AND `status` = 1 LIMIT 1   [ RunTime:0.0000s ]
SQL: SELECT * FROM `btchanges_user` WHERE `id` = 101632 LIMIT 1   [ RunTime:0.0010s ]
NOTIC: [2048] Only variables should be assigned by reference D:\www\youzuan\Application\Common\Common\function.php 第 656 行.
INFO: [ view_parse ] --START--
INFO: [ template_filter ] --START--
INFO: Run Behavior\ContentReplaceBehavior [ RunTime:0.000000s ]
INFO: [ template_filter ] --END-- [ RunTime:0.000000s ]
INFO: Run Behavior\ParseTemplateBehavior [ RunTime:0.025001s ]
INFO: [ view_parse ] --END-- [ RunTime:0.025001s ]
INFO: [ view_filter ] --START--
INFO: Run Behavior\WriteHtmlCacheBehavior [ RunTime:0.000000s ]
INFO: [ view_filter ] --END-- [ RunTime:0.001000s ]
INFO: [ app_end ] --START--
INFO: Run Behavior\ShowPageTraceBehavior [ RunTime:0.001000s ]
INFO: [ app_end ] --END-- [ RunTime:0.002000s ]

[ 2018-08-14T19:03:02+08:00 ] 127.0.0.1 /Public/Home/js/jquery.qrcode.min.js
INFO: [ app_init ] --START--
INFO: Run Behavior\BuildLiteBehavior [ RunTime:0.000000s ]
INFO: [ app_init ] --END-- [ RunTime:0.002000s ]
INFO: [ app_begin ] --START--
INFO: Run Behavior\ReadHtmlCacheBehavior [ RunTime:0.000000s ]
INFO: Run Behavior\CheckLangBehavior [ RunTime:0.000000s ]
INFO: [ app_begin ] --END-- [ RunTime:0.002000s ]
SQL: SHOW COLUMNS FROM `btchanges_user` [ RunTime:0.0160s ]
SQL: SELECT * FROM `btchanges_user` WHERE ( id = 101632 ) LIMIT 1   [ RunTime:0.0000s ]
SQL: SHOW COLUMNS FROM `btchanges_user_coin` [ RunTime:0.0180s ]
SQL: SELECT * FROM `btchanges_user_coin` WHERE `userid` = 101632 LIMIT 1   [ RunTime:0.0040s ]
SQL: SHOW COLUMNS FROM `btchanges_user` [ RunTime:0.0170s ]
SQL: SELECT * FROM `btchanges_user` WHERE `id` = 101632 LIMIT 1   [ RunTime:0.0010s ]
SQL: SHOW COLUMNS FROM `btchanges_config` [ RunTime:0.0190s ]
SQL: SELECT * FROM `btchanges_config` WHERE `id` = 1 LIMIT 1   [ RunTime:0.0010s ]
NOTIC: [8] Undefined index: btchanges D:\www\youzuan\Application\Home\Controller\HomeController.class.php 第 61 行.
SQL: SHOW COLUMNS FROM `btchanges_coin` [ RunTime:0.0250s ]
SQL: SELECT * FROM `btchanges_coin` WHERE `status` = 1  [ RunTime:0.0010s ]
SQL: SHOW COLUMNS FROM `btchanges_market` [ RunTime:0.0150s ]
SQL: SELECT * FROM `btchanges_market` WHERE `status` = 1  [ RunTime:0.0010s ]
SQL: SHOW COLUMNS FROM `btchanges_article_type` [ RunTime:0.0180s ]
SQL: SELECT * FROM `btchanges_article_type` WHERE `status` = 1 AND `footer` = 1 AND `shang` = '' ORDER BY sort asc ,id desc LIMIT 3   [ RunTime:0.0000s ]
NOTIC: [2] unlink(./Runtime/Temp/8d5c52105dc3ee42a6160b72e33b074b.php): No such file or directory D:\www\youzuan\ThinkPHP\Library\Think\Cache\Driver\File.class.php 第 313 行.
INFO: [ view_parse ] --START--
INFO: [ template_filter ] --START--
INFO: Run Behavior\ContentReplaceBehavior [ RunTime:0.001000s ]
INFO: [ template_filter ] --END-- [ RunTime:0.001000s ]
INFO: Run Behavior\ParseTemplateBehavior [ RunTime:0.032001s ]
INFO: [ view_parse ] --END-- [ RunTime:0.033002s ]
INFO: [ view_filter ] --START--
INFO: Run Behavior\WriteHtmlCacheBehavior [ RunTime:0.000000s ]
INFO: [ view_filter ] --END-- [ RunTime:0.000000s ]

[ 2018-08-14T19:03:02+08:00 ] 127.0.0.1 /Public/Home/js/ZeroClipboard.min.js
INFO: [ app_init ] --START--
INFO: Run Behavior\BuildLiteBehavior [ RunTime:0.000000s ]
INFO: [ app_init ] --END-- [ RunTime:0.002000s ]
INFO: [ app_begin ] --START--
INFO: Run Behavior\ReadHtmlCacheBehavior [ RunTime:0.001000s ]
INFO: Run Behavior\CheckLangBehavior [ RunTime:0.001000s ]
INFO: [ app_begin ] --END-- [ RunTime:0.002000s ]
SQL: SHOW COLUMNS FROM `btchanges_user` [ RunTime:0.0210s ]
SQL: SELECT * FROM `btchanges_user` WHERE ( id = 101632 ) LIMIT 1   [ RunTime:0.0010s ]
SQL: SHOW COLUMNS FROM `btchanges_user_coin` [ RunTime:0.0210s ]
SQL: SELECT * FROM `btchanges_user_coin` WHERE `userid` = 101632 LIMIT 1   [ RunTime:0.0010s ]
SQL: SHOW COLUMNS FROM `btchanges_user` [ RunTime:0.0190s ]
SQL: SELECT * FROM `btchanges_user` WHERE `id` = 101632 LIMIT 1   [ RunTime:0.0020s ]
SQL: SHOW COLUMNS FROM `btchanges_config` [ RunTime:0.0220s ]
SQL: SELECT * FROM `btchanges_config` WHERE `id` = 1 LIMIT 1   [ RunTime:0.0010s ]
NOTIC: [8] Undefined index: btchanges D:\www\youzuan\Application\Home\Controller\HomeController.class.php 第 61 行.
SQL: SHOW COLUMNS FROM `btchanges_coin` [ RunTime:0.0080s ]
SQL: SELECT * FROM `btchanges_coin` WHERE `status` = 1  [ RunTime:0.0010s ]
SQL: SHOW COLUMNS FROM `btchanges_market` [ RunTime:0.0100s ]
SQL: SELECT * FROM `btchanges_market` WHERE `status` = 1  [ RunTime:0.0010s ]
SQL: SHOW COLUMNS FROM `btchanges_article_type` [ RunTime:0.0140s ]
SQL: SELECT * FROM `btchanges_article_type` WHERE `status` = 1 AND `footer` = 1 AND `shang` = '' ORDER BY sort asc ,id desc LIMIT 3   [ RunTime:0.0010s ]
NOTIC: [2] unlink(./Runtime/Temp/8d5c52105dc3ee42a6160b72e33b074b.php): No such file or directory D:\www\youzuan\ThinkPHP\Library\Think\Cache\Driver\File.class.php 第 313 行.
INFO: [ view_parse ] --START--
INFO: [ template_filter ] --START--
INFO: Run Behavior\ContentReplaceBehavior [ RunTime:0.000000s ]
INFO: [ template_filter ] --END-- [ RunTime:0.000000s ]
INFO: Run Behavior\ParseTemplateBehavior [ RunTime:0.009001s ]
INFO: [ view_parse ] --END-- [ RunTime:0.009001s ]
INFO: [ view_filter ] --START--
INFO: Run Behavior\WriteHtmlCacheBehavior [ RunTime:0.001000s ]
INFO: [ view_filter ] --END-- [ RunTime:0.001000s ]

