[ 2018-06-30T18:01:10+08:00 ] 127.0.0.1 /Admin/Tools/delcache
INFO: [ app_init ] --START--
INFO: Run Behavior\BuildLiteBehavior [ RunTime:0.000000s ]
INFO: [ app_init ] --END-- [ RunTime:0.002001s ]
INFO: [ app_begin ] --START--
INFO: Run Behavior\ReadHtmlCacheBehavior [ RunTime:0.000000s ]
INFO: Run Behavior\CheckLangBehavior [ RunTime:0.001000s ]
INFO: [ app_begin ] --END-- [ RunTime:0.001000s ]
SQL: SHOW COLUMNS FROM `btchanges_config` [ RunTime:0.0130s ]
SQL: SELECT * FROM `btchanges_config` WHERE `id` = 1 LIMIT 1   [ RunTime:0.0010s ]
SQL: SHOW COLUMNS FROM `btchanges_coin` [ RunTime:0.0130s ]
SQL: SELECT * FROM `btchanges_coin` WHERE `status` = 1  [ RunTime:0.0010s ]
SQL: SHOW COLUMNS FROM `btchanges_market` [ RunTime:0.0150s ]
SQL: SELECT * FROM `btchanges_market` WHERE `status` = 1  [ RunTime:0.0010s ]
SQL: SHOW COLUMNS FROM `btchanges_version` [ RunTime:0.0130s ]
SQL: SELECT `name` FROM `btchanges_version` WHERE `status` = 0 ORDER BY name desc LIMIT 1   [ RunTime:0.0000s ]
SQL: SHOW COLUMNS FROM `btchanges_menu` [ RunTime:0.0130s ]
SQL: SELECT * FROM `btchanges_menu` WHERE `pid` = 0 AND `hide` = 0 AND `is_dev` = 0 ORDER BY sort asc  [ RunTime:0.0000s ]
SQL: SELECT `id` FROM `btchanges_menu` WHERE ( url like 'Tools/delcache%' ) LIMIT 1   [ RunTime:0.0010s ]
SQL: SELECT `id` FROM `btchanges_menu` WHERE ( url like 'Tools/%' ) LIMIT 1   [ RunTime:0.0000s ]
SQL: SHOW COLUMNS FROM `btchanges_menu` [ RunTime:0.0120s ]
SQL: SELECT `id`,`pid`,`title` FROM `btchanges_menu` WHERE ( id=9 ) LIMIT 1   [ RunTime:0.0000s ]
SQL: SELECT DISTINCT  `group` FROM `btchanges_menu` WHERE ( pid = 9 )  [ RunTime:0.0010s ]
SQL: SELECT `id`,`url` FROM `btchanges_menu` WHERE `pid` = 9 AND `hide` = 0 AND `is_dev` = 0  [ RunTime:0.0000s ]
SQL: SELECT `id`,`pid`,`title`,`url`,`tip`,`ico_name` FROM `btchanges_menu` WHERE `group` = '提现管理' AND `pid` = 9 AND `hide` = 0 AND `is_dev` = 0 ORDER BY sort asc  [ RunTime:0.0000s ]
SQL: SELECT `id`,`pid`,`title`,`url`,`tip`,`ico_name` FROM `btchanges_menu` WHERE `group` = '其他' AND `pid` = 9 AND `hide` = 0 AND `is_dev` = 0 ORDER BY sort asc  [ RunTime:0.0010s ]
SQL: SELECT `id`,`pid`,`title`,`url`,`tip`,`ico_name` FROM `btchanges_menu` WHERE `group` = '工具' AND `pid` = 9 AND `hide` = 0 AND `is_dev` = 0 ORDER BY sort asc  [ RunTime:0.0000s ]
NOTIC: [2] mkdir(): File exists D:\www\youzuan\Application\Admin\Controller\ToolsController.class.php 第 93 行.

[ 2018-06-30T18:01:13+08:00 ] 127.0.0.1 /Admin/Tools/index.html
INFO: [ app_init ] --START--
INFO: Run Behavior\BuildLiteBehavior [ RunTime:0.000000s ]
INFO: [ app_init ] --END-- [ RunTime:0.002000s ]
INFO: [ app_begin ] --START--
INFO: Run Behavior\ReadHtmlCacheBehavior [ RunTime:0.000000s ]
INFO: Run Behavior\CheckLangBehavior [ RunTime:0.001000s ]
INFO: [ app_begin ] --END-- [ RunTime:0.002000s ]
SQL: SHOW COLUMNS FROM `btchanges_config` [ RunTime:0.0150s ]
SQL: SELECT * FROM `btchanges_config` WHERE `id` = 1 LIMIT 1   [ RunTime:0.0010s ]
SQL: SHOW COLUMNS FROM `btchanges_coin` [ RunTime:0.0140s ]
SQL: SELECT * FROM `btchanges_coin` WHERE `status` = 1  [ RunTime:0.0000s ]
SQL: SHOW COLUMNS FROM `btchanges_market` [ RunTime:0.0140s ]
SQL: SELECT * FROM `btchanges_market` WHERE `status` = 1  [ RunTime:0.0010s ]
SQL: SHOW COLUMNS FROM `btchanges_version` [ RunTime:0.0130s ]
SQL: SELECT `name` FROM `btchanges_version` WHERE `status` = 0 ORDER BY name desc LIMIT 1   [ RunTime:0.0000s ]
SQL: SHOW COLUMNS FROM `btchanges_menu` [ RunTime:0.0130s ]
SQL: SELECT * FROM `btchanges_menu` WHERE `pid` = 0 AND `hide` = 0 AND `is_dev` = 0 ORDER BY sort asc  [ RunTime:0.0010s ]
SQL: SELECT `id` FROM `btchanges_menu` WHERE ( url like 'Tools/index%' ) LIMIT 1   [ RunTime:0.0000s ]
SQL: SHOW COLUMNS FROM `btchanges_menu` [ RunTime:0.0140s ]
SQL: SELECT `id`,`pid`,`title` FROM `btchanges_menu` WHERE ( id=9 ) LIMIT 1   [ RunTime:0.0010s ]
SQL: SELECT DISTINCT  `group` FROM `btchanges_menu` WHERE ( pid = 9 )  [ RunTime:0.0010s ]
SQL: SELECT `id`,`url` FROM `btchanges_menu` WHERE `pid` = 9 AND `hide` = 0 AND `is_dev` = 0  [ RunTime:0.0000s ]
SQL: SELECT `id`,`pid`,`title`,`url`,`tip`,`ico_name` FROM `btchanges_menu` WHERE `group` = '提现管理' AND `pid` = 9 AND `hide` = 0 AND `is_dev` = 0 ORDER BY sort asc  [ RunTime:0.0000s ]
SQL: SELECT `id`,`pid`,`title`,`url`,`tip`,`ico_name` FROM `btchanges_menu` WHERE `group` = '其他' AND `pid` = 9 AND `hide` = 0 AND `is_dev` = 0 ORDER BY sort asc  [ RunTime:0.0000s ]
SQL: SELECT `id`,`pid`,`title`,`url`,`tip`,`ico_name` FROM `btchanges_menu` WHERE `group` = '工具' AND `pid` = 9 AND `hide` = 0 AND `is_dev` = 0 ORDER BY sort asc  [ RunTime:0.0000s ]
INFO: [ view_parse ] --START--
INFO: [ template_filter ] --START--
INFO: Run Behavior\ContentReplaceBehavior [ RunTime:0.000000s ]
INFO: [ template_filter ] --END-- [ RunTime:0.000000s ]
NOTIC: [8] Undefined index: class D:\www\youzuan\Runtime\Cache\Admin\c78241aa5b5d8b2696733d44209cffd6.php 第 59 行.
NOTIC: [8] Undefined index: class D:\www\youzuan\Runtime\Cache\Admin\c78241aa5b5d8b2696733d44209cffd6.php 第 59 行.
NOTIC: [8] Undefined index: class D:\www\youzuan\Runtime\Cache\Admin\c78241aa5b5d8b2696733d44209cffd6.php 第 59 行.
NOTIC: [8] Undefined index: class D:\www\youzuan\Runtime\Cache\Admin\c78241aa5b5d8b2696733d44209cffd6.php 第 59 行.
NOTIC: [8] Undefined index: class D:\www\youzuan\Runtime\Cache\Admin\c78241aa5b5d8b2696733d44209cffd6.php 第 59 行.
NOTIC: [8] Undefined index: class D:\www\youzuan\Runtime\Cache\Admin\c78241aa5b5d8b2696733d44209cffd6.php 第 59 行.
NOTIC: [8] Undefined index: class D:\www\youzuan\Runtime\Cache\Admin\c78241aa5b5d8b2696733d44209cffd6.php 第 59 行.
NOTIC: [8] Undefined index: class D:\www\youzuan\Runtime\Cache\Admin\c78241aa5b5d8b2696733d44209cffd6.php 第 59 行.
NOTIC: [8] Undefined variable: versionUp D:\www\youzuan\Runtime\Cache\Admin\c78241aa5b5d8b2696733d44209cffd6.php 第 187 行.
INFO: Run Behavior\ParseTemplateBehavior [ RunTime:0.018001s ]
INFO: [ view_parse ] --END-- [ RunTime:0.018001s ]
INFO: [ view_filter ] --START--
INFO: Run Behavior\WriteHtmlCacheBehavior [ RunTime:0.000000s ]
INFO: [ view_filter ] --END-- [ RunTime:0.000000s ]
INFO: [ app_end ] --START--
INFO: Run Behavior\ShowPageTraceBehavior [ RunTime:0.001000s ]
INFO: [ app_end ] --END-- [ RunTime:0.001000s ]

[ 2018-06-30T18:29:46+08:00 ] 127.0.0.1 /Admin/Finance/index.html
INFO: [ app_init ] --START--
INFO: Run Behavior\BuildLiteBehavior [ RunTime:0.000000s ]
INFO: [ app_init ] --END-- [ RunTime:0.003000s ]
INFO: [ app_begin ] --START--
INFO: Run Behavior\ReadHtmlCacheBehavior [ RunTime:0.000000s ]
INFO: Run Behavior\CheckLangBehavior [ RunTime:0.001000s ]
INFO: [ app_begin ] --END-- [ RunTime:0.001000s ]
SQL: SHOW COLUMNS FROM `btchanges_config` [ RunTime:0.0130s ]
SQL: SELECT * FROM `btchanges_config` WHERE `id` = 1 LIMIT 1   [ RunTime:0.0010s ]
SQL: SHOW COLUMNS FROM `btchanges_coin` [ RunTime:0.0140s ]
SQL: SELECT * FROM `btchanges_coin` WHERE `status` = 1  [ RunTime:0.0000s ]
SQL: SHOW COLUMNS FROM `btchanges_market` [ RunTime:0.0140s ]
SQL: SELECT * FROM `btchanges_market` WHERE `status` = 1  [ RunTime:0.0000s ]
SQL: SHOW COLUMNS FROM `btchanges_version` [ RunTime:0.0140s ]
SQL: SELECT `name` FROM `btchanges_version` WHERE `status` = 0 ORDER BY name desc LIMIT 1   [ RunTime:0.0010s ]
SQL: SHOW COLUMNS FROM `btchanges_menu` [ RunTime:0.0130s ]
SQL: SELECT * FROM `btchanges_menu` WHERE `pid` = 0 AND `hide` = 0 AND `is_dev` = 0 ORDER BY sort asc  [ RunTime:0.0010s ]
SQL: SELECT `id` FROM `btchanges_menu` WHERE ( url like 'Finance/index%' ) LIMIT 1   [ RunTime:0.0000s ]
SQL: SHOW COLUMNS FROM `btchanges_menu` [ RunTime:0.0160s ]
SQL: SELECT `id`,`pid`,`title` FROM `btchanges_menu` WHERE ( id=4 ) LIMIT 1   [ RunTime:0.0000s ]
SQL: SELECT DISTINCT  `group` FROM `btchanges_menu` WHERE ( pid = 4 )  [ RunTime:0.0020s ]
SQL: SELECT `id`,`url` FROM `btchanges_menu` WHERE `pid` = 4 AND `hide` = 0 AND `is_dev` = 0  [ RunTime:0.0000s ]
SQL: SELECT `id`,`pid`,`title`,`url`,`tip`,`ico_name` FROM `btchanges_menu` WHERE `group` = '财务' AND `pid` = 4 AND `hide` = 0 AND `is_dev` = 0 ORDER BY sort asc  [ RunTime:0.0010s ]
SQL: SELECT `id`,`pid`,`title`,`url`,`tip`,`ico_name` FROM `btchanges_menu` WHERE `group` = '提现' AND `pid` = 4 AND `hide` = 0 AND `is_dev` = 0 ORDER BY sort asc  [ RunTime:0.0000s ]
SQL: show tables [ RunTime:0.0030s ]
SQL: SHOW COLUMNS FROM `btchanges_mycz_type` [ RunTime:0.0140s ]
SQL: SELECT * FROM `btchanges_menu` WHERE `url` = 'Finance/index' AND `pid` <> 0  [ RunTime:0.0010s ]
NOTIC: [8] Undefined offset: 1 D:\www\youzuan\Application\Admin\Controller\FinanceController.class.php 第 733 行.
SQL: UPDATE `btchanges_menu` SET `title`='财务明细',`pid`='4',`sort`='1',`hide`='0',`group`='财务',`ico_name`='th-list' WHERE `url` = 'Finance/index' AND `pid` <> 0 [ RunTime:0.0610s ]
SQL: SELECT * FROM `btchanges_menu` WHERE `url` = 'Finance/mycz' AND `pid` <> 0  [ RunTime:0.0000s ]
NOTIC: [8] Undefined offset: 1 D:\www\youzuan\Application\Admin\Controller\FinanceController.class.php 第 749 行.
SQL: UPDATE `btchanges_menu` SET `title`='人民币充值',`pid`='4',`sort`='2',`hide`='0',`group`='财务',`ico_name`='th-list' WHERE `url` = 'Finance/mycz' AND `pid` <> 0 [ RunTime:0.0570s ]
SQL: SELECT * FROM `btchanges_menu` WHERE `url` = 'Finance/myczType' AND `pid` <> 0  [ RunTime:0.0010s ]
NOTIC: [8] Undefined offset: 1 D:\www\youzuan\Application\Admin\Controller\FinanceController.class.php 第 765 行.
SQL: UPDATE `btchanges_menu` SET `title`='人民币充值方式',`pid`='4',`sort`='3',`hide`='0',`group`='财务',`ico_name`='th-list' WHERE `url` = 'Finance/myczType' AND `pid` <> 0 [ RunTime:0.0370s ]
SQL: SELECT * FROM `btchanges_menu` WHERE `url` = 'Finance/mytx' AND `pid` <> 0  [ RunTime:0.0000s ]
NOTIC: [8] Undefined offset: 1 D:\www\youzuan\Application\Admin\Controller\FinanceController.class.php 第 781 行.
SQL: UPDATE `btchanges_menu` SET `title`='人民币提现',`pid`='4',`sort`='4',`hide`='0',`group`='财务',`ico_name`='th-list' WHERE `url` = 'Finance/mytx' AND `pid` <> 0 [ RunTime:0.0290s ]
SQL: SELECT * FROM `btchanges_menu` WHERE `url` = 'Finance/mytxConfig' AND `pid` <> 0  [ RunTime:0.0010s ]
NOTIC: [8] Undefined offset: 1 D:\www\youzuan\Application\Admin\Controller\FinanceController.class.php 第 797 行.
SQL: UPDATE `btchanges_menu` SET `title`='人民币提现配置',`pid`='4',`sort`='5',`hide`='0',`group`='财务',`ico_name`='th-list' WHERE `url` = 'Finance/mytxConfig' AND `pid` <> 0 [ RunTime:0.0270s ]
SQL: SELECT * FROM `btchanges_menu` WHERE `url` = 'Finance/myzr' AND `pid` <> 0  [ RunTime:0.0010s ]
NOTIC: [8] Undefined offset: 1 D:\www\youzuan\Application\Admin\Controller\FinanceController.class.php 第 813 行.
SQL: UPDATE `btchanges_menu` SET `title`='虚拟币转入',`pid`='4',`sort`='6',`hide`='0',`group`='财务',`ico_name`='th-list' WHERE `url` = 'Finance/myzr' AND `pid` <> 0 [ RunTime:0.0220s ]
SQL: SELECT * FROM `btchanges_menu` WHERE `url` = 'Finance/myzc' AND `pid` <> 0  [ RunTime:0.0010s ]
NOTIC: [8] Undefined offset: 1 D:\www\youzuan\Application\Admin\Controller\FinanceController.class.php 第 829 行.
SQL: UPDATE `btchanges_menu` SET `title`='虚拟币转出',`pid`='4',`sort`='7',`hide`='0',`group`='财务',`ico_name`='th-list' WHERE `url` = 'Finance/myzc' AND `pid` <> 0 [ RunTime:0.0260s ]
SQL: SELECT * FROM `btchanges_menu` WHERE `url` = 'Finance/myczStatus' AND `pid` <> 0  [ RunTime:0.0010s ]
NOTIC: [8] Undefined offset: 1 D:\www\youzuan\Application\Admin\Controller\FinanceController.class.php 第 845 行.
SQL: SELECT `id` FROM `btchanges_menu` WHERE `url` = 'Finance/mycz' AND `pid` <> 0 LIMIT 1   [ RunTime:0.0000s ]
SQL: UPDATE `btchanges_menu` SET `title`='修改状态',`pid`='291',`sort`='100',`hide`='1',`group`='财务',`ico_name`='home' WHERE `url` = 'Finance/myczStatus' AND `pid` <> 0 [ RunTime:0.0220s ]
SQL: SELECT * FROM `btchanges_menu` WHERE `url` = 'Finance/myczQueren' AND `pid` <> 0  [ RunTime:0.0010s ]
NOTIC: [8] Undefined offset: 1 D:\www\youzuan\Application\Admin\Controller\FinanceController.class.php 第 867 行.
SQL: SELECT `id` FROM `btchanges_menu` WHERE `url` = 'Finance/mycz' AND `pid` <> 0 LIMIT 1   [ RunTime:0.0000s ]
SQL: UPDATE `btchanges_menu` SET `title`='确认到账',`pid`='291',`sort`='100',`hide`='1',`group`='财务',`ico_name`='home' WHERE `url` = 'Finance/myczQueren' AND `pid` <> 0 [ RunTime:0.0250s ]
SQL: SELECT * FROM `btchanges_menu` WHERE `url` = 'Finance/myczTypeEdit' AND `pid` <> 0  [ RunTime:0.0010s ]
NOTIC: [8] Undefined offset: 1 D:\www\youzuan\Application\Admin\Controller\FinanceController.class.php 第 889 行.
SQL: SELECT `id` FROM `btchanges_menu` WHERE `url` = 'Finance/myczType' AND `pid` <> 0 LIMIT 1   [ RunTime:0.0000s ]
SQL: UPDATE `btchanges_menu` SET `title`='编辑添加',`pid`='292',`sort`='1',`hide`='1',`group`='财务',`ico_name`='home' WHERE `url` = 'Finance/myczTypeEdit' AND `pid` <> 0 [ RunTime:0.0290s ]
SQL: SELECT * FROM `btchanges_menu` WHERE `url` = 'Finance/myczTypeStatus' AND `pid` <> 0  [ RunTime:0.0010s ]
NOTIC: [8] Undefined offset: 1 D:\www\youzuan\Application\Admin\Controller\FinanceController.class.php 第 911 行.
SQL: SELECT `id` FROM `btchanges_menu` WHERE `url` = 'Finance/myczType' AND `pid` <> 0 LIMIT 1   [ RunTime:0.0010s ]
SQL: UPDATE `btchanges_menu` SET `title`='状态修改',`pid`='292',`sort`='2',`hide`='1',`group`='财务',`ico_name`='home' WHERE `url` = 'Finance/myczTypeStatus' AND `pid` <> 0 [ RunTime:0.0260s ]
SQL: SELECT * FROM `btchanges_menu` WHERE `url` = 'Finance/myczTypeImage' AND `pid` <> 0  [ RunTime:0.0010s ]
NOTIC: [8] Undefined offset: 1 D:\www\youzuan\Application\Admin\Controller\FinanceController.class.php 第 933 行.
SQL: SELECT `id` FROM `btchanges_menu` WHERE `url` = 'Finance/myczType' AND `pid` <> 0 LIMIT 1   [ RunTime:0.0010s ]
SQL: UPDATE `btchanges_menu` SET `title`='上传图片',`pid`='292',`sort`='2',`hide`='1',`group`='财务',`ico_name`='home' WHERE `url` = 'Finance/myczTypeImage' AND `pid` <> 0 [ RunTime:0.0210s ]
SQL: SELECT * FROM `btchanges_menu` WHERE `url` = 'Finance/mytxStatus' AND `pid` <> 0  [ RunTime:0.0000s ]
NOTIC: [8] Undefined offset: 1 D:\www\youzuan\Application\Admin\Controller\FinanceController.class.php 第 955 行.
SQL: SELECT `id` FROM `btchanges_menu` WHERE `url` = 'Finance/mytx' AND `pid` <> 0 LIMIT 1   [ RunTime:0.0010s ]
SQL: UPDATE `btchanges_menu` SET `title`='修改状态',`pid`='293',`sort`='2',`hide`='1',`group`='财务',`ico_name`='home' WHERE `url` = 'Finance/mytxStatus' AND `pid` <> 0 [ RunTime:0.0250s ]
SQL: SELECT * FROM `btchanges_menu` WHERE `url` = 'Finance/mytxExcel' AND `pid` <> 0  [ RunTime:0.0010s ]
NOTIC: [8] Undefined offset: 1 D:\www\youzuan\Application\Admin\Controller\FinanceController.class.php 第 977 行.
SQL: SELECT `id` FROM `btchanges_menu` WHERE `url` = 'Finance/mytx' AND `pid` <> 0 LIMIT 1   [ RunTime:0.0010s ]
SQL: UPDATE `btchanges_menu` SET `title`='导出选中',`pid`='293',`sort`='3',`hide`='1',`group`='财务',`ico_name`='home' WHERE `url` = 'Finance/mytxExcel' AND `pid` <> 0 [ RunTime:0.0210s ]
SQL: SELECT * FROM `btchanges_menu` WHERE `url` = 'Finance/mytxChuli' AND `pid` <> 0  [ RunTime:0.0000s ]
NOTIC: [8] Undefined offset: 1 D:\www\youzuan\Application\Admin\Controller\FinanceController.class.php 第 999 行.
SQL: SELECT `id` FROM `btchanges_menu` WHERE `url` = 'Finance/mytx' AND `pid` <> 0 LIMIT 1   [ RunTime:0.0010s ]
SQL: UPDATE `btchanges_menu` SET `title`='正在处理',`pid`='293',`sort`='4',`hide`='1',`group`='财务',`ico_name`='home' WHERE `url` = 'Finance/mytxChuli' AND `pid` <> 0 [ RunTime:0.0340s ]
SQL: SELECT * FROM `btchanges_menu` WHERE `url` = 'Finance/mytxChexiao' AND `pid` <> 0  [ RunTime:0.0000s ]
NOTIC: [8] Undefined offset: 1 D:\www\youzuan\Application\Admin\Controller\FinanceController.class.php 第 1021 行.
SQL: SELECT `id` FROM `btchanges_menu` WHERE `url` = 'Finance/mytx' AND `pid` <> 0 LIMIT 1   [ RunTime:0.0010s ]
SQL: UPDATE `btchanges_menu` SET `title`='撤销提现',`pid`='293',`sort`='5',`hide`='1',`group`='财务',`ico_name`='home' WHERE `url` = 'Finance/mytxChexiao' AND `pid` <> 0 [ RunTime:0.0220s ]
SQL: SELECT * FROM `btchanges_menu` WHERE `url` = 'Finance/mytxQueren' AND `pid` <> 0  [ RunTime:0.0010s ]
NOTIC: [8] Undefined offset: 1 D:\www\youzuan\Application\Admin\Controller\FinanceController.class.php 第 1043 行.
SQL: SELECT `id` FROM `btchanges_menu` WHERE `url` = 'Finance/mytx' AND `pid` <> 0 LIMIT 1   [ RunTime:0.0000s ]
SQL: UPDATE `btchanges_menu` SET `title`='确认提现',`pid`='293',`sort`='6',`hide`='1',`group`='财务',`ico_name`='home' WHERE `url` = 'Finance/mytxQueren' AND `pid` <> 0 [ RunTime:0.0260s ]
SQL: SELECT * FROM `btchanges_menu` WHERE `url` = 'Finance/myzcQueren' AND `pid` <> 0  [ RunTime:0.0000s ]
NOTIC: [8] Undefined offset: 1 D:\www\youzuan\Application\Admin\Controller\FinanceController.class.php 第 1065 行.
SQL: SELECT `id` FROM `btchanges_menu` WHERE `url` = 'Finance/myzc' AND `pid` <> 0 LIMIT 1   [ RunTime:0.0000s ]
SQL: UPDATE `btchanges_menu` SET `title`='确认转出',`pid`='296',`sort`='6',`hide`='1',`group`='财务',`ico_name`='home' WHERE `url` = 'Finance/myzcQueren' AND `pid` <> 0 [ RunTime:0.0220s ]
SQL: DELETE FROM `btchanges_menu` WHERE `url` = 'Mycz/index' [ RunTime:0.0000s ]
SQL: DELETE FROM `btchanges_menu` WHERE `url` = 'Mycztype/index' [ RunTime:0.0000s ]
SQL: DELETE FROM `btchanges_menu` WHERE `url` = 'Mycz/type' [ RunTime:0.0000s ]
SQL: DELETE FROM `btchanges_menu` WHERE `url` = 'Mycz/invit' [ RunTime:0.0000s ]
SQL: DELETE FROM `btchanges_menu` WHERE `url` = 'Mycz/config' [ RunTime:0.0000s ]
SQL: DELETE FROM `btchanges_menu` WHERE `url` = 'Mytx/index' [ RunTime:0.0010s ]
SQL: DELETE FROM `btchanges_menu` WHERE `url` = 'Config/mytx' [ RunTime:0.0000s ]
SQL: DELETE FROM `btchanges_menu` WHERE `url` = 'Myzc/index' [ RunTime:0.0010s ]
SQL: DELETE FROM `btchanges_menu` WHERE `url` = 'Myzr/index' [ RunTime:0.0000s ]
SQL: DELETE FROM `btchanges_menu` WHERE `url` = 'Config/mycz' [ RunTime:0.0010s ]
SQL: SHOW COLUMNS FROM `btchanges_mytx` [ RunTime:0.0140s ]
SQL: SELECT COUNT(*) AS tp_count FROM `btchanges_mytx` LIMIT 1   [ RunTime:0.0000s ]
SQL: SELECT * FROM `btchanges_mytx` ORDER BY id desc LIMIT 0,15   [ RunTime:0.0000s ]
SQL: SHOW COLUMNS FROM `btchanges_user` [ RunTime:0.0130s ]
SQL: SELECT `username` FROM `btchanges_user` WHERE `id` = 101620 LIMIT 1   [ RunTime:0.0000s ]
NOTIC: [8] Undefined index: num_a D:\www\youzuan\Application\Admin\Controller\FinanceController.class.php 第 25 行.
NOTIC: [8] Undefined index: num_b D:\www\youzuan\Application\Admin\Controller\FinanceController.class.php 第 26 行.
NOTIC: [8] Undefined index: nameid D:\www\youzuan\Application\Admin\Controller\FinanceController.class.php 第 31 行.
NOTIC: [8] Undefined index: mum_a D:\www\youzuan\Application\Admin\Controller\FinanceController.class.php 第 32 行.
NOTIC: [8] Undefined index: mum_b D:\www\youzuan\Application\Admin\Controller\FinanceController.class.php 第 33 行.
SQL: SELECT `username` FROM `btchanges_user` WHERE `id` = 101620 LIMIT 1   [ RunTime:0.0000s ]
NOTIC: [8] Undefined index: num_a D:\www\youzuan\Application\Admin\Controller\FinanceController.class.php 第 25 行.
NOTIC: [8] Undefined index: num_b D:\www\youzuan\Application\Admin\Controller\FinanceController.class.php 第 26 行.
NOTIC: [8] Undefined index: nameid D:\www\youzuan\Application\Admin\Controller\FinanceController.class.php 第 31 行.
NOTIC: [8] Undefined index: mum_a D:\www\youzuan\Application\Admin\Controller\FinanceController.class.php 第 32 行.
NOTIC: [8] Undefined index: mum_b D:\www\youzuan\Application\Admin\Controller\FinanceController.class.php 第 33 行.
SQL: SELECT `username` FROM `btchanges_user` WHERE `id` = 101620 LIMIT 1   [ RunTime:0.0000s ]
NOTIC: [8] Undefined index: num_a D:\www\youzuan\Application\Admin\Controller\FinanceController.class.php 第 25 行.
NOTIC: [8] Undefined index: num_b D:\www\youzuan\Application\Admin\Controller\FinanceController.class.php 第 26 行.
NOTIC: [8] Undefined index: nameid D:\www\youzuan\Application\Admin\Controller\FinanceController.class.php 第 31 行.
NOTIC: [8] Undefined index: mum_a D:\www\youzuan\Application\Admin\Controller\FinanceController.class.php 第 32 行.
NOTIC: [8] Undefined index: mum_b D:\www\youzuan\Application\Admin\Controller\FinanceController.class.php 第 33 行.
SQL: SELECT `username` FROM `btchanges_user` WHERE `id` = 101624 LIMIT 1   [ RunTime:0.0010s ]
NOTIC: [8] Undefined index: num_a D:\www\youzuan\Application\Admin\Controller\FinanceController.class.php 第 25 行.
NOTIC: [8] Undefined index: num_b D:\www\youzuan\Application\Admin\Controller\FinanceController.class.php 第 26 行.
NOTIC: [8] Undefined index: nameid D:\www\youzuan\Application\Admin\Controller\FinanceController.class.php 第 31 行.
NOTIC: [8] Undefined index: mum_a D:\www\youzuan\Application\Admin\Controller\FinanceController.class.php 第 32 行.
NOTIC: [8] Undefined index: mum_b D:\www\youzuan\Application\Admin\Controller\FinanceController.class.php 第 33 行.
SQL: SELECT `username` FROM `btchanges_user` WHERE `id` = 101624 LIMIT 1   [ RunTime:0.0000s ]
NOTIC: [8] Undefined index: num_a D:\www\youzuan\Application\Admin\Controller\FinanceController.class.php 第 25 行.
NOTIC: [8] Undefined index: num_b D:\www\youzuan\Application\Admin\Controller\FinanceController.class.php 第 26 行.
NOTIC: [8] Undefined index: nameid D:\www\youzuan\Application\Admin\Controller\FinanceController.class.php 第 31 行.
NOTIC: [8] Undefined index: mum_a D:\www\youzuan\Application\Admin\Controller\FinanceController.class.php 第 32 行.
NOTIC: [8] Undefined index: mum_b D:\www\youzuan\Application\Admin\Controller\FinanceController.class.php 第 33 行.
SQL: SELECT `username` FROM `btchanges_user` WHERE `id` = 101620 LIMIT 1   [ RunTime:0.0000s ]
NOTIC: [8] Undefined index: num_a D:\www\youzuan\Application\Admin\Controller\FinanceController.class.php 第 25 行.
NOTIC: [8] Undefined index: num_b D:\www\youzuan\Application\Admin\Controller\FinanceController.class.php 第 26 行.
NOTIC: [8] Undefined index: nameid D:\www\youzuan\Application\Admin\Controller\FinanceController.class.php 第 31 行.
NOTIC: [8] Undefined index: mum_a D:\www\youzuan\Application\Admin\Controller\FinanceController.class.php 第 32 行.
NOTIC: [8] Undefined index: mum_b D:\www\youzuan\Application\Admin\Controller\FinanceController.class.php 第 33 行.
SQL: SELECT `username` FROM `btchanges_user` WHERE `id` = 101613 LIMIT 1   [ RunTime:0.0000s ]
NOTIC: [8] Undefined index: num_a D:\www\youzuan\Application\Admin\Controller\FinanceController.class.php 第 25 行.
NOTIC: [8] Undefined index: num_b D:\www\youzuan\Application\Admin\Controller\FinanceController.class.php 第 26 行.
NOTIC: [8] Undefined index: nameid D:\www\youzuan\Application\Admin\Controller\FinanceController.class.php 第 31 行.
NOTIC: [8] Undefined index: mum_a D:\www\youzuan\Application\Admin\Controller\FinanceController.class.php 第 32 行.
NOTIC: [8] Undefined index: mum_b D:\www\youzuan\Application\Admin\Controller\FinanceController.class.php 第 33 行.
SQL: SELECT `username` FROM `btchanges_user` WHERE `id` = 101613 LIMIT 1   [ RunTime:0.0000s ]
NOTIC: [8] Undefined index: num_a D:\www\youzuan\Application\Admin\Controller\FinanceController.class.php 第 25 行.
NOTIC: [8] Undefined index: num_b D:\www\youzuan\Application\Admin\Controller\FinanceController.class.php 第 26 行.
NOTIC: [8] Undefined index: nameid D:\www\youzuan\Application\Admin\Controller\FinanceController.class.php 第 31 行.
NOTIC: [8] Undefined index: mum_a D:\www\youzuan\Application\Admin\Controller\FinanceController.class.php 第 32 行.
NOTIC: [8] Undefined index: mum_b D:\www\youzuan\Application\Admin\Controller\FinanceController.class.php 第 33 行.
SQL: SELECT `username` FROM `btchanges_user` WHERE `id` = 101613 LIMIT 1   [ RunTime:0.0010s ]
NOTIC: [8] Undefined index: num_a D:\www\youzuan\Application\Admin\Controller\FinanceController.class.php 第 25 行.
NOTIC: [8] Undefined index: num_b D:\www\youzuan\Application\Admin\Controller\FinanceController.class.php 第 26 行.
NOTIC: [8] Undefined index: nameid D:\www\youzuan\Application\Admin\Controller\FinanceController.class.php 第 31 行.
NOTIC: [8] Undefined index: mum_a D:\www\youzuan\Application\Admin\Controller\FinanceController.class.php 第 32 行.
NOTIC: [8] Undefined index: mum_b D:\www\youzuan\Application\Admin\Controller\FinanceController.class.php 第 33 行.
SQL: SELECT `username` FROM `btchanges_user` WHERE `id` = 101613 LIMIT 1   [ RunTime:0.0000s ]
NOTIC: [8] Undefined index: num_a D:\www\youzuan\Application\Admin\Controller\FinanceController.class.php 第 25 行.
NOTIC: [8] Undefined index: num_b D:\www\youzuan\Application\Admin\Controller\FinanceController.class.php 第 26 行.
NOTIC: [8] Undefined index: nameid D:\www\youzuan\Application\Admin\Controller\FinanceController.class.php 第 31 行.
NOTIC: [8] Undefined index: mum_a D:\www\youzuan\Application\Admin\Controller\FinanceController.class.php 第 32 行.
NOTIC: [8] Undefined index: mum_b D:\www\youzuan\Application\Admin\Controller\FinanceController.class.php 第 33 行.
SQL: SELECT `username` FROM `btchanges_user` WHERE `id` = 101613 LIMIT 1   [ RunTime:0.0000s ]
NOTIC: [8] Undefined index: num_a D:\www\youzuan\Application\Admin\Controller\FinanceController.class.php 第 25 行.
NOTIC: [8] Undefined index: num_b D:\www\youzuan\Application\Admin\Controller\FinanceController.class.php 第 26 行.
NOTIC: [8] Undefined index: nameid D:\www\youzuan\Application\Admin\Controller\FinanceController.class.php 第 31 行.
NOTIC: [8] Undefined index: mum_a D:\www\youzuan\Application\Admin\Controller\FinanceController.class.php 第 32 行.
NOTIC: [8] Undefined index: mum_b D:\www\youzuan\Application\Admin\Controller\FinanceController.class.php 第 33 行.
INFO: [ view_parse ] --START--
INFO: [ template_filter ] --START--
INFO: Run Behavior\ContentReplaceBehavior [ RunTime:0.000000s ]
INFO: [ template_filter ] --END-- [ RunTime:0.000000s ]
NOTIC: [8] Undefined index: class D:\www\youzuan\Runtime\Cache\Admin\be63e8ac18ebea09dc932cef0872ffd8.php 第 59 行.
NOTIC: [8] Undefined index: class D:\www\youzuan\Runtime\Cache\Admin\be63e8ac18ebea09dc932cef0872ffd8.php 第 59 行.
NOTIC: [8] Undefined index: class D:\www\youzuan\Runtime\Cache\Admin\be63e8ac18ebea09dc932cef0872ffd8.php 第 59 行.
NOTIC: [8] Undefined index: class D:\www\youzuan\Runtime\Cache\Admin\be63e8ac18ebea09dc932cef0872ffd8.php 第 59 行.
NOTIC: [8] Undefined index: class D:\www\youzuan\Runtime\Cache\Admin\be63e8ac18ebea09dc932cef0872ffd8.php 第 59 行.
NOTIC: [8] Undefined index: class D:\www\youzuan\Runtime\Cache\Admin\be63e8ac18ebea09dc932cef0872ffd8.php 第 59 行.
NOTIC: [8] Undefined index: class D:\www\youzuan\Runtime\Cache\Admin\be63e8ac18ebea09dc932cef0872ffd8.php 第 59 行.
NOTIC: [8] Undefined index: class D:\www\youzuan\Runtime\Cache\Admin\be63e8ac18ebea09dc932cef0872ffd8.php 第 59 行.
NOTIC: [8] Undefined variable: versionUp D:\www\youzuan\Runtime\Cache\Admin\be63e8ac18ebea09dc932cef0872ffd8.php 第 187 行.
NOTIC: [8] Undefined index: field D:\www\youzuan\Runtime\Cache\Admin\be63e8ac18ebea09dc932cef0872ffd8.php 第 253 行.
NOTIC: [8] Undefined index: name D:\www\youzuan\Runtime\Cache\Admin\be63e8ac18ebea09dc932cef0872ffd8.php 第 259 行.
NOTIC: [8] Undefined index: coinname D:\www\youzuan\Runtime\Cache\Admin\be63e8ac18ebea09dc932cef0872ffd8.php 第 345 行.
NOTIC: [8] Undefined index: remark D:\www\youzuan\Runtime\Cache\Admin\be63e8ac18ebea09dc932cef0872ffd8.php 第 379 行.
NOTIC: [8] Undefined index: coinname D:\www\youzuan\Runtime\Cache\Admin\be63e8ac18ebea09dc932cef0872ffd8.php 第 345 行.
NOTIC: [8] Undefined index: remark D:\www\youzuan\Runtime\Cache\Admin\be63e8ac18ebea09dc932cef0872ffd8.php 第 379 行.
NOTIC: [8] Undefined index: coinname D:\www\youzuan\Runtime\Cache\Admin\be63e8ac18ebea09dc932cef0872ffd8.php 第 345 行.
NOTIC: [8] Undefined index: remark D:\www\youzuan\Runtime\Cache\Admin\be63e8ac18ebea09dc932cef0872ffd8.php 第 379 行.
NOTIC: [8] Undefined index: coinname D:\www\youzuan\Runtime\Cache\Admin\be63e8ac18ebea09dc932cef0872ffd8.php 第 345 行.
NOTIC: [8] Undefined index: remark D:\www\youzuan\Runtime\Cache\Admin\be63e8ac18ebea09dc932cef0872ffd8.php 第 379 行.
NOTIC: [8] Undefined index: coinname D:\www\youzuan\Runtime\Cache\Admin\be63e8ac18ebea09dc932cef0872ffd8.php 第 345 行.
NOTIC: [8] Undefined index: remark D:\www\youzuan\Runtime\Cache\Admin\be63e8ac18ebea09dc932cef0872ffd8.php 第 379 行.
NOTIC: [8] Undefined index: coinname D:\www\youzuan\Runtime\Cache\Admin\be63e8ac18ebea09dc932cef0872ffd8.php 第 345 行.
NOTIC: [8] Undefined index: remark D:\www\youzuan\Runtime\Cache\Admin\be63e8ac18ebea09dc932cef0872ffd8.php 第 379 行.
NOTIC: [8] Undefined index: coinname D:\www\youzuan\Runtime\Cache\Admin\be63e8ac18ebea09dc932cef0872ffd8.php 第 345 行.
NOTIC: [8] Undefined index: remark D:\www\youzuan\Runtime\Cache\Admin\be63e8ac18ebea09dc932cef0872ffd8.php 第 379 行.
NOTIC: [8] Undefined index: coinname D:\www\youzuan\Runtime\Cache\Admin\be63e8ac18ebea09dc932cef0872ffd8.php 第 345 行.
NOTIC: [8] Undefined index: remark D:\www\youzuan\Runtime\Cache\Admin\be63e8ac18ebea09dc932cef0872ffd8.php 第 379 行.
NOTIC: [8] Undefined index: coinname D:\www\youzuan\Runtime\Cache\Admin\be63e8ac18ebea09dc932cef0872ffd8.php 第 345 行.
NOTIC: [8] Undefined index: remark D:\www\youzuan\Runtime\Cache\Admin\be63e8ac18ebea09dc932cef0872ffd8.php 第 379 行.
NOTIC: [8] Undefined index: coinname D:\www\youzuan\Runtime\Cache\Admin\be63e8ac18ebea09dc932cef0872ffd8.php 第 345 行.
NOTIC: [8] Undefined index: remark D:\www\youzuan\Runtime\Cache\Admin\be63e8ac18ebea09dc932cef0872ffd8.php 第 379 行.
NOTIC: [8] Undefined index: coinname D:\www\youzuan\Runtime\Cache\Admin\be63e8ac18ebea09dc932cef0872ffd8.php 第 345 行.
NOTIC: [8] Undefined index: remark D:\www\youzuan\Runtime\Cache\Admin\be63e8ac18ebea09dc932cef0872ffd8.php 第 379 行.
INFO: Run Behavior\ParseTemplateBehavior [ RunTime:0.016001s ]
INFO: [ view_parse ] --END-- [ RunTime:0.016001s ]
INFO: [ view_filter ] --START--
INFO: Run Behavior\WriteHtmlCacheBehavior [ RunTime:0.000000s ]
INFO: [ view_filter ] --END-- [ RunTime:0.000000s ]
INFO: [ app_end ] --START--
INFO: Run Behavior\ShowPageTraceBehavior [ RunTime:0.000000s ]
INFO: [ app_end ] --END-- [ RunTime:0.000000s ]

[ 2018-06-30T18:29:51+08:00 ] 127.0.0.1 /Admin/Finance/index.html
INFO: [ app_init ] --START--
INFO: Run Behavior\BuildLiteBehavior [ RunTime:0.000000s ]
INFO: [ app_init ] --END-- [ RunTime:0.002001s ]
INFO: [ app_begin ] --START--
INFO: Run Behavior\ReadHtmlCacheBehavior [ RunTime:0.001000s ]
INFO: Run Behavior\CheckLangBehavior [ RunTime:0.000000s ]
INFO: [ app_begin ] --END-- [ RunTime:0.001000s ]
SQL: SHOW COLUMNS FROM `btchanges_config` [ RunTime:0.0140s ]
SQL: SELECT * FROM `btchanges_config` WHERE `id` = 1 LIMIT 1   [ RunTime:0.0010s ]
SQL: SHOW COLUMNS FROM `btchanges_coin` [ RunTime:0.0140s ]
SQL: SELECT * FROM `btchanges_coin` WHERE `status` = 1  [ RunTime:0.0010s ]
SQL: SHOW COLUMNS FROM `btchanges_market` [ RunTime:0.0140s ]
SQL: SELECT * FROM `btchanges_market` WHERE `status` = 1  [ RunTime:0.0000s ]
SQL: SHOW COLUMNS FROM `btchanges_version` [ RunTime:0.0130s ]
SQL: SELECT `name` FROM `btchanges_version` WHERE `status` = 0 ORDER BY name desc LIMIT 1   [ RunTime:0.0010s ]
SQL: SHOW COLUMNS FROM `btchanges_menu` [ RunTime:0.0130s ]
SQL: SELECT * FROM `btchanges_menu` WHERE `pid` = 0 AND `hide` = 0 AND `is_dev` = 0 ORDER BY sort asc  [ RunTime:0.0000s ]
SQL: SELECT `id` FROM `btchanges_menu` WHERE ( url like 'Finance/index%' ) LIMIT 1   [ RunTime:0.0000s ]
SQL: SHOW COLUMNS FROM `btchanges_menu` [ RunTime:0.0140s ]
SQL: SELECT `id`,`pid`,`title` FROM `btchanges_menu` WHERE ( id=4 ) LIMIT 1   [ RunTime:0.0000s ]
SQL: SELECT DISTINCT  `group` FROM `btchanges_menu` WHERE ( pid = 4 )  [ RunTime:0.0020s ]
SQL: SELECT `id`,`url` FROM `btchanges_menu` WHERE `pid` = 4 AND `hide` = 0 AND `is_dev` = 0  [ RunTime:0.0000s ]
SQL: SELECT `id`,`pid`,`title`,`url`,`tip`,`ico_name` FROM `btchanges_menu` WHERE `group` = '财务' AND `pid` = 4 AND `hide` = 0 AND `is_dev` = 0 ORDER BY sort asc  [ RunTime:0.0000s ]
SQL: SELECT `id`,`pid`,`title`,`url`,`tip`,`ico_name` FROM `btchanges_menu` WHERE `group` = '提现' AND `pid` = 4 AND `hide` = 0 AND `is_dev` = 0 ORDER BY sort asc  [ RunTime:0.0000s ]
SQL: SHOW COLUMNS FROM `btchanges_mytx` [ RunTime:0.0130s ]
SQL: SELECT COUNT(*) AS tp_count FROM `btchanges_mytx` LIMIT 1   [ RunTime:0.0000s ]
SQL: SELECT * FROM `btchanges_mytx` ORDER BY id desc LIMIT 0,15   [ RunTime:0.0000s ]
SQL: SHOW COLUMNS FROM `btchanges_user` [ RunTime:0.0140s ]
SQL: SELECT `username` FROM `btchanges_user` WHERE `id` = 101620 LIMIT 1   [ RunTime:0.0010s ]
NOTIC: [8] Undefined index: num_a D:\www\youzuan\Application\Admin\Controller\FinanceController.class.php 第 25 行.
NOTIC: [8] Undefined index: num_b D:\www\youzuan\Application\Admin\Controller\FinanceController.class.php 第 26 行.
NOTIC: [8] Undefined index: nameid D:\www\youzuan\Application\Admin\Controller\FinanceController.class.php 第 31 行.
NOTIC: [8] Undefined index: mum_a D:\www\youzuan\Application\Admin\Controller\FinanceController.class.php 第 32 行.
NOTIC: [8] Undefined index: mum_b D:\www\youzuan\Application\Admin\Controller\FinanceController.class.php 第 33 行.
SQL: SELECT `username` FROM `btchanges_user` WHERE `id` = 101620 LIMIT 1   [ RunTime:0.0000s ]
NOTIC: [8] Undefined index: num_a D:\www\youzuan\Application\Admin\Controller\FinanceController.class.php 第 25 行.
NOTIC: [8] Undefined index: num_b D:\www\youzuan\Application\Admin\Controller\FinanceController.class.php 第 26 行.
NOTIC: [8] Undefined index: nameid D:\www\youzuan\Application\Admin\Controller\FinanceController.class.php 第 31 行.
NOTIC: [8] Undefined index: mum_a D:\www\youzuan\Application\Admin\Controller\FinanceController.class.php 第 32 行.
NOTIC: [8] Undefined index: mum_b D:\www\youzuan\Application\Admin\Controller\FinanceController.class.php 第 33 行.
SQL: SELECT `username` FROM `btchanges_user` WHERE `id` = 101620 LIMIT 1   [ RunTime:0.0010s ]
NOTIC: [8] Undefined index: num_a D:\www\youzuan\Application\Admin\Controller\FinanceController.class.php 第 25 行.
NOTIC: [8] Undefined index: num_b D:\www\youzuan\Application\Admin\Controller\FinanceController.class.php 第 26 行.
NOTIC: [8] Undefined index: nameid D:\www\youzuan\Application\Admin\Controller\FinanceController.class.php 第 31 行.
NOTIC: [8] Undefined index: mum_a D:\www\youzuan\Application\Admin\Controller\FinanceController.class.php 第 32 行.
NOTIC: [8] Undefined index: mum_b D:\www\youzuan\Application\Admin\Controller\FinanceController.class.php 第 33 行.
SQL: SELECT `username` FROM `btchanges_user` WHERE `id` = 101624 LIMIT 1   [ RunTime:0.0000s ]
NOTIC: [8] Undefined index: num_a D:\www\youzuan\Application\Admin\Controller\FinanceController.class.php 第 25 行.
NOTIC: [8] Undefined index: num_b D:\www\youzuan\Application\Admin\Controller\FinanceController.class.php 第 26 行.
NOTIC: [8] Undefined index: nameid D:\www\youzuan\Application\Admin\Controller\FinanceController.class.php 第 31 行.
NOTIC: [8] Undefined index: mum_a D:\www\youzuan\Application\Admin\Controller\FinanceController.class.php 第 32 行.
NOTIC: [8] Undefined index: mum_b D:\www\youzuan\Application\Admin\Controller\FinanceController.class.php 第 33 行.
SQL: SELECT `username` FROM `btchanges_user` WHERE `id` = 101624 LIMIT 1   [ RunTime:0.0010s ]
NOTIC: [8] Undefined index: num_a D:\www\youzuan\Application\Admin\Controller\FinanceController.class.php 第 25 行.
NOTIC: [8] Undefined index: num_b D:\www\youzuan\Application\Admin\Controller\FinanceController.class.php 第 26 行.
NOTIC: [8] Undefined index: nameid D:\www\youzuan\Application\Admin\Controller\FinanceController.class.php 第 31 行.
NOTIC: [8] Undefined index: mum_a D:\www\youzuan\Application\Admin\Controller\FinanceController.class.php 第 32 行.
NOTIC: [8] Undefined index: mum_b D:\www\youzuan\Application\Admin\Controller\FinanceController.class.php 第 33 行.
SQL: SELECT `username` FROM `btchanges_user` WHERE `id` = 101620 LIMIT 1   [ RunTime:0.0000s ]
NOTIC: [8] Undefined index: num_a D:\www\youzuan\Application\Admin\Controller\FinanceController.class.php 第 25 行.
NOTIC: [8] Undefined index: num_b D:\www\youzuan\Application\Admin\Controller\FinanceController.class.php 第 26 行.
NOTIC: [8] Undefined index: nameid D:\www\youzuan\Application\Admin\Controller\FinanceController.class.php 第 31 行.
NOTIC: [8] Undefined index: mum_a D:\www\youzuan\Application\Admin\Controller\FinanceController.class.php 第 32 行.
NOTIC: [8] Undefined index: mum_b D:\www\youzuan\Application\Admin\Controller\FinanceController.class.php 第 33 行.
SQL: SELECT `username` FROM `btchanges_user` WHERE `id` = 101613 LIMIT 1   [ RunTime:0.0010s ]
NOTIC: [8] Undefined index: num_a D:\www\youzuan\Application\Admin\Controller\FinanceController.class.php 第 25 行.
NOTIC: [8] Undefined index: num_b D:\www\youzuan\Application\Admin\Controller\FinanceController.class.php 第 26 行.
NOTIC: [8] Undefined index: nameid D:\www\youzuan\Application\Admin\Controller\FinanceController.class.php 第 31 行.
NOTIC: [8] Undefined index: mum_a D:\www\youzuan\Application\Admin\Controller\FinanceController.class.php 第 32 行.
NOTIC: [8] Undefined index: mum_b D:\www\youzuan\Application\Admin\Controller\FinanceController.class.php 第 33 行.
SQL: SELECT `username` FROM `btchanges_user` WHERE `id` = 101613 LIMIT 1   [ RunTime:0.0010s ]
NOTIC: [8] Undefined index: num_a D:\www\youzuan\Application\Admin\Controller\FinanceController.class.php 第 25 行.
NOTIC: [8] Undefined index: num_b D:\www\youzuan\Application\Admin\Controller\FinanceController.class.php 第 26 行.
NOTIC: [8] Undefined index: nameid D:\www\youzuan\Application\Admin\Controller\FinanceController.class.php 第 31 行.
NOTIC: [8] Undefined index: mum_a D:\www\youzuan\Application\Admin\Controller\FinanceController.class.php 第 32 行.
NOTIC: [8] Undefined index: mum_b D:\www\youzuan\Application\Admin\Controller\FinanceController.class.php 第 33 行.
SQL: SELECT `username` FROM `btchanges_user` WHERE `id` = 101613 LIMIT 1   [ RunTime:0.0000s ]
NOTIC: [8] Undefined index: num_a D:\www\youzuan\Application\Admin\Controller\FinanceController.class.php 第 25 行.
NOTIC: [8] Undefined index: num_b D:\www\youzuan\Application\Admin\Controller\FinanceController.class.php 第 26 行.
NOTIC: [8] Undefined index: nameid D:\www\youzuan\Application\Admin\Controller\FinanceController.class.php 第 31 行.
NOTIC: [8] Undefined index: mum_a D:\www\youzuan\Application\Admin\Controller\FinanceController.class.php 第 32 行.
NOTIC: [8] Undefined index: mum_b D:\www\youzuan\Application\Admin\Controller\FinanceController.class.php 第 33 行.
SQL: SELECT `username` FROM `btchanges_user` WHERE `id` = 101613 LIMIT 1   [ RunTime:0.0020s ]
NOTIC: [8] Undefined index: num_a D:\www\youzuan\Application\Admin\Controller\FinanceController.class.php 第 25 行.
NOTIC: [8] Undefined index: num_b D:\www\youzuan\Application\Admin\Controller\FinanceController.class.php 第 26 行.
NOTIC: [8] Undefined index: nameid D:\www\youzuan\Application\Admin\Controller\FinanceController.class.php 第 31 行.
NOTIC: [8] Undefined index: mum_a D:\www\youzuan\Application\Admin\Controller\FinanceController.class.php 第 32 行.
NOTIC: [8] Undefined index: mum_b D:\www\youzuan\Application\Admin\Controller\FinanceController.class.php 第 33 行.
SQL: SELECT `username` FROM `btchanges_user` WHERE `id` = 101613 LIMIT 1   [ RunTime:0.0010s ]
NOTIC: [8] Undefined index: num_a D:\www\youzuan\Application\Admin\Controller\FinanceController.class.php 第 25 行.
NOTIC: [8] Undefined index: num_b D:\www\youzuan\Application\Admin\Controller\FinanceController.class.php 第 26 行.
NOTIC: [8] Undefined index: nameid D:\www\youzuan\Application\Admin\Controller\FinanceController.class.php 第 31 行.
NOTIC: [8] Undefined index: mum_a D:\www\youzuan\Application\Admin\Controller\FinanceController.class.php 第 32 行.
NOTIC: [8] Undefined index: mum_b D:\www\youzuan\Application\Admin\Controller\FinanceController.class.php 第 33 行.
INFO: [ view_parse ] --START--
INFO: [ template_filter ] --START--
INFO: Run Behavior\ContentReplaceBehavior [ RunTime:0.000000s ]
INFO: [ template_filter ] --END-- [ RunTime:0.000000s ]
NOTIC: [8] Undefined index: class D:\www\youzuan\Runtime\Cache\Admin\be63e8ac18ebea09dc932cef0872ffd8.php 第 59 行.
NOTIC: [8] Undefined index: class D:\www\youzuan\Runtime\Cache\Admin\be63e8ac18ebea09dc932cef0872ffd8.php 第 59 行.
NOTIC: [8] Undefined index: class D:\www\youzuan\Runtime\Cache\Admin\be63e8ac18ebea09dc932cef0872ffd8.php 第 59 行.
NOTIC: [8] Undefined index: class D:\www\youzuan\Runtime\Cache\Admin\be63e8ac18ebea09dc932cef0872ffd8.php 第 59 行.
NOTIC: [8] Undefined index: class D:\www\youzuan\Runtime\Cache\Admin\be63e8ac18ebea09dc932cef0872ffd8.php 第 59 行.
NOTIC: [8] Undefined index: class D:\www\youzuan\Runtime\Cache\Admin\be63e8ac18ebea09dc932cef0872ffd8.php 第 59 行.
NOTIC: [8] Undefined index: class D:\www\youzuan\Runtime\Cache\Admin\be63e8ac18ebea09dc932cef0872ffd8.php 第 59 行.
NOTIC: [8] Undefined index: class D:\www\youzuan\Runtime\Cache\Admin\be63e8ac18ebea09dc932cef0872ffd8.php 第 59 行.
NOTIC: [8] Undefined variable: versionUp D:\www\youzuan\Runtime\Cache\Admin\be63e8ac18ebea09dc932cef0872ffd8.php 第 187 行.
NOTIC: [8] Undefined index: field D:\www\youzuan\Runtime\Cache\Admin\be63e8ac18ebea09dc932cef0872ffd8.php 第 253 行.
NOTIC: [8] Undefined index: name D:\www\youzuan\Runtime\Cache\Admin\be63e8ac18ebea09dc932cef0872ffd8.php 第 259 行.
NOTIC: [8] Undefined index: coinname D:\www\youzuan\Runtime\Cache\Admin\be63e8ac18ebea09dc932cef0872ffd8.php 第 345 行.
NOTIC: [8] Undefined index: remark D:\www\youzuan\Runtime\Cache\Admin\be63e8ac18ebea09dc932cef0872ffd8.php 第 379 行.
NOTIC: [8] Undefined index: coinname D:\www\youzuan\Runtime\Cache\Admin\be63e8ac18ebea09dc932cef0872ffd8.php 第 345 行.
NOTIC: [8] Undefined index: remark D:\www\youzuan\Runtime\Cache\Admin\be63e8ac18ebea09dc932cef0872ffd8.php 第 379 行.
NOTIC: [8] Undefined index: coinname D:\www\youzuan\Runtime\Cache\Admin\be63e8ac18ebea09dc932cef0872ffd8.php 第 345 行.
NOTIC: [8] Undefined index: remark D:\www\youzuan\Runtime\Cache\Admin\be63e8ac18ebea09dc932cef0872ffd8.php 第 379 行.
NOTIC: [8] Undefined index: coinname D:\www\youzuan\Runtime\Cache\Admin\be63e8ac18ebea09dc932cef0872ffd8.php 第 345 行.
NOTIC: [8] Undefined index: remark D:\www\youzuan\Runtime\Cache\Admin\be63e8ac18ebea09dc932cef0872ffd8.php 第 379 行.
NOTIC: [8] Undefined index: coinname D:\www\youzuan\Runtime\Cache\Admin\be63e8ac18ebea09dc932cef0872ffd8.php 第 345 行.
NOTIC: [8] Undefined index: remark D:\www\youzuan\Runtime\Cache\Admin\be63e8ac18ebea09dc932cef0872ffd8.php 第 379 行.
NOTIC: [8] Undefined index: coinname D:\www\youzuan\Runtime\Cache\Admin\be63e8ac18ebea09dc932cef0872ffd8.php 第 345 行.
NOTIC: [8] Undefined index: remark D:\www\youzuan\Runtime\Cache\Admin\be63e8ac18ebea09dc932cef0872ffd8.php 第 379 行.
NOTIC: [8] Undefined index: coinname D:\www\youzuan\Runtime\Cache\Admin\be63e8ac18ebea09dc932cef0872ffd8.php 第 345 行.
NOTIC: [8] Undefined index: remark D:\www\youzuan\Runtime\Cache\Admin\be63e8ac18ebea09dc932cef0872ffd8.php 第 379 行.
NOTIC: [8] Undefined index: coinname D:\www\youzuan\Runtime\Cache\Admin\be63e8ac18ebea09dc932cef0872ffd8.php 第 345 行.
NOTIC: [8] Undefined index: remark D:\www\youzuan\Runtime\Cache\Admin\be63e8ac18ebea09dc932cef0872ffd8.php 第 379 行.
NOTIC: [8] Undefined index: coinname D:\www\youzuan\Runtime\Cache\Admin\be63e8ac18ebea09dc932cef0872ffd8.php 第 345 行.
NOTIC: [8] Undefined index: remark D:\www\youzuan\Runtime\Cache\Admin\be63e8ac18ebea09dc932cef0872ffd8.php 第 379 行.
NOTIC: [8] Undefined index: coinname D:\www\youzuan\Runtime\Cache\Admin\be63e8ac18ebea09dc932cef0872ffd8.php 第 345 行.
NOTIC: [8] Undefined index: remark D:\www\youzuan\Runtime\Cache\Admin\be63e8ac18ebea09dc932cef0872ffd8.php 第 379 行.
NOTIC: [8] Undefined index: coinname D:\www\youzuan\Runtime\Cache\Admin\be63e8ac18ebea09dc932cef0872ffd8.php 第 345 行.
NOTIC: [8] Undefined index: remark D:\www\youzuan\Runtime\Cache\Admin\be63e8ac18ebea09dc932cef0872ffd8.php 第 379 行.
INFO: Run Behavior\ParseTemplateBehavior [ RunTime:0.015000s ]
INFO: [ view_parse ] --END-- [ RunTime:0.015000s ]
INFO: [ view_filter ] --START--
INFO: Run Behavior\WriteHtmlCacheBehavior [ RunTime:0.000000s ]
INFO: [ view_filter ] --END-- [ RunTime:0.000000s ]
INFO: [ app_end ] --START--
INFO: Run Behavior\ShowPageTraceBehavior [ RunTime:0.001000s ]
INFO: [ app_end ] --END-- [ RunTime:0.001000s ]

