[ 2018-07-04T09:02:45+08:00 ] 127.0.0.1 /admin/login?btchanges=linsion
INFO: [ app_init ] --START--
INFO: Run Behavior\BuildLiteBehavior [ RunTime:0.000000s ]
INFO: [ app_init ] --END-- [ RunTime:0.002000s ]
INFO: [ app_begin ] --START--
INFO: Run Behavior\ReadHtmlCacheBehavior [ RunTime:0.001000s ]
INFO: Run Behavior\CheckLangBehavior [ RunTime:0.001001s ]
INFO: [ app_begin ] --END-- [ RunTime:0.002001s ]
ERR: 非法操作:start

[ 2018-07-04T09:03:04+08:00 ] 127.0.0.1 /admin/login?btchanges=linsion
INFO: [ app_init ] --START--
INFO: Run Behavior\BuildLiteBehavior [ RunTime:0.000000s ]
INFO: [ app_init ] --END-- [ RunTime:0.002000s ]
INFO: [ app_begin ] --START--
INFO: Run Behavior\ReadHtmlCacheBehavior [ RunTime:0.001000s ]
INFO: Run Behavior\CheckLangBehavior [ RunTime:0.001000s ]
INFO: [ app_begin ] --END-- [ RunTime:0.002000s ]
ERR: 非法操作:start

[ 2018-07-04T09:05:22+08:00 ] 127.0.0.1 /admin/login?btchanges=linsion
INFO: [ app_init ] --START--
INFO: Run Behavior\BuildLiteBehavior [ RunTime:0.000000s ]
INFO: [ app_init ] --END-- [ RunTime:0.002000s ]
INFO: [ app_begin ] --START--
INFO: Run Behavior\ReadHtmlCacheBehavior [ RunTime:0.000000s ]
INFO: Run Behavior\CheckLangBehavior [ RunTime:0.001000s ]
INFO: [ app_begin ] --END-- [ RunTime:0.001000s ]
ERR: 非法操作:start

[ 2018-07-04T09:05:29+08:00 ] 127.0.0.1 /admin/login?btchanges=linsion
INFO: [ app_init ] --START--
INFO: Run Behavior\BuildLiteBehavior [ RunTime:0.000000s ]
INFO: [ app_init ] --END-- [ RunTime:0.002001s ]
INFO: [ app_begin ] --START--
INFO: Run Behavior\ReadHtmlCacheBehavior [ RunTime:0.001000s ]
INFO: Run Behavior\CheckLangBehavior [ RunTime:0.001000s ]
INFO: [ app_begin ] --END-- [ RunTime:0.002000s ]
INFO: [ view_parse ] --START--
INFO: [ template_filter ] --START--
INFO: Run Behavior\ContentReplaceBehavior [ RunTime:0.000000s ]
INFO: [ template_filter ] --END-- [ RunTime:0.001000s ]
INFO: Run Behavior\ParseTemplateBehavior [ RunTime:0.023001s ]
INFO: [ view_parse ] --END-- [ RunTime:0.023001s ]
INFO: [ view_filter ] --START--
INFO: Run Behavior\WriteHtmlCacheBehavior [ RunTime:0.001000s ]
INFO: [ view_filter ] --END-- [ RunTime:0.001000s ]
INFO: [ app_end ] --START--
INFO: Run Behavior\ShowPageTraceBehavior [ RunTime:0.001000s ]
INFO: [ app_end ] --END-- [ RunTime:0.001000s ]

[ 2018-07-04T09:05:31+08:00 ] 127.0.0.1 /Admin/Verify/code.html
INFO: [ app_init ] --START--
INFO: Run Behavior\BuildLiteBehavior [ RunTime:0.000000s ]
INFO: [ app_init ] --END-- [ RunTime:0.002000s ]
INFO: [ app_begin ] --START--
INFO: Run Behavior\ReadHtmlCacheBehavior [ RunTime:0.000000s ]
INFO: Run Behavior\CheckLangBehavior [ RunTime:0.001000s ]
INFO: [ app_begin ] --END-- [ RunTime:0.001000s ]
INFO: [ app_end ] --START--
INFO: Run Behavior\ShowPageTraceBehavior [ RunTime:0.001000s ]
INFO: [ app_end ] --END-- [ RunTime:0.001000s ]

[ 2018-07-04T09:05:38+08:00 ] 127.0.0.1 /admin/login?btchanges=linsion
INFO: [ app_init ] --START--
INFO: Run Behavior\BuildLiteBehavior [ RunTime:0.000000s ]
INFO: [ app_init ] --END-- [ RunTime:0.003000s ]
INFO: [ app_begin ] --START--
INFO: Run Behavior\ReadHtmlCacheBehavior [ RunTime:0.001000s ]
INFO: Run Behavior\CheckLangBehavior [ RunTime:0.001000s ]
INFO: [ app_begin ] --END-- [ RunTime:0.002000s ]
ERR: 非法操作:start

[ 2018-07-04T09:07:01+08:00 ] 127.0.0.1 /admin/login?btchanges=linsion
INFO: [ app_init ] --START--
INFO: Run Behavior\BuildLiteBehavior [ RunTime:0.000000s ]
INFO: [ app_init ] --END-- [ RunTime:0.002000s ]
INFO: [ app_begin ] --START--
INFO: Run Behavior\ReadHtmlCacheBehavior [ RunTime:0.001000s ]
INFO: Run Behavior\CheckLangBehavior [ RunTime:0.001000s ]
INFO: [ app_begin ] --END-- [ RunTime:0.002000s ]
INFO: [ view_parse ] --START--
INFO: [ template_filter ] --START--
INFO: Run Behavior\ContentReplaceBehavior [ RunTime:0.000000s ]
INFO: [ template_filter ] --END-- [ RunTime:0.000000s ]
INFO: Run Behavior\ParseTemplateBehavior [ RunTime:0.008001s ]
INFO: [ view_parse ] --END-- [ RunTime:0.009001s ]
INFO: [ view_filter ] --START--
INFO: Run Behavior\WriteHtmlCacheBehavior [ RunTime:0.000000s ]
INFO: [ view_filter ] --END-- [ RunTime:0.000000s ]
INFO: [ app_end ] --START--
INFO: Run Behavior\ShowPageTraceBehavior [ RunTime:0.001000s ]
INFO: [ app_end ] --END-- [ RunTime:0.001000s ]

[ 2018-07-04T09:07:02+08:00 ] 127.0.0.1 /Admin/Verify/code.html
INFO: [ app_init ] --START--
INFO: Run Behavior\BuildLiteBehavior [ RunTime:0.000000s ]
INFO: [ app_init ] --END-- [ RunTime:0.002000s ]
INFO: [ app_begin ] --START--
INFO: Run Behavior\ReadHtmlCacheBehavior [ RunTime:0.001000s ]
INFO: Run Behavior\CheckLangBehavior [ RunTime:0.001000s ]
INFO: [ app_begin ] --END-- [ RunTime:0.002000s ]
INFO: [ app_end ] --START--
INFO: Run Behavior\ShowPageTraceBehavior [ RunTime:0.001000s ]
INFO: [ app_end ] --END-- [ RunTime:0.001000s ]

[ 2018-07-04T09:07:04+08:00 ] 127.0.0.1 /admin/login?btchanges=linsion
INFO: [ app_init ] --START--
INFO: Run Behavior\BuildLiteBehavior [ RunTime:0.000000s ]
INFO: [ app_init ] --END-- [ RunTime:0.003000s ]
INFO: [ app_begin ] --START--
INFO: Run Behavior\ReadHtmlCacheBehavior [ RunTime:0.000000s ]
INFO: Run Behavior\CheckLangBehavior [ RunTime:0.001000s ]
INFO: [ app_begin ] --END-- [ RunTime:0.001000s ]
INFO: [ view_parse ] --START--
INFO: [ template_filter ] --START--
INFO: Run Behavior\ContentReplaceBehavior [ RunTime:0.000000s ]
INFO: [ template_filter ] --END-- [ RunTime:0.000000s ]
INFO: Run Behavior\ParseTemplateBehavior [ RunTime:0.009000s ]
INFO: [ view_parse ] --END-- [ RunTime:0.009000s ]
INFO: [ view_filter ] --START--
INFO: Run Behavior\WriteHtmlCacheBehavior [ RunTime:0.000000s ]
INFO: [ view_filter ] --END-- [ RunTime:0.001000s ]
INFO: [ app_end ] --START--
INFO: Run Behavior\ShowPageTraceBehavior [ RunTime:0.001000s ]
INFO: [ app_end ] --END-- [ RunTime:0.001000s ]

[ 2018-07-04T09:07:05+08:00 ] 127.0.0.1 /Admin/Verify/code.html
INFO: [ app_init ] --START--
INFO: Run Behavior\BuildLiteBehavior [ RunTime:0.000000s ]
INFO: [ app_init ] --END-- [ RunTime:0.002001s ]
INFO: [ app_begin ] --START--
INFO: Run Behavior\ReadHtmlCacheBehavior [ RunTime:0.000000s ]
INFO: Run Behavior\CheckLangBehavior [ RunTime:0.001000s ]
INFO: [ app_begin ] --END-- [ RunTime:0.001000s ]
INFO: [ app_end ] --START--
INFO: Run Behavior\ShowPageTraceBehavior [ RunTime:0.001000s ]
INFO: [ app_end ] --END-- [ RunTime:0.001000s ]

[ 2018-07-04T09:07:24+08:00 ] 127.0.0.1 /Admin/Login/index.html
INFO: [ app_init ] --START--
INFO: Run Behavior\BuildLiteBehavior [ RunTime:0.000000s ]
INFO: [ app_init ] --END-- [ RunTime:0.002000s ]
INFO: [ app_begin ] --START--
INFO: Run Behavior\ReadHtmlCacheBehavior [ RunTime:0.001000s ]
INFO: Run Behavior\CheckLangBehavior [ RunTime:0.001000s ]
INFO: [ app_begin ] --END-- [ RunTime:0.002000s ]
SQL: SHOW COLUMNS FROM `btchanges_admin` [ RunTime:0.0400s ]
SQL: SELECT * FROM `btchanges_admin` WHERE `username` = 'admin' LIMIT 1   [ RunTime:0.0000s ]

[ 2018-07-04T09:07:28+08:00 ] 127.0.0.1 /Admin/Index/index.html
INFO: [ app_init ] --START--
INFO: Run Behavior\BuildLiteBehavior [ RunTime:0.000000s ]
INFO: [ app_init ] --END-- [ RunTime:0.002000s ]
INFO: [ app_begin ] --START--
INFO: Run Behavior\ReadHtmlCacheBehavior [ RunTime:0.001001s ]
INFO: Run Behavior\CheckLangBehavior [ RunTime:0.001000s ]
INFO: [ app_begin ] --END-- [ RunTime:0.002001s ]
SQL: SHOW COLUMNS FROM `btchanges_config` [ RunTime:0.0150s ]
SQL: SELECT * FROM `btchanges_config` WHERE `id` = 1 LIMIT 1   [ RunTime:0.0000s ]
SQL: SHOW COLUMNS FROM `btchanges_coin` [ RunTime:0.0140s ]
SQL: SELECT * FROM `btchanges_coin` WHERE `status` = 1  [ RunTime:0.0010s ]
SQL: SHOW COLUMNS FROM `btchanges_market` [ RunTime:0.0140s ]
SQL: SELECT * FROM `btchanges_market` WHERE `status` = 1  [ RunTime:0.0000s ]
SQL: SHOW COLUMNS FROM `btchanges_version` [ RunTime:0.0210s ]
SQL: SELECT `name` FROM `btchanges_version` WHERE `status` = 0 ORDER BY name desc LIMIT 1   [ RunTime:0.0000s ]
SQL: SHOW COLUMNS FROM `btchanges_menu` [ RunTime:0.0250s ]
SQL: SELECT * FROM `btchanges_menu` WHERE `pid` = 0 AND `hide` = 0 AND `is_dev` = 0 ORDER BY sort asc  [ RunTime:0.0010s ]
SQL: SELECT `id` FROM `btchanges_menu` WHERE ( url like 'Index/index%' ) LIMIT 1   [ RunTime:0.0000s ]
SQL: SHOW COLUMNS FROM `btchanges_menu` [ RunTime:0.0140s ]
SQL: SELECT `id`,`pid`,`title` FROM `btchanges_menu` WHERE ( id=1 ) LIMIT 1   [ RunTime:0.0000s ]
SQL: SELECT DISTINCT  `group` FROM `btchanges_menu` WHERE ( pid = 1 )  [ RunTime:0.0020s ]
SQL: SELECT `id`,`url` FROM `btchanges_menu` WHERE `pid` = 1 AND `hide` = 0 AND `is_dev` = 0  [ RunTime:0.0000s ]
SQL: SELECT `id`,`pid`,`title`,`url`,`tip`,`ico_name` FROM `btchanges_menu` WHERE `group` = '系统' AND `pid` = 1 AND `hide` = 0 AND `is_dev` = 0 ORDER BY sort asc  [ RunTime:0.0010s ]
SQL: SHOW COLUMNS FROM `btchanges_user` [ RunTime:0.0130s ]
SQL: SELECT COUNT(*) AS tp_count FROM `btchanges_user` LIMIT 1   [ RunTime:0.0950s ]
SQL: SHOW COLUMNS FROM `btchanges_user_coin` [ RunTime:0.0220s ]
SQL: SELECT SUM(cny) AS tp_sum FROM `btchanges_user_coin` LIMIT 1   [ RunTime:0.0070s ]
SQL: SELECT SUM(cnyd) AS tp_sum FROM `btchanges_user_coin` LIMIT 1   [ RunTime:0.0000s ]
SQL: SHOW COLUMNS FROM `btchanges_trade_log` [ RunTime:0.0480s ]
SQL: SELECT SUM(mum) AS tp_sum FROM `btchanges_trade_log` LIMIT 1   [ RunTime:0.0000s ]
SQL: SHOW COLUMNS FROM `btchanges_article` [ RunTime:0.0390s ]
SQL: SELECT COUNT(*) AS tp_count FROM `btchanges_article` LIMIT 1   [ RunTime:0.0000s ]
SQL: SHOW COLUMNS FROM `btchanges_mycz` [ RunTime:0.0190s ]
SQL: SELECT SUM(num) AS tp_sum FROM `btchanges_mycz` WHERE `status` <> 0 AND ( `addtime` > 1528128000 AND `addtime` < 1528214400  ) LIMIT 1   [ RunTime:0.0000s ]
SQL: SHOW COLUMNS FROM `btchanges_mytx` [ RunTime:0.0160s ]
SQL: SELECT SUM(num) AS tp_sum FROM `btchanges_mytx` WHERE `status` = 1 AND ( `addtime` > 1528128000 AND `addtime` < 1528214400  ) LIMIT 1   [ RunTime:0.0000s ]
SQL: SELECT SUM(num) AS tp_sum FROM `btchanges_mycz` WHERE `status` <> 0 AND ( `addtime` > 1528214400 AND `addtime` < 1528300800  ) LIMIT 1   [ RunTime:0.0000s ]
SQL: SELECT SUM(num) AS tp_sum FROM `btchanges_mytx` WHERE `status` = 1 AND ( `addtime` > 1528214400 AND `addtime` < 1528300800  ) LIMIT 1   [ RunTime:0.0000s ]
SQL: SELECT SUM(num) AS tp_sum FROM `btchanges_mycz` WHERE `status` <> 0 AND ( `addtime` > 1528300800 AND `addtime` < 1528387200  ) LIMIT 1   [ RunTime:0.0010s ]
SQL: SELECT SUM(num) AS tp_sum FROM `btchanges_mytx` WHERE `status` = 1 AND ( `addtime` > 1528300800 AND `addtime` < 1528387200  ) LIMIT 1   [ RunTime:0.0000s ]
SQL: SELECT SUM(num) AS tp_sum FROM `btchanges_mycz` WHERE `status` <> 0 AND ( `addtime` > 1528387200 AND `addtime` < 1528473600  ) LIMIT 1   [ RunTime:0.0000s ]
SQL: SELECT SUM(num) AS tp_sum FROM `btchanges_mytx` WHERE `status` = 1 AND ( `addtime` > 1528387200 AND `addtime` < 1528473600  ) LIMIT 1   [ RunTime:0.0000s ]
SQL: SELECT SUM(num) AS tp_sum FROM `btchanges_mycz` WHERE `status` <> 0 AND ( `addtime` > 1528473600 AND `addtime` < 1528560000  ) LIMIT 1   [ RunTime:0.0000s ]
SQL: SELECT SUM(num) AS tp_sum FROM `btchanges_mytx` WHERE `status` = 1 AND ( `addtime` > 1528473600 AND `addtime` < 1528560000  ) LIMIT 1   [ RunTime:0.0010s ]
SQL: SELECT SUM(num) AS tp_sum FROM `btchanges_mycz` WHERE `status` <> 0 AND ( `addtime` > 1528560000 AND `addtime` < 1528646400  ) LIMIT 1   [ RunTime:0.0000s ]
SQL: SELECT SUM(num) AS tp_sum FROM `btchanges_mytx` WHERE `status` = 1 AND ( `addtime` > 1528560000 AND `addtime` < 1528646400  ) LIMIT 1   [ RunTime:0.0000s ]
SQL: SELECT SUM(num) AS tp_sum FROM `btchanges_mycz` WHERE `status` <> 0 AND ( `addtime` > 1528646400 AND `addtime` < 1528732800  ) LIMIT 1   [ RunTime:0.0000s ]
SQL: SELECT SUM(num) AS tp_sum FROM `btchanges_mytx` WHERE `status` = 1 AND ( `addtime` > 1528646400 AND `addtime` < 1528732800  ) LIMIT 1   [ RunTime:0.0000s ]
SQL: SELECT SUM(num) AS tp_sum FROM `btchanges_mycz` WHERE `status` <> 0 AND ( `addtime` > 1528732800 AND `addtime` < 1528819200  ) LIMIT 1   [ RunTime:0.0010s ]
SQL: SELECT SUM(num) AS tp_sum FROM `btchanges_mytx` WHERE `status` = 1 AND ( `addtime` > 1528732800 AND `addtime` < 1528819200  ) LIMIT 1   [ RunTime:0.0000s ]
SQL: SELECT SUM(num) AS tp_sum FROM `btchanges_mycz` WHERE `status` <> 0 AND ( `addtime` > 1528819200 AND `addtime` < 1528905600  ) LIMIT 1   [ RunTime:0.0000s ]
SQL: SELECT SUM(num) AS tp_sum FROM `btchanges_mytx` WHERE `status` = 1 AND ( `addtime` > 1528819200 AND `addtime` < 1528905600  ) LIMIT 1   [ RunTime:0.0010s ]
SQL: SELECT SUM(num) AS tp_sum FROM `btchanges_mycz` WHERE `status` <> 0 AND ( `addtime` > 1528905600 AND `addtime` < 1528992000  ) LIMIT 1   [ RunTime:0.0000s ]
SQL: SELECT SUM(num) AS tp_sum FROM `btchanges_mytx` WHERE `status` = 1 AND ( `addtime` > 1528905600 AND `addtime` < 1528992000  ) LIMIT 1   [ RunTime:0.0010s ]
SQL: SELECT SUM(num) AS tp_sum FROM `btchanges_mycz` WHERE `status` <> 0 AND ( `addtime` > 1528992000 AND `addtime` < 1529078400  ) LIMIT 1   [ RunTime:0.0000s ]
SQL: SELECT SUM(num) AS tp_sum FROM `btchanges_mytx` WHERE `status` = 1 AND ( `addtime` > 1528992000 AND `addtime` < 1529078400  ) LIMIT 1   [ RunTime:0.0000s ]
SQL: SELECT SUM(num) AS tp_sum FROM `btchanges_mycz` WHERE `status` <> 0 AND ( `addtime` > 1529078400 AND `addtime` < 1529164800  ) LIMIT 1   [ RunTime:0.0010s ]
SQL: SELECT SUM(num) AS tp_sum FROM `btchanges_mytx` WHERE `status` = 1 AND ( `addtime` > 1529078400 AND `addtime` < 1529164800  ) LIMIT 1   [ RunTime:0.0000s ]
SQL: SELECT SUM(num) AS tp_sum FROM `btchanges_mycz` WHERE `status` <> 0 AND ( `addtime` > 1529164800 AND `addtime` < 1529251200  ) LIMIT 1   [ RunTime:0.0000s ]
SQL: SELECT SUM(num) AS tp_sum FROM `btchanges_mytx` WHERE `status` = 1 AND ( `addtime` > 1529164800 AND `addtime` < 1529251200  ) LIMIT 1   [ RunTime:0.0010s ]
SQL: SELECT SUM(num) AS tp_sum FROM `btchanges_mycz` WHERE `status` <> 0 AND ( `addtime` > 1529251200 AND `addtime` < 1529337600  ) LIMIT 1   [ RunTime:0.0000s ]
SQL: SELECT SUM(num) AS tp_sum FROM `btchanges_mytx` WHERE `status` = 1 AND ( `addtime` > 1529251200 AND `addtime` < 1529337600  ) LIMIT 1   [ RunTime:0.0000s ]
SQL: SELECT SUM(num) AS tp_sum FROM `btchanges_mycz` WHERE `status` <> 0 AND ( `addtime` > 1529337600 AND `addtime` < 1529424000  ) LIMIT 1   [ RunTime:0.0010s ]
SQL: SELECT SUM(num) AS tp_sum FROM `btchanges_mytx` WHERE `status` = 1 AND ( `addtime` > 1529337600 AND `addtime` < 1529424000  ) LIMIT 1   [ RunTime:0.0000s ]
SQL: SELECT SUM(num) AS tp_sum FROM `btchanges_mycz` WHERE `status` <> 0 AND ( `addtime` > 1529424000 AND `addtime` < 1529510400  ) LIMIT 1   [ RunTime:0.0010s ]
SQL: SELECT SUM(num) AS tp_sum FROM `btchanges_mytx` WHERE `status` = 1 AND ( `addtime` > 1529424000 AND `addtime` < 1529510400  ) LIMIT 1   [ RunTime:0.0000s ]
SQL: SELECT SUM(num) AS tp_sum FROM `btchanges_mycz` WHERE `status` <> 0 AND ( `addtime` > 1529510400 AND `addtime` < 1529596800  ) LIMIT 1   [ RunTime:0.0000s ]
SQL: SELECT SUM(num) AS tp_sum FROM `btchanges_mytx` WHERE `status` = 1 AND ( `addtime` > 1529510400 AND `addtime` < 1529596800  ) LIMIT 1   [ RunTime:0.0010s ]
SQL: SELECT SUM(num) AS tp_sum FROM `btchanges_mycz` WHERE `status` <> 0 AND ( `addtime` > 1529596800 AND `addtime` < 1529683200  ) LIMIT 1   [ RunTime:0.0000s ]
SQL: SELECT SUM(num) AS tp_sum FROM `btchanges_mytx` WHERE `status` = 1 AND ( `addtime` > 1529596800 AND `addtime` < 1529683200  ) LIMIT 1   [ RunTime:0.0000s ]
SQL: SELECT SUM(num) AS tp_sum FROM `btchanges_mycz` WHERE `status` <> 0 AND ( `addtime` > 1529683200 AND `addtime` < 1529769600  ) LIMIT 1   [ RunTime:0.0010s ]
SQL: SELECT SUM(num) AS tp_sum FROM `btchanges_mytx` WHERE `status` = 1 AND ( `addtime` > 1529683200 AND `addtime` < 1529769600  ) LIMIT 1   [ RunTime:0.0000s ]
SQL: SELECT SUM(num) AS tp_sum FROM `btchanges_mycz` WHERE `status` <> 0 AND ( `addtime` > 1529769600 AND `addtime` < 1529856000  ) LIMIT 1   [ RunTime:0.0000s ]
SQL: SELECT SUM(num) AS tp_sum FROM `btchanges_mytx` WHERE `status` = 1 AND ( `addtime` > 1529769600 AND `addtime` < 1529856000  ) LIMIT 1   [ RunTime:0.0010s ]
SQL: SELECT SUM(num) AS tp_sum FROM `btchanges_mycz` WHERE `status` <> 0 AND ( `addtime` > 1529856000 AND `addtime` < 1529942400  ) LIMIT 1   [ RunTime:0.0000s ]
SQL: SELECT SUM(num) AS tp_sum FROM `btchanges_mytx` WHERE `status` = 1 AND ( `addtime` > 1529856000 AND `addtime` < 1529942400  ) LIMIT 1   [ RunTime:0.0000s ]
SQL: SELECT SUM(num) AS tp_sum FROM `btchanges_mycz` WHERE `status` <> 0 AND ( `addtime` > 1529942400 AND `addtime` < 1530028800  ) LIMIT 1   [ RunTime:0.0010s ]
SQL: SELECT SUM(num) AS tp_sum FROM `btchanges_mytx` WHERE `status` = 1 AND ( `addtime` > 1529942400 AND `addtime` < 1530028800  ) LIMIT 1   [ RunTime:0.0000s ]
SQL: SELECT SUM(num) AS tp_sum FROM `btchanges_mycz` WHERE `status` <> 0 AND ( `addtime` > 1530028800 AND `addtime` < 1530115200  ) LIMIT 1   [ RunTime:0.0010s ]
SQL: SELECT SUM(num) AS tp_sum FROM `btchanges_mytx` WHERE `status` = 1 AND ( `addtime` > 1530028800 AND `addtime` < 1530115200  ) LIMIT 1   [ RunTime:0.0000s ]
SQL: SELECT SUM(num) AS tp_sum FROM `btchanges_mycz` WHERE `status` <> 0 AND ( `addtime` > 1530115200 AND `addtime` < 1530201600  ) LIMIT 1   [ RunTime:0.0000s ]
SQL: SELECT SUM(num) AS tp_sum FROM `btchanges_mytx` WHERE `status` = 1 AND ( `addtime` > 1530115200 AND `addtime` < 1530201600  ) LIMIT 1   [ RunTime:0.0010s ]
SQL: SELECT SUM(num) AS tp_sum FROM `btchanges_mycz` WHERE `status` <> 0 AND ( `addtime` > 1530201600 AND `addtime` < 1530288000  ) LIMIT 1   [ RunTime:0.0000s ]
SQL: SELECT SUM(num) AS tp_sum FROM `btchanges_mytx` WHERE `status` = 1 AND ( `addtime` > 1530201600 AND `addtime` < 1530288000  ) LIMIT 1   [ RunTime:0.0000s ]
SQL: SELECT SUM(num) AS tp_sum FROM `btchanges_mycz` WHERE `status` <> 0 AND ( `addtime` > 1530288000 AND `addtime` < 1530374400  ) LIMIT 1   [ RunTime:0.0010s ]
SQL: SELECT SUM(num) AS tp_sum FROM `btchanges_mytx` WHERE `status` = 1 AND ( `addtime` > 1530288000 AND `addtime` < 1530374400  ) LIMIT 1   [ RunTime:0.0000s ]
SQL: SELECT SUM(num) AS tp_sum FROM `btchanges_mycz` WHERE `status` <> 0 AND ( `addtime` > 1530374400 AND `addtime` < 1530460800  ) LIMIT 1   [ RunTime:0.0000s ]
SQL: SELECT SUM(num) AS tp_sum FROM `btchanges_mytx` WHERE `status` = 1 AND ( `addtime` > 1530374400 AND `addtime` < 1530460800  ) LIMIT 1   [ RunTime:0.0000s ]
SQL: SELECT SUM(num) AS tp_sum FROM `btchanges_mycz` WHERE `status` <> 0 AND ( `addtime` > 1530460800 AND `addtime` < 1530547200  ) LIMIT 1   [ RunTime:0.0010s ]
SQL: SELECT SUM(num) AS tp_sum FROM `btchanges_mytx` WHERE `status` = 1 AND ( `addtime` > 1530460800 AND `addtime` < 1530547200  ) LIMIT 1   [ RunTime:0.0000s ]
SQL: SELECT SUM(num) AS tp_sum FROM `btchanges_mycz` WHERE `status` <> 0 AND ( `addtime` > 1530547200 AND `addtime` < 1530633600  ) LIMIT 1   [ RunTime:0.0010s ]
SQL: SELECT SUM(num) AS tp_sum FROM `btchanges_mytx` WHERE `status` = 1 AND ( `addtime` > 1530547200 AND `addtime` < 1530633600  ) LIMIT 1   [ RunTime:0.0000s ]
SQL: SELECT SUM(num) AS tp_sum FROM `btchanges_mycz` WHERE `status` <> 0 AND ( `addtime` > 1530633600 AND `addtime` < 1530720000  ) LIMIT 1   [ RunTime:0.0010s ]
SQL: SELECT SUM(num) AS tp_sum FROM `btchanges_mytx` WHERE `status` = 1 AND ( `addtime` > 1530633600 AND `addtime` < 1530720000  ) LIMIT 1   [ RunTime:0.0000s ]
SQL: SELECT COUNT(*) AS tp_count FROM `btchanges_user` WHERE ( `addtime` > 1528074445 AND `addtime` < 1528160845  ) LIMIT 1   [ RunTime:0.0420s ]
SQL: SELECT COUNT(*) AS tp_count FROM `btchanges_user` WHERE ( `addtime` > 1528160845 AND `addtime` < 1528247245  ) LIMIT 1   [ RunTime:0.0430s ]
SQL: SELECT COUNT(*) AS tp_count FROM `btchanges_user` WHERE ( `addtime` > 1528247245 AND `addtime` < 1528333645  ) LIMIT 1   [ RunTime:0.0420s ]
SQL: SELECT COUNT(*) AS tp_count FROM `btchanges_user` WHERE ( `addtime` > 1528333645 AND `addtime` < 1528420045  ) LIMIT 1   [ RunTime:0.0420s ]
SQL: SELECT COUNT(*) AS tp_count FROM `btchanges_user` WHERE ( `addtime` > 1528420045 AND `addtime` < 1528506445  ) LIMIT 1   [ RunTime:0.0420s ]
SQL: SELECT COUNT(*) AS tp_count FROM `btchanges_user` WHERE ( `addtime` > 1528506445 AND `addtime` < 1528592845  ) LIMIT 1   [ RunTime:0.0440s ]
SQL: SELECT COUNT(*) AS tp_count FROM `btchanges_user` WHERE ( `addtime` > 1528592845 AND `addtime` < 1528679245  ) LIMIT 1   [ RunTime:0.0430s ]
SQL: SELECT COUNT(*) AS tp_count FROM `btchanges_user` WHERE ( `addtime` > 1528679245 AND `addtime` < 1528765645  ) LIMIT 1   [ RunTime:0.0430s ]
SQL: SELECT COUNT(*) AS tp_count FROM `btchanges_user` WHERE ( `addtime` > 1528765645 AND `addtime` < 1528852045  ) LIMIT 1   [ RunTime:0.0420s ]
SQL: SELECT COUNT(*) AS tp_count FROM `btchanges_user` WHERE ( `addtime` > 1528852045 AND `addtime` < 1528938445  ) LIMIT 1   [ RunTime:0.0420s ]
SQL: SELECT COUNT(*) AS tp_count FROM `btchanges_user` WHERE ( `addtime` > 1528938445 AND `addtime` < 1529024845  ) LIMIT 1   [ RunTime:0.0410s ]
SQL: SELECT COUNT(*) AS tp_count FROM `btchanges_user` WHERE ( `addtime` > 1529024845 AND `addtime` < 1529111245  ) LIMIT 1   [ RunTime:0.0420s ]
SQL: SELECT COUNT(*) AS tp_count FROM `btchanges_user` WHERE ( `addtime` > 1529111245 AND `addtime` < 1529197645  ) LIMIT 1   [ RunTime:0.0420s ]
SQL: SELECT COUNT(*) AS tp_count FROM `btchanges_user` WHERE ( `addtime` > 1529197645 AND `addtime` < 1529284045  ) LIMIT 1   [ RunTime:0.0420s ]
SQL: SELECT COUNT(*) AS tp_count FROM `btchanges_user` WHERE ( `addtime` > 1529284045 AND `addtime` < 1529370445  ) LIMIT 1   [ RunTime:0.0420s ]
SQL: SELECT COUNT(*) AS tp_count FROM `btchanges_user` WHERE ( `addtime` > 1529370445 AND `addtime` < 1529456845  ) LIMIT 1   [ RunTime:0.0420s ]
SQL: SELECT COUNT(*) AS tp_count FROM `btchanges_user` WHERE ( `addtime` > 1529456845 AND `addtime` < 1529543245  ) LIMIT 1   [ RunTime:0.0420s ]
SQL: SELECT COUNT(*) AS tp_count FROM `btchanges_user` WHERE ( `addtime` > 1529543245 AND `addtime` < 1529629645  ) LIMIT 1   [ RunTime:0.0420s ]
SQL: SELECT COUNT(*) AS tp_count FROM `btchanges_user` WHERE ( `addtime` > 1529629645 AND `addtime` < 1529716045  ) LIMIT 1   [ RunTime:0.0420s ]
SQL: SELECT COUNT(*) AS tp_count FROM `btchanges_user` WHERE ( `addtime` > 1529716045 AND `addtime` < 1529802445  ) LIMIT 1   [ RunTime:0.0420s ]
SQL: SELECT COUNT(*) AS tp_count FROM `btchanges_user` WHERE ( `addtime` > 1529802445 AND `addtime` < 1529888845  ) LIMIT 1   [ RunTime:0.0420s ]
SQL: SELECT COUNT(*) AS tp_count FROM `btchanges_user` WHERE ( `addtime` > 1529888845 AND `addtime` < 1529975245  ) LIMIT 1   [ RunTime:0.0420s ]
SQL: SELECT COUNT(*) AS tp_count FROM `btchanges_user` WHERE ( `addtime` > 1529975245 AND `addtime` < 1530061645  ) LIMIT 1   [ RunTime:0.0420s ]
SQL: SELECT COUNT(*) AS tp_count FROM `btchanges_user` WHERE ( `addtime` > 1530061645 AND `addtime` < 1530148045  ) LIMIT 1   [ RunTime:0.0420s ]
SQL: SELECT COUNT(*) AS tp_count FROM `btchanges_user` WHERE ( `addtime` > 1530148045 AND `addtime` < 1530234445  ) LIMIT 1   [ RunTime:0.0410s ]
SQL: SELECT COUNT(*) AS tp_count FROM `btchanges_user` WHERE ( `addtime` > 1530234445 AND `addtime` < 1530320845  ) LIMIT 1   [ RunTime:0.0420s ]
SQL: SELECT COUNT(*) AS tp_count FROM `btchanges_user` WHERE ( `addtime` > 1530320845 AND `addtime` < 1530407245  ) LIMIT 1   [ RunTime:0.0420s ]
SQL: SELECT COUNT(*) AS tp_count FROM `btchanges_user` WHERE ( `addtime` > 1530407245 AND `addtime` < 1530493645  ) LIMIT 1   [ RunTime:0.0410s ]
SQL: SELECT COUNT(*) AS tp_count FROM `btchanges_user` WHERE ( `addtime` > 1530493645 AND `addtime` < 1530580045  ) LIMIT 1   [ RunTime:0.0420s ]
SQL: SELECT COUNT(*) AS tp_count FROM `btchanges_user` WHERE ( `addtime` > 1530580045 AND `addtime` < 1530666445  ) LIMIT 1   [ RunTime:0.0420s ]
SQL: SELECT COUNT(*) AS tp_count FROM `btchanges_user` WHERE ( `addtime` > 1530666445 AND `addtime` < 1530752845  ) LIMIT 1   [ RunTime:0.0420s ]
SQL: SELECT COUNT(*) AS tp_count FROM `btchanges_user` WHERE ( `addtime` > 1530752845 AND `addtime` < 1530839245  ) LIMIT 1   [ RunTime:0.0420s ]
SQL: SELECT COUNT(*) AS tp_count FROM `btchanges_user` WHERE ( `addtime` > 1530839245 AND `addtime` < 1530925645  ) LIMIT 1   [ RunTime:0.0420s ]
SQL: SELECT COUNT(*) AS tp_count FROM `btchanges_user` WHERE ( `addtime` > 1530925645 AND `addtime` < 1531012045  ) LIMIT 1   [ RunTime:0.0430s ]
SQL: SELECT COUNT(*) AS tp_count FROM `btchanges_user` WHERE ( `addtime` > 1531012045 AND `addtime` < 1531098445  ) LIMIT 1   [ RunTime:0.0420s ]
SQL: SELECT COUNT(*) AS tp_count FROM `btchanges_user` WHERE ( `addtime` > 1531098445 AND `addtime` < 1531184845  ) LIMIT 1   [ RunTime:0.0420s ]
SQL: SELECT COUNT(*) AS tp_count FROM `btchanges_user` WHERE ( `addtime` > 1531184845 AND `addtime` < 1531271245  ) LIMIT 1   [ RunTime:0.0420s ]
SQL: SELECT COUNT(*) AS tp_count FROM `btchanges_user` WHERE ( `addtime` > 1531271245 AND `addtime` < 1531357645  ) LIMIT 1   [ RunTime:0.0420s ]
SQL: SELECT COUNT(*) AS tp_count FROM `btchanges_user` WHERE ( `addtime` > 1531357645 AND `addtime` < 1531444045  ) LIMIT 1   [ RunTime:0.0420s ]
SQL: SELECT COUNT(*) AS tp_count FROM `btchanges_user` WHERE ( `addtime` > 1531444045 AND `addtime` < 1531530445  ) LIMIT 1   [ RunTime:0.0450s ]
SQL: SELECT COUNT(*) AS tp_count FROM `btchanges_user` WHERE ( `addtime` > 1531530445 AND `addtime` < 1531616845  ) LIMIT 1   [ RunTime:0.0420s ]
SQL: SELECT COUNT(*) AS tp_count FROM `btchanges_user` WHERE ( `addtime` > 1531616845 AND `addtime` < 1531703245  ) LIMIT 1   [ RunTime:0.0420s ]
SQL: SELECT COUNT(*) AS tp_count FROM `btchanges_user` WHERE ( `addtime` > 1531703245 AND `addtime` < 1531789645  ) LIMIT 1   [ RunTime:0.0410s ]
SQL: SELECT COUNT(*) AS tp_count FROM `btchanges_user` WHERE ( `addtime` > 1531789645 AND `addtime` < 1531876045  ) LIMIT 1   [ RunTime:0.0420s ]
SQL: SELECT COUNT(*) AS tp_count FROM `btchanges_user` WHERE ( `addtime` > 1531876045 AND `addtime` < 1531962445  ) LIMIT 1   [ RunTime:0.0420s ]
SQL: SELECT COUNT(*) AS tp_count FROM `btchanges_user` WHERE ( `addtime` > 1531962445 AND `addtime` < 1532048845  ) LIMIT 1   [ RunTime:0.0420s ]
SQL: SELECT COUNT(*) AS tp_count FROM `btchanges_user` WHERE ( `addtime` > 1532048845 AND `addtime` < 1532135245  ) LIMIT 1   [ RunTime:0.0420s ]
SQL: SELECT COUNT(*) AS tp_count FROM `btchanges_user` WHERE ( `addtime` > 1532135245 AND `addtime` < 1532221645  ) LIMIT 1   [ RunTime:0.0420s ]
SQL: SELECT COUNT(*) AS tp_count FROM `btchanges_user` WHERE ( `addtime` > 1532221645 AND `addtime` < 1532308045  ) LIMIT 1   [ RunTime:0.0420s ]
SQL: SELECT COUNT(*) AS tp_count FROM `btchanges_user` WHERE ( `addtime` > 1532308045 AND `addtime` < 1532394445  ) LIMIT 1   [ RunTime:0.0440s ]
SQL: SELECT COUNT(*) AS tp_count FROM `btchanges_user` WHERE ( `addtime` > 1532394445 AND `addtime` < 1532480845  ) LIMIT 1   [ RunTime:0.0420s ]
SQL: SELECT COUNT(*) AS tp_count FROM `btchanges_user` WHERE ( `addtime` > 1532480845 AND `addtime` < 1532567245  ) LIMIT 1   [ RunTime:0.0420s ]
SQL: SELECT COUNT(*) AS tp_count FROM `btchanges_user` WHERE ( `addtime` > 1532567245 AND `addtime` < 1532653645  ) LIMIT 1   [ RunTime:0.0420s ]
SQL: SELECT COUNT(*) AS tp_count FROM `btchanges_user` WHERE ( `addtime` > 1532653645 AND `addtime` < 1532740045  ) LIMIT 1   [ RunTime:0.0420s ]
SQL: SELECT COUNT(*) AS tp_count FROM `btchanges_user` WHERE ( `addtime` > 1532740045 AND `addtime` < 1532826445  ) LIMIT 1   [ RunTime:0.0420s ]
SQL: SELECT COUNT(*) AS tp_count FROM `btchanges_user` WHERE ( `addtime` > 1532826445 AND `addtime` < 1532912845  ) LIMIT 1   [ RunTime:0.0420s ]
SQL: SELECT COUNT(*) AS tp_count FROM `btchanges_user` WHERE ( `addtime` > 1532912845 AND `addtime` < 1532999245  ) LIMIT 1   [ RunTime:0.0420s ]
SQL: SELECT COUNT(*) AS tp_count FROM `btchanges_user` WHERE ( `addtime` > 1532999245 AND `addtime` < 1533085645  ) LIMIT 1   [ RunTime:0.0420s ]
SQL: SELECT COUNT(*) AS tp_count FROM `btchanges_user` WHERE ( `addtime` > 1533085645 AND `addtime` < 1533172045  ) LIMIT 1   [ RunTime:0.0420s ]
SQL: SELECT COUNT(*) AS tp_count FROM `btchanges_user` WHERE ( `addtime` > 1533172045 AND `addtime` < 1533258445  ) LIMIT 1   [ RunTime:0.0420s ]
NOTIC: [8] Undefined index: cztx D:\www\youzuan\Application\Admin\Controller\IndexController.class.php 第 60 行.
INFO: [ view_parse ] --START--
INFO: [ template_filter ] --START--
INFO: Run Behavior\ContentReplaceBehavior [ RunTime:0.000000s ]
INFO: [ template_filter ] --END-- [ RunTime:0.000000s ]
NOTIC: [8] Undefined index: class D:\www\youzuan\Runtime\Cache\Admin\b595b808c2ebeeeb0478ffc30bb4e87a.php 第 1 行.
NOTIC: [8] Undefined index: class D:\www\youzuan\Runtime\Cache\Admin\b595b808c2ebeeeb0478ffc30bb4e87a.php 第 1 行.
NOTIC: [8] Undefined index: class D:\www\youzuan\Runtime\Cache\Admin\b595b808c2ebeeeb0478ffc30bb4e87a.php 第 1 行.
NOTIC: [8] Undefined index: class D:\www\youzuan\Runtime\Cache\Admin\b595b808c2ebeeeb0478ffc30bb4e87a.php 第 1 行.
NOTIC: [8] Undefined index: class D:\www\youzuan\Runtime\Cache\Admin\b595b808c2ebeeeb0478ffc30bb4e87a.php 第 1 行.
NOTIC: [8] Undefined index: class D:\www\youzuan\Runtime\Cache\Admin\b595b808c2ebeeeb0478ffc30bb4e87a.php 第 1 行.
NOTIC: [8] Undefined index: class D:\www\youzuan\Runtime\Cache\Admin\b595b808c2ebeeeb0478ffc30bb4e87a.php 第 1 行.
NOTIC: [8] Undefined index: class D:\www\youzuan\Runtime\Cache\Admin\b595b808c2ebeeeb0478ffc30bb4e87a.php 第 1 行.
NOTIC: [8] Undefined variable: versionUp D:\www\youzuan\Runtime\Cache\Admin\b595b808c2ebeeeb0478ffc30bb4e87a.php 第 1 行.
SQL: select version() as v; [ RunTime:0.0000s ]
INFO: Run Behavior\ParseTemplateBehavior [ RunTime:0.042002s ]
INFO: [ view_parse ] --END-- [ RunTime:0.043002s ]
INFO: [ view_filter ] --START--
INFO: Run Behavior\WriteHtmlCacheBehavior [ RunTime:0.000000s ]
INFO: [ view_filter ] --END-- [ RunTime:0.000000s ]
INFO: [ app_end ] --START--
INFO: Run Behavior\ShowPageTraceBehavior [ RunTime:0.001000s ]
INFO: [ app_end ] --END-- [ RunTime:0.001000s ]

[ 2018-07-04T09:07:31+08:00 ] 127.0.0.1 /Admin/User/index.html
INFO: [ app_init ] --START--
INFO: Run Behavior\BuildLiteBehavior [ RunTime:0.000000s ]
INFO: [ app_init ] --END-- [ RunTime:0.002000s ]
INFO: [ app_begin ] --START--
INFO: Run Behavior\ReadHtmlCacheBehavior [ RunTime:0.001000s ]
INFO: Run Behavior\CheckLangBehavior [ RunTime:0.001000s ]
INFO: [ app_begin ] --END-- [ RunTime:0.002000s ]
SQL: SHOW COLUMNS FROM `btchanges_config` [ RunTime:0.0140s ]
SQL: SELECT * FROM `btchanges_config` WHERE `id` = 1 LIMIT 1   [ RunTime:0.0010s ]
SQL: SHOW COLUMNS FROM `btchanges_coin` [ RunTime:0.0130s ]
SQL: SELECT * FROM `btchanges_coin` WHERE `status` = 1  [ RunTime:0.0010s ]
SQL: SHOW COLUMNS FROM `btchanges_market` [ RunTime:0.0140s ]
SQL: SELECT * FROM `btchanges_market` WHERE `status` = 1  [ RunTime:0.0000s ]
SQL: SHOW COLUMNS FROM `btchanges_version` [ RunTime:0.0130s ]
SQL: SELECT `name` FROM `btchanges_version` WHERE `status` = 0 ORDER BY name desc LIMIT 1   [ RunTime:0.0000s ]
SQL: SHOW COLUMNS FROM `btchanges_menu` [ RunTime:0.0130s ]
SQL: SELECT * FROM `btchanges_menu` WHERE `pid` = 0 AND `hide` = 0 AND `is_dev` = 0 ORDER BY sort asc  [ RunTime:0.0000s ]
SQL: SELECT `id` FROM `btchanges_menu` WHERE ( url like 'User/index%' ) LIMIT 1   [ RunTime:0.0000s ]
SQL: SHOW COLUMNS FROM `btchanges_menu` [ RunTime:0.0150s ]
SQL: SELECT `id`,`pid`,`title` FROM `btchanges_menu` WHERE ( id=3 ) LIMIT 1   [ RunTime:0.0000s ]
SQL: SELECT DISTINCT  `group` FROM `btchanges_menu` WHERE ( pid = 3 )  [ RunTime:0.0140s ]
SQL: SELECT `id`,`url` FROM `btchanges_menu` WHERE `pid` = 3 AND `hide` = 0 AND `is_dev` = 0  [ RunTime:0.0000s ]
SQL: SELECT `id`,`pid`,`title`,`url`,`tip`,`ico_name` FROM `btchanges_menu` WHERE `group` = '用户' AND `pid` = 3 AND `hide` = 0 AND `is_dev` = 0 ORDER BY sort asc  [ RunTime:0.0010s ]
SQL: SELECT `id`,`pid`,`title`,`url`,`tip`,`ico_name` FROM `btchanges_menu` WHERE `group` = '前台用户管理' AND `pid` = 3 AND `hide` = 0 AND `is_dev` = 0 ORDER BY sort asc  [ RunTime:0.0000s ]
SQL: SELECT `id`,`pid`,`title`,`url`,`tip`,`ico_name` FROM `btchanges_menu` WHERE `group` = '用户配置' AND `pid` = 3 AND `hide` = 0 AND `is_dev` = 0 ORDER BY sort asc  [ RunTime:0.0010s ]
SQL: SELECT `id`,`pid`,`title`,`url`,`tip`,`ico_name` FROM `btchanges_menu` WHERE `group` = '后台用户管理' AND `pid` = 3 AND `hide` = 0 AND `is_dev` = 0 ORDER BY sort asc  [ RunTime:0.0000s ]
SQL: SHOW COLUMNS FROM `btchanges_user` [ RunTime:0.0140s ]
SQL: SELECT COUNT(*) AS tp_count FROM `btchanges_user` LIMIT 1   [ RunTime:0.0260s ]
SQL: SELECT * FROM `btchanges_user` ORDER BY id desc LIMIT 0,15   [ RunTime:0.0000s ]
SQL: SELECT `moble` FROM `btchanges_user` WHERE `id` = 101620 LIMIT 1   [ RunTime:0.0000s ]
SQL: SELECT `moble` FROM `btchanges_user` WHERE `id` = 0 LIMIT 1   [ RunTime:0.0000s ]
SQL: SELECT `moble` FROM `btchanges_user` WHERE `id` = 0 LIMIT 1   [ RunTime:0.0000s ]
SQL: SELECT `moble` FROM `btchanges_user` WHERE `id` = 0 LIMIT 1   [ RunTime:0.0000s ]
SQL: SELECT `moble` FROM `btchanges_user` WHERE `id` = 0 LIMIT 1   [ RunTime:0.0000s ]
SQL: SELECT `moble` FROM `btchanges_user` WHERE `id` = 0 LIMIT 1   [ RunTime:0.0000s ]
SQL: SELECT `moble` FROM `btchanges_user` WHERE `id` = 0 LIMIT 1   [ RunTime:0.0000s ]
SQL: SELECT `moble` FROM `btchanges_user` WHERE `id` = 0 LIMIT 1   [ RunTime:0.0000s ]
SQL: SELECT `moble` FROM `btchanges_user` WHERE `id` = 0 LIMIT 1   [ RunTime:0.0000s ]
SQL: SELECT `moble` FROM `btchanges_user` WHERE `id` = 0 LIMIT 1   [ RunTime:0.0000s ]
SQL: SELECT `moble` FROM `btchanges_user` WHERE `id` = 0 LIMIT 1   [ RunTime:0.0000s ]
SQL: SELECT `moble` FROM `btchanges_user` WHERE `id` = 0 LIMIT 1   [ RunTime:0.0010s ]
SQL: SELECT `moble` FROM `btchanges_user` WHERE `id` = 0 LIMIT 1   [ RunTime:0.0000s ]
SQL: SELECT `moble` FROM `btchanges_user` WHERE `id` = 0 LIMIT 1   [ RunTime:0.0000s ]
SQL: SELECT `moble` FROM `btchanges_user` WHERE `id` = 0 LIMIT 1   [ RunTime:0.0000s ]
SQL: SELECT `moble` FROM `btchanges_user` WHERE `id` = 0 LIMIT 1   [ RunTime:0.0010s ]
SQL: SELECT `moble` FROM `btchanges_user` WHERE `id` = 0 LIMIT 1   [ RunTime:0.0000s ]
SQL: SELECT `moble` FROM `btchanges_user` WHERE `id` = 0 LIMIT 1   [ RunTime:0.0000s ]
SQL: SELECT `moble` FROM `btchanges_user` WHERE `id` = 0 LIMIT 1   [ RunTime:0.0000s ]
SQL: SELECT `moble` FROM `btchanges_user` WHERE `id` = 0 LIMIT 1   [ RunTime:0.0000s ]
SQL: SELECT `moble` FROM `btchanges_user` WHERE `id` = 0 LIMIT 1   [ RunTime:0.0000s ]
SQL: SELECT `moble` FROM `btchanges_user` WHERE `id` = 0 LIMIT 1   [ RunTime:0.0000s ]
SQL: SELECT `moble` FROM `btchanges_user` WHERE `id` = 0 LIMIT 1   [ RunTime:0.0000s ]
SQL: SELECT `moble` FROM `btchanges_user` WHERE `id` = 0 LIMIT 1   [ RunTime:0.0000s ]
SQL: SELECT `moble` FROM `btchanges_user` WHERE `id` = 0 LIMIT 1   [ RunTime:0.0010s ]
SQL: SELECT `moble` FROM `btchanges_user` WHERE `id` = 0 LIMIT 1   [ RunTime:0.0000s ]
SQL: SELECT `moble` FROM `btchanges_user` WHERE `id` = 0 LIMIT 1   [ RunTime:0.0000s ]
SQL: SELECT `moble` FROM `btchanges_user` WHERE `id` = 0 LIMIT 1   [ RunTime:0.0000s ]
SQL: SELECT `moble` FROM `btchanges_user` WHERE `id` = 0 LIMIT 1   [ RunTime:0.0000s ]
SQL: SELECT `moble` FROM `btchanges_user` WHERE `id` = 0 LIMIT 1   [ RunTime:0.0000s ]
SQL: SELECT `moble` FROM `btchanges_user` WHERE `id` = 116 LIMIT 1   [ RunTime:0.0000s ]
SQL: SELECT `moble` FROM `btchanges_user` WHERE `id` = 0 LIMIT 1   [ RunTime:0.0000s ]
SQL: SELECT `moble` FROM `btchanges_user` WHERE `id` = 0 LIMIT 1   [ RunTime:0.0000s ]
SQL: SELECT `moble` FROM `btchanges_user` WHERE `id` = 116 LIMIT 1   [ RunTime:0.0000s ]
SQL: SELECT `moble` FROM `btchanges_user` WHERE `id` = 0 LIMIT 1   [ RunTime:0.0000s ]
SQL: SELECT `moble` FROM `btchanges_user` WHERE `id` = 0 LIMIT 1   [ RunTime:0.0000s ]
SQL: SELECT `moble` FROM `btchanges_user` WHERE `id` = 96 LIMIT 1   [ RunTime:0.0000s ]
SQL: SELECT `moble` FROM `btchanges_user` WHERE `id` = 0 LIMIT 1   [ RunTime:0.0000s ]
SQL: SELECT `moble` FROM `btchanges_user` WHERE `id` = 0 LIMIT 1   [ RunTime:0.0000s ]
SQL: SELECT `moble` FROM `btchanges_user` WHERE `id` = 116 LIMIT 1   [ RunTime:0.0000s ]
SQL: SELECT `moble` FROM `btchanges_user` WHERE `id` = 0 LIMIT 1   [ RunTime:0.0010s ]
SQL: SELECT `moble` FROM `btchanges_user` WHERE `id` = 0 LIMIT 1   [ RunTime:0.0000s ]
SQL: SELECT `moble` FROM `btchanges_user` WHERE `id` = 116 LIMIT 1   [ RunTime:0.0000s ]
SQL: SELECT `moble` FROM `btchanges_user` WHERE `id` = 0 LIMIT 1   [ RunTime:0.0000s ]
SQL: SELECT `moble` FROM `btchanges_user` WHERE `id` = 0 LIMIT 1   [ RunTime:0.0010s ]
INFO: [ view_parse ] --START--
INFO: [ template_filter ] --START--
INFO: Run Behavior\ContentReplaceBehavior [ RunTime:0.000000s ]
INFO: [ template_filter ] --END-- [ RunTime:0.001000s ]
NOTIC: [8] Undefined index: class D:\www\youzuan\Runtime\Cache\Admin\65e605872ed5d34210f5b33beb13f5a3.php 第 1 行.
NOTIC: [8] Undefined index: class D:\www\youzuan\Runtime\Cache\Admin\65e605872ed5d34210f5b33beb13f5a3.php 第 1 行.
NOTIC: [8] Undefined index: class D:\www\youzuan\Runtime\Cache\Admin\65e605872ed5d34210f5b33beb13f5a3.php 第 1 行.
NOTIC: [8] Undefined index: class D:\www\youzuan\Runtime\Cache\Admin\65e605872ed5d34210f5b33beb13f5a3.php 第 1 行.
NOTIC: [8] Undefined index: class D:\www\youzuan\Runtime\Cache\Admin\65e605872ed5d34210f5b33beb13f5a3.php 第 1 行.
NOTIC: [8] Undefined index: class D:\www\youzuan\Runtime\Cache\Admin\65e605872ed5d34210f5b33beb13f5a3.php 第 1 行.
NOTIC: [8] Undefined index: class D:\www\youzuan\Runtime\Cache\Admin\65e605872ed5d34210f5b33beb13f5a3.php 第 1 行.
NOTIC: [8] Undefined index: class D:\www\youzuan\Runtime\Cache\Admin\65e605872ed5d34210f5b33beb13f5a3.php 第 1 行.
NOTIC: [8] Undefined variable: versionUp D:\www\youzuan\Runtime\Cache\Admin\65e605872ed5d34210f5b33beb13f5a3.php 第 1 行.
NOTIC: [8] Undefined index: status D:\www\youzuan\Runtime\Cache\Admin\65e605872ed5d34210f5b33beb13f5a3.php 第 1 行.
NOTIC: [8] Undefined index: status D:\www\youzuan\Runtime\Cache\Admin\65e605872ed5d34210f5b33beb13f5a3.php 第 1 行.
NOTIC: [8] Undefined index: field D:\www\youzuan\Runtime\Cache\Admin\65e605872ed5d34210f5b33beb13f5a3.php 第 1 行.
NOTIC: [8] Undefined index: field D:\www\youzuan\Runtime\Cache\Admin\65e605872ed5d34210f5b33beb13f5a3.php 第 1 行.
NOTIC: [8] Undefined index: field D:\www\youzuan\Runtime\Cache\Admin\65e605872ed5d34210f5b33beb13f5a3.php 第 1 行.
NOTIC: [8] Undefined index: name D:\www\youzuan\Runtime\Cache\Admin\65e605872ed5d34210f5b33beb13f5a3.php 第 1 行.
INFO: Run Behavior\ParseTemplateBehavior [ RunTime:0.019002s ]
INFO: [ view_parse ] --END-- [ RunTime:0.019002s ]
INFO: [ view_filter ] --START--
INFO: Run Behavior\WriteHtmlCacheBehavior [ RunTime:0.001000s ]
INFO: [ view_filter ] --END-- [ RunTime:0.001000s ]
INFO: [ app_end ] --START--
INFO: Run Behavior\ShowPageTraceBehavior [ RunTime:0.001000s ]
INFO: [ app_end ] --END-- [ RunTime:0.001000s ]

[ 2018-07-04T09:07:43+08:00 ] 127.0.0.1 /Admin/User/edit/id/101627.html
INFO: [ app_init ] --START--
INFO: Run Behavior\BuildLiteBehavior [ RunTime:0.000000s ]
INFO: [ app_init ] --END-- [ RunTime:0.002000s ]
INFO: [ app_begin ] --START--
INFO: Run Behavior\ReadHtmlCacheBehavior [ RunTime:0.001000s ]
INFO: Run Behavior\CheckLangBehavior [ RunTime:0.000000s ]
INFO: [ app_begin ] --END-- [ RunTime:0.002000s ]
SQL: SHOW COLUMNS FROM `btchanges_config` [ RunTime:0.0140s ]
SQL: SELECT * FROM `btchanges_config` WHERE `id` = 1 LIMIT 1   [ RunTime:0.0000s ]
SQL: SHOW COLUMNS FROM `btchanges_coin` [ RunTime:0.0150s ]
SQL: SELECT * FROM `btchanges_coin` WHERE `status` = 1  [ RunTime:0.0010s ]
SQL: SHOW COLUMNS FROM `btchanges_market` [ RunTime:0.0140s ]
SQL: SELECT * FROM `btchanges_market` WHERE `status` = 1  [ RunTime:0.0000s ]
SQL: SHOW COLUMNS FROM `btchanges_version` [ RunTime:0.0140s ]
SQL: SELECT `name` FROM `btchanges_version` WHERE `status` = 0 ORDER BY name desc LIMIT 1   [ RunTime:0.0000s ]
SQL: SHOW COLUMNS FROM `btchanges_menu` [ RunTime:0.0150s ]
SQL: SELECT * FROM `btchanges_menu` WHERE `pid` = 0 AND `hide` = 0 AND `is_dev` = 0 ORDER BY sort asc  [ RunTime:0.0010s ]
SQL: SELECT `id` FROM `btchanges_menu` WHERE ( url like 'User/edit%' ) LIMIT 1   [ RunTime:0.0000s ]
SQL: SHOW COLUMNS FROM `btchanges_menu` [ RunTime:0.0130s ]
SQL: SELECT `id`,`pid`,`title` FROM `btchanges_menu` WHERE ( id=314 ) LIMIT 1   [ RunTime:0.0000s ]
SQL: SELECT `id`,`pid`,`title` FROM `btchanges_menu` WHERE ( id=26 ) LIMIT 1   [ RunTime:0.0000s ]
SQL: SELECT `id`,`pid`,`title` FROM `btchanges_menu` WHERE ( id=3 ) LIMIT 1   [ RunTime:0.0010s ]
SQL: SELECT DISTINCT  `group` FROM `btchanges_menu` WHERE ( pid = 3 )  [ RunTime:0.0010s ]
SQL: SELECT `id`,`url` FROM `btchanges_menu` WHERE `pid` = 3 AND `hide` = 0 AND `is_dev` = 0  [ RunTime:0.0010s ]
SQL: SELECT `id`,`pid`,`title`,`url`,`tip`,`ico_name` FROM `btchanges_menu` WHERE `group` = '用户' AND `pid` = 3 AND `hide` = 0 AND `is_dev` = 0 ORDER BY sort asc  [ RunTime:0.0000s ]
SQL: SELECT `id`,`pid`,`title`,`url`,`tip`,`ico_name` FROM `btchanges_menu` WHERE `group` = '前台用户管理' AND `pid` = 3 AND `hide` = 0 AND `is_dev` = 0 ORDER BY sort asc  [ RunTime:0.0010s ]
SQL: SELECT `id`,`pid`,`title`,`url`,`tip`,`ico_name` FROM `btchanges_menu` WHERE `group` = '用户配置' AND `pid` = 3 AND `hide` = 0 AND `is_dev` = 0 ORDER BY sort asc  [ RunTime:0.0000s ]
SQL: SELECT `id`,`pid`,`title`,`url`,`tip`,`ico_name` FROM `btchanges_menu` WHERE `group` = '后台用户管理' AND `pid` = 3 AND `hide` = 0 AND `is_dev` = 0 ORDER BY sort asc  [ RunTime:0.0000s ]
SQL: SHOW COLUMNS FROM `btchanges_user` [ RunTime:0.0140s ]
SQL: SELECT * FROM `btchanges_user` WHERE `id` = 101627 LIMIT 1   [ RunTime:0.0000s ]
INFO: [ view_parse ] --START--
INFO: [ template_filter ] --START--
INFO: Run Behavior\ContentReplaceBehavior [ RunTime:0.000000s ]
INFO: [ template_filter ] --END-- [ RunTime:0.000000s ]
NOTIC: [8] Undefined index: class D:\www\youzuan\Runtime\Cache\Admin\c5c8f88f4330c605468367c8bb60454a.php 第 1 行.
NOTIC: [8] Undefined index: class D:\www\youzuan\Runtime\Cache\Admin\c5c8f88f4330c605468367c8bb60454a.php 第 1 行.
NOTIC: [8] Undefined index: class D:\www\youzuan\Runtime\Cache\Admin\c5c8f88f4330c605468367c8bb60454a.php 第 1 行.
NOTIC: [8] Undefined index: class D:\www\youzuan\Runtime\Cache\Admin\c5c8f88f4330c605468367c8bb60454a.php 第 1 行.
NOTIC: [8] Undefined index: class D:\www\youzuan\Runtime\Cache\Admin\c5c8f88f4330c605468367c8bb60454a.php 第 1 行.
NOTIC: [8] Undefined index: class D:\www\youzuan\Runtime\Cache\Admin\c5c8f88f4330c605468367c8bb60454a.php 第 1 行.
NOTIC: [8] Undefined index: class D:\www\youzuan\Runtime\Cache\Admin\c5c8f88f4330c605468367c8bb60454a.php 第 1 行.
NOTIC: [8] Undefined index: class D:\www\youzuan\Runtime\Cache\Admin\c5c8f88f4330c605468367c8bb60454a.php 第 1 行.
NOTIC: [8] Undefined variable: versionUp D:\www\youzuan\Runtime\Cache\Admin\c5c8f88f4330c605468367c8bb60454a.php 第 1 行.
INFO: Run Behavior\ParseTemplateBehavior [ RunTime:0.049003s ]
INFO: [ view_parse ] --END-- [ RunTime:0.049003s ]
INFO: [ view_filter ] --START--
INFO: Run Behavior\WriteHtmlCacheBehavior [ RunTime:0.001000s ]
INFO: [ view_filter ] --END-- [ RunTime:0.001000s ]
INFO: [ app_end ] --START--
INFO: Run Behavior\ShowPageTraceBehavior [ RunTime:0.002000s ]
INFO: [ app_end ] --END-- [ RunTime:0.002000s ]

[ 2018-07-04T09:07:47+08:00 ] 127.0.0.1 /Admin/User/index.html
INFO: [ app_init ] --START--
INFO: Run Behavior\BuildLiteBehavior [ RunTime:0.000000s ]
INFO: [ app_init ] --END-- [ RunTime:0.002000s ]
INFO: [ app_begin ] --START--
INFO: Run Behavior\ReadHtmlCacheBehavior [ RunTime:0.001001s ]
INFO: Run Behavior\CheckLangBehavior [ RunTime:0.000000s ]
INFO: [ app_begin ] --END-- [ RunTime:0.001001s ]
SQL: SHOW COLUMNS FROM `btchanges_config` [ RunTime:0.0140s ]
SQL: SELECT * FROM `btchanges_config` WHERE `id` = 1 LIMIT 1   [ RunTime:0.0010s ]
SQL: SHOW COLUMNS FROM `btchanges_coin` [ RunTime:0.0160s ]
SQL: SELECT * FROM `btchanges_coin` WHERE `status` = 1  [ RunTime:0.0010s ]
SQL: SHOW COLUMNS FROM `btchanges_market` [ RunTime:0.0160s ]
SQL: SELECT * FROM `btchanges_market` WHERE `status` = 1  [ RunTime:0.0010s ]
SQL: SHOW COLUMNS FROM `btchanges_version` [ RunTime:0.0140s ]
SQL: SELECT `name` FROM `btchanges_version` WHERE `status` = 0 ORDER BY name desc LIMIT 1   [ RunTime:0.0000s ]
SQL: SHOW COLUMNS FROM `btchanges_menu` [ RunTime:0.0140s ]
SQL: SELECT * FROM `btchanges_menu` WHERE `pid` = 0 AND `hide` = 0 AND `is_dev` = 0 ORDER BY sort asc  [ RunTime:0.0000s ]
SQL: SELECT `id` FROM `btchanges_menu` WHERE ( url like 'User/index%' ) LIMIT 1   [ RunTime:0.0000s ]
SQL: SHOW COLUMNS FROM `btchanges_menu` [ RunTime:0.0150s ]
SQL: SELECT `id`,`pid`,`title` FROM `btchanges_menu` WHERE ( id=3 ) LIMIT 1   [ RunTime:0.0000s ]
SQL: SELECT DISTINCT  `group` FROM `btchanges_menu` WHERE ( pid = 3 )  [ RunTime:0.0020s ]
SQL: SELECT `id`,`url` FROM `btchanges_menu` WHERE `pid` = 3 AND `hide` = 0 AND `is_dev` = 0  [ RunTime:0.0000s ]
SQL: SELECT `id`,`pid`,`title`,`url`,`tip`,`ico_name` FROM `btchanges_menu` WHERE `group` = '用户' AND `pid` = 3 AND `hide` = 0 AND `is_dev` = 0 ORDER BY sort asc  [ RunTime:0.0000s ]
SQL: SELECT `id`,`pid`,`title`,`url`,`tip`,`ico_name` FROM `btchanges_menu` WHERE `group` = '前台用户管理' AND `pid` = 3 AND `hide` = 0 AND `is_dev` = 0 ORDER BY sort asc  [ RunTime:0.0000s ]
SQL: SELECT `id`,`pid`,`title`,`url`,`tip`,`ico_name` FROM `btchanges_menu` WHERE `group` = '用户配置' AND `pid` = 3 AND `hide` = 0 AND `is_dev` = 0 ORDER BY sort asc  [ RunTime:0.0010s ]
SQL: SELECT `id`,`pid`,`title`,`url`,`tip`,`ico_name` FROM `btchanges_menu` WHERE `group` = '后台用户管理' AND `pid` = 3 AND `hide` = 0 AND `is_dev` = 0 ORDER BY sort asc  [ RunTime:0.0000s ]
SQL: SHOW COLUMNS FROM `btchanges_user` [ RunTime:0.0130s ]
SQL: SELECT COUNT(*) AS tp_count FROM `btchanges_user` LIMIT 1   [ RunTime:0.0240s ]
SQL: SELECT * FROM `btchanges_user` ORDER BY id desc LIMIT 0,15   [ RunTime:0.0000s ]
SQL: SELECT `moble` FROM `btchanges_user` WHERE `id` = 101620 LIMIT 1   [ RunTime:0.0010s ]
SQL: SELECT `moble` FROM `btchanges_user` WHERE `id` = 0 LIMIT 1   [ RunTime:0.0000s ]
SQL: SELECT `moble` FROM `btchanges_user` WHERE `id` = 0 LIMIT 1   [ RunTime:0.0000s ]
SQL: SELECT `moble` FROM `btchanges_user` WHERE `id` = 0 LIMIT 1   [ RunTime:0.0000s ]
SQL: SELECT `moble` FROM `btchanges_user` WHERE `id` = 0 LIMIT 1   [ RunTime:0.0000s ]
SQL: SELECT `moble` FROM `btchanges_user` WHERE `id` = 0 LIMIT 1   [ RunTime:0.0000s ]
SQL: SELECT `moble` FROM `btchanges_user` WHERE `id` = 0 LIMIT 1   [ RunTime:0.0000s ]
SQL: SELECT `moble` FROM `btchanges_user` WHERE `id` = 0 LIMIT 1   [ RunTime:0.0000s ]
SQL: SELECT `moble` FROM `btchanges_user` WHERE `id` = 0 LIMIT 1   [ RunTime:0.0000s ]
SQL: SELECT `moble` FROM `btchanges_user` WHERE `id` = 0 LIMIT 1   [ RunTime:0.0000s ]
SQL: SELECT `moble` FROM `btchanges_user` WHERE `id` = 0 LIMIT 1   [ RunTime:0.0000s ]
SQL: SELECT `moble` FROM `btchanges_user` WHERE `id` = 0 LIMIT 1   [ RunTime:0.0000s ]
SQL: SELECT `moble` FROM `btchanges_user` WHERE `id` = 0 LIMIT 1   [ RunTime:0.0000s ]
SQL: SELECT `moble` FROM `btchanges_user` WHERE `id` = 0 LIMIT 1   [ RunTime:0.0000s ]
SQL: SELECT `moble` FROM `btchanges_user` WHERE `id` = 0 LIMIT 1   [ RunTime:0.0000s ]
SQL: SELECT `moble` FROM `btchanges_user` WHERE `id` = 0 LIMIT 1   [ RunTime:0.0000s ]
SQL: SELECT `moble` FROM `btchanges_user` WHERE `id` = 0 LIMIT 1   [ RunTime:0.0000s ]
SQL: SELECT `moble` FROM `btchanges_user` WHERE `id` = 0 LIMIT 1   [ RunTime:0.0000s ]
SQL: SELECT `moble` FROM `btchanges_user` WHERE `id` = 0 LIMIT 1   [ RunTime:0.0000s ]
SQL: SELECT `moble` FROM `btchanges_user` WHERE `id` = 0 LIMIT 1   [ RunTime:0.0000s ]
SQL: SELECT `moble` FROM `btchanges_user` WHERE `id` = 0 LIMIT 1   [ RunTime:0.0000s ]
SQL: SELECT `moble` FROM `btchanges_user` WHERE `id` = 0 LIMIT 1   [ RunTime:0.0000s ]
SQL: SELECT `moble` FROM `btchanges_user` WHERE `id` = 0 LIMIT 1   [ RunTime:0.0010s ]
SQL: SELECT `moble` FROM `btchanges_user` WHERE `id` = 0 LIMIT 1   [ RunTime:0.0000s ]
SQL: SELECT `moble` FROM `btchanges_user` WHERE `id` = 0 LIMIT 1   [ RunTime:0.0000s ]
SQL: SELECT `moble` FROM `btchanges_user` WHERE `id` = 0 LIMIT 1   [ RunTime:0.0000s ]
SQL: SELECT `moble` FROM `btchanges_user` WHERE `id` = 0 LIMIT 1   [ RunTime:0.0000s ]
SQL: SELECT `moble` FROM `btchanges_user` WHERE `id` = 0 LIMIT 1   [ RunTime:0.0000s ]
SQL: SELECT `moble` FROM `btchanges_user` WHERE `id` = 0 LIMIT 1   [ RunTime:0.0000s ]
SQL: SELECT `moble` FROM `btchanges_user` WHERE `id` = 0 LIMIT 1   [ RunTime:0.0000s ]
SQL: SELECT `moble` FROM `btchanges_user` WHERE `id` = 116 LIMIT 1   [ RunTime:0.0000s ]
SQL: SELECT `moble` FROM `btchanges_user` WHERE `id` = 0 LIMIT 1   [ RunTime:0.0000s ]
SQL: SELECT `moble` FROM `btchanges_user` WHERE `id` = 0 LIMIT 1   [ RunTime:0.0000s ]
SQL: SELECT `moble` FROM `btchanges_user` WHERE `id` = 116 LIMIT 1   [ RunTime:0.0000s ]
SQL: SELECT `moble` FROM `btchanges_user` WHERE `id` = 0 LIMIT 1   [ RunTime:0.0000s ]
SQL: SELECT `moble` FROM `btchanges_user` WHERE `id` = 0 LIMIT 1   [ RunTime:0.0010s ]
SQL: SELECT `moble` FROM `btchanges_user` WHERE `id` = 96 LIMIT 1   [ RunTime:0.0000s ]
SQL: SELECT `moble` FROM `btchanges_user` WHERE `id` = 0 LIMIT 1   [ RunTime:0.0000s ]
SQL: SELECT `moble` FROM `btchanges_user` WHERE `id` = 0 LIMIT 1   [ RunTime:0.0000s ]
SQL: SELECT `moble` FROM `btchanges_user` WHERE `id` = 116 LIMIT 1   [ RunTime:0.0000s ]
SQL: SELECT `moble` FROM `btchanges_user` WHERE `id` = 0 LIMIT 1   [ RunTime:0.0000s ]
SQL: SELECT `moble` FROM `btchanges_user` WHERE `id` = 0 LIMIT 1   [ RunTime:0.0000s ]
SQL: SELECT `moble` FROM `btchanges_user` WHERE `id` = 116 LIMIT 1   [ RunTime:0.0000s ]
SQL: SELECT `moble` FROM `btchanges_user` WHERE `id` = 0 LIMIT 1   [ RunTime:0.0000s ]
SQL: SELECT `moble` FROM `btchanges_user` WHERE `id` = 0 LIMIT 1   [ RunTime:0.0000s ]
INFO: [ view_parse ] --START--
INFO: [ template_filter ] --START--
INFO: Run Behavior\ContentReplaceBehavior [ RunTime:0.001000s ]
INFO: [ template_filter ] --END-- [ RunTime:0.001000s ]
NOTIC: [8] Undefined index: class D:\www\youzuan\Runtime\Cache\Admin\65e605872ed5d34210f5b33beb13f5a3.php 第 1 行.
NOTIC: [8] Undefined index: class D:\www\youzuan\Runtime\Cache\Admin\65e605872ed5d34210f5b33beb13f5a3.php 第 1 行.
NOTIC: [8] Undefined index: class D:\www\youzuan\Runtime\Cache\Admin\65e605872ed5d34210f5b33beb13f5a3.php 第 1 行.
NOTIC: [8] Undefined index: class D:\www\youzuan\Runtime\Cache\Admin\65e605872ed5d34210f5b33beb13f5a3.php 第 1 行.
NOTIC: [8] Undefined index: class D:\www\youzuan\Runtime\Cache\Admin\65e605872ed5d34210f5b33beb13f5a3.php 第 1 行.
NOTIC: [8] Undefined index: class D:\www\youzuan\Runtime\Cache\Admin\65e605872ed5d34210f5b33beb13f5a3.php 第 1 行.
NOTIC: [8] Undefined index: class D:\www\youzuan\Runtime\Cache\Admin\65e605872ed5d34210f5b33beb13f5a3.php 第 1 行.
NOTIC: [8] Undefined index: class D:\www\youzuan\Runtime\Cache\Admin\65e605872ed5d34210f5b33beb13f5a3.php 第 1 行.
NOTIC: [8] Undefined variable: versionUp D:\www\youzuan\Runtime\Cache\Admin\65e605872ed5d34210f5b33beb13f5a3.php 第 1 行.
NOTIC: [8] Undefined index: status D:\www\youzuan\Runtime\Cache\Admin\65e605872ed5d34210f5b33beb13f5a3.php 第 1 行.
NOTIC: [8] Undefined index: status D:\www\youzuan\Runtime\Cache\Admin\65e605872ed5d34210f5b33beb13f5a3.php 第 1 行.
NOTIC: [8] Undefined index: field D:\www\youzuan\Runtime\Cache\Admin\65e605872ed5d34210f5b33beb13f5a3.php 第 1 行.
NOTIC: [8] Undefined index: field D:\www\youzuan\Runtime\Cache\Admin\65e605872ed5d34210f5b33beb13f5a3.php 第 1 行.
NOTIC: [8] Undefined index: field D:\www\youzuan\Runtime\Cache\Admin\65e605872ed5d34210f5b33beb13f5a3.php 第 1 行.
NOTIC: [8] Undefined index: name D:\www\youzuan\Runtime\Cache\Admin\65e605872ed5d34210f5b33beb13f5a3.php 第 1 行.
INFO: Run Behavior\ParseTemplateBehavior [ RunTime:0.019001s ]
INFO: [ view_parse ] --END-- [ RunTime:0.019001s ]
INFO: [ view_filter ] --START--
INFO: Run Behavior\WriteHtmlCacheBehavior [ RunTime:0.001000s ]
INFO: [ view_filter ] --END-- [ RunTime:0.001000s ]
INFO: [ app_end ] --START--
INFO: Run Behavior\ShowPageTraceBehavior [ RunTime:0.001000s ]
INFO: [ app_end ] --END-- [ RunTime:0.001000s ]

[ 2018-07-04T09:07:53+08:00 ] 127.0.0.1 /Admin/User/status/type/del.html
INFO: [ app_init ] --START--
INFO: Run Behavior\BuildLiteBehavior [ RunTime:0.000000s ]
INFO: [ app_init ] --END-- [ RunTime:0.002000s ]
INFO: [ app_begin ] --START--
INFO: Run Behavior\ReadHtmlCacheBehavior [ RunTime:0.000000s ]
INFO: Run Behavior\CheckLangBehavior [ RunTime:0.000000s ]
INFO: [ app_begin ] --END-- [ RunTime:0.001000s ]
SQL: SHOW COLUMNS FROM `btchanges_config` [ RunTime:0.0110s ]
SQL: SELECT * FROM `btchanges_config` WHERE `id` = 1 LIMIT 1   [ RunTime:0.0010s ]
SQL: SHOW COLUMNS FROM `btchanges_coin` [ RunTime:0.0140s ]
SQL: SELECT * FROM `btchanges_coin` WHERE `status` = 1  [ RunTime:0.0010s ]
SQL: SHOW COLUMNS FROM `btchanges_market` [ RunTime:0.0130s ]
SQL: SELECT * FROM `btchanges_market` WHERE `status` = 1  [ RunTime:0.0000s ]
SQL: SHOW COLUMNS FROM `btchanges_version` [ RunTime:0.0140s ]
SQL: SELECT `name` FROM `btchanges_version` WHERE `status` = 0 ORDER BY name desc LIMIT 1   [ RunTime:0.0000s ]
SQL: SHOW COLUMNS FROM `btchanges_menu` [ RunTime:0.0140s ]
SQL: SELECT * FROM `btchanges_menu` WHERE `pid` = 0 AND `hide` = 0 AND `is_dev` = 0 ORDER BY sort asc  [ RunTime:0.0000s ]
SQL: SELECT `id` FROM `btchanges_menu` WHERE ( url like 'User/status%' ) LIMIT 1   [ RunTime:0.0000s ]
SQL: SHOW COLUMNS FROM `btchanges_menu` [ RunTime:0.0130s ]
SQL: SELECT `id`,`pid`,`title` FROM `btchanges_menu` WHERE ( id=315 ) LIMIT 1   [ RunTime:0.0000s ]
SQL: SELECT `id`,`pid`,`title` FROM `btchanges_menu` WHERE ( id=26 ) LIMIT 1   [ RunTime:0.0000s ]
SQL: SELECT `id`,`pid`,`title` FROM `btchanges_menu` WHERE ( id=3 ) LIMIT 1   [ RunTime:0.0000s ]
SQL: SELECT DISTINCT  `group` FROM `btchanges_menu` WHERE ( pid = 3 )  [ RunTime:0.0020s ]
SQL: SELECT `id`,`url` FROM `btchanges_menu` WHERE `pid` = 3 AND `hide` = 0 AND `is_dev` = 0  [ RunTime:0.0000s ]
SQL: SELECT `id`,`pid`,`title`,`url`,`tip`,`ico_name` FROM `btchanges_menu` WHERE `group` = '用户' AND `pid` = 3 AND `hide` = 0 AND `is_dev` = 0 ORDER BY sort asc  [ RunTime:0.0000s ]
SQL: SELECT `id`,`pid`,`title`,`url`,`tip`,`ico_name` FROM `btchanges_menu` WHERE `group` = '前台用户管理' AND `pid` = 3 AND `hide` = 0 AND `is_dev` = 0 ORDER BY sort asc  [ RunTime:0.0000s ]
SQL: SELECT `id`,`pid`,`title`,`url`,`tip`,`ico_name` FROM `btchanges_menu` WHERE `group` = '用户配置' AND `pid` = 3 AND `hide` = 0 AND `is_dev` = 0 ORDER BY sort asc  [ RunTime:0.0000s ]
SQL: SELECT `id`,`pid`,`title`,`url`,`tip`,`ico_name` FROM `btchanges_menu` WHERE `group` = '后台用户管理' AND `pid` = 3 AND `hide` = 0 AND `is_dev` = 0 ORDER BY sort asc  [ RunTime:0.0010s ]
NOTIC: [2] strpos(): needle is not a string or an integer D:\www\youzuan\Application\Admin\Controller\UserController.class.php 第 96 行.
SQL: SHOW COLUMNS FROM `btchanges_user` [ RunTime:0.0120s ]
SQL: DELETE FROM `btchanges_user` WHERE `id` IN ('101627') [ RunTime:0.0460s ]
SQL: SHOW COLUMNS FROM `btchanges_user_coin` [ RunTime:0.0130s ]
SQL: DELETE FROM `btchanges_user_coin` WHERE `userid` IN ('101627') [ RunTime:0.0170s ]

[ 2018-07-04T09:07:56+08:00 ] 127.0.0.1 /Admin/User/index.html
INFO: [ app_init ] --START--
INFO: Run Behavior\BuildLiteBehavior [ RunTime:0.000000s ]
INFO: [ app_init ] --END-- [ RunTime:0.002000s ]
INFO: [ app_begin ] --START--
INFO: Run Behavior\ReadHtmlCacheBehavior [ RunTime:0.001000s ]
INFO: Run Behavior\CheckLangBehavior [ RunTime:0.001000s ]
INFO: [ app_begin ] --END-- [ RunTime:0.002000s ]
SQL: SHOW COLUMNS FROM `btchanges_config` [ RunTime:0.0140s ]
SQL: SELECT * FROM `btchanges_config` WHERE `id` = 1 LIMIT 1   [ RunTime:0.0000s ]
SQL: SHOW COLUMNS FROM `btchanges_coin` [ RunTime:0.0140s ]
SQL: SELECT * FROM `btchanges_coin` WHERE `status` = 1  [ RunTime:0.0000s ]
SQL: SHOW COLUMNS FROM `btchanges_market` [ RunTime:0.0110s ]
SQL: SELECT * FROM `btchanges_market` WHERE `status` = 1  [ RunTime:0.0000s ]
SQL: SHOW COLUMNS FROM `btchanges_version` [ RunTime:0.0150s ]
SQL: SELECT `name` FROM `btchanges_version` WHERE `status` = 0 ORDER BY name desc LIMIT 1   [ RunTime:0.0000s ]
SQL: SHOW COLUMNS FROM `btchanges_menu` [ RunTime:0.0180s ]
SQL: SELECT * FROM `btchanges_menu` WHERE `pid` = 0 AND `hide` = 0 AND `is_dev` = 0 ORDER BY sort asc  [ RunTime:0.0000s ]
SQL: SELECT `id` FROM `btchanges_menu` WHERE ( url like 'User/index%' ) LIMIT 1   [ RunTime:0.0000s ]
SQL: SHOW COLUMNS FROM `btchanges_menu` [ RunTime:0.0110s ]
SQL: SELECT `id`,`pid`,`title` FROM `btchanges_menu` WHERE ( id=3 ) LIMIT 1   [ RunTime:0.0000s ]
SQL: SELECT DISTINCT  `group` FROM `btchanges_menu` WHERE ( pid = 3 )  [ RunTime:0.0020s ]
SQL: SELECT `id`,`url` FROM `btchanges_menu` WHERE `pid` = 3 AND `hide` = 0 AND `is_dev` = 0  [ RunTime:0.0000s ]
SQL: SELECT `id`,`pid`,`title`,`url`,`tip`,`ico_name` FROM `btchanges_menu` WHERE `group` = '用户' AND `pid` = 3 AND `hide` = 0 AND `is_dev` = 0 ORDER BY sort asc  [ RunTime:0.0000s ]
SQL: SELECT `id`,`pid`,`title`,`url`,`tip`,`ico_name` FROM `btchanges_menu` WHERE `group` = '前台用户管理' AND `pid` = 3 AND `hide` = 0 AND `is_dev` = 0 ORDER BY sort asc  [ RunTime:0.0000s ]
SQL: SELECT `id`,`pid`,`title`,`url`,`tip`,`ico_name` FROM `btchanges_menu` WHERE `group` = '用户配置' AND `pid` = 3 AND `hide` = 0 AND `is_dev` = 0 ORDER BY sort asc  [ RunTime:0.0000s ]
SQL: SELECT `id`,`pid`,`title`,`url`,`tip`,`ico_name` FROM `btchanges_menu` WHERE `group` = '后台用户管理' AND `pid` = 3 AND `hide` = 0 AND `is_dev` = 0 ORDER BY sort asc  [ RunTime:0.0010s ]
SQL: SHOW COLUMNS FROM `btchanges_user` [ RunTime:0.0130s ]
SQL: SELECT COUNT(*) AS tp_count FROM `btchanges_user` LIMIT 1   [ RunTime:0.0250s ]
SQL: SELECT * FROM `btchanges_user` ORDER BY id desc LIMIT 0,15   [ RunTime:0.0010s ]
SQL: SELECT `moble` FROM `btchanges_user` WHERE `id` = 0 LIMIT 1   [ RunTime:0.0000s ]
SQL: SELECT `moble` FROM `btchanges_user` WHERE `id` = 0 LIMIT 1   [ RunTime:0.0000s ]
SQL: SELECT `moble` FROM `btchanges_user` WHERE `id` = 0 LIMIT 1   [ RunTime:0.0000s ]
SQL: SELECT `moble` FROM `btchanges_user` WHERE `id` = 0 LIMIT 1   [ RunTime:0.0010s ]
SQL: SELECT `moble` FROM `btchanges_user` WHERE `id` = 0 LIMIT 1   [ RunTime:0.0000s ]
SQL: SELECT `moble` FROM `btchanges_user` WHERE `id` = 0 LIMIT 1   [ RunTime:0.0000s ]
SQL: SELECT `moble` FROM `btchanges_user` WHERE `id` = 0 LIMIT 1   [ RunTime:0.0010s ]
SQL: SELECT `moble` FROM `btchanges_user` WHERE `id` = 0 LIMIT 1   [ RunTime:0.0000s ]
SQL: SELECT `moble` FROM `btchanges_user` WHERE `id` = 0 LIMIT 1   [ RunTime:0.0000s ]
SQL: SELECT `moble` FROM `btchanges_user` WHERE `id` = 0 LIMIT 1   [ RunTime:0.0000s ]
SQL: SELECT `moble` FROM `btchanges_user` WHERE `id` = 0 LIMIT 1   [ RunTime:0.0000s ]
SQL: SELECT `moble` FROM `btchanges_user` WHERE `id` = 0 LIMIT 1   [ RunTime:0.0000s ]
SQL: SELECT `moble` FROM `btchanges_user` WHERE `id` = 0 LIMIT 1   [ RunTime:0.0000s ]
SQL: SELECT `moble` FROM `btchanges_user` WHERE `id` = 0 LIMIT 1   [ RunTime:0.0000s ]
SQL: SELECT `moble` FROM `btchanges_user` WHERE `id` = 0 LIMIT 1   [ RunTime:0.0000s ]
SQL: SELECT `moble` FROM `btchanges_user` WHERE `id` = 0 LIMIT 1   [ RunTime:0.0000s ]
SQL: SELECT `moble` FROM `btchanges_user` WHERE `id` = 0 LIMIT 1   [ RunTime:0.0000s ]
SQL: SELECT `moble` FROM `btchanges_user` WHERE `id` = 0 LIMIT 1   [ RunTime:0.0000s ]
SQL: SELECT `moble` FROM `btchanges_user` WHERE `id` = 0 LIMIT 1   [ RunTime:0.0000s ]
SQL: SELECT `moble` FROM `btchanges_user` WHERE `id` = 0 LIMIT 1   [ RunTime:0.0010s ]
SQL: SELECT `moble` FROM `btchanges_user` WHERE `id` = 0 LIMIT 1   [ RunTime:0.0010s ]
SQL: SELECT `moble` FROM `btchanges_user` WHERE `id` = 0 LIMIT 1   [ RunTime:0.0010s ]
SQL: SELECT `moble` FROM `btchanges_user` WHERE `id` = 0 LIMIT 1   [ RunTime:0.0000s ]
SQL: SELECT `moble` FROM `btchanges_user` WHERE `id` = 0 LIMIT 1   [ RunTime:0.0010s ]
SQL: SELECT `moble` FROM `btchanges_user` WHERE `id` = 0 LIMIT 1   [ RunTime:0.0000s ]
SQL: SELECT `moble` FROM `btchanges_user` WHERE `id` = 0 LIMIT 1   [ RunTime:0.0000s ]
SQL: SELECT `moble` FROM `btchanges_user` WHERE `id` = 0 LIMIT 1   [ RunTime:0.0000s ]
SQL: SELECT `moble` FROM `btchanges_user` WHERE `id` = 116 LIMIT 1   [ RunTime:0.0000s ]
SQL: SELECT `moble` FROM `btchanges_user` WHERE `id` = 0 LIMIT 1   [ RunTime:0.0010s ]
SQL: SELECT `moble` FROM `btchanges_user` WHERE `id` = 0 LIMIT 1   [ RunTime:0.0000s ]
SQL: SELECT `moble` FROM `btchanges_user` WHERE `id` = 116 LIMIT 1   [ RunTime:0.0000s ]
SQL: SELECT `moble` FROM `btchanges_user` WHERE `id` = 0 LIMIT 1   [ RunTime:0.0010s ]
SQL: SELECT `moble` FROM `btchanges_user` WHERE `id` = 0 LIMIT 1   [ RunTime:0.0000s ]
SQL: SELECT `moble` FROM `btchanges_user` WHERE `id` = 96 LIMIT 1   [ RunTime:0.0000s ]
SQL: SELECT `moble` FROM `btchanges_user` WHERE `id` = 0 LIMIT 1   [ RunTime:0.0010s ]
SQL: SELECT `moble` FROM `btchanges_user` WHERE `id` = 0 LIMIT 1   [ RunTime:0.0000s ]
SQL: SELECT `moble` FROM `btchanges_user` WHERE `id` = 116 LIMIT 1   [ RunTime:0.0000s ]
SQL: SELECT `moble` FROM `btchanges_user` WHERE `id` = 0 LIMIT 1   [ RunTime:0.0010s ]
SQL: SELECT `moble` FROM `btchanges_user` WHERE `id` = 0 LIMIT 1   [ RunTime:0.0000s ]
SQL: SELECT `moble` FROM `btchanges_user` WHERE `id` = 116 LIMIT 1   [ RunTime:0.0000s ]
SQL: SELECT `moble` FROM `btchanges_user` WHERE `id` = 0 LIMIT 1   [ RunTime:0.0000s ]
SQL: SELECT `moble` FROM `btchanges_user` WHERE `id` = 0 LIMIT 1   [ RunTime:0.0000s ]
SQL: SELECT `moble` FROM `btchanges_user` WHERE `id` = 0 LIMIT 1   [ RunTime:0.0000s ]
SQL: SELECT `moble` FROM `btchanges_user` WHERE `id` = 0 LIMIT 1   [ RunTime:0.0010s ]
SQL: SELECT `moble` FROM `btchanges_user` WHERE `id` = 0 LIMIT 1   [ RunTime:0.0000s ]
INFO: [ view_parse ] --START--
INFO: [ template_filter ] --START--
INFO: Run Behavior\ContentReplaceBehavior [ RunTime:0.000000s ]
INFO: [ template_filter ] --END-- [ RunTime:0.000000s ]
NOTIC: [8] Undefined index: class D:\www\youzuan\Runtime\Cache\Admin\65e605872ed5d34210f5b33beb13f5a3.php 第 1 行.
NOTIC: [8] Undefined index: class D:\www\youzuan\Runtime\Cache\Admin\65e605872ed5d34210f5b33beb13f5a3.php 第 1 行.
NOTIC: [8] Undefined index: class D:\www\youzuan\Runtime\Cache\Admin\65e605872ed5d34210f5b33beb13f5a3.php 第 1 行.
NOTIC: [8] Undefined index: class D:\www\youzuan\Runtime\Cache\Admin\65e605872ed5d34210f5b33beb13f5a3.php 第 1 行.
NOTIC: [8] Undefined index: class D:\www\youzuan\Runtime\Cache\Admin\65e605872ed5d34210f5b33beb13f5a3.php 第 1 行.
NOTIC: [8] Undefined index: class D:\www\youzuan\Runtime\Cache\Admin\65e605872ed5d34210f5b33beb13f5a3.php 第 1 行.
NOTIC: [8] Undefined index: class D:\www\youzuan\Runtime\Cache\Admin\65e605872ed5d34210f5b33beb13f5a3.php 第 1 行.
NOTIC: [8] Undefined index: class D:\www\youzuan\Runtime\Cache\Admin\65e605872ed5d34210f5b33beb13f5a3.php 第 1 行.
NOTIC: [8] Undefined variable: versionUp D:\www\youzuan\Runtime\Cache\Admin\65e605872ed5d34210f5b33beb13f5a3.php 第 1 行.
NOTIC: [8] Undefined index: status D:\www\youzuan\Runtime\Cache\Admin\65e605872ed5d34210f5b33beb13f5a3.php 第 1 行.
NOTIC: [8] Undefined index: status D:\www\youzuan\Runtime\Cache\Admin\65e605872ed5d34210f5b33beb13f5a3.php 第 1 行.
NOTIC: [8] Undefined index: field D:\www\youzuan\Runtime\Cache\Admin\65e605872ed5d34210f5b33beb13f5a3.php 第 1 行.
NOTIC: [8] Undefined index: field D:\www\youzuan\Runtime\Cache\Admin\65e605872ed5d34210f5b33beb13f5a3.php 第 1 行.
NOTIC: [8] Undefined index: field D:\www\youzuan\Runtime\Cache\Admin\65e605872ed5d34210f5b33beb13f5a3.php 第 1 行.
NOTIC: [8] Undefined index: name D:\www\youzuan\Runtime\Cache\Admin\65e605872ed5d34210f5b33beb13f5a3.php 第 1 行.
INFO: Run Behavior\ParseTemplateBehavior [ RunTime:0.028002s ]
INFO: [ view_parse ] --END-- [ RunTime:0.028002s ]
INFO: [ view_filter ] --START--
INFO: Run Behavior\WriteHtmlCacheBehavior [ RunTime:0.001000s ]
INFO: [ view_filter ] --END-- [ RunTime:0.001000s ]
INFO: [ app_end ] --START--
INFO: Run Behavior\ShowPageTraceBehavior [ RunTime:0.002000s ]
INFO: [ app_end ] --END-- [ RunTime:0.002000s ]

