2018-07-30 10:14:17 错误7交易市场gold_cny出错：买入订单:714卖出订单：695交易方式：1成交数量1成交价格10成交总额10
ERR: 卖家财产错误，冻结财产是

2018-08-01 00:49:57 1

2018-08-01 00:50:58 1

2018-08-01 00:53:17 错误88交易市场gold_cny出错：买入订单:743卖出订单：752交易方式：2成交数量1成交价格0.1成交总额0.1
ERR: 买家更新冻结人民币出现错误,应该更新0.101账号余额0.00000000进行错误处理

2018-08-01 00:53:41 1

2018-08-01 01:19:19 1

2018-08-01 01:19:39 错误88交易市场gold_cny出错：买入订单:753卖出订单：756交易方式：2成交数量1成交价格0.1成交总额0.1
ERR: 买家更新冻结人民币出现错误,应该更新0.101账号余额0.00000000进行错误处理

2018-08-01 01:31:28 1

2018-08-01 01:32:00 1

2018-08-01 01:32:37 1

2018-08-02 01:48:44 1

2018-08-02 01:49:16 1

2018-08-03 01:03:51 1

2018-08-03 01:05:11 1

2018-08-03 17:48:17 1

2018-08-03 17:49:55 1

2018-08-03 17:58:10 1

2018-08-07 14:54:33 1

2018-08-13 17:45:40 1

2018-08-13 17:46:32 1

2018-08-13 17:46:48 1

2018-08-13 17:49:15 1

2018-08-13 17:50:34 1

2018-08-13 17:51:37 1

2018-08-13 17:51:50 1

2018-08-14 09:03:49 1

2018-08-14 09:04:15 1

2018-08-14 09:04:31 1

2018-08-14 11:42:18 1

2018-08-14 11:44:47 1

2018-08-14 14:28:58 1

2018-08-14 14:29:17 错误88交易市场gold_cny出错：买入订单:774卖出订单：793交易方式：2成交数量50成交价格1成交总额50
ERR: 买家更新冻结人民币出现错误,应该更新50.5账号余额0.00000000进行错误处理

2018-08-14 14:29:44 错误88交易市场gold_cny出错：买入订单:774卖出订单：793交易方式：2成交数量50成交价格1成交总额50
ERR: 买家更新冻结人民币出现错误,应该更新50.5账号余额0.00000000进行错误处理

2018-08-14 14:30:07 1

2018-08-16 11:17:47 1

